[2024-03-15T09:44:06.279+0000] {processor.py:161} INFO - Started process (PID=73) to work on /home/airflow/.local/lib/python3.8/site-packages/airflow/example_dags/example_short_circuit_decorator.py
[2024-03-15T09:44:06.281+0000] {processor.py:830} INFO - Processing file /home/airflow/.local/lib/python3.8/site-packages/airflow/example_dags/example_short_circuit_decorator.py for tasks to queue
[2024-03-15T09:44:06.285+0000] {logging_mixin.py:188} INFO - [2024-03-15T09:44:06.284+0000] {dagbag.py:540} INFO - Filling up the DagBag from /home/airflow/.local/lib/python3.8/site-packages/airflow/example_dags/example_short_circuit_decorator.py
[2024-03-15T09:44:06.306+0000] {processor.py:840} INFO - DAG(s) 'example_short_circuit_decorator' retrieved from /home/airflow/.local/lib/python3.8/site-packages/airflow/example_dags/example_short_circuit_decorator.py
[2024-03-15T09:44:06.583+0000] {logging_mixin.py:188} INFO - [2024-03-15T09:44:06.581+0000] {override.py:1769} INFO - Created Permission View: can read on DAG:example_short_circuit_decorator
[2024-03-15T09:44:06.594+0000] {logging_mixin.py:188} INFO - [2024-03-15T09:44:06.594+0000] {override.py:1769} INFO - Created Permission View: can edit on DAG:example_short_circuit_decorator
[2024-03-15T09:44:06.605+0000] {logging_mixin.py:188} INFO - [2024-03-15T09:44:06.605+0000] {override.py:1769} INFO - Created Permission View: can delete on DAG:example_short_circuit_decorator
[2024-03-15T09:44:06.606+0000] {logging_mixin.py:188} INFO - [2024-03-15T09:44:06.606+0000] {dag.py:3047} INFO - Sync 1 DAGs
[2024-03-15T09:44:06.617+0000] {logging_mixin.py:188} INFO - [2024-03-15T09:44:06.617+0000] {dag.py:3069} INFO - Creating ORM DAG for example_short_circuit_decorator
[2024-03-15T09:44:06.630+0000] {logging_mixin.py:188} INFO - [2024-03-15T09:44:06.630+0000] {dag.py:3834} INFO - Setting next_dagrun for example_short_circuit_decorator to 2024-03-14 00:00:00+00:00, run_after=2024-03-15 00:00:00+00:00
[2024-03-15T09:44:06.672+0000] {processor.py:183} INFO - Processing /home/airflow/.local/lib/python3.8/site-packages/airflow/example_dags/example_short_circuit_decorator.py took 0.397 seconds
[2024-03-15T09:44:36.982+0000] {processor.py:161} INFO - Started process (PID=128) to work on /home/airflow/.local/lib/python3.8/site-packages/airflow/example_dags/example_short_circuit_decorator.py
[2024-03-15T09:44:36.985+0000] {processor.py:830} INFO - Processing file /home/airflow/.local/lib/python3.8/site-packages/airflow/example_dags/example_short_circuit_decorator.py for tasks to queue
[2024-03-15T09:44:36.995+0000] {logging_mixin.py:188} INFO - [2024-03-15T09:44:36.993+0000] {dagbag.py:540} INFO - Filling up the DagBag from /home/airflow/.local/lib/python3.8/site-packages/airflow/example_dags/example_short_circuit_decorator.py
[2024-03-15T09:44:37.028+0000] {processor.py:840} INFO - DAG(s) 'example_short_circuit_decorator' retrieved from /home/airflow/.local/lib/python3.8/site-packages/airflow/example_dags/example_short_circuit_decorator.py
[2024-03-15T09:44:37.106+0000] {logging_mixin.py:188} INFO - [2024-03-15T09:44:37.105+0000] {dag.py:3047} INFO - Sync 1 DAGs
[2024-03-15T09:44:37.160+0000] {logging_mixin.py:188} INFO - [2024-03-15T09:44:37.159+0000] {dag.py:3834} INFO - Setting next_dagrun for example_short_circuit_decorator to 2024-03-14 00:00:00+00:00, run_after=2024-03-15 00:00:00+00:00
[2024-03-15T09:44:37.196+0000] {processor.py:183} INFO - Processing /home/airflow/.local/lib/python3.8/site-packages/airflow/example_dags/example_short_circuit_decorator.py took 0.258 seconds
[2024-03-15T09:45:09.534+0000] {processor.py:161} INFO - Started process (PID=182) to work on /home/airflow/.local/lib/python3.8/site-packages/airflow/example_dags/example_short_circuit_decorator.py
[2024-03-15T09:45:09.539+0000] {processor.py:830} INFO - Processing file /home/airflow/.local/lib/python3.8/site-packages/airflow/example_dags/example_short_circuit_decorator.py for tasks to queue
[2024-03-15T09:45:09.544+0000] {logging_mixin.py:188} INFO - [2024-03-15T09:45:09.543+0000] {dagbag.py:540} INFO - Filling up the DagBag from /home/airflow/.local/lib/python3.8/site-packages/airflow/example_dags/example_short_circuit_decorator.py
[2024-03-15T09:45:09.559+0000] {processor.py:840} INFO - DAG(s) 'example_short_circuit_decorator' retrieved from /home/airflow/.local/lib/python3.8/site-packages/airflow/example_dags/example_short_circuit_decorator.py
[2024-03-15T09:45:09.696+0000] {logging_mixin.py:188} INFO - [2024-03-15T09:45:09.695+0000] {dag.py:3047} INFO - Sync 1 DAGs
[2024-03-15T09:45:09.829+0000] {logging_mixin.py:188} INFO - [2024-03-15T09:45:09.829+0000] {dag.py:3834} INFO - Setting next_dagrun for example_short_circuit_decorator to 2024-03-14 00:00:00+00:00, run_after=2024-03-15 00:00:00+00:00
[2024-03-15T09:45:10.072+0000] {processor.py:183} INFO - Processing /home/airflow/.local/lib/python3.8/site-packages/airflow/example_dags/example_short_circuit_decorator.py took 0.558 seconds
[2024-03-15T09:45:40.891+0000] {processor.py:161} INFO - Started process (PID=237) to work on /home/airflow/.local/lib/python3.8/site-packages/airflow/example_dags/example_short_circuit_decorator.py
[2024-03-15T09:45:40.894+0000] {processor.py:830} INFO - Processing file /home/airflow/.local/lib/python3.8/site-packages/airflow/example_dags/example_short_circuit_decorator.py for tasks to queue
[2024-03-15T09:45:40.897+0000] {logging_mixin.py:188} INFO - [2024-03-15T09:45:40.896+0000] {dagbag.py:540} INFO - Filling up the DagBag from /home/airflow/.local/lib/python3.8/site-packages/airflow/example_dags/example_short_circuit_decorator.py
[2024-03-15T09:45:41.012+0000] {processor.py:840} INFO - DAG(s) 'example_short_circuit_decorator' retrieved from /home/airflow/.local/lib/python3.8/site-packages/airflow/example_dags/example_short_circuit_decorator.py
[2024-03-15T09:45:41.249+0000] {logging_mixin.py:188} INFO - [2024-03-15T09:45:41.249+0000] {dag.py:3047} INFO - Sync 1 DAGs
[2024-03-15T09:45:41.365+0000] {logging_mixin.py:188} INFO - [2024-03-15T09:45:41.365+0000] {dag.py:3834} INFO - Setting next_dagrun for example_short_circuit_decorator to 2024-03-14 00:00:00+00:00, run_after=2024-03-15 00:00:00+00:00
[2024-03-15T09:45:41.419+0000] {processor.py:183} INFO - Processing /home/airflow/.local/lib/python3.8/site-packages/airflow/example_dags/example_short_circuit_decorator.py took 0.544 seconds
[2024-03-15T09:46:11.786+0000] {processor.py:161} INFO - Started process (PID=291) to work on /home/airflow/.local/lib/python3.8/site-packages/airflow/example_dags/example_short_circuit_decorator.py
[2024-03-15T09:46:11.789+0000] {processor.py:830} INFO - Processing file /home/airflow/.local/lib/python3.8/site-packages/airflow/example_dags/example_short_circuit_decorator.py for tasks to queue
[2024-03-15T09:46:11.792+0000] {logging_mixin.py:188} INFO - [2024-03-15T09:46:11.792+0000] {dagbag.py:540} INFO - Filling up the DagBag from /home/airflow/.local/lib/python3.8/site-packages/airflow/example_dags/example_short_circuit_decorator.py
[2024-03-15T09:46:11.811+0000] {processor.py:840} INFO - DAG(s) 'example_short_circuit_decorator' retrieved from /home/airflow/.local/lib/python3.8/site-packages/airflow/example_dags/example_short_circuit_decorator.py
[2024-03-15T09:46:11.892+0000] {logging_mixin.py:188} INFO - [2024-03-15T09:46:11.892+0000] {dag.py:3047} INFO - Sync 1 DAGs
[2024-03-15T09:46:11.939+0000] {logging_mixin.py:188} INFO - [2024-03-15T09:46:11.939+0000] {dag.py:3834} INFO - Setting next_dagrun for example_short_circuit_decorator to 2024-03-14 00:00:00+00:00, run_after=2024-03-15 00:00:00+00:00
[2024-03-15T09:46:11.975+0000] {processor.py:183} INFO - Processing /home/airflow/.local/lib/python3.8/site-packages/airflow/example_dags/example_short_circuit_decorator.py took 0.192 seconds
[2024-03-15T09:46:53.158+0000] {processor.py:161} INFO - Started process (PID=364) to work on /home/airflow/.local/lib/python3.8/site-packages/airflow/example_dags/example_short_circuit_decorator.py
[2024-03-15T09:46:53.194+0000] {processor.py:830} INFO - Processing file /home/airflow/.local/lib/python3.8/site-packages/airflow/example_dags/example_short_circuit_decorator.py for tasks to queue
[2024-03-15T09:46:53.285+0000] {logging_mixin.py:188} INFO - [2024-03-15T09:46:53.282+0000] {dagbag.py:540} INFO - Filling up the DagBag from /home/airflow/.local/lib/python3.8/site-packages/airflow/example_dags/example_short_circuit_decorator.py
[2024-03-15T09:46:53.879+0000] {processor.py:840} INFO - DAG(s) 'example_short_circuit_decorator' retrieved from /home/airflow/.local/lib/python3.8/site-packages/airflow/example_dags/example_short_circuit_decorator.py
[2024-03-15T09:46:54.195+0000] {logging_mixin.py:188} INFO - [2024-03-15T09:46:54.192+0000] {dag.py:3047} INFO - Sync 1 DAGs
[2024-03-15T09:46:54.413+0000] {logging_mixin.py:188} INFO - [2024-03-15T09:46:54.411+0000] {dag.py:3834} INFO - Setting next_dagrun for example_short_circuit_decorator to 2024-03-14 00:00:00+00:00, run_after=2024-03-15 00:00:00+00:00
[2024-03-15T09:46:54.716+0000] {processor.py:183} INFO - Processing /home/airflow/.local/lib/python3.8/site-packages/airflow/example_dags/example_short_circuit_decorator.py took 1.701 seconds
[2024-03-15T09:47:37.828+0000] {processor.py:161} INFO - Started process (PID=430) to work on /home/airflow/.local/lib/python3.8/site-packages/airflow/example_dags/example_short_circuit_decorator.py
[2024-03-15T09:47:38.063+0000] {processor.py:830} INFO - Processing file /home/airflow/.local/lib/python3.8/site-packages/airflow/example_dags/example_short_circuit_decorator.py for tasks to queue
[2024-03-15T09:47:38.231+0000] {logging_mixin.py:188} INFO - [2024-03-15T09:47:38.225+0000] {dagbag.py:540} INFO - Filling up the DagBag from /home/airflow/.local/lib/python3.8/site-packages/airflow/example_dags/example_short_circuit_decorator.py
[2024-03-15T09:47:38.727+0000] {processor.py:840} INFO - DAG(s) 'example_short_circuit_decorator' retrieved from /home/airflow/.local/lib/python3.8/site-packages/airflow/example_dags/example_short_circuit_decorator.py
[2024-03-15T09:47:40.854+0000] {logging_mixin.py:188} INFO - [2024-03-15T09:47:40.782+0000] {dag.py:3047} INFO - Sync 1 DAGs
[2024-03-15T09:47:42.023+0000] {logging_mixin.py:188} INFO - [2024-03-15T09:47:41.999+0000] {dag.py:3834} INFO - Setting next_dagrun for example_short_circuit_decorator to 2024-03-14 00:00:00+00:00, run_after=2024-03-15 00:00:00+00:00
[2024-03-15T09:47:43.683+0000] {processor.py:183} INFO - Processing /home/airflow/.local/lib/python3.8/site-packages/airflow/example_dags/example_short_circuit_decorator.py took 6.506 seconds
[2024-03-15T09:48:53.994+0000] {processor.py:161} INFO - Started process (PID=493) to work on /home/airflow/.local/lib/python3.8/site-packages/airflow/example_dags/example_short_circuit_decorator.py
[2024-03-15T09:48:54.013+0000] {processor.py:830} INFO - Processing file /home/airflow/.local/lib/python3.8/site-packages/airflow/example_dags/example_short_circuit_decorator.py for tasks to queue
[2024-03-15T09:48:54.023+0000] {logging_mixin.py:188} INFO - [2024-03-15T09:48:54.019+0000] {dagbag.py:540} INFO - Filling up the DagBag from /home/airflow/.local/lib/python3.8/site-packages/airflow/example_dags/example_short_circuit_decorator.py
[2024-03-15T09:48:54.231+0000] {processor.py:840} INFO - DAG(s) 'example_short_circuit_decorator' retrieved from /home/airflow/.local/lib/python3.8/site-packages/airflow/example_dags/example_short_circuit_decorator.py
[2024-03-15T09:48:54.446+0000] {logging_mixin.py:188} INFO - [2024-03-15T09:48:54.443+0000] {dag.py:3047} INFO - Sync 1 DAGs
[2024-03-15T09:48:54.798+0000] {logging_mixin.py:188} INFO - [2024-03-15T09:48:54.785+0000] {dag.py:3834} INFO - Setting next_dagrun for example_short_circuit_decorator to 2024-03-14 00:00:00+00:00, run_after=2024-03-15 00:00:00+00:00
[2024-03-15T09:48:54.978+0000] {processor.py:183} INFO - Processing /home/airflow/.local/lib/python3.8/site-packages/airflow/example_dags/example_short_circuit_decorator.py took 1.122 seconds
