[2024-03-15T09:44:01.754+0000] {processor.py:161} INFO - Started process (PID=59) to work on /home/airflow/.local/lib/python3.8/site-packages/airflow/example_dags/example_latest_only_with_trigger.py
[2024-03-15T09:44:01.758+0000] {processor.py:830} INFO - Processing file /home/airflow/.local/lib/python3.8/site-packages/airflow/example_dags/example_latest_only_with_trigger.py for tasks to queue
[2024-03-15T09:44:01.766+0000] {logging_mixin.py:188} INFO - [2024-03-15T09:44:01.765+0000] {dagbag.py:540} INFO - Filling up the DagBag from /home/airflow/.local/lib/python3.8/site-packages/airflow/example_dags/example_latest_only_with_trigger.py
[2024-03-15T09:44:01.796+0000] {processor.py:840} INFO - DAG(s) 'latest_only_with_trigger' retrieved from /home/airflow/.local/lib/python3.8/site-packages/airflow/example_dags/example_latest_only_with_trigger.py
[2024-03-15T09:44:02.250+0000] {logging_mixin.py:188} INFO - [2024-03-15T09:44:02.248+0000] {override.py:1769} INFO - Created Permission View: can read on DAG:latest_only_with_trigger
[2024-03-15T09:44:02.266+0000] {logging_mixin.py:188} INFO - [2024-03-15T09:44:02.265+0000] {override.py:1769} INFO - Created Permission View: can edit on DAG:latest_only_with_trigger
[2024-03-15T09:44:02.286+0000] {logging_mixin.py:188} INFO - [2024-03-15T09:44:02.286+0000] {override.py:1769} INFO - Created Permission View: can delete on DAG:latest_only_with_trigger
[2024-03-15T09:44:02.287+0000] {logging_mixin.py:188} INFO - [2024-03-15T09:44:02.287+0000] {dag.py:3047} INFO - Sync 1 DAGs
[2024-03-15T09:44:02.310+0000] {logging_mixin.py:188} INFO - [2024-03-15T09:44:02.309+0000] {dag.py:3069} INFO - Creating ORM DAG for latest_only_with_trigger
[2024-03-15T09:44:02.330+0000] {logging_mixin.py:188} INFO - [2024-03-15T09:44:02.329+0000] {dag.py:3834} INFO - Setting next_dagrun for latest_only_with_trigger to 2024-03-15 04:00:00+00:00, run_after=2024-03-15 08:00:00+00:00
[2024-03-15T09:44:02.374+0000] {processor.py:183} INFO - Processing /home/airflow/.local/lib/python3.8/site-packages/airflow/example_dags/example_latest_only_with_trigger.py took 0.629 seconds
[2024-03-15T09:44:33.359+0000] {processor.py:161} INFO - Started process (PID=114) to work on /home/airflow/.local/lib/python3.8/site-packages/airflow/example_dags/example_latest_only_with_trigger.py
[2024-03-15T09:44:33.365+0000] {processor.py:830} INFO - Processing file /home/airflow/.local/lib/python3.8/site-packages/airflow/example_dags/example_latest_only_with_trigger.py for tasks to queue
[2024-03-15T09:44:33.368+0000] {logging_mixin.py:188} INFO - [2024-03-15T09:44:33.367+0000] {dagbag.py:540} INFO - Filling up the DagBag from /home/airflow/.local/lib/python3.8/site-packages/airflow/example_dags/example_latest_only_with_trigger.py
[2024-03-15T09:44:33.381+0000] {processor.py:840} INFO - DAG(s) 'latest_only_with_trigger' retrieved from /home/airflow/.local/lib/python3.8/site-packages/airflow/example_dags/example_latest_only_with_trigger.py
[2024-03-15T09:44:33.501+0000] {logging_mixin.py:188} INFO - [2024-03-15T09:44:33.500+0000] {dag.py:3047} INFO - Sync 1 DAGs
[2024-03-15T09:44:33.620+0000] {logging_mixin.py:188} INFO - [2024-03-15T09:44:33.619+0000] {dag.py:3834} INFO - Setting next_dagrun for latest_only_with_trigger to 2024-03-15 04:00:00+00:00, run_after=2024-03-15 08:00:00+00:00
[2024-03-15T09:44:33.677+0000] {processor.py:183} INFO - Processing /home/airflow/.local/lib/python3.8/site-packages/airflow/example_dags/example_latest_only_with_trigger.py took 0.341 seconds
[2024-03-15T09:45:04.004+0000] {processor.py:161} INFO - Started process (PID=168) to work on /home/airflow/.local/lib/python3.8/site-packages/airflow/example_dags/example_latest_only_with_trigger.py
[2024-03-15T09:45:04.005+0000] {processor.py:830} INFO - Processing file /home/airflow/.local/lib/python3.8/site-packages/airflow/example_dags/example_latest_only_with_trigger.py for tasks to queue
[2024-03-15T09:45:04.007+0000] {logging_mixin.py:188} INFO - [2024-03-15T09:45:04.006+0000] {dagbag.py:540} INFO - Filling up the DagBag from /home/airflow/.local/lib/python3.8/site-packages/airflow/example_dags/example_latest_only_with_trigger.py
[2024-03-15T09:45:04.012+0000] {processor.py:840} INFO - DAG(s) 'latest_only_with_trigger' retrieved from /home/airflow/.local/lib/python3.8/site-packages/airflow/example_dags/example_latest_only_with_trigger.py
[2024-03-15T09:45:04.065+0000] {logging_mixin.py:188} INFO - [2024-03-15T09:45:04.065+0000] {dag.py:3047} INFO - Sync 1 DAGs
[2024-03-15T09:45:04.088+0000] {logging_mixin.py:188} INFO - [2024-03-15T09:45:04.088+0000] {dag.py:3834} INFO - Setting next_dagrun for latest_only_with_trigger to 2024-03-15 04:00:00+00:00, run_after=2024-03-15 08:00:00+00:00
[2024-03-15T09:45:04.122+0000] {processor.py:183} INFO - Processing /home/airflow/.local/lib/python3.8/site-packages/airflow/example_dags/example_latest_only_with_trigger.py took 0.119 seconds
[2024-03-15T09:45:34.818+0000] {processor.py:161} INFO - Started process (PID=223) to work on /home/airflow/.local/lib/python3.8/site-packages/airflow/example_dags/example_latest_only_with_trigger.py
[2024-03-15T09:45:34.822+0000] {processor.py:830} INFO - Processing file /home/airflow/.local/lib/python3.8/site-packages/airflow/example_dags/example_latest_only_with_trigger.py for tasks to queue
[2024-03-15T09:45:34.824+0000] {logging_mixin.py:188} INFO - [2024-03-15T09:45:34.823+0000] {dagbag.py:540} INFO - Filling up the DagBag from /home/airflow/.local/lib/python3.8/site-packages/airflow/example_dags/example_latest_only_with_trigger.py
[2024-03-15T09:45:34.832+0000] {processor.py:840} INFO - DAG(s) 'latest_only_with_trigger' retrieved from /home/airflow/.local/lib/python3.8/site-packages/airflow/example_dags/example_latest_only_with_trigger.py
[2024-03-15T09:45:34.859+0000] {logging_mixin.py:188} INFO - [2024-03-15T09:45:34.859+0000] {dag.py:3047} INFO - Sync 1 DAGs
[2024-03-15T09:45:34.904+0000] {logging_mixin.py:188} INFO - [2024-03-15T09:45:34.904+0000] {dag.py:3834} INFO - Setting next_dagrun for latest_only_with_trigger to 2024-03-15 04:00:00+00:00, run_after=2024-03-15 08:00:00+00:00
[2024-03-15T09:45:34.930+0000] {processor.py:183} INFO - Processing /home/airflow/.local/lib/python3.8/site-packages/airflow/example_dags/example_latest_only_with_trigger.py took 0.117 seconds
[2024-03-15T09:46:06.456+0000] {processor.py:161} INFO - Started process (PID=277) to work on /home/airflow/.local/lib/python3.8/site-packages/airflow/example_dags/example_latest_only_with_trigger.py
[2024-03-15T09:46:06.462+0000] {processor.py:830} INFO - Processing file /home/airflow/.local/lib/python3.8/site-packages/airflow/example_dags/example_latest_only_with_trigger.py for tasks to queue
[2024-03-15T09:46:06.472+0000] {logging_mixin.py:188} INFO - [2024-03-15T09:46:06.469+0000] {dagbag.py:540} INFO - Filling up the DagBag from /home/airflow/.local/lib/python3.8/site-packages/airflow/example_dags/example_latest_only_with_trigger.py
[2024-03-15T09:46:06.541+0000] {processor.py:840} INFO - DAG(s) 'latest_only_with_trigger' retrieved from /home/airflow/.local/lib/python3.8/site-packages/airflow/example_dags/example_latest_only_with_trigger.py
[2024-03-15T09:46:06.755+0000] {logging_mixin.py:188} INFO - [2024-03-15T09:46:06.753+0000] {dag.py:3047} INFO - Sync 1 DAGs
[2024-03-15T09:46:06.890+0000] {logging_mixin.py:188} INFO - [2024-03-15T09:46:06.890+0000] {dag.py:3834} INFO - Setting next_dagrun for latest_only_with_trigger to 2024-03-15 04:00:00+00:00, run_after=2024-03-15 08:00:00+00:00
[2024-03-15T09:46:06.961+0000] {processor.py:183} INFO - Processing /home/airflow/.local/lib/python3.8/site-packages/airflow/example_dags/example_latest_only_with_trigger.py took 0.515 seconds
[2024-03-15T09:46:37.746+0000] {processor.py:161} INFO - Started process (PID=332) to work on /home/airflow/.local/lib/python3.8/site-packages/airflow/example_dags/example_latest_only_with_trigger.py
[2024-03-15T09:46:37.758+0000] {processor.py:830} INFO - Processing file /home/airflow/.local/lib/python3.8/site-packages/airflow/example_dags/example_latest_only_with_trigger.py for tasks to queue
[2024-03-15T09:46:37.800+0000] {logging_mixin.py:188} INFO - [2024-03-15T09:46:37.798+0000] {dagbag.py:540} INFO - Filling up the DagBag from /home/airflow/.local/lib/python3.8/site-packages/airflow/example_dags/example_latest_only_with_trigger.py
[2024-03-15T09:46:37.996+0000] {processor.py:840} INFO - DAG(s) 'latest_only_with_trigger' retrieved from /home/airflow/.local/lib/python3.8/site-packages/airflow/example_dags/example_latest_only_with_trigger.py
[2024-03-15T09:46:38.392+0000] {logging_mixin.py:188} INFO - [2024-03-15T09:46:38.389+0000] {dag.py:3047} INFO - Sync 1 DAGs
[2024-03-15T09:46:38.770+0000] {logging_mixin.py:188} INFO - [2024-03-15T09:46:38.770+0000] {dag.py:3834} INFO - Setting next_dagrun for latest_only_with_trigger to 2024-03-15 04:00:00+00:00, run_after=2024-03-15 08:00:00+00:00
[2024-03-15T09:46:38.956+0000] {processor.py:183} INFO - Processing /home/airflow/.local/lib/python3.8/site-packages/airflow/example_dags/example_latest_only_with_trigger.py took 1.259 seconds
[2024-03-15T09:47:25.407+0000] {processor.py:161} INFO - Started process (PID=408) to work on /home/airflow/.local/lib/python3.8/site-packages/airflow/example_dags/example_latest_only_with_trigger.py
[2024-03-15T09:47:25.432+0000] {processor.py:830} INFO - Processing file /home/airflow/.local/lib/python3.8/site-packages/airflow/example_dags/example_latest_only_with_trigger.py for tasks to queue
[2024-03-15T09:47:25.434+0000] {logging_mixin.py:188} INFO - [2024-03-15T09:47:25.434+0000] {dagbag.py:540} INFO - Filling up the DagBag from /home/airflow/.local/lib/python3.8/site-packages/airflow/example_dags/example_latest_only_with_trigger.py
[2024-03-15T09:47:25.444+0000] {processor.py:840} INFO - DAG(s) 'latest_only_with_trigger' retrieved from /home/airflow/.local/lib/python3.8/site-packages/airflow/example_dags/example_latest_only_with_trigger.py
[2024-03-15T09:47:25.492+0000] {logging_mixin.py:188} INFO - [2024-03-15T09:47:25.491+0000] {dag.py:3047} INFO - Sync 1 DAGs
[2024-03-15T09:47:25.534+0000] {logging_mixin.py:188} INFO - [2024-03-15T09:47:25.534+0000] {dag.py:3834} INFO - Setting next_dagrun for latest_only_with_trigger to 2024-03-15 04:00:00+00:00, run_after=2024-03-15 08:00:00+00:00
[2024-03-15T09:47:25.805+0000] {processor.py:183} INFO - Processing /home/airflow/.local/lib/python3.8/site-packages/airflow/example_dags/example_latest_only_with_trigger.py took 0.407 seconds
[2024-03-15T09:48:19.450+0000] {processor.py:161} INFO - Started process (PID=467) to work on /home/airflow/.local/lib/python3.8/site-packages/airflow/example_dags/example_latest_only_with_trigger.py
[2024-03-15T09:48:19.453+0000] {processor.py:830} INFO - Processing file /home/airflow/.local/lib/python3.8/site-packages/airflow/example_dags/example_latest_only_with_trigger.py for tasks to queue
[2024-03-15T09:48:19.455+0000] {logging_mixin.py:188} INFO - [2024-03-15T09:48:19.454+0000] {dagbag.py:540} INFO - Filling up the DagBag from /home/airflow/.local/lib/python3.8/site-packages/airflow/example_dags/example_latest_only_with_trigger.py
[2024-03-15T09:48:19.466+0000] {processor.py:840} INFO - DAG(s) 'latest_only_with_trigger' retrieved from /home/airflow/.local/lib/python3.8/site-packages/airflow/example_dags/example_latest_only_with_trigger.py
[2024-03-15T09:48:19.604+0000] {logging_mixin.py:188} INFO - [2024-03-15T09:48:19.601+0000] {dag.py:3047} INFO - Sync 1 DAGs
[2024-03-15T09:48:19.770+0000] {logging_mixin.py:188} INFO - [2024-03-15T09:48:19.769+0000] {dag.py:3834} INFO - Setting next_dagrun for latest_only_with_trigger to 2024-03-15 04:00:00+00:00, run_after=2024-03-15 08:00:00+00:00
[2024-03-15T09:48:19.879+0000] {processor.py:183} INFO - Processing /home/airflow/.local/lib/python3.8/site-packages/airflow/example_dags/example_latest_only_with_trigger.py took 0.433 seconds
