[2024-03-15T09:44:07.558+0000] {processor.py:161} INFO - Started process (PID=77) to work on /home/airflow/.local/lib/python3.8/site-packages/airflow/example_dags/example_complex.py
[2024-03-15T09:44:07.559+0000] {processor.py:830} INFO - Processing file /home/airflow/.local/lib/python3.8/site-packages/airflow/example_dags/example_complex.py for tasks to queue
[2024-03-15T09:44:07.561+0000] {logging_mixin.py:188} INFO - [2024-03-15T09:44:07.561+0000] {dagbag.py:540} INFO - Filling up the DagBag from /home/airflow/.local/lib/python3.8/site-packages/airflow/example_dags/example_complex.py
[2024-03-15T09:44:07.611+0000] {processor.py:840} INFO - DAG(s) 'example_complex' retrieved from /home/airflow/.local/lib/python3.8/site-packages/airflow/example_dags/example_complex.py
[2024-03-15T09:44:07.969+0000] {logging_mixin.py:188} INFO - [2024-03-15T09:44:07.968+0000] {override.py:1769} INFO - Created Permission View: can read on DAG:example_complex
[2024-03-15T09:44:07.999+0000] {logging_mixin.py:188} INFO - [2024-03-15T09:44:07.998+0000] {override.py:1769} INFO - Created Permission View: can edit on DAG:example_complex
[2024-03-15T09:44:08.004+0000] {logging_mixin.py:188} INFO - [2024-03-15T09:44:08.004+0000] {override.py:1769} INFO - Created Permission View: can delete on DAG:example_complex
[2024-03-15T09:44:08.005+0000] {logging_mixin.py:188} INFO - [2024-03-15T09:44:08.005+0000] {dag.py:3047} INFO - Sync 1 DAGs
[2024-03-15T09:44:08.054+0000] {logging_mixin.py:188} INFO - [2024-03-15T09:44:08.054+0000] {dag.py:3069} INFO - Creating ORM DAG for example_complex
[2024-03-15T09:44:08.055+0000] {logging_mixin.py:188} INFO - [2024-03-15T09:44:08.055+0000] {dag.py:3834} INFO - Setting next_dagrun for example_complex to None, run_after=None
[2024-03-15T09:44:08.094+0000] {processor.py:183} INFO - Processing /home/airflow/.local/lib/python3.8/site-packages/airflow/example_dags/example_complex.py took 0.539 seconds
[2024-03-15T09:44:39.095+0000] {processor.py:161} INFO - Started process (PID=132) to work on /home/airflow/.local/lib/python3.8/site-packages/airflow/example_dags/example_complex.py
[2024-03-15T09:44:39.105+0000] {processor.py:830} INFO - Processing file /home/airflow/.local/lib/python3.8/site-packages/airflow/example_dags/example_complex.py for tasks to queue
[2024-03-15T09:44:39.113+0000] {logging_mixin.py:188} INFO - [2024-03-15T09:44:39.113+0000] {dagbag.py:540} INFO - Filling up the DagBag from /home/airflow/.local/lib/python3.8/site-packages/airflow/example_dags/example_complex.py
[2024-03-15T09:44:39.203+0000] {processor.py:840} INFO - DAG(s) 'example_complex' retrieved from /home/airflow/.local/lib/python3.8/site-packages/airflow/example_dags/example_complex.py
[2024-03-15T09:44:39.360+0000] {logging_mixin.py:188} INFO - [2024-03-15T09:44:39.359+0000] {dag.py:3047} INFO - Sync 1 DAGs
[2024-03-15T09:44:39.406+0000] {logging_mixin.py:188} INFO - [2024-03-15T09:44:39.404+0000] {dag.py:3834} INFO - Setting next_dagrun for example_complex to None, run_after=None
[2024-03-15T09:44:40.368+0000] {processor.py:183} INFO - Processing /home/airflow/.local/lib/python3.8/site-packages/airflow/example_dags/example_complex.py took 1.323 seconds
[2024-03-15T09:45:10.557+0000] {processor.py:161} INFO - Started process (PID=186) to work on /home/airflow/.local/lib/python3.8/site-packages/airflow/example_dags/example_complex.py
[2024-03-15T09:45:10.559+0000] {processor.py:830} INFO - Processing file /home/airflow/.local/lib/python3.8/site-packages/airflow/example_dags/example_complex.py for tasks to queue
[2024-03-15T09:45:10.561+0000] {logging_mixin.py:188} INFO - [2024-03-15T09:45:10.561+0000] {dagbag.py:540} INFO - Filling up the DagBag from /home/airflow/.local/lib/python3.8/site-packages/airflow/example_dags/example_complex.py
[2024-03-15T09:45:10.571+0000] {processor.py:840} INFO - DAG(s) 'example_complex' retrieved from /home/airflow/.local/lib/python3.8/site-packages/airflow/example_dags/example_complex.py
[2024-03-15T09:45:10.629+0000] {logging_mixin.py:188} INFO - [2024-03-15T09:45:10.628+0000] {dag.py:3047} INFO - Sync 1 DAGs
[2024-03-15T09:45:10.652+0000] {logging_mixin.py:188} INFO - [2024-03-15T09:45:10.652+0000] {dag.py:3834} INFO - Setting next_dagrun for example_complex to None, run_after=None
[2024-03-15T09:45:10.670+0000] {processor.py:183} INFO - Processing /home/airflow/.local/lib/python3.8/site-packages/airflow/example_dags/example_complex.py took 0.118 seconds
[2024-03-15T09:45:41.760+0000] {processor.py:161} INFO - Started process (PID=241) to work on /home/airflow/.local/lib/python3.8/site-packages/airflow/example_dags/example_complex.py
[2024-03-15T09:45:41.766+0000] {processor.py:830} INFO - Processing file /home/airflow/.local/lib/python3.8/site-packages/airflow/example_dags/example_complex.py for tasks to queue
[2024-03-15T09:45:41.775+0000] {logging_mixin.py:188} INFO - [2024-03-15T09:45:41.772+0000] {dagbag.py:540} INFO - Filling up the DagBag from /home/airflow/.local/lib/python3.8/site-packages/airflow/example_dags/example_complex.py
[2024-03-15T09:45:41.822+0000] {processor.py:840} INFO - DAG(s) 'example_complex' retrieved from /home/airflow/.local/lib/python3.8/site-packages/airflow/example_dags/example_complex.py
[2024-03-15T09:45:41.878+0000] {logging_mixin.py:188} INFO - [2024-03-15T09:45:41.878+0000] {dag.py:3047} INFO - Sync 1 DAGs
[2024-03-15T09:45:41.903+0000] {logging_mixin.py:188} INFO - [2024-03-15T09:45:41.903+0000] {dag.py:3834} INFO - Setting next_dagrun for example_complex to None, run_after=None
[2024-03-15T09:45:41.925+0000] {processor.py:183} INFO - Processing /home/airflow/.local/lib/python3.8/site-packages/airflow/example_dags/example_complex.py took 0.172 seconds
[2024-03-15T09:46:12.649+0000] {processor.py:161} INFO - Started process (PID=295) to work on /home/airflow/.local/lib/python3.8/site-packages/airflow/example_dags/example_complex.py
[2024-03-15T09:46:12.668+0000] {processor.py:830} INFO - Processing file /home/airflow/.local/lib/python3.8/site-packages/airflow/example_dags/example_complex.py for tasks to queue
[2024-03-15T09:46:12.737+0000] {logging_mixin.py:188} INFO - [2024-03-15T09:46:12.734+0000] {dagbag.py:540} INFO - Filling up the DagBag from /home/airflow/.local/lib/python3.8/site-packages/airflow/example_dags/example_complex.py
[2024-03-15T09:46:12.870+0000] {processor.py:840} INFO - DAG(s) 'example_complex' retrieved from /home/airflow/.local/lib/python3.8/site-packages/airflow/example_dags/example_complex.py
[2024-03-15T09:46:12.978+0000] {logging_mixin.py:188} INFO - [2024-03-15T09:46:12.978+0000] {dag.py:3047} INFO - Sync 1 DAGs
[2024-03-15T09:46:13.012+0000] {logging_mixin.py:188} INFO - [2024-03-15T09:46:13.011+0000] {dag.py:3834} INFO - Setting next_dagrun for example_complex to None, run_after=None
[2024-03-15T09:46:13.045+0000] {processor.py:183} INFO - Processing /home/airflow/.local/lib/python3.8/site-packages/airflow/example_dags/example_complex.py took 0.495 seconds
[2024-03-15T09:46:56.020+0000] {processor.py:161} INFO - Started process (PID=368) to work on /home/airflow/.local/lib/python3.8/site-packages/airflow/example_dags/example_complex.py
[2024-03-15T09:46:56.043+0000] {processor.py:830} INFO - Processing file /home/airflow/.local/lib/python3.8/site-packages/airflow/example_dags/example_complex.py for tasks to queue
[2024-03-15T09:46:56.056+0000] {logging_mixin.py:188} INFO - [2024-03-15T09:46:56.054+0000] {dagbag.py:540} INFO - Filling up the DagBag from /home/airflow/.local/lib/python3.8/site-packages/airflow/example_dags/example_complex.py
[2024-03-15T09:46:56.094+0000] {processor.py:840} INFO - DAG(s) 'example_complex' retrieved from /home/airflow/.local/lib/python3.8/site-packages/airflow/example_dags/example_complex.py
[2024-03-15T09:46:56.185+0000] {logging_mixin.py:188} INFO - [2024-03-15T09:46:56.185+0000] {dag.py:3047} INFO - Sync 1 DAGs
[2024-03-15T09:46:56.246+0000] {logging_mixin.py:188} INFO - [2024-03-15T09:46:56.245+0000] {dag.py:3834} INFO - Setting next_dagrun for example_complex to None, run_after=None
[2024-03-15T09:46:56.413+0000] {processor.py:183} INFO - Processing /home/airflow/.local/lib/python3.8/site-packages/airflow/example_dags/example_complex.py took 0.429 seconds
[2024-03-15T09:47:56.698+0000] {processor.py:161} INFO - Started process (PID=434) to work on /home/airflow/.local/lib/python3.8/site-packages/airflow/example_dags/example_complex.py
[2024-03-15T09:47:56.754+0000] {processor.py:830} INFO - Processing file /home/airflow/.local/lib/python3.8/site-packages/airflow/example_dags/example_complex.py for tasks to queue
[2024-03-15T09:47:56.856+0000] {logging_mixin.py:188} INFO - [2024-03-15T09:47:56.832+0000] {dagbag.py:540} INFO - Filling up the DagBag from /home/airflow/.local/lib/python3.8/site-packages/airflow/example_dags/example_complex.py
[2024-03-15T09:47:57.299+0000] {processor.py:840} INFO - DAG(s) 'example_complex' retrieved from /home/airflow/.local/lib/python3.8/site-packages/airflow/example_dags/example_complex.py
[2024-03-15T09:47:58.418+0000] {logging_mixin.py:188} INFO - [2024-03-15T09:47:58.417+0000] {dag.py:3047} INFO - Sync 1 DAGs
[2024-03-15T09:47:58.464+0000] {logging_mixin.py:188} INFO - [2024-03-15T09:47:58.464+0000] {dag.py:3834} INFO - Setting next_dagrun for example_complex to None, run_after=None
[2024-03-15T09:47:58.571+0000] {processor.py:183} INFO - Processing /home/airflow/.local/lib/python3.8/site-packages/airflow/example_dags/example_complex.py took 2.004 seconds
[2024-03-15T09:48:55.809+0000] {processor.py:161} INFO - Started process (PID=497) to work on /home/airflow/.local/lib/python3.8/site-packages/airflow/example_dags/example_complex.py
[2024-03-15T09:48:55.815+0000] {processor.py:830} INFO - Processing file /home/airflow/.local/lib/python3.8/site-packages/airflow/example_dags/example_complex.py for tasks to queue
[2024-03-15T09:48:55.824+0000] {logging_mixin.py:188} INFO - [2024-03-15T09:48:55.823+0000] {dagbag.py:540} INFO - Filling up the DagBag from /home/airflow/.local/lib/python3.8/site-packages/airflow/example_dags/example_complex.py
[2024-03-15T09:48:55.912+0000] {processor.py:840} INFO - DAG(s) 'example_complex' retrieved from /home/airflow/.local/lib/python3.8/site-packages/airflow/example_dags/example_complex.py
[2024-03-15T09:48:56.007+0000] {logging_mixin.py:188} INFO - [2024-03-15T09:48:56.007+0000] {dag.py:3047} INFO - Sync 1 DAGs
[2024-03-15T09:48:56.077+0000] {logging_mixin.py:188} INFO - [2024-03-15T09:48:56.076+0000] {dag.py:3834} INFO - Setting next_dagrun for example_complex to None, run_after=None
[2024-03-15T09:48:56.161+0000] {processor.py:183} INFO - Processing /home/airflow/.local/lib/python3.8/site-packages/airflow/example_dags/example_complex.py took 0.359 seconds
