[2024-03-15T09:43:55.373+0000] {processor.py:161} INFO - Started process (PID=51) to work on /home/airflow/.local/lib/python3.8/site-packages/airflow/example_dags/example_datasets.py
[2024-03-15T09:43:55.407+0000] {processor.py:830} INFO - Processing file /home/airflow/.local/lib/python3.8/site-packages/airflow/example_dags/example_datasets.py for tasks to queue
[2024-03-15T09:43:55.426+0000] {logging_mixin.py:188} INFO - [2024-03-15T09:43:55.425+0000] {dagbag.py:540} INFO - Filling up the DagBag from /home/airflow/.local/lib/python3.8/site-packages/airflow/example_dags/example_datasets.py
[2024-03-15T09:43:55.501+0000] {processor.py:840} INFO - DAG(s) 'dataset_produces_2', 'dataset_consumes_1_and_2', 'dataset_produces_1', 'dataset_consumes_unknown_never_scheduled', 'dataset_consumes_1', 'dataset_consumes_1_never_scheduled' retrieved from /home/airflow/.local/lib/python3.8/site-packages/airflow/example_dags/example_datasets.py
[2024-03-15T09:43:56.309+0000] {logging_mixin.py:188} INFO - [2024-03-15T09:43:56.295+0000] {override.py:1769} INFO - Created Permission View: can read on DAG:dataset_produces_2
[2024-03-15T09:43:56.424+0000] {logging_mixin.py:188} INFO - [2024-03-15T09:43:56.422+0000] {override.py:1769} INFO - Created Permission View: can edit on DAG:dataset_produces_2
[2024-03-15T09:43:56.496+0000] {logging_mixin.py:188} INFO - [2024-03-15T09:43:56.490+0000] {override.py:1769} INFO - Created Permission View: can delete on DAG:dataset_produces_2
[2024-03-15T09:43:56.636+0000] {logging_mixin.py:188} INFO - [2024-03-15T09:43:56.635+0000] {override.py:1769} INFO - Created Permission View: can read on DAG:dataset_consumes_1_and_2
[2024-03-15T09:43:56.669+0000] {logging_mixin.py:188} INFO - [2024-03-15T09:43:56.668+0000] {override.py:1769} INFO - Created Permission View: can edit on DAG:dataset_consumes_1_and_2
[2024-03-15T09:43:56.759+0000] {logging_mixin.py:188} INFO - [2024-03-15T09:43:56.758+0000] {override.py:1769} INFO - Created Permission View: can delete on DAG:dataset_consumes_1_and_2
[2024-03-15T09:43:56.864+0000] {logging_mixin.py:188} INFO - [2024-03-15T09:43:56.853+0000] {override.py:1769} INFO - Created Permission View: can read on DAG:dataset_produces_1
[2024-03-15T09:43:56.892+0000] {logging_mixin.py:188} INFO - [2024-03-15T09:43:56.891+0000] {override.py:1769} INFO - Created Permission View: can edit on DAG:dataset_produces_1
[2024-03-15T09:43:56.934+0000] {logging_mixin.py:188} INFO - [2024-03-15T09:43:56.932+0000] {override.py:1769} INFO - Created Permission View: can delete on DAG:dataset_produces_1
[2024-03-15T09:43:57.056+0000] {logging_mixin.py:188} INFO - [2024-03-15T09:43:57.056+0000] {override.py:1769} INFO - Created Permission View: can read on DAG:dataset_consumes_unknown_never_scheduled
[2024-03-15T09:43:57.106+0000] {logging_mixin.py:188} INFO - [2024-03-15T09:43:57.105+0000] {override.py:1769} INFO - Created Permission View: can edit on DAG:dataset_consumes_unknown_never_scheduled
[2024-03-15T09:43:57.131+0000] {logging_mixin.py:188} INFO - [2024-03-15T09:43:57.130+0000] {override.py:1769} INFO - Created Permission View: can delete on DAG:dataset_consumes_unknown_never_scheduled
[2024-03-15T09:43:57.221+0000] {logging_mixin.py:188} INFO - [2024-03-15T09:43:57.220+0000] {override.py:1769} INFO - Created Permission View: can read on DAG:dataset_consumes_1
[2024-03-15T09:43:57.254+0000] {logging_mixin.py:188} INFO - [2024-03-15T09:43:57.253+0000] {override.py:1769} INFO - Created Permission View: can edit on DAG:dataset_consumes_1
[2024-03-15T09:43:57.291+0000] {logging_mixin.py:188} INFO - [2024-03-15T09:43:57.290+0000] {override.py:1769} INFO - Created Permission View: can delete on DAG:dataset_consumes_1
[2024-03-15T09:43:57.358+0000] {logging_mixin.py:188} INFO - [2024-03-15T09:43:57.357+0000] {override.py:1769} INFO - Created Permission View: can read on DAG:dataset_consumes_1_never_scheduled
[2024-03-15T09:43:57.407+0000] {logging_mixin.py:188} INFO - [2024-03-15T09:43:57.406+0000] {override.py:1769} INFO - Created Permission View: can edit on DAG:dataset_consumes_1_never_scheduled
[2024-03-15T09:43:57.425+0000] {logging_mixin.py:188} INFO - [2024-03-15T09:43:57.425+0000] {override.py:1769} INFO - Created Permission View: can delete on DAG:dataset_consumes_1_never_scheduled
[2024-03-15T09:43:57.431+0000] {logging_mixin.py:188} INFO - [2024-03-15T09:43:57.431+0000] {dag.py:3047} INFO - Sync 6 DAGs
[2024-03-15T09:43:57.721+0000] {logging_mixin.py:188} INFO - [2024-03-15T09:43:57.716+0000] {dag.py:3069} INFO - Creating ORM DAG for dataset_consumes_1_and_2
[2024-03-15T09:43:57.735+0000] {logging_mixin.py:188} INFO - [2024-03-15T09:43:57.734+0000] {dag.py:3069} INFO - Creating ORM DAG for dataset_produces_1
[2024-03-15T09:43:57.766+0000] {logging_mixin.py:188} INFO - [2024-03-15T09:43:57.756+0000] {dag.py:3069} INFO - Creating ORM DAG for dataset_consumes_1
[2024-03-15T09:43:57.813+0000] {logging_mixin.py:188} INFO - [2024-03-15T09:43:57.803+0000] {dag.py:3069} INFO - Creating ORM DAG for dataset_consumes_1_never_scheduled
[2024-03-15T09:43:57.826+0000] {logging_mixin.py:188} INFO - [2024-03-15T09:43:57.825+0000] {dag.py:3069} INFO - Creating ORM DAG for dataset_consumes_unknown_never_scheduled
[2024-03-15T09:43:57.829+0000] {logging_mixin.py:188} INFO - [2024-03-15T09:43:57.828+0000] {dag.py:3069} INFO - Creating ORM DAG for dataset_produces_2
[2024-03-15T09:43:57.912+0000] {logging_mixin.py:188} INFO - [2024-03-15T09:43:57.911+0000] {dag.py:3834} INFO - Setting next_dagrun for dataset_consumes_1 to None, run_after=None
[2024-03-15T09:43:57.918+0000] {logging_mixin.py:188} INFO - [2024-03-15T09:43:57.918+0000] {dag.py:3834} INFO - Setting next_dagrun for dataset_consumes_1_and_2 to None, run_after=None
[2024-03-15T09:43:57.924+0000] {logging_mixin.py:188} INFO - [2024-03-15T09:43:57.923+0000] {dag.py:3834} INFO - Setting next_dagrun for dataset_consumes_1_never_scheduled to None, run_after=None
[2024-03-15T09:43:57.926+0000] {logging_mixin.py:188} INFO - [2024-03-15T09:43:57.926+0000] {dag.py:3834} INFO - Setting next_dagrun for dataset_consumes_unknown_never_scheduled to None, run_after=None
[2024-03-15T09:43:57.938+0000] {logging_mixin.py:188} INFO - [2024-03-15T09:43:57.937+0000] {dag.py:3834} INFO - Setting next_dagrun for dataset_produces_1 to 2024-03-14 00:00:00+00:00, run_after=2024-03-15 00:00:00+00:00
[2024-03-15T09:43:57.939+0000] {logging_mixin.py:188} INFO - [2024-03-15T09:43:57.939+0000] {dag.py:3834} INFO - Setting next_dagrun for dataset_produces_2 to None, run_after=None
[2024-03-15T09:43:58.361+0000] {processor.py:183} INFO - Processing /home/airflow/.local/lib/python3.8/site-packages/airflow/example_dags/example_datasets.py took 3.081 seconds
[2024-03-15T09:44:29.093+0000] {processor.py:161} INFO - Started process (PID=106) to work on /home/airflow/.local/lib/python3.8/site-packages/airflow/example_dags/example_datasets.py
[2024-03-15T09:44:29.096+0000] {processor.py:830} INFO - Processing file /home/airflow/.local/lib/python3.8/site-packages/airflow/example_dags/example_datasets.py for tasks to queue
[2024-03-15T09:44:29.155+0000] {logging_mixin.py:188} INFO - [2024-03-15T09:44:29.151+0000] {dagbag.py:540} INFO - Filling up the DagBag from /home/airflow/.local/lib/python3.8/site-packages/airflow/example_dags/example_datasets.py
[2024-03-15T09:44:29.281+0000] {processor.py:840} INFO - DAG(s) 'dataset_produces_2', 'dataset_consumes_1_never_scheduled', 'dataset_produces_1', 'dataset_consumes_1_and_2', 'dataset_consumes_1', 'dataset_consumes_unknown_never_scheduled' retrieved from /home/airflow/.local/lib/python3.8/site-packages/airflow/example_dags/example_datasets.py
[2024-03-15T09:44:29.431+0000] {logging_mixin.py:188} INFO - [2024-03-15T09:44:29.430+0000] {dag.py:3047} INFO - Sync 6 DAGs
[2024-03-15T09:44:29.517+0000] {logging_mixin.py:188} INFO - [2024-03-15T09:44:29.517+0000] {dag.py:3834} INFO - Setting next_dagrun for dataset_consumes_1 to None, run_after=None
[2024-03-15T09:44:29.523+0000] {logging_mixin.py:188} INFO - [2024-03-15T09:44:29.523+0000] {dag.py:3834} INFO - Setting next_dagrun for dataset_consumes_1_and_2 to None, run_after=None
[2024-03-15T09:44:29.525+0000] {logging_mixin.py:188} INFO - [2024-03-15T09:44:29.525+0000] {dag.py:3834} INFO - Setting next_dagrun for dataset_consumes_1_never_scheduled to None, run_after=None
[2024-03-15T09:44:29.528+0000] {logging_mixin.py:188} INFO - [2024-03-15T09:44:29.527+0000] {dag.py:3834} INFO - Setting next_dagrun for dataset_consumes_unknown_never_scheduled to None, run_after=None
[2024-03-15T09:44:29.531+0000] {logging_mixin.py:188} INFO - [2024-03-15T09:44:29.531+0000] {dag.py:3834} INFO - Setting next_dagrun for dataset_produces_1 to 2024-03-14 00:00:00+00:00, run_after=2024-03-15 00:00:00+00:00
[2024-03-15T09:44:29.532+0000] {logging_mixin.py:188} INFO - [2024-03-15T09:44:29.532+0000] {dag.py:3834} INFO - Setting next_dagrun for dataset_produces_2 to None, run_after=None
[2024-03-15T09:44:29.598+0000] {processor.py:183} INFO - Processing /home/airflow/.local/lib/python3.8/site-packages/airflow/example_dags/example_datasets.py took 0.516 seconds
[2024-03-15T09:44:59.848+0000] {processor.py:161} INFO - Started process (PID=160) to work on /home/airflow/.local/lib/python3.8/site-packages/airflow/example_dags/example_datasets.py
[2024-03-15T09:44:59.861+0000] {processor.py:830} INFO - Processing file /home/airflow/.local/lib/python3.8/site-packages/airflow/example_dags/example_datasets.py for tasks to queue
[2024-03-15T09:44:59.877+0000] {logging_mixin.py:188} INFO - [2024-03-15T09:44:59.877+0000] {dagbag.py:540} INFO - Filling up the DagBag from /home/airflow/.local/lib/python3.8/site-packages/airflow/example_dags/example_datasets.py
[2024-03-15T09:45:00.125+0000] {processor.py:840} INFO - DAG(s) 'dataset_produces_1', 'dataset_consumes_unknown_never_scheduled', 'dataset_consumes_1_and_2', 'dataset_produces_2', 'dataset_consumes_1', 'dataset_consumes_1_never_scheduled' retrieved from /home/airflow/.local/lib/python3.8/site-packages/airflow/example_dags/example_datasets.py
[2024-03-15T09:45:00.406+0000] {logging_mixin.py:188} INFO - [2024-03-15T09:45:00.406+0000] {dag.py:3047} INFO - Sync 6 DAGs
[2024-03-15T09:45:00.817+0000] {logging_mixin.py:188} INFO - [2024-03-15T09:45:00.814+0000] {dag.py:3834} INFO - Setting next_dagrun for dataset_consumes_1 to None, run_after=None
[2024-03-15T09:45:00.835+0000] {logging_mixin.py:188} INFO - [2024-03-15T09:45:00.835+0000] {dag.py:3834} INFO - Setting next_dagrun for dataset_consumes_1_and_2 to None, run_after=None
[2024-03-15T09:45:00.836+0000] {logging_mixin.py:188} INFO - [2024-03-15T09:45:00.836+0000] {dag.py:3834} INFO - Setting next_dagrun for dataset_consumes_1_never_scheduled to None, run_after=None
[2024-03-15T09:45:00.837+0000] {logging_mixin.py:188} INFO - [2024-03-15T09:45:00.837+0000] {dag.py:3834} INFO - Setting next_dagrun for dataset_consumes_unknown_never_scheduled to None, run_after=None
[2024-03-15T09:45:00.848+0000] {logging_mixin.py:188} INFO - [2024-03-15T09:45:00.847+0000] {dag.py:3834} INFO - Setting next_dagrun for dataset_produces_1 to 2024-03-14 00:00:00+00:00, run_after=2024-03-15 00:00:00+00:00
[2024-03-15T09:45:00.850+0000] {logging_mixin.py:188} INFO - [2024-03-15T09:45:00.849+0000] {dag.py:3834} INFO - Setting next_dagrun for dataset_produces_2 to None, run_after=None
[2024-03-15T09:45:00.941+0000] {processor.py:183} INFO - Processing /home/airflow/.local/lib/python3.8/site-packages/airflow/example_dags/example_datasets.py took 1.156 seconds
[2024-03-15T09:45:31.568+0000] {processor.py:161} INFO - Started process (PID=215) to work on /home/airflow/.local/lib/python3.8/site-packages/airflow/example_dags/example_datasets.py
[2024-03-15T09:45:31.585+0000] {processor.py:830} INFO - Processing file /home/airflow/.local/lib/python3.8/site-packages/airflow/example_dags/example_datasets.py for tasks to queue
[2024-03-15T09:45:31.612+0000] {logging_mixin.py:188} INFO - [2024-03-15T09:45:31.609+0000] {dagbag.py:540} INFO - Filling up the DagBag from /home/airflow/.local/lib/python3.8/site-packages/airflow/example_dags/example_datasets.py
[2024-03-15T09:45:31.744+0000] {processor.py:840} INFO - DAG(s) 'dataset_consumes_1_and_2', 'dataset_consumes_1_never_scheduled', 'dataset_consumes_unknown_never_scheduled', 'dataset_produces_2', 'dataset_consumes_1', 'dataset_produces_1' retrieved from /home/airflow/.local/lib/python3.8/site-packages/airflow/example_dags/example_datasets.py
[2024-03-15T09:45:31.861+0000] {logging_mixin.py:188} INFO - [2024-03-15T09:45:31.861+0000] {dag.py:3047} INFO - Sync 6 DAGs
[2024-03-15T09:45:31.910+0000] {logging_mixin.py:188} INFO - [2024-03-15T09:45:31.909+0000] {dag.py:3834} INFO - Setting next_dagrun for dataset_consumes_1 to None, run_after=None
[2024-03-15T09:45:31.918+0000] {logging_mixin.py:188} INFO - [2024-03-15T09:45:31.918+0000] {dag.py:3834} INFO - Setting next_dagrun for dataset_consumes_1_and_2 to None, run_after=None
[2024-03-15T09:45:31.920+0000] {logging_mixin.py:188} INFO - [2024-03-15T09:45:31.920+0000] {dag.py:3834} INFO - Setting next_dagrun for dataset_consumes_1_never_scheduled to None, run_after=None
[2024-03-15T09:45:31.922+0000] {logging_mixin.py:188} INFO - [2024-03-15T09:45:31.922+0000] {dag.py:3834} INFO - Setting next_dagrun for dataset_consumes_unknown_never_scheduled to None, run_after=None
[2024-03-15T09:45:31.929+0000] {logging_mixin.py:188} INFO - [2024-03-15T09:45:31.929+0000] {dag.py:3834} INFO - Setting next_dagrun for dataset_produces_1 to 2024-03-14 00:00:00+00:00, run_after=2024-03-15 00:00:00+00:00
[2024-03-15T09:45:31.930+0000] {logging_mixin.py:188} INFO - [2024-03-15T09:45:31.930+0000] {dag.py:3834} INFO - Setting next_dagrun for dataset_produces_2 to None, run_after=None
[2024-03-15T09:45:31.991+0000] {processor.py:183} INFO - Processing /home/airflow/.local/lib/python3.8/site-packages/airflow/example_dags/example_datasets.py took 0.503 seconds
[2024-03-15T09:46:02.924+0000] {processor.py:161} INFO - Started process (PID=269) to work on /home/airflow/.local/lib/python3.8/site-packages/airflow/example_dags/example_datasets.py
[2024-03-15T09:46:02.936+0000] {processor.py:830} INFO - Processing file /home/airflow/.local/lib/python3.8/site-packages/airflow/example_dags/example_datasets.py for tasks to queue
[2024-03-15T09:46:02.968+0000] {logging_mixin.py:188} INFO - [2024-03-15T09:46:02.966+0000] {dagbag.py:540} INFO - Filling up the DagBag from /home/airflow/.local/lib/python3.8/site-packages/airflow/example_dags/example_datasets.py
[2024-03-15T09:46:03.083+0000] {processor.py:840} INFO - DAG(s) 'dataset_consumes_1', 'dataset_consumes_1_never_scheduled', 'dataset_consumes_unknown_never_scheduled', 'dataset_consumes_1_and_2', 'dataset_produces_2', 'dataset_produces_1' retrieved from /home/airflow/.local/lib/python3.8/site-packages/airflow/example_dags/example_datasets.py
[2024-03-15T09:46:03.341+0000] {logging_mixin.py:188} INFO - [2024-03-15T09:46:03.338+0000] {dag.py:3047} INFO - Sync 6 DAGs
[2024-03-15T09:46:03.463+0000] {logging_mixin.py:188} INFO - [2024-03-15T09:46:03.462+0000] {dag.py:3834} INFO - Setting next_dagrun for dataset_consumes_1 to None, run_after=None
[2024-03-15T09:46:03.482+0000] {logging_mixin.py:188} INFO - [2024-03-15T09:46:03.482+0000] {dag.py:3834} INFO - Setting next_dagrun for dataset_consumes_1_and_2 to None, run_after=None
[2024-03-15T09:46:03.487+0000] {logging_mixin.py:188} INFO - [2024-03-15T09:46:03.486+0000] {dag.py:3834} INFO - Setting next_dagrun for dataset_consumes_1_never_scheduled to None, run_after=None
[2024-03-15T09:46:03.490+0000] {logging_mixin.py:188} INFO - [2024-03-15T09:46:03.489+0000] {dag.py:3834} INFO - Setting next_dagrun for dataset_consumes_unknown_never_scheduled to None, run_after=None
[2024-03-15T09:46:03.497+0000] {logging_mixin.py:188} INFO - [2024-03-15T09:46:03.497+0000] {dag.py:3834} INFO - Setting next_dagrun for dataset_produces_1 to 2024-03-14 00:00:00+00:00, run_after=2024-03-15 00:00:00+00:00
[2024-03-15T09:46:03.500+0000] {logging_mixin.py:188} INFO - [2024-03-15T09:46:03.500+0000] {dag.py:3834} INFO - Setting next_dagrun for dataset_produces_2 to None, run_after=None
[2024-03-15T09:46:03.713+0000] {processor.py:183} INFO - Processing /home/airflow/.local/lib/python3.8/site-packages/airflow/example_dags/example_datasets.py took 0.819 seconds
[2024-03-15T09:46:35.443+0000] {processor.py:161} INFO - Started process (PID=324) to work on /home/airflow/.local/lib/python3.8/site-packages/airflow/example_dags/example_datasets.py
[2024-03-15T09:46:35.451+0000] {processor.py:830} INFO - Processing file /home/airflow/.local/lib/python3.8/site-packages/airflow/example_dags/example_datasets.py for tasks to queue
[2024-03-15T09:46:35.469+0000] {logging_mixin.py:188} INFO - [2024-03-15T09:46:35.467+0000] {dagbag.py:540} INFO - Filling up the DagBag from /home/airflow/.local/lib/python3.8/site-packages/airflow/example_dags/example_datasets.py
[2024-03-15T09:46:35.494+0000] {processor.py:840} INFO - DAG(s) 'dataset_produces_2', 'dataset_consumes_1_and_2', 'dataset_consumes_unknown_never_scheduled', 'dataset_consumes_1_never_scheduled', 'dataset_consumes_1', 'dataset_produces_1' retrieved from /home/airflow/.local/lib/python3.8/site-packages/airflow/example_dags/example_datasets.py
[2024-03-15T09:46:35.563+0000] {logging_mixin.py:188} INFO - [2024-03-15T09:46:35.563+0000] {dag.py:3047} INFO - Sync 6 DAGs
[2024-03-15T09:46:35.603+0000] {logging_mixin.py:188} INFO - [2024-03-15T09:46:35.603+0000] {dag.py:3834} INFO - Setting next_dagrun for dataset_consumes_1 to None, run_after=None
[2024-03-15T09:46:35.607+0000] {logging_mixin.py:188} INFO - [2024-03-15T09:46:35.607+0000] {dag.py:3834} INFO - Setting next_dagrun for dataset_consumes_1_and_2 to None, run_after=None
[2024-03-15T09:46:35.612+0000] {logging_mixin.py:188} INFO - [2024-03-15T09:46:35.612+0000] {dag.py:3834} INFO - Setting next_dagrun for dataset_consumes_1_never_scheduled to None, run_after=None
[2024-03-15T09:46:35.614+0000] {logging_mixin.py:188} INFO - [2024-03-15T09:46:35.614+0000] {dag.py:3834} INFO - Setting next_dagrun for dataset_consumes_unknown_never_scheduled to None, run_after=None
[2024-03-15T09:46:35.619+0000] {logging_mixin.py:188} INFO - [2024-03-15T09:46:35.618+0000] {dag.py:3834} INFO - Setting next_dagrun for dataset_produces_1 to 2024-03-14 00:00:00+00:00, run_after=2024-03-15 00:00:00+00:00
[2024-03-15T09:46:35.623+0000] {logging_mixin.py:188} INFO - [2024-03-15T09:46:35.622+0000] {dag.py:3834} INFO - Setting next_dagrun for dataset_produces_2 to None, run_after=None
[2024-03-15T09:46:35.677+0000] {processor.py:183} INFO - Processing /home/airflow/.local/lib/python3.8/site-packages/airflow/example_dags/example_datasets.py took 0.272 seconds
[2024-03-15T09:47:13.601+0000] {processor.py:161} INFO - Started process (PID=399) to work on /home/airflow/.local/lib/python3.8/site-packages/airflow/example_dags/example_datasets.py
[2024-03-15T09:47:13.608+0000] {processor.py:830} INFO - Processing file /home/airflow/.local/lib/python3.8/site-packages/airflow/example_dags/example_datasets.py for tasks to queue
[2024-03-15T09:47:13.630+0000] {logging_mixin.py:188} INFO - [2024-03-15T09:47:13.629+0000] {dagbag.py:540} INFO - Filling up the DagBag from /home/airflow/.local/lib/python3.8/site-packages/airflow/example_dags/example_datasets.py
[2024-03-15T09:47:13.735+0000] {processor.py:840} INFO - DAG(s) 'dataset_consumes_1_and_2', 'dataset_produces_2', 'dataset_produces_1', 'dataset_consumes_unknown_never_scheduled', 'dataset_consumes_1', 'dataset_consumes_1_never_scheduled' retrieved from /home/airflow/.local/lib/python3.8/site-packages/airflow/example_dags/example_datasets.py
[2024-03-15T09:47:14.121+0000] {logging_mixin.py:188} INFO - [2024-03-15T09:47:14.120+0000] {dag.py:3047} INFO - Sync 6 DAGs
[2024-03-15T09:47:14.728+0000] {logging_mixin.py:188} INFO - [2024-03-15T09:47:14.726+0000] {dag.py:3834} INFO - Setting next_dagrun for dataset_consumes_1 to None, run_after=None
[2024-03-15T09:47:14.774+0000] {logging_mixin.py:188} INFO - [2024-03-15T09:47:14.769+0000] {dag.py:3834} INFO - Setting next_dagrun for dataset_consumes_1_and_2 to None, run_after=None
[2024-03-15T09:47:14.793+0000] {logging_mixin.py:188} INFO - [2024-03-15T09:47:14.792+0000] {dag.py:3834} INFO - Setting next_dagrun for dataset_consumes_1_never_scheduled to None, run_after=None
[2024-03-15T09:47:14.868+0000] {logging_mixin.py:188} INFO - [2024-03-15T09:47:14.867+0000] {dag.py:3834} INFO - Setting next_dagrun for dataset_consumes_unknown_never_scheduled to None, run_after=None
[2024-03-15T09:47:14.925+0000] {logging_mixin.py:188} INFO - [2024-03-15T09:47:14.917+0000] {dag.py:3834} INFO - Setting next_dagrun for dataset_produces_1 to 2024-03-14 00:00:00+00:00, run_after=2024-03-15 00:00:00+00:00
[2024-03-15T09:47:14.933+0000] {logging_mixin.py:188} INFO - [2024-03-15T09:47:14.933+0000] {dag.py:3834} INFO - Setting next_dagrun for dataset_produces_2 to None, run_after=None
[2024-03-15T09:47:15.401+0000] {processor.py:183} INFO - Processing /home/airflow/.local/lib/python3.8/site-packages/airflow/example_dags/example_datasets.py took 1.813 seconds
[2024-03-15T09:48:09.251+0000] {processor.py:161} INFO - Started process (PID=459) to work on /home/airflow/.local/lib/python3.8/site-packages/airflow/example_dags/example_datasets.py
[2024-03-15T09:48:09.262+0000] {processor.py:830} INFO - Processing file /home/airflow/.local/lib/python3.8/site-packages/airflow/example_dags/example_datasets.py for tasks to queue
[2024-03-15T09:48:09.308+0000] {logging_mixin.py:188} INFO - [2024-03-15T09:48:09.303+0000] {dagbag.py:540} INFO - Filling up the DagBag from /home/airflow/.local/lib/python3.8/site-packages/airflow/example_dags/example_datasets.py
[2024-03-15T09:48:09.434+0000] {processor.py:840} INFO - DAG(s) 'dataset_consumes_1_and_2', 'dataset_produces_1', 'dataset_produces_2', 'dataset_consumes_1_never_scheduled', 'dataset_consumes_1', 'dataset_consumes_unknown_never_scheduled' retrieved from /home/airflow/.local/lib/python3.8/site-packages/airflow/example_dags/example_datasets.py
[2024-03-15T09:48:10.038+0000] {logging_mixin.py:188} INFO - [2024-03-15T09:48:10.036+0000] {dag.py:3047} INFO - Sync 6 DAGs
[2024-03-15T09:48:10.240+0000] {logging_mixin.py:188} INFO - [2024-03-15T09:48:10.236+0000] {dag.py:3834} INFO - Setting next_dagrun for dataset_consumes_1 to None, run_after=None
[2024-03-15T09:48:10.251+0000] {logging_mixin.py:188} INFO - [2024-03-15T09:48:10.251+0000] {dag.py:3834} INFO - Setting next_dagrun for dataset_consumes_1_and_2 to None, run_after=None
[2024-03-15T09:48:10.254+0000] {logging_mixin.py:188} INFO - [2024-03-15T09:48:10.253+0000] {dag.py:3834} INFO - Setting next_dagrun for dataset_consumes_1_never_scheduled to None, run_after=None
[2024-03-15T09:48:10.258+0000] {logging_mixin.py:188} INFO - [2024-03-15T09:48:10.257+0000] {dag.py:3834} INFO - Setting next_dagrun for dataset_consumes_unknown_never_scheduled to None, run_after=None
[2024-03-15T09:48:10.271+0000] {logging_mixin.py:188} INFO - [2024-03-15T09:48:10.270+0000] {dag.py:3834} INFO - Setting next_dagrun for dataset_produces_1 to 2024-03-14 00:00:00+00:00, run_after=2024-03-15 00:00:00+00:00
[2024-03-15T09:48:10.274+0000] {logging_mixin.py:188} INFO - [2024-03-15T09:48:10.274+0000] {dag.py:3834} INFO - Setting next_dagrun for dataset_produces_2 to None, run_after=None
[2024-03-15T09:48:10.529+0000] {processor.py:183} INFO - Processing /home/airflow/.local/lib/python3.8/site-packages/airflow/example_dags/example_datasets.py took 1.301 seconds
[2024-03-15T09:49:04.218+0000] {processor.py:161} INFO - Started process (PID=513) to work on /home/airflow/.local/lib/python3.8/site-packages/airflow/example_dags/example_datasets.py
[2024-03-15T09:49:04.227+0000] {processor.py:830} INFO - Processing file /home/airflow/.local/lib/python3.8/site-packages/airflow/example_dags/example_datasets.py for tasks to queue
[2024-03-15T09:49:04.242+0000] {logging_mixin.py:188} INFO - [2024-03-15T09:49:04.232+0000] {dagbag.py:540} INFO - Filling up the DagBag from /home/airflow/.local/lib/python3.8/site-packages/airflow/example_dags/example_datasets.py
[2024-03-15T09:49:04.360+0000] {processor.py:840} INFO - DAG(s) 'dataset_consumes_1', 'dataset_produces_2', 'dataset_produces_1', 'dataset_consumes_1_never_scheduled', 'dataset_consumes_unknown_never_scheduled', 'dataset_consumes_1_and_2' retrieved from /home/airflow/.local/lib/python3.8/site-packages/airflow/example_dags/example_datasets.py
[2024-03-15T09:49:04.617+0000] {logging_mixin.py:188} INFO - [2024-03-15T09:49:04.616+0000] {dag.py:3047} INFO - Sync 6 DAGs
[2024-03-15T09:49:04.735+0000] {logging_mixin.py:188} INFO - [2024-03-15T09:49:04.734+0000] {dag.py:3834} INFO - Setting next_dagrun for dataset_consumes_1 to None, run_after=None
[2024-03-15T09:49:04.752+0000] {logging_mixin.py:188} INFO - [2024-03-15T09:49:04.751+0000] {dag.py:3834} INFO - Setting next_dagrun for dataset_consumes_1_and_2 to None, run_after=None
[2024-03-15T09:49:04.760+0000] {logging_mixin.py:188} INFO - [2024-03-15T09:49:04.759+0000] {dag.py:3834} INFO - Setting next_dagrun for dataset_consumes_1_never_scheduled to None, run_after=None
[2024-03-15T09:49:04.766+0000] {logging_mixin.py:188} INFO - [2024-03-15T09:49:04.765+0000] {dag.py:3834} INFO - Setting next_dagrun for dataset_consumes_unknown_never_scheduled to None, run_after=None
[2024-03-15T09:49:04.782+0000] {logging_mixin.py:188} INFO - [2024-03-15T09:49:04.781+0000] {dag.py:3834} INFO - Setting next_dagrun for dataset_produces_1 to 2024-03-14 00:00:00+00:00, run_after=2024-03-15 00:00:00+00:00
[2024-03-15T09:49:04.795+0000] {logging_mixin.py:188} INFO - [2024-03-15T09:49:04.794+0000] {dag.py:3834} INFO - Setting next_dagrun for dataset_produces_2 to None, run_after=None
[2024-03-15T09:49:05.081+0000] {processor.py:183} INFO - Processing /home/airflow/.local/lib/python3.8/site-packages/airflow/example_dags/example_datasets.py took 0.901 seconds
