[2024-03-15T09:43:51.872+0000] {processor.py:161} INFO - Started process (PID=46) to work on /home/airflow/.local/lib/python3.8/site-packages/airflow/example_dags/example_short_circuit_operator.py
[2024-03-15T09:43:51.927+0000] {processor.py:830} INFO - Processing file /home/airflow/.local/lib/python3.8/site-packages/airflow/example_dags/example_short_circuit_operator.py for tasks to queue
[2024-03-15T09:43:51.984+0000] {logging_mixin.py:188} INFO - [2024-03-15T09:43:51.982+0000] {dagbag.py:540} INFO - Filling up the DagBag from /home/airflow/.local/lib/python3.8/site-packages/airflow/example_dags/example_short_circuit_operator.py
[2024-03-15T09:43:52.106+0000] {processor.py:840} INFO - DAG(s) 'example_short_circuit_operator' retrieved from /home/airflow/.local/lib/python3.8/site-packages/airflow/example_dags/example_short_circuit_operator.py
[2024-03-15T09:43:52.774+0000] {logging_mixin.py:188} INFO - [2024-03-15T09:43:52.772+0000] {override.py:1769} INFO - Created Permission View: can read on DAG:example_short_circuit_operator
[2024-03-15T09:43:52.785+0000] {logging_mixin.py:188} INFO - [2024-03-15T09:43:52.785+0000] {override.py:1769} INFO - Created Permission View: can edit on DAG:example_short_circuit_operator
[2024-03-15T09:43:52.793+0000] {logging_mixin.py:188} INFO - [2024-03-15T09:43:52.791+0000] {override.py:1769} INFO - Created Permission View: can delete on DAG:example_short_circuit_operator
[2024-03-15T09:43:52.794+0000] {logging_mixin.py:188} INFO - [2024-03-15T09:43:52.794+0000] {dag.py:3047} INFO - Sync 1 DAGs
[2024-03-15T09:43:52.841+0000] {logging_mixin.py:188} INFO - [2024-03-15T09:43:52.841+0000] {dag.py:3069} INFO - Creating ORM DAG for example_short_circuit_operator
[2024-03-15T09:43:52.926+0000] {logging_mixin.py:188} INFO - [2024-03-15T09:43:52.926+0000] {dag.py:3834} INFO - Setting next_dagrun for example_short_circuit_operator to 2024-03-14 00:00:00+00:00, run_after=2024-03-15 00:00:00+00:00
[2024-03-15T09:43:53.015+0000] {processor.py:183} INFO - Processing /home/airflow/.local/lib/python3.8/site-packages/airflow/example_dags/example_short_circuit_operator.py took 1.322 seconds
[2024-03-15T09:44:23.348+0000] {processor.py:161} INFO - Started process (PID=101) to work on /home/airflow/.local/lib/python3.8/site-packages/airflow/example_dags/example_short_circuit_operator.py
[2024-03-15T09:44:23.354+0000] {processor.py:830} INFO - Processing file /home/airflow/.local/lib/python3.8/site-packages/airflow/example_dags/example_short_circuit_operator.py for tasks to queue
[2024-03-15T09:44:23.369+0000] {logging_mixin.py:188} INFO - [2024-03-15T09:44:23.365+0000] {dagbag.py:540} INFO - Filling up the DagBag from /home/airflow/.local/lib/python3.8/site-packages/airflow/example_dags/example_short_circuit_operator.py
[2024-03-15T09:44:23.386+0000] {processor.py:840} INFO - DAG(s) 'example_short_circuit_operator' retrieved from /home/airflow/.local/lib/python3.8/site-packages/airflow/example_dags/example_short_circuit_operator.py
[2024-03-15T09:44:23.415+0000] {logging_mixin.py:188} INFO - [2024-03-15T09:44:23.415+0000] {dag.py:3047} INFO - Sync 1 DAGs
[2024-03-15T09:44:23.435+0000] {logging_mixin.py:188} INFO - [2024-03-15T09:44:23.435+0000] {dag.py:3834} INFO - Setting next_dagrun for example_short_circuit_operator to 2024-03-14 00:00:00+00:00, run_after=2024-03-15 00:00:00+00:00
[2024-03-15T09:44:23.463+0000] {processor.py:183} INFO - Processing /home/airflow/.local/lib/python3.8/site-packages/airflow/example_dags/example_short_circuit_operator.py took 0.137 seconds
[2024-03-15T09:44:54.622+0000] {processor.py:161} INFO - Started process (PID=155) to work on /home/airflow/.local/lib/python3.8/site-packages/airflow/example_dags/example_short_circuit_operator.py
[2024-03-15T09:44:54.628+0000] {processor.py:830} INFO - Processing file /home/airflow/.local/lib/python3.8/site-packages/airflow/example_dags/example_short_circuit_operator.py for tasks to queue
[2024-03-15T09:44:54.638+0000] {logging_mixin.py:188} INFO - [2024-03-15T09:44:54.633+0000] {dagbag.py:540} INFO - Filling up the DagBag from /home/airflow/.local/lib/python3.8/site-packages/airflow/example_dags/example_short_circuit_operator.py
[2024-03-15T09:44:54.658+0000] {processor.py:840} INFO - DAG(s) 'example_short_circuit_operator' retrieved from /home/airflow/.local/lib/python3.8/site-packages/airflow/example_dags/example_short_circuit_operator.py
[2024-03-15T09:44:54.702+0000] {logging_mixin.py:188} INFO - [2024-03-15T09:44:54.701+0000] {dag.py:3047} INFO - Sync 1 DAGs
[2024-03-15T09:44:54.724+0000] {logging_mixin.py:188} INFO - [2024-03-15T09:44:54.724+0000] {dag.py:3834} INFO - Setting next_dagrun for example_short_circuit_operator to 2024-03-14 00:00:00+00:00, run_after=2024-03-15 00:00:00+00:00
[2024-03-15T09:44:54.750+0000] {processor.py:183} INFO - Processing /home/airflow/.local/lib/python3.8/site-packages/airflow/example_dags/example_short_circuit_operator.py took 0.132 seconds
[2024-03-15T09:45:25.836+0000] {processor.py:161} INFO - Started process (PID=210) to work on /home/airflow/.local/lib/python3.8/site-packages/airflow/example_dags/example_short_circuit_operator.py
[2024-03-15T09:45:25.837+0000] {processor.py:830} INFO - Processing file /home/airflow/.local/lib/python3.8/site-packages/airflow/example_dags/example_short_circuit_operator.py for tasks to queue
[2024-03-15T09:45:25.840+0000] {logging_mixin.py:188} INFO - [2024-03-15T09:45:25.840+0000] {dagbag.py:540} INFO - Filling up the DagBag from /home/airflow/.local/lib/python3.8/site-packages/airflow/example_dags/example_short_circuit_operator.py
[2024-03-15T09:45:25.847+0000] {processor.py:840} INFO - DAG(s) 'example_short_circuit_operator' retrieved from /home/airflow/.local/lib/python3.8/site-packages/airflow/example_dags/example_short_circuit_operator.py
[2024-03-15T09:45:25.879+0000] {logging_mixin.py:188} INFO - [2024-03-15T09:45:25.879+0000] {dag.py:3047} INFO - Sync 1 DAGs
[2024-03-15T09:45:25.939+0000] {logging_mixin.py:188} INFO - [2024-03-15T09:45:25.939+0000] {dag.py:3834} INFO - Setting next_dagrun for example_short_circuit_operator to 2024-03-14 00:00:00+00:00, run_after=2024-03-15 00:00:00+00:00
[2024-03-15T09:45:25.985+0000] {processor.py:183} INFO - Processing /home/airflow/.local/lib/python3.8/site-packages/airflow/example_dags/example_short_circuit_operator.py took 0.153 seconds
[2024-03-15T09:45:58.743+0000] {processor.py:161} INFO - Started process (PID=264) to work on /home/airflow/.local/lib/python3.8/site-packages/airflow/example_dags/example_short_circuit_operator.py
[2024-03-15T09:45:58.777+0000] {processor.py:830} INFO - Processing file /home/airflow/.local/lib/python3.8/site-packages/airflow/example_dags/example_short_circuit_operator.py for tasks to queue
[2024-03-15T09:45:58.783+0000] {logging_mixin.py:188} INFO - [2024-03-15T09:45:58.783+0000] {dagbag.py:540} INFO - Filling up the DagBag from /home/airflow/.local/lib/python3.8/site-packages/airflow/example_dags/example_short_circuit_operator.py
[2024-03-15T09:45:58.792+0000] {processor.py:840} INFO - DAG(s) 'example_short_circuit_operator' retrieved from /home/airflow/.local/lib/python3.8/site-packages/airflow/example_dags/example_short_circuit_operator.py
[2024-03-15T09:45:58.947+0000] {logging_mixin.py:188} INFO - [2024-03-15T09:45:58.947+0000] {dag.py:3047} INFO - Sync 1 DAGs
[2024-03-15T09:45:58.980+0000] {logging_mixin.py:188} INFO - [2024-03-15T09:45:58.978+0000] {dag.py:3834} INFO - Setting next_dagrun for example_short_circuit_operator to 2024-03-14 00:00:00+00:00, run_after=2024-03-15 00:00:00+00:00
[2024-03-15T09:45:59.308+0000] {processor.py:183} INFO - Processing /home/airflow/.local/lib/python3.8/site-packages/airflow/example_dags/example_short_circuit_operator.py took 0.573 seconds
[2024-03-15T09:46:32.135+0000] {processor.py:161} INFO - Started process (PID=318) to work on /home/airflow/.local/lib/python3.8/site-packages/airflow/example_dags/example_short_circuit_operator.py
[2024-03-15T09:46:32.139+0000] {processor.py:830} INFO - Processing file /home/airflow/.local/lib/python3.8/site-packages/airflow/example_dags/example_short_circuit_operator.py for tasks to queue
[2024-03-15T09:46:32.142+0000] {logging_mixin.py:188} INFO - [2024-03-15T09:46:32.142+0000] {dagbag.py:540} INFO - Filling up the DagBag from /home/airflow/.local/lib/python3.8/site-packages/airflow/example_dags/example_short_circuit_operator.py
[2024-03-15T09:46:32.148+0000] {processor.py:840} INFO - DAG(s) 'example_short_circuit_operator' retrieved from /home/airflow/.local/lib/python3.8/site-packages/airflow/example_dags/example_short_circuit_operator.py
[2024-03-15T09:46:32.184+0000] {logging_mixin.py:188} INFO - [2024-03-15T09:46:32.184+0000] {dag.py:3047} INFO - Sync 1 DAGs
[2024-03-15T09:46:32.259+0000] {logging_mixin.py:188} INFO - [2024-03-15T09:46:32.259+0000] {dag.py:3834} INFO - Setting next_dagrun for example_short_circuit_operator to 2024-03-14 00:00:00+00:00, run_after=2024-03-15 00:00:00+00:00
[2024-03-15T09:46:32.281+0000] {processor.py:183} INFO - Processing /home/airflow/.local/lib/python3.8/site-packages/airflow/example_dags/example_short_circuit_operator.py took 0.148 seconds
[2024-03-15T09:47:08.358+0000] {processor.py:161} INFO - Started process (PID=394) to work on /home/airflow/.local/lib/python3.8/site-packages/airflow/example_dags/example_short_circuit_operator.py
[2024-03-15T09:47:08.374+0000] {processor.py:830} INFO - Processing file /home/airflow/.local/lib/python3.8/site-packages/airflow/example_dags/example_short_circuit_operator.py for tasks to queue
[2024-03-15T09:47:08.410+0000] {logging_mixin.py:188} INFO - [2024-03-15T09:47:08.408+0000] {dagbag.py:540} INFO - Filling up the DagBag from /home/airflow/.local/lib/python3.8/site-packages/airflow/example_dags/example_short_circuit_operator.py
[2024-03-15T09:47:08.526+0000] {processor.py:840} INFO - DAG(s) 'example_short_circuit_operator' retrieved from /home/airflow/.local/lib/python3.8/site-packages/airflow/example_dags/example_short_circuit_operator.py
[2024-03-15T09:47:09.066+0000] {logging_mixin.py:188} INFO - [2024-03-15T09:47:09.039+0000] {dag.py:3047} INFO - Sync 1 DAGs
[2024-03-15T09:47:09.407+0000] {logging_mixin.py:188} INFO - [2024-03-15T09:47:09.406+0000] {dag.py:3834} INFO - Setting next_dagrun for example_short_circuit_operator to 2024-03-14 00:00:00+00:00, run_after=2024-03-15 00:00:00+00:00
[2024-03-15T09:47:09.856+0000] {processor.py:183} INFO - Processing /home/airflow/.local/lib/python3.8/site-packages/airflow/example_dags/example_short_circuit_operator.py took 1.575 seconds
[2024-03-15T09:48:01.934+0000] {processor.py:161} INFO - Started process (PID=454) to work on /home/airflow/.local/lib/python3.8/site-packages/airflow/example_dags/example_short_circuit_operator.py
[2024-03-15T09:48:01.999+0000] {processor.py:830} INFO - Processing file /home/airflow/.local/lib/python3.8/site-packages/airflow/example_dags/example_short_circuit_operator.py for tasks to queue
[2024-03-15T09:48:02.035+0000] {logging_mixin.py:188} INFO - [2024-03-15T09:48:02.030+0000] {dagbag.py:540} INFO - Filling up the DagBag from /home/airflow/.local/lib/python3.8/site-packages/airflow/example_dags/example_short_circuit_operator.py
[2024-03-15T09:48:02.276+0000] {processor.py:840} INFO - DAG(s) 'example_short_circuit_operator' retrieved from /home/airflow/.local/lib/python3.8/site-packages/airflow/example_dags/example_short_circuit_operator.py
[2024-03-15T09:48:03.191+0000] {logging_mixin.py:188} INFO - [2024-03-15T09:48:03.170+0000] {dag.py:3047} INFO - Sync 1 DAGs
[2024-03-15T09:48:03.526+0000] {logging_mixin.py:188} INFO - [2024-03-15T09:48:03.516+0000] {dag.py:3834} INFO - Setting next_dagrun for example_short_circuit_operator to 2024-03-14 00:00:00+00:00, run_after=2024-03-15 00:00:00+00:00
[2024-03-15T09:48:03.885+0000] {processor.py:183} INFO - Processing /home/airflow/.local/lib/python3.8/site-packages/airflow/example_dags/example_short_circuit_operator.py took 2.061 seconds
[2024-03-15T09:48:59.011+0000] {processor.py:161} INFO - Started process (PID=507) to work on /home/airflow/.local/lib/python3.8/site-packages/airflow/example_dags/example_short_circuit_operator.py
[2024-03-15T09:48:59.016+0000] {processor.py:830} INFO - Processing file /home/airflow/.local/lib/python3.8/site-packages/airflow/example_dags/example_short_circuit_operator.py for tasks to queue
[2024-03-15T09:48:59.019+0000] {logging_mixin.py:188} INFO - [2024-03-15T09:48:59.018+0000] {dagbag.py:540} INFO - Filling up the DagBag from /home/airflow/.local/lib/python3.8/site-packages/airflow/example_dags/example_short_circuit_operator.py
[2024-03-15T09:48:59.110+0000] {processor.py:840} INFO - DAG(s) 'example_short_circuit_operator' retrieved from /home/airflow/.local/lib/python3.8/site-packages/airflow/example_dags/example_short_circuit_operator.py
[2024-03-15T09:48:59.342+0000] {logging_mixin.py:188} INFO - [2024-03-15T09:48:59.341+0000] {dag.py:3047} INFO - Sync 1 DAGs
[2024-03-15T09:48:59.415+0000] {logging_mixin.py:188} INFO - [2024-03-15T09:48:59.415+0000] {dag.py:3834} INFO - Setting next_dagrun for example_short_circuit_operator to 2024-03-14 00:00:00+00:00, run_after=2024-03-15 00:00:00+00:00
[2024-03-15T09:48:59.500+0000] {processor.py:183} INFO - Processing /home/airflow/.local/lib/python3.8/site-packages/airflow/example_dags/example_short_circuit_operator.py took 0.499 seconds
