[2024-03-15T09:43:58.467+0000] {processor.py:161} INFO - Started process (PID=53) to work on /home/airflow/.local/lib/python3.8/site-packages/airflow/example_dags/example_xcom.py
[2024-03-15T09:43:58.469+0000] {processor.py:830} INFO - Processing file /home/airflow/.local/lib/python3.8/site-packages/airflow/example_dags/example_xcom.py for tasks to queue
[2024-03-15T09:43:58.492+0000] {logging_mixin.py:188} INFO - [2024-03-15T09:43:58.488+0000] {dagbag.py:540} INFO - Filling up the DagBag from /home/airflow/.local/lib/python3.8/site-packages/airflow/example_dags/example_xcom.py
[2024-03-15T09:43:58.529+0000] {processor.py:840} INFO - DAG(s) 'example_xcom' retrieved from /home/airflow/.local/lib/python3.8/site-packages/airflow/example_dags/example_xcom.py
[2024-03-15T09:43:59.355+0000] {logging_mixin.py:188} INFO - [2024-03-15T09:43:59.353+0000] {override.py:1769} INFO - Created Permission View: can read on DAG:example_xcom
[2024-03-15T09:43:59.381+0000] {logging_mixin.py:188} INFO - [2024-03-15T09:43:59.381+0000] {override.py:1769} INFO - Created Permission View: can edit on DAG:example_xcom
[2024-03-15T09:43:59.400+0000] {logging_mixin.py:188} INFO - [2024-03-15T09:43:59.399+0000] {override.py:1769} INFO - Created Permission View: can delete on DAG:example_xcom
[2024-03-15T09:43:59.404+0000] {logging_mixin.py:188} INFO - [2024-03-15T09:43:59.403+0000] {dag.py:3047} INFO - Sync 1 DAGs
[2024-03-15T09:43:59.474+0000] {logging_mixin.py:188} INFO - [2024-03-15T09:43:59.473+0000] {dag.py:3069} INFO - Creating ORM DAG for example_xcom
[2024-03-15T09:43:59.521+0000] {logging_mixin.py:188} INFO - [2024-03-15T09:43:59.519+0000] {dag.py:3834} INFO - Setting next_dagrun for example_xcom to 2021-01-01 00:00:00+00:00, run_after=2021-01-01 00:00:00+00:00
[2024-03-15T09:43:59.584+0000] {processor.py:183} INFO - Processing /home/airflow/.local/lib/python3.8/site-packages/airflow/example_dags/example_xcom.py took 1.163 seconds
[2024-03-15T09:44:30.620+0000] {processor.py:161} INFO - Started process (PID=108) to work on /home/airflow/.local/lib/python3.8/site-packages/airflow/example_dags/example_xcom.py
[2024-03-15T09:44:30.627+0000] {processor.py:830} INFO - Processing file /home/airflow/.local/lib/python3.8/site-packages/airflow/example_dags/example_xcom.py for tasks to queue
[2024-03-15T09:44:30.643+0000] {logging_mixin.py:188} INFO - [2024-03-15T09:44:30.640+0000] {dagbag.py:540} INFO - Filling up the DagBag from /home/airflow/.local/lib/python3.8/site-packages/airflow/example_dags/example_xcom.py
[2024-03-15T09:44:30.704+0000] {processor.py:840} INFO - DAG(s) 'example_xcom' retrieved from /home/airflow/.local/lib/python3.8/site-packages/airflow/example_dags/example_xcom.py
[2024-03-15T09:44:30.779+0000] {logging_mixin.py:188} INFO - [2024-03-15T09:44:30.779+0000] {dag.py:3047} INFO - Sync 1 DAGs
[2024-03-15T09:44:30.839+0000] {logging_mixin.py:188} INFO - [2024-03-15T09:44:30.838+0000] {dag.py:3834} INFO - Setting next_dagrun for example_xcom to 2021-01-01 00:00:00+00:00, run_after=2021-01-01 00:00:00+00:00
[2024-03-15T09:44:30.890+0000] {processor.py:183} INFO - Processing /home/airflow/.local/lib/python3.8/site-packages/airflow/example_dags/example_xcom.py took 0.277 seconds
[2024-03-15T09:45:00.996+0000] {processor.py:161} INFO - Started process (PID=162) to work on /home/airflow/.local/lib/python3.8/site-packages/airflow/example_dags/example_xcom.py
[2024-03-15T09:45:01.001+0000] {processor.py:830} INFO - Processing file /home/airflow/.local/lib/python3.8/site-packages/airflow/example_dags/example_xcom.py for tasks to queue
[2024-03-15T09:45:01.004+0000] {logging_mixin.py:188} INFO - [2024-03-15T09:45:01.003+0000] {dagbag.py:540} INFO - Filling up the DagBag from /home/airflow/.local/lib/python3.8/site-packages/airflow/example_dags/example_xcom.py
[2024-03-15T09:45:01.014+0000] {processor.py:840} INFO - DAG(s) 'example_xcom' retrieved from /home/airflow/.local/lib/python3.8/site-packages/airflow/example_dags/example_xcom.py
[2024-03-15T09:45:01.037+0000] {logging_mixin.py:188} INFO - [2024-03-15T09:45:01.037+0000] {dag.py:3047} INFO - Sync 1 DAGs
[2024-03-15T09:45:01.058+0000] {logging_mixin.py:188} INFO - [2024-03-15T09:45:01.057+0000] {dag.py:3834} INFO - Setting next_dagrun for example_xcom to 2021-01-01 00:00:00+00:00, run_after=2021-01-01 00:00:00+00:00
[2024-03-15T09:45:01.072+0000] {processor.py:183} INFO - Processing /home/airflow/.local/lib/python3.8/site-packages/airflow/example_dags/example_xcom.py took 0.082 seconds
[2024-03-15T09:45:31.991+0000] {processor.py:161} INFO - Started process (PID=217) to work on /home/airflow/.local/lib/python3.8/site-packages/airflow/example_dags/example_xcom.py
[2024-03-15T09:45:31.994+0000] {processor.py:830} INFO - Processing file /home/airflow/.local/lib/python3.8/site-packages/airflow/example_dags/example_xcom.py for tasks to queue
[2024-03-15T09:45:31.998+0000] {logging_mixin.py:188} INFO - [2024-03-15T09:45:31.997+0000] {dagbag.py:540} INFO - Filling up the DagBag from /home/airflow/.local/lib/python3.8/site-packages/airflow/example_dags/example_xcom.py
[2024-03-15T09:45:32.014+0000] {processor.py:840} INFO - DAG(s) 'example_xcom' retrieved from /home/airflow/.local/lib/python3.8/site-packages/airflow/example_dags/example_xcom.py
[2024-03-15T09:45:32.047+0000] {logging_mixin.py:188} INFO - [2024-03-15T09:45:32.046+0000] {dag.py:3047} INFO - Sync 1 DAGs
[2024-03-15T09:45:32.071+0000] {logging_mixin.py:188} INFO - [2024-03-15T09:45:32.071+0000] {dag.py:3834} INFO - Setting next_dagrun for example_xcom to 2021-01-01 00:00:00+00:00, run_after=2021-01-01 00:00:00+00:00
[2024-03-15T09:45:32.102+0000] {processor.py:183} INFO - Processing /home/airflow/.local/lib/python3.8/site-packages/airflow/example_dags/example_xcom.py took 0.117 seconds
[2024-03-15T09:46:03.670+0000] {processor.py:161} INFO - Started process (PID=271) to work on /home/airflow/.local/lib/python3.8/site-packages/airflow/example_dags/example_xcom.py
[2024-03-15T09:46:03.674+0000] {processor.py:830} INFO - Processing file /home/airflow/.local/lib/python3.8/site-packages/airflow/example_dags/example_xcom.py for tasks to queue
[2024-03-15T09:46:03.695+0000] {logging_mixin.py:188} INFO - [2024-03-15T09:46:03.688+0000] {dagbag.py:540} INFO - Filling up the DagBag from /home/airflow/.local/lib/python3.8/site-packages/airflow/example_dags/example_xcom.py
[2024-03-15T09:46:03.772+0000] {processor.py:840} INFO - DAG(s) 'example_xcom' retrieved from /home/airflow/.local/lib/python3.8/site-packages/airflow/example_dags/example_xcom.py
[2024-03-15T09:46:03.880+0000] {logging_mixin.py:188} INFO - [2024-03-15T09:46:03.880+0000] {dag.py:3047} INFO - Sync 1 DAGs
[2024-03-15T09:46:03.947+0000] {logging_mixin.py:188} INFO - [2024-03-15T09:46:03.946+0000] {dag.py:3834} INFO - Setting next_dagrun for example_xcom to 2021-01-01 00:00:00+00:00, run_after=2021-01-01 00:00:00+00:00
[2024-03-15T09:46:04.021+0000] {processor.py:183} INFO - Processing /home/airflow/.local/lib/python3.8/site-packages/airflow/example_dags/example_xcom.py took 0.364 seconds
[2024-03-15T09:46:35.722+0000] {processor.py:161} INFO - Started process (PID=326) to work on /home/airflow/.local/lib/python3.8/site-packages/airflow/example_dags/example_xcom.py
[2024-03-15T09:46:35.724+0000] {processor.py:830} INFO - Processing file /home/airflow/.local/lib/python3.8/site-packages/airflow/example_dags/example_xcom.py for tasks to queue
[2024-03-15T09:46:35.727+0000] {logging_mixin.py:188} INFO - [2024-03-15T09:46:35.726+0000] {dagbag.py:540} INFO - Filling up the DagBag from /home/airflow/.local/lib/python3.8/site-packages/airflow/example_dags/example_xcom.py
[2024-03-15T09:46:35.740+0000] {processor.py:840} INFO - DAG(s) 'example_xcom' retrieved from /home/airflow/.local/lib/python3.8/site-packages/airflow/example_dags/example_xcom.py
[2024-03-15T09:46:35.816+0000] {logging_mixin.py:188} INFO - [2024-03-15T09:46:35.815+0000] {dag.py:3047} INFO - Sync 1 DAGs
[2024-03-15T09:46:35.844+0000] {logging_mixin.py:188} INFO - [2024-03-15T09:46:35.844+0000] {dag.py:3834} INFO - Setting next_dagrun for example_xcom to 2021-01-01 00:00:00+00:00, run_after=2021-01-01 00:00:00+00:00
[2024-03-15T09:46:35.934+0000] {processor.py:183} INFO - Processing /home/airflow/.local/lib/python3.8/site-packages/airflow/example_dags/example_xcom.py took 0.220 seconds
[2024-03-15T09:47:15.840+0000] {processor.py:161} INFO - Started process (PID=401) to work on /home/airflow/.local/lib/python3.8/site-packages/airflow/example_dags/example_xcom.py
[2024-03-15T09:47:15.857+0000] {processor.py:830} INFO - Processing file /home/airflow/.local/lib/python3.8/site-packages/airflow/example_dags/example_xcom.py for tasks to queue
[2024-03-15T09:47:15.892+0000] {logging_mixin.py:188} INFO - [2024-03-15T09:47:15.890+0000] {dagbag.py:540} INFO - Filling up the DagBag from /home/airflow/.local/lib/python3.8/site-packages/airflow/example_dags/example_xcom.py
[2024-03-15T09:47:16.009+0000] {processor.py:840} INFO - DAG(s) 'example_xcom' retrieved from /home/airflow/.local/lib/python3.8/site-packages/airflow/example_dags/example_xcom.py
[2024-03-15T09:47:16.312+0000] {logging_mixin.py:188} INFO - [2024-03-15T09:47:16.311+0000] {dag.py:3047} INFO - Sync 1 DAGs
[2024-03-15T09:47:16.462+0000] {logging_mixin.py:188} INFO - [2024-03-15T09:47:16.461+0000] {dag.py:3834} INFO - Setting next_dagrun for example_xcom to 2021-01-01 00:00:00+00:00, run_after=2021-01-01 00:00:00+00:00
[2024-03-15T09:47:16.763+0000] {processor.py:183} INFO - Processing /home/airflow/.local/lib/python3.8/site-packages/airflow/example_dags/example_xcom.py took 1.005 seconds
[2024-03-15T09:48:11.168+0000] {processor.py:161} INFO - Started process (PID=461) to work on /home/airflow/.local/lib/python3.8/site-packages/airflow/example_dags/example_xcom.py
[2024-03-15T09:48:11.178+0000] {processor.py:830} INFO - Processing file /home/airflow/.local/lib/python3.8/site-packages/airflow/example_dags/example_xcom.py for tasks to queue
[2024-03-15T09:48:11.189+0000] {logging_mixin.py:188} INFO - [2024-03-15T09:48:11.187+0000] {dagbag.py:540} INFO - Filling up the DagBag from /home/airflow/.local/lib/python3.8/site-packages/airflow/example_dags/example_xcom.py
[2024-03-15T09:48:11.272+0000] {processor.py:840} INFO - DAG(s) 'example_xcom' retrieved from /home/airflow/.local/lib/python3.8/site-packages/airflow/example_dags/example_xcom.py
[2024-03-15T09:48:11.925+0000] {logging_mixin.py:188} INFO - [2024-03-15T09:48:11.908+0000] {dag.py:3047} INFO - Sync 1 DAGs
[2024-03-15T09:48:13.340+0000] {logging_mixin.py:188} INFO - [2024-03-15T09:48:13.326+0000] {dag.py:3834} INFO - Setting next_dagrun for example_xcom to 2021-01-01 00:00:00+00:00, run_after=2021-01-01 00:00:00+00:00
[2024-03-15T09:48:17.556+0000] {processor.py:183} INFO - Processing /home/airflow/.local/lib/python3.8/site-packages/airflow/example_dags/example_xcom.py took 6.445 seconds
[2024-03-15T09:49:05.709+0000] {processor.py:161} INFO - Started process (PID=515) to work on /home/airflow/.local/lib/python3.8/site-packages/airflow/example_dags/example_xcom.py
[2024-03-15T09:49:05.713+0000] {processor.py:830} INFO - Processing file /home/airflow/.local/lib/python3.8/site-packages/airflow/example_dags/example_xcom.py for tasks to queue
[2024-03-15T09:49:05.714+0000] {logging_mixin.py:188} INFO - [2024-03-15T09:49:05.714+0000] {dagbag.py:540} INFO - Filling up the DagBag from /home/airflow/.local/lib/python3.8/site-packages/airflow/example_dags/example_xcom.py
[2024-03-15T09:49:05.732+0000] {processor.py:840} INFO - DAG(s) 'example_xcom' retrieved from /home/airflow/.local/lib/python3.8/site-packages/airflow/example_dags/example_xcom.py
[2024-03-15T09:49:05.817+0000] {logging_mixin.py:188} INFO - [2024-03-15T09:49:05.815+0000] {dag.py:3047} INFO - Sync 1 DAGs
[2024-03-15T09:49:05.849+0000] {logging_mixin.py:188} INFO - [2024-03-15T09:49:05.849+0000] {dag.py:3834} INFO - Setting next_dagrun for example_xcom to 2021-01-01 00:00:00+00:00, run_after=2021-01-01 00:00:00+00:00
[2024-03-15T09:49:05.892+0000] {processor.py:183} INFO - Processing /home/airflow/.local/lib/python3.8/site-packages/airflow/example_dags/example_xcom.py took 0.190 seconds
