[2024-03-15T09:43:48.918+0000] {processor.py:161} INFO - Started process (PID=34) to work on /home/airflow/.local/lib/python3.8/site-packages/airflow/example_dags/example_python_operator.py
[2024-03-15T09:43:48.922+0000] {processor.py:830} INFO - Processing file /home/airflow/.local/lib/python3.8/site-packages/airflow/example_dags/example_python_operator.py for tasks to queue
[2024-03-15T09:43:48.930+0000] {logging_mixin.py:188} INFO - [2024-03-15T09:43:48.929+0000] {dagbag.py:540} INFO - Filling up the DagBag from /home/airflow/.local/lib/python3.8/site-packages/airflow/example_dags/example_python_operator.py
[2024-03-15T09:43:49.002+0000] {processor.py:840} INFO - DAG(s) 'example_python_operator' retrieved from /home/airflow/.local/lib/python3.8/site-packages/airflow/example_dags/example_python_operator.py
[2024-03-15T09:43:49.566+0000] {logging_mixin.py:188} INFO - [2024-03-15T09:43:49.564+0000] {override.py:1769} INFO - Created Permission View: can read on DAG:example_python_operator
[2024-03-15T09:43:49.588+0000] {logging_mixin.py:188} INFO - [2024-03-15T09:43:49.587+0000] {override.py:1769} INFO - Created Permission View: can edit on DAG:example_python_operator
[2024-03-15T09:43:49.606+0000] {logging_mixin.py:188} INFO - [2024-03-15T09:43:49.605+0000] {override.py:1769} INFO - Created Permission View: can delete on DAG:example_python_operator
[2024-03-15T09:43:49.608+0000] {logging_mixin.py:188} INFO - [2024-03-15T09:43:49.608+0000] {dag.py:3047} INFO - Sync 1 DAGs
[2024-03-15T09:43:49.631+0000] {logging_mixin.py:188} INFO - [2024-03-15T09:43:49.630+0000] {dag.py:3069} INFO - Creating ORM DAG for example_python_operator
[2024-03-15T09:43:49.633+0000] {logging_mixin.py:188} INFO - [2024-03-15T09:43:49.633+0000] {dag.py:3834} INFO - Setting next_dagrun for example_python_operator to None, run_after=None
[2024-03-15T09:43:49.672+0000] {processor.py:183} INFO - Processing /home/airflow/.local/lib/python3.8/site-packages/airflow/example_dags/example_python_operator.py took 0.770 seconds
[2024-03-15T09:44:19.754+0000] {processor.py:161} INFO - Started process (PID=88) to work on /home/airflow/.local/lib/python3.8/site-packages/airflow/example_dags/example_python_operator.py
[2024-03-15T09:44:19.756+0000] {processor.py:830} INFO - Processing file /home/airflow/.local/lib/python3.8/site-packages/airflow/example_dags/example_python_operator.py for tasks to queue
[2024-03-15T09:44:19.758+0000] {logging_mixin.py:188} INFO - [2024-03-15T09:44:19.758+0000] {dagbag.py:540} INFO - Filling up the DagBag from /home/airflow/.local/lib/python3.8/site-packages/airflow/example_dags/example_python_operator.py
[2024-03-15T09:44:19.772+0000] {processor.py:840} INFO - DAG(s) 'example_python_operator' retrieved from /home/airflow/.local/lib/python3.8/site-packages/airflow/example_dags/example_python_operator.py
[2024-03-15T09:44:19.813+0000] {logging_mixin.py:188} INFO - [2024-03-15T09:44:19.812+0000] {dag.py:3047} INFO - Sync 1 DAGs
[2024-03-15T09:44:19.826+0000] {logging_mixin.py:188} INFO - [2024-03-15T09:44:19.825+0000] {dag.py:3834} INFO - Setting next_dagrun for example_python_operator to None, run_after=None
[2024-03-15T09:44:19.878+0000] {processor.py:183} INFO - Processing /home/airflow/.local/lib/python3.8/site-packages/airflow/example_dags/example_python_operator.py took 0.129 seconds
[2024-03-15T09:44:50.407+0000] {processor.py:161} INFO - Started process (PID=143) to work on /home/airflow/.local/lib/python3.8/site-packages/airflow/example_dags/example_python_operator.py
[2024-03-15T09:44:50.429+0000] {processor.py:830} INFO - Processing file /home/airflow/.local/lib/python3.8/site-packages/airflow/example_dags/example_python_operator.py for tasks to queue
[2024-03-15T09:44:50.473+0000] {logging_mixin.py:188} INFO - [2024-03-15T09:44:50.470+0000] {dagbag.py:540} INFO - Filling up the DagBag from /home/airflow/.local/lib/python3.8/site-packages/airflow/example_dags/example_python_operator.py
[2024-03-15T09:44:50.764+0000] {processor.py:840} INFO - DAG(s) 'example_python_operator' retrieved from /home/airflow/.local/lib/python3.8/site-packages/airflow/example_dags/example_python_operator.py
[2024-03-15T09:44:51.155+0000] {logging_mixin.py:188} INFO - [2024-03-15T09:44:51.147+0000] {dag.py:3047} INFO - Sync 1 DAGs
[2024-03-15T09:44:51.327+0000] {logging_mixin.py:188} INFO - [2024-03-15T09:44:51.327+0000] {dag.py:3834} INFO - Setting next_dagrun for example_python_operator to None, run_after=None
[2024-03-15T09:44:51.491+0000] {processor.py:183} INFO - Processing /home/airflow/.local/lib/python3.8/site-packages/airflow/example_dags/example_python_operator.py took 1.163 seconds
[2024-03-15T09:45:22.523+0000] {processor.py:161} INFO - Started process (PID=197) to work on /home/airflow/.local/lib/python3.8/site-packages/airflow/example_dags/example_python_operator.py
[2024-03-15T09:45:22.568+0000] {processor.py:830} INFO - Processing file /home/airflow/.local/lib/python3.8/site-packages/airflow/example_dags/example_python_operator.py for tasks to queue
[2024-03-15T09:45:22.654+0000] {logging_mixin.py:188} INFO - [2024-03-15T09:45:22.647+0000] {dagbag.py:540} INFO - Filling up the DagBag from /home/airflow/.local/lib/python3.8/site-packages/airflow/example_dags/example_python_operator.py
[2024-03-15T09:45:23.005+0000] {processor.py:840} INFO - DAG(s) 'example_python_operator' retrieved from /home/airflow/.local/lib/python3.8/site-packages/airflow/example_dags/example_python_operator.py
[2024-03-15T09:45:23.308+0000] {logging_mixin.py:188} INFO - [2024-03-15T09:45:23.308+0000] {dag.py:3047} INFO - Sync 1 DAGs
[2024-03-15T09:45:23.658+0000] {logging_mixin.py:188} INFO - [2024-03-15T09:45:23.656+0000] {dag.py:3834} INFO - Setting next_dagrun for example_python_operator to None, run_after=None
[2024-03-15T09:45:23.831+0000] {processor.py:183} INFO - Processing /home/airflow/.local/lib/python3.8/site-packages/airflow/example_dags/example_python_operator.py took 1.380 seconds
[2024-03-15T09:45:54.125+0000] {processor.py:161} INFO - Started process (PID=251) to work on /home/airflow/.local/lib/python3.8/site-packages/airflow/example_dags/example_python_operator.py
[2024-03-15T09:45:54.135+0000] {processor.py:830} INFO - Processing file /home/airflow/.local/lib/python3.8/site-packages/airflow/example_dags/example_python_operator.py for tasks to queue
[2024-03-15T09:45:54.148+0000] {logging_mixin.py:188} INFO - [2024-03-15T09:45:54.147+0000] {dagbag.py:540} INFO - Filling up the DagBag from /home/airflow/.local/lib/python3.8/site-packages/airflow/example_dags/example_python_operator.py
[2024-03-15T09:45:54.287+0000] {processor.py:840} INFO - DAG(s) 'example_python_operator' retrieved from /home/airflow/.local/lib/python3.8/site-packages/airflow/example_dags/example_python_operator.py
[2024-03-15T09:45:54.514+0000] {logging_mixin.py:188} INFO - [2024-03-15T09:45:54.511+0000] {dag.py:3047} INFO - Sync 1 DAGs
[2024-03-15T09:45:54.701+0000] {logging_mixin.py:188} INFO - [2024-03-15T09:45:54.701+0000] {dag.py:3834} INFO - Setting next_dagrun for example_python_operator to None, run_after=None
[2024-03-15T09:45:54.843+0000] {processor.py:183} INFO - Processing /home/airflow/.local/lib/python3.8/site-packages/airflow/example_dags/example_python_operator.py took 0.745 seconds
[2024-03-15T09:46:25.538+0000] {processor.py:161} INFO - Started process (PID=304) to work on /home/airflow/.local/lib/python3.8/site-packages/airflow/example_dags/example_python_operator.py
[2024-03-15T09:46:25.554+0000] {processor.py:830} INFO - Processing file /home/airflow/.local/lib/python3.8/site-packages/airflow/example_dags/example_python_operator.py for tasks to queue
[2024-03-15T09:46:25.632+0000] {logging_mixin.py:188} INFO - [2024-03-15T09:46:25.626+0000] {dagbag.py:540} INFO - Filling up the DagBag from /home/airflow/.local/lib/python3.8/site-packages/airflow/example_dags/example_python_operator.py
[2024-03-15T09:46:26.427+0000] {processor.py:840} INFO - DAG(s) 'example_python_operator' retrieved from /home/airflow/.local/lib/python3.8/site-packages/airflow/example_dags/example_python_operator.py
[2024-03-15T09:46:27.062+0000] {logging_mixin.py:188} INFO - [2024-03-15T09:46:27.061+0000] {dag.py:3047} INFO - Sync 1 DAGs
[2024-03-15T09:46:27.312+0000] {logging_mixin.py:188} INFO - [2024-03-15T09:46:27.311+0000] {dag.py:3834} INFO - Setting next_dagrun for example_python_operator to None, run_after=None
[2024-03-15T09:46:27.495+0000] {processor.py:183} INFO - Processing /home/airflow/.local/lib/python3.8/site-packages/airflow/example_dags/example_python_operator.py took 2.048 seconds
[2024-03-15T09:47:02.121+0000] {processor.py:161} INFO - Started process (PID=387) to work on /home/airflow/.local/lib/python3.8/site-packages/airflow/example_dags/example_python_operator.py
[2024-03-15T09:47:02.127+0000] {processor.py:830} INFO - Processing file /home/airflow/.local/lib/python3.8/site-packages/airflow/example_dags/example_python_operator.py for tasks to queue
[2024-03-15T09:47:02.136+0000] {logging_mixin.py:188} INFO - [2024-03-15T09:47:02.134+0000] {dagbag.py:540} INFO - Filling up the DagBag from /home/airflow/.local/lib/python3.8/site-packages/airflow/example_dags/example_python_operator.py
[2024-03-15T09:47:02.216+0000] {processor.py:840} INFO - DAG(s) 'example_python_operator' retrieved from /home/airflow/.local/lib/python3.8/site-packages/airflow/example_dags/example_python_operator.py
[2024-03-15T09:47:02.354+0000] {logging_mixin.py:188} INFO - [2024-03-15T09:47:02.353+0000] {dag.py:3047} INFO - Sync 1 DAGs
[2024-03-15T09:47:02.512+0000] {logging_mixin.py:188} INFO - [2024-03-15T09:47:02.509+0000] {dag.py:3834} INFO - Setting next_dagrun for example_python_operator to None, run_after=None
[2024-03-15T09:47:02.890+0000] {processor.py:183} INFO - Processing /home/airflow/.local/lib/python3.8/site-packages/airflow/example_dags/example_python_operator.py took 0.789 seconds
[2024-03-15T09:47:34.154+0000] {processor.py:161} INFO - Started process (PID=429) to work on /home/airflow/.local/lib/python3.8/site-packages/airflow/example_dags/example_python_operator.py
[2024-03-15T09:47:34.182+0000] {processor.py:830} INFO - Processing file /home/airflow/.local/lib/python3.8/site-packages/airflow/example_dags/example_python_operator.py for tasks to queue
[2024-03-15T09:47:34.203+0000] {logging_mixin.py:188} INFO - [2024-03-15T09:47:34.199+0000] {dagbag.py:540} INFO - Filling up the DagBag from /home/airflow/.local/lib/python3.8/site-packages/airflow/example_dags/example_python_operator.py
[2024-03-15T09:47:34.487+0000] {processor.py:840} INFO - DAG(s) 'example_python_operator' retrieved from /home/airflow/.local/lib/python3.8/site-packages/airflow/example_dags/example_python_operator.py
[2024-03-15T09:47:35.197+0000] {logging_mixin.py:188} INFO - [2024-03-15T09:47:35.194+0000] {dag.py:3047} INFO - Sync 1 DAGs
[2024-03-15T09:47:35.434+0000] {logging_mixin.py:188} INFO - [2024-03-15T09:47:35.433+0000] {dag.py:3834} INFO - Setting next_dagrun for example_python_operator to None, run_after=None
[2024-03-15T09:47:35.914+0000] {processor.py:183} INFO - Processing /home/airflow/.local/lib/python3.8/site-packages/airflow/example_dags/example_python_operator.py took 1.791 seconds
[2024-03-15T09:48:34.345+0000] {processor.py:161} INFO - Started process (PID=476) to work on /home/airflow/.local/lib/python3.8/site-packages/airflow/example_dags/example_python_operator.py
[2024-03-15T09:48:34.395+0000] {processor.py:830} INFO - Processing file /home/airflow/.local/lib/python3.8/site-packages/airflow/example_dags/example_python_operator.py for tasks to queue
[2024-03-15T09:48:34.519+0000] {logging_mixin.py:188} INFO - [2024-03-15T09:48:34.485+0000] {dagbag.py:540} INFO - Filling up the DagBag from /home/airflow/.local/lib/python3.8/site-packages/airflow/example_dags/example_python_operator.py
[2024-03-15T09:48:35.054+0000] {processor.py:840} INFO - DAG(s) 'example_python_operator' retrieved from /home/airflow/.local/lib/python3.8/site-packages/airflow/example_dags/example_python_operator.py
[2024-03-15T09:48:42.615+0000] {logging_mixin.py:188} INFO - [2024-03-15T09:48:42.557+0000] {dag.py:3047} INFO - Sync 1 DAGs
[2024-03-15T09:48:43.110+0000] {logging_mixin.py:188} INFO - [2024-03-15T09:48:43.036+0000] {dag.py:3834} INFO - Setting next_dagrun for example_python_operator to None, run_after=None
[2024-03-15T09:48:43.925+0000] {processor.py:183} INFO - Processing /home/airflow/.local/lib/python3.8/site-packages/airflow/example_dags/example_python_operator.py took 9.635 seconds
