[2024-03-15T09:43:50.456+0000] {processor.py:161} INFO - Started process (PID=39) to work on /home/airflow/.local/lib/python3.8/site-packages/airflow/example_dags/example_setup_teardown.py
[2024-03-15T09:43:50.458+0000] {processor.py:830} INFO - Processing file /home/airflow/.local/lib/python3.8/site-packages/airflow/example_dags/example_setup_teardown.py for tasks to queue
[2024-03-15T09:43:50.461+0000] {logging_mixin.py:188} INFO - [2024-03-15T09:43:50.460+0000] {dagbag.py:540} INFO - Filling up the DagBag from /home/airflow/.local/lib/python3.8/site-packages/airflow/example_dags/example_setup_teardown.py
[2024-03-15T09:43:50.471+0000] {processor.py:840} INFO - DAG(s) 'example_setup_teardown' retrieved from /home/airflow/.local/lib/python3.8/site-packages/airflow/example_dags/example_setup_teardown.py
[2024-03-15T09:43:50.730+0000] {logging_mixin.py:188} INFO - [2024-03-15T09:43:50.730+0000] {override.py:1769} INFO - Created Permission View: can read on DAG:example_setup_teardown
[2024-03-15T09:43:50.776+0000] {logging_mixin.py:188} INFO - [2024-03-15T09:43:50.776+0000] {override.py:1769} INFO - Created Permission View: can edit on DAG:example_setup_teardown
[2024-03-15T09:43:50.792+0000] {logging_mixin.py:188} INFO - [2024-03-15T09:43:50.791+0000] {override.py:1769} INFO - Created Permission View: can delete on DAG:example_setup_teardown
[2024-03-15T09:43:50.793+0000] {logging_mixin.py:188} INFO - [2024-03-15T09:43:50.793+0000] {dag.py:3047} INFO - Sync 1 DAGs
[2024-03-15T09:43:50.818+0000] {logging_mixin.py:188} INFO - [2024-03-15T09:43:50.818+0000] {dag.py:3069} INFO - Creating ORM DAG for example_setup_teardown
[2024-03-15T09:43:50.866+0000] {logging_mixin.py:188} INFO - [2024-03-15T09:43:50.866+0000] {dag.py:3834} INFO - Setting next_dagrun for example_setup_teardown to 2024-03-14 00:00:00+00:00, run_after=2024-03-15 00:00:00+00:00
[2024-03-15T09:43:50.929+0000] {processor.py:183} INFO - Processing /home/airflow/.local/lib/python3.8/site-packages/airflow/example_dags/example_setup_teardown.py took 0.477 seconds
[2024-03-15T09:44:21.243+0000] {processor.py:161} INFO - Started process (PID=93) to work on /home/airflow/.local/lib/python3.8/site-packages/airflow/example_dags/example_setup_teardown.py
[2024-03-15T09:44:21.245+0000] {processor.py:830} INFO - Processing file /home/airflow/.local/lib/python3.8/site-packages/airflow/example_dags/example_setup_teardown.py for tasks to queue
[2024-03-15T09:44:21.248+0000] {logging_mixin.py:188} INFO - [2024-03-15T09:44:21.247+0000] {dagbag.py:540} INFO - Filling up the DagBag from /home/airflow/.local/lib/python3.8/site-packages/airflow/example_dags/example_setup_teardown.py
[2024-03-15T09:44:21.259+0000] {processor.py:840} INFO - DAG(s) 'example_setup_teardown' retrieved from /home/airflow/.local/lib/python3.8/site-packages/airflow/example_dags/example_setup_teardown.py
[2024-03-15T09:44:21.290+0000] {logging_mixin.py:188} INFO - [2024-03-15T09:44:21.290+0000] {dag.py:3047} INFO - Sync 1 DAGs
[2024-03-15T09:44:21.309+0000] {logging_mixin.py:188} INFO - [2024-03-15T09:44:21.308+0000] {dag.py:3834} INFO - Setting next_dagrun for example_setup_teardown to 2024-03-14 00:00:00+00:00, run_after=2024-03-15 00:00:00+00:00
[2024-03-15T09:44:21.322+0000] {processor.py:183} INFO - Processing /home/airflow/.local/lib/python3.8/site-packages/airflow/example_dags/example_setup_teardown.py took 0.086 seconds
[2024-03-15T09:44:54.291+0000] {processor.py:161} INFO - Started process (PID=153) to work on /home/airflow/.local/lib/python3.8/site-packages/airflow/example_dags/example_setup_teardown.py
[2024-03-15T09:44:54.303+0000] {processor.py:830} INFO - Processing file /home/airflow/.local/lib/python3.8/site-packages/airflow/example_dags/example_setup_teardown.py for tasks to queue
[2024-03-15T09:44:54.328+0000] {logging_mixin.py:188} INFO - [2024-03-15T09:44:54.327+0000] {dagbag.py:540} INFO - Filling up the DagBag from /home/airflow/.local/lib/python3.8/site-packages/airflow/example_dags/example_setup_teardown.py
[2024-03-15T09:44:54.384+0000] {processor.py:840} INFO - DAG(s) 'example_setup_teardown' retrieved from /home/airflow/.local/lib/python3.8/site-packages/airflow/example_dags/example_setup_teardown.py
[2024-03-15T09:44:54.481+0000] {logging_mixin.py:188} INFO - [2024-03-15T09:44:54.480+0000] {dag.py:3047} INFO - Sync 1 DAGs
[2024-03-15T09:44:54.538+0000] {logging_mixin.py:188} INFO - [2024-03-15T09:44:54.538+0000] {dag.py:3834} INFO - Setting next_dagrun for example_setup_teardown to 2024-03-14 00:00:00+00:00, run_after=2024-03-15 00:00:00+00:00
[2024-03-15T09:44:54.569+0000] {processor.py:183} INFO - Processing /home/airflow/.local/lib/python3.8/site-packages/airflow/example_dags/example_setup_teardown.py took 0.300 seconds
[2024-03-15T09:45:25.667+0000] {processor.py:161} INFO - Started process (PID=208) to work on /home/airflow/.local/lib/python3.8/site-packages/airflow/example_dags/example_setup_teardown.py
[2024-03-15T09:45:25.670+0000] {processor.py:830} INFO - Processing file /home/airflow/.local/lib/python3.8/site-packages/airflow/example_dags/example_setup_teardown.py for tasks to queue
[2024-03-15T09:45:25.673+0000] {logging_mixin.py:188} INFO - [2024-03-15T09:45:25.673+0000] {dagbag.py:540} INFO - Filling up the DagBag from /home/airflow/.local/lib/python3.8/site-packages/airflow/example_dags/example_setup_teardown.py
[2024-03-15T09:45:25.703+0000] {processor.py:840} INFO - DAG(s) 'example_setup_teardown' retrieved from /home/airflow/.local/lib/python3.8/site-packages/airflow/example_dags/example_setup_teardown.py
[2024-03-15T09:45:25.741+0000] {logging_mixin.py:188} INFO - [2024-03-15T09:45:25.740+0000] {dag.py:3047} INFO - Sync 1 DAGs
[2024-03-15T09:45:25.773+0000] {logging_mixin.py:188} INFO - [2024-03-15T09:45:25.773+0000] {dag.py:3834} INFO - Setting next_dagrun for example_setup_teardown to 2024-03-14 00:00:00+00:00, run_after=2024-03-15 00:00:00+00:00
[2024-03-15T09:45:25.807+0000] {processor.py:183} INFO - Processing /home/airflow/.local/lib/python3.8/site-packages/airflow/example_dags/example_setup_teardown.py took 0.145 seconds
[2024-03-15T09:45:58.516+0000] {processor.py:161} INFO - Started process (PID=262) to work on /home/airflow/.local/lib/python3.8/site-packages/airflow/example_dags/example_setup_teardown.py
[2024-03-15T09:45:58.519+0000] {processor.py:830} INFO - Processing file /home/airflow/.local/lib/python3.8/site-packages/airflow/example_dags/example_setup_teardown.py for tasks to queue
[2024-03-15T09:45:58.521+0000] {logging_mixin.py:188} INFO - [2024-03-15T09:45:58.521+0000] {dagbag.py:540} INFO - Filling up the DagBag from /home/airflow/.local/lib/python3.8/site-packages/airflow/example_dags/example_setup_teardown.py
[2024-03-15T09:45:58.541+0000] {processor.py:840} INFO - DAG(s) 'example_setup_teardown' retrieved from /home/airflow/.local/lib/python3.8/site-packages/airflow/example_dags/example_setup_teardown.py
[2024-03-15T09:45:58.574+0000] {logging_mixin.py:188} INFO - [2024-03-15T09:45:58.573+0000] {dag.py:3047} INFO - Sync 1 DAGs
[2024-03-15T09:45:58.615+0000] {logging_mixin.py:188} INFO - [2024-03-15T09:45:58.615+0000] {dag.py:3834} INFO - Setting next_dagrun for example_setup_teardown to 2024-03-14 00:00:00+00:00, run_after=2024-03-15 00:00:00+00:00
[2024-03-15T09:45:58.683+0000] {processor.py:183} INFO - Processing /home/airflow/.local/lib/python3.8/site-packages/airflow/example_dags/example_setup_teardown.py took 0.170 seconds
[2024-03-15T09:46:31.580+0000] {processor.py:161} INFO - Started process (PID=316) to work on /home/airflow/.local/lib/python3.8/site-packages/airflow/example_dags/example_setup_teardown.py
[2024-03-15T09:46:31.582+0000] {processor.py:830} INFO - Processing file /home/airflow/.local/lib/python3.8/site-packages/airflow/example_dags/example_setup_teardown.py for tasks to queue
[2024-03-15T09:46:31.584+0000] {logging_mixin.py:188} INFO - [2024-03-15T09:46:31.584+0000] {dagbag.py:540} INFO - Filling up the DagBag from /home/airflow/.local/lib/python3.8/site-packages/airflow/example_dags/example_setup_teardown.py
[2024-03-15T09:46:31.599+0000] {processor.py:840} INFO - DAG(s) 'example_setup_teardown' retrieved from /home/airflow/.local/lib/python3.8/site-packages/airflow/example_dags/example_setup_teardown.py
[2024-03-15T09:46:31.684+0000] {logging_mixin.py:188} INFO - [2024-03-15T09:46:31.684+0000] {dag.py:3047} INFO - Sync 1 DAGs
[2024-03-15T09:46:31.815+0000] {logging_mixin.py:188} INFO - [2024-03-15T09:46:31.814+0000] {dag.py:3834} INFO - Setting next_dagrun for example_setup_teardown to 2024-03-14 00:00:00+00:00, run_after=2024-03-15 00:00:00+00:00
[2024-03-15T09:46:31.866+0000] {processor.py:183} INFO - Processing /home/airflow/.local/lib/python3.8/site-packages/airflow/example_dags/example_setup_teardown.py took 0.289 seconds
[2024-03-15T09:47:07.096+0000] {processor.py:161} INFO - Started process (PID=392) to work on /home/airflow/.local/lib/python3.8/site-packages/airflow/example_dags/example_setup_teardown.py
[2024-03-15T09:47:07.130+0000] {processor.py:830} INFO - Processing file /home/airflow/.local/lib/python3.8/site-packages/airflow/example_dags/example_setup_teardown.py for tasks to queue
[2024-03-15T09:47:07.213+0000] {logging_mixin.py:188} INFO - [2024-03-15T09:47:07.212+0000] {dagbag.py:540} INFO - Filling up the DagBag from /home/airflow/.local/lib/python3.8/site-packages/airflow/example_dags/example_setup_teardown.py
[2024-03-15T09:47:07.375+0000] {processor.py:840} INFO - DAG(s) 'example_setup_teardown' retrieved from /home/airflow/.local/lib/python3.8/site-packages/airflow/example_dags/example_setup_teardown.py
[2024-03-15T09:47:07.790+0000] {logging_mixin.py:188} INFO - [2024-03-15T09:47:07.788+0000] {dag.py:3047} INFO - Sync 1 DAGs
[2024-03-15T09:47:07.968+0000] {logging_mixin.py:188} INFO - [2024-03-15T09:47:07.968+0000] {dag.py:3834} INFO - Setting next_dagrun for example_setup_teardown to 2024-03-14 00:00:00+00:00, run_after=2024-03-15 00:00:00+00:00
[2024-03-15T09:47:08.166+0000] {processor.py:183} INFO - Processing /home/airflow/.local/lib/python3.8/site-packages/airflow/example_dags/example_setup_teardown.py took 1.189 seconds
[2024-03-15T09:48:00.619+0000] {processor.py:161} INFO - Started process (PID=447) to work on /home/airflow/.local/lib/python3.8/site-packages/airflow/example_dags/example_setup_teardown.py
[2024-03-15T09:48:00.627+0000] {processor.py:830} INFO - Processing file /home/airflow/.local/lib/python3.8/site-packages/airflow/example_dags/example_setup_teardown.py for tasks to queue
[2024-03-15T09:48:00.637+0000] {logging_mixin.py:188} INFO - [2024-03-15T09:48:00.634+0000] {dagbag.py:540} INFO - Filling up the DagBag from /home/airflow/.local/lib/python3.8/site-packages/airflow/example_dags/example_setup_teardown.py
[2024-03-15T09:48:00.659+0000] {processor.py:840} INFO - DAG(s) 'example_setup_teardown' retrieved from /home/airflow/.local/lib/python3.8/site-packages/airflow/example_dags/example_setup_teardown.py
[2024-03-15T09:48:01.172+0000] {logging_mixin.py:188} INFO - [2024-03-15T09:48:01.154+0000] {dag.py:3047} INFO - Sync 1 DAGs
[2024-03-15T09:48:01.465+0000] {logging_mixin.py:188} INFO - [2024-03-15T09:48:01.463+0000] {dag.py:3834} INFO - Setting next_dagrun for example_setup_teardown to 2024-03-14 00:00:00+00:00, run_after=2024-03-15 00:00:00+00:00
[2024-03-15T09:48:01.710+0000] {processor.py:183} INFO - Processing /home/airflow/.local/lib/python3.8/site-packages/airflow/example_dags/example_setup_teardown.py took 1.119 seconds
[2024-03-15T09:48:47.693+0000] {processor.py:161} INFO - Started process (PID=486) to work on /home/airflow/.local/lib/python3.8/site-packages/airflow/example_dags/example_setup_teardown.py
[2024-03-15T09:48:47.714+0000] {processor.py:830} INFO - Processing file /home/airflow/.local/lib/python3.8/site-packages/airflow/example_dags/example_setup_teardown.py for tasks to queue
[2024-03-15T09:48:47.759+0000] {logging_mixin.py:188} INFO - [2024-03-15T09:48:47.749+0000] {dagbag.py:540} INFO - Filling up the DagBag from /home/airflow/.local/lib/python3.8/site-packages/airflow/example_dags/example_setup_teardown.py
[2024-03-15T09:48:47.978+0000] {processor.py:840} INFO - DAG(s) 'example_setup_teardown' retrieved from /home/airflow/.local/lib/python3.8/site-packages/airflow/example_dags/example_setup_teardown.py
[2024-03-15T09:48:48.402+0000] {logging_mixin.py:188} INFO - [2024-03-15T09:48:48.398+0000] {dag.py:3047} INFO - Sync 1 DAGs
[2024-03-15T09:48:48.780+0000] {logging_mixin.py:188} INFO - [2024-03-15T09:48:48.771+0000] {dag.py:3834} INFO - Setting next_dagrun for example_setup_teardown to 2024-03-14 00:00:00+00:00, run_after=2024-03-15 00:00:00+00:00
[2024-03-15T09:48:49.006+0000] {processor.py:183} INFO - Processing /home/airflow/.local/lib/python3.8/site-packages/airflow/example_dags/example_setup_teardown.py took 1.357 seconds
