[2024-03-15T09:44:08.872+0000] {processor.py:161} INFO - Started process (PID=82) to work on /home/airflow/.local/lib/python3.8/site-packages/airflow/example_dags/example_xcomargs.py
[2024-03-15T09:44:08.873+0000] {processor.py:830} INFO - Processing file /home/airflow/.local/lib/python3.8/site-packages/airflow/example_dags/example_xcomargs.py for tasks to queue
[2024-03-15T09:44:08.875+0000] {logging_mixin.py:188} INFO - [2024-03-15T09:44:08.874+0000] {dagbag.py:540} INFO - Filling up the DagBag from /home/airflow/.local/lib/python3.8/site-packages/airflow/example_dags/example_xcomargs.py
[2024-03-15T09:44:08.882+0000] {processor.py:840} INFO - DAG(s) 'example_xcom_args_with_operators', 'example_xcom_args' retrieved from /home/airflow/.local/lib/python3.8/site-packages/airflow/example_dags/example_xcomargs.py
[2024-03-15T09:44:09.081+0000] {logging_mixin.py:188} INFO - [2024-03-15T09:44:09.080+0000] {override.py:1769} INFO - Created Permission View: can read on DAG:example_xcom_args_with_operators
[2024-03-15T09:44:09.089+0000] {logging_mixin.py:188} INFO - [2024-03-15T09:44:09.089+0000] {override.py:1769} INFO - Created Permission View: can edit on DAG:example_xcom_args_with_operators
[2024-03-15T09:44:09.098+0000] {logging_mixin.py:188} INFO - [2024-03-15T09:44:09.097+0000] {override.py:1769} INFO - Created Permission View: can delete on DAG:example_xcom_args_with_operators
[2024-03-15T09:44:09.149+0000] {logging_mixin.py:188} INFO - [2024-03-15T09:44:09.146+0000] {override.py:1769} INFO - Created Permission View: can read on DAG:example_xcom_args
[2024-03-15T09:44:09.166+0000] {logging_mixin.py:188} INFO - [2024-03-15T09:44:09.166+0000] {override.py:1769} INFO - Created Permission View: can edit on DAG:example_xcom_args
[2024-03-15T09:44:09.185+0000] {logging_mixin.py:188} INFO - [2024-03-15T09:44:09.185+0000] {override.py:1769} INFO - Created Permission View: can delete on DAG:example_xcom_args
[2024-03-15T09:44:09.186+0000] {logging_mixin.py:188} INFO - [2024-03-15T09:44:09.185+0000] {dag.py:3047} INFO - Sync 2 DAGs
[2024-03-15T09:44:09.199+0000] {logging_mixin.py:188} INFO - [2024-03-15T09:44:09.199+0000] {dag.py:3069} INFO - Creating ORM DAG for example_xcom_args
[2024-03-15T09:44:09.201+0000] {logging_mixin.py:188} INFO - [2024-03-15T09:44:09.201+0000] {dag.py:3069} INFO - Creating ORM DAG for example_xcom_args_with_operators
[2024-03-15T09:44:09.202+0000] {logging_mixin.py:188} INFO - [2024-03-15T09:44:09.202+0000] {dag.py:3834} INFO - Setting next_dagrun for example_xcom_args to None, run_after=None
[2024-03-15T09:44:09.204+0000] {logging_mixin.py:188} INFO - [2024-03-15T09:44:09.203+0000] {dag.py:3834} INFO - Setting next_dagrun for example_xcom_args_with_operators to None, run_after=None
[2024-03-15T09:44:09.234+0000] {processor.py:183} INFO - Processing /home/airflow/.local/lib/python3.8/site-packages/airflow/example_dags/example_xcomargs.py took 0.364 seconds
[2024-03-15T09:44:42.234+0000] {processor.py:161} INFO - Started process (PID=137) to work on /home/airflow/.local/lib/python3.8/site-packages/airflow/example_dags/example_xcomargs.py
[2024-03-15T09:44:42.241+0000] {processor.py:830} INFO - Processing file /home/airflow/.local/lib/python3.8/site-packages/airflow/example_dags/example_xcomargs.py for tasks to queue
[2024-03-15T09:44:42.253+0000] {logging_mixin.py:188} INFO - [2024-03-15T09:44:42.252+0000] {dagbag.py:540} INFO - Filling up the DagBag from /home/airflow/.local/lib/python3.8/site-packages/airflow/example_dags/example_xcomargs.py
[2024-03-15T09:44:42.328+0000] {processor.py:840} INFO - DAG(s) 'example_xcom_args', 'example_xcom_args_with_operators' retrieved from /home/airflow/.local/lib/python3.8/site-packages/airflow/example_dags/example_xcomargs.py
[2024-03-15T09:44:42.427+0000] {logging_mixin.py:188} INFO - [2024-03-15T09:44:42.426+0000] {dag.py:3047} INFO - Sync 2 DAGs
[2024-03-15T09:44:42.471+0000] {logging_mixin.py:188} INFO - [2024-03-15T09:44:42.471+0000] {dag.py:3834} INFO - Setting next_dagrun for example_xcom_args to None, run_after=None
[2024-03-15T09:44:42.484+0000] {logging_mixin.py:188} INFO - [2024-03-15T09:44:42.484+0000] {dag.py:3834} INFO - Setting next_dagrun for example_xcom_args_with_operators to None, run_after=None
[2024-03-15T09:44:42.533+0000] {processor.py:183} INFO - Processing /home/airflow/.local/lib/python3.8/site-packages/airflow/example_dags/example_xcomargs.py took 0.306 seconds
[2024-03-15T09:45:13.213+0000] {processor.py:161} INFO - Started process (PID=191) to work on /home/airflow/.local/lib/python3.8/site-packages/airflow/example_dags/example_xcomargs.py
[2024-03-15T09:45:13.214+0000] {processor.py:830} INFO - Processing file /home/airflow/.local/lib/python3.8/site-packages/airflow/example_dags/example_xcomargs.py for tasks to queue
[2024-03-15T09:45:13.216+0000] {logging_mixin.py:188} INFO - [2024-03-15T09:45:13.216+0000] {dagbag.py:540} INFO - Filling up the DagBag from /home/airflow/.local/lib/python3.8/site-packages/airflow/example_dags/example_xcomargs.py
[2024-03-15T09:45:13.232+0000] {processor.py:840} INFO - DAG(s) 'example_xcom_args', 'example_xcom_args_with_operators' retrieved from /home/airflow/.local/lib/python3.8/site-packages/airflow/example_dags/example_xcomargs.py
[2024-03-15T09:45:13.269+0000] {logging_mixin.py:188} INFO - [2024-03-15T09:45:13.269+0000] {dag.py:3047} INFO - Sync 2 DAGs
[2024-03-15T09:45:13.316+0000] {logging_mixin.py:188} INFO - [2024-03-15T09:45:13.316+0000] {dag.py:3834} INFO - Setting next_dagrun for example_xcom_args to None, run_after=None
[2024-03-15T09:45:13.320+0000] {logging_mixin.py:188} INFO - [2024-03-15T09:45:13.320+0000] {dag.py:3834} INFO - Setting next_dagrun for example_xcom_args_with_operators to None, run_after=None
[2024-03-15T09:45:13.348+0000] {processor.py:183} INFO - Processing /home/airflow/.local/lib/python3.8/site-packages/airflow/example_dags/example_xcomargs.py took 0.140 seconds
[2024-03-15T09:45:43.918+0000] {processor.py:161} INFO - Started process (PID=246) to work on /home/airflow/.local/lib/python3.8/site-packages/airflow/example_dags/example_xcomargs.py
[2024-03-15T09:45:43.920+0000] {processor.py:830} INFO - Processing file /home/airflow/.local/lib/python3.8/site-packages/airflow/example_dags/example_xcomargs.py for tasks to queue
[2024-03-15T09:45:43.922+0000] {logging_mixin.py:188} INFO - [2024-03-15T09:45:43.922+0000] {dagbag.py:540} INFO - Filling up the DagBag from /home/airflow/.local/lib/python3.8/site-packages/airflow/example_dags/example_xcomargs.py
[2024-03-15T09:45:43.941+0000] {processor.py:840} INFO - DAG(s) 'example_xcom_args_with_operators', 'example_xcom_args' retrieved from /home/airflow/.local/lib/python3.8/site-packages/airflow/example_dags/example_xcomargs.py
[2024-03-15T09:45:43.982+0000] {logging_mixin.py:188} INFO - [2024-03-15T09:45:43.982+0000] {dag.py:3047} INFO - Sync 2 DAGs
[2024-03-15T09:45:43.994+0000] {logging_mixin.py:188} INFO - [2024-03-15T09:45:43.994+0000] {dag.py:3834} INFO - Setting next_dagrun for example_xcom_args to None, run_after=None
[2024-03-15T09:45:43.997+0000] {logging_mixin.py:188} INFO - [2024-03-15T09:45:43.997+0000] {dag.py:3834} INFO - Setting next_dagrun for example_xcom_args_with_operators to None, run_after=None
[2024-03-15T09:45:44.011+0000] {processor.py:183} INFO - Processing /home/airflow/.local/lib/python3.8/site-packages/airflow/example_dags/example_xcomargs.py took 0.097 seconds
[2024-03-15T09:46:14.621+0000] {processor.py:161} INFO - Started process (PID=300) to work on /home/airflow/.local/lib/python3.8/site-packages/airflow/example_dags/example_xcomargs.py
[2024-03-15T09:46:14.624+0000] {processor.py:830} INFO - Processing file /home/airflow/.local/lib/python3.8/site-packages/airflow/example_dags/example_xcomargs.py for tasks to queue
[2024-03-15T09:46:14.626+0000] {logging_mixin.py:188} INFO - [2024-03-15T09:46:14.626+0000] {dagbag.py:540} INFO - Filling up the DagBag from /home/airflow/.local/lib/python3.8/site-packages/airflow/example_dags/example_xcomargs.py
[2024-03-15T09:46:14.637+0000] {processor.py:840} INFO - DAG(s) 'example_xcom_args', 'example_xcom_args_with_operators' retrieved from /home/airflow/.local/lib/python3.8/site-packages/airflow/example_dags/example_xcomargs.py
[2024-03-15T09:46:14.684+0000] {logging_mixin.py:188} INFO - [2024-03-15T09:46:14.684+0000] {dag.py:3047} INFO - Sync 2 DAGs
[2024-03-15T09:46:14.729+0000] {logging_mixin.py:188} INFO - [2024-03-15T09:46:14.728+0000] {dag.py:3834} INFO - Setting next_dagrun for example_xcom_args to None, run_after=None
[2024-03-15T09:46:14.738+0000] {logging_mixin.py:188} INFO - [2024-03-15T09:46:14.738+0000] {dag.py:3834} INFO - Setting next_dagrun for example_xcom_args_with_operators to None, run_after=None
[2024-03-15T09:46:14.755+0000] {processor.py:183} INFO - Processing /home/airflow/.local/lib/python3.8/site-packages/airflow/example_dags/example_xcomargs.py took 0.138 seconds
[2024-03-15T09:46:59.539+0000] {processor.py:161} INFO - Started process (PID=383) to work on /home/airflow/.local/lib/python3.8/site-packages/airflow/example_dags/example_xcomargs.py
[2024-03-15T09:46:59.560+0000] {processor.py:830} INFO - Processing file /home/airflow/.local/lib/python3.8/site-packages/airflow/example_dags/example_xcomargs.py for tasks to queue
[2024-03-15T09:46:59.574+0000] {logging_mixin.py:188} INFO - [2024-03-15T09:46:59.574+0000] {dagbag.py:540} INFO - Filling up the DagBag from /home/airflow/.local/lib/python3.8/site-packages/airflow/example_dags/example_xcomargs.py
[2024-03-15T09:46:59.779+0000] {processor.py:840} INFO - DAG(s) 'example_xcom_args_with_operators', 'example_xcom_args' retrieved from /home/airflow/.local/lib/python3.8/site-packages/airflow/example_dags/example_xcomargs.py
[2024-03-15T09:47:00.206+0000] {logging_mixin.py:188} INFO - [2024-03-15T09:47:00.203+0000] {dag.py:3047} INFO - Sync 2 DAGs
[2024-03-15T09:47:00.463+0000] {logging_mixin.py:188} INFO - [2024-03-15T09:47:00.458+0000] {dag.py:3834} INFO - Setting next_dagrun for example_xcom_args to None, run_after=None
[2024-03-15T09:47:00.559+0000] {logging_mixin.py:188} INFO - [2024-03-15T09:47:00.553+0000] {dag.py:3834} INFO - Setting next_dagrun for example_xcom_args_with_operators to None, run_after=None
[2024-03-15T09:47:00.920+0000] {processor.py:183} INFO - Processing /home/airflow/.local/lib/python3.8/site-packages/airflow/example_dags/example_xcomargs.py took 1.388 seconds
[2024-03-15T09:47:59.143+0000] {processor.py:161} INFO - Started process (PID=439) to work on /home/airflow/.local/lib/python3.8/site-packages/airflow/example_dags/example_xcomargs.py
[2024-03-15T09:47:59.146+0000] {processor.py:830} INFO - Processing file /home/airflow/.local/lib/python3.8/site-packages/airflow/example_dags/example_xcomargs.py for tasks to queue
[2024-03-15T09:47:59.154+0000] {logging_mixin.py:188} INFO - [2024-03-15T09:47:59.153+0000] {dagbag.py:540} INFO - Filling up the DagBag from /home/airflow/.local/lib/python3.8/site-packages/airflow/example_dags/example_xcomargs.py
[2024-03-15T09:47:59.205+0000] {processor.py:840} INFO - DAG(s) 'example_xcom_args_with_operators', 'example_xcom_args' retrieved from /home/airflow/.local/lib/python3.8/site-packages/airflow/example_dags/example_xcomargs.py
[2024-03-15T09:47:59.324+0000] {logging_mixin.py:188} INFO - [2024-03-15T09:47:59.323+0000] {dag.py:3047} INFO - Sync 2 DAGs
[2024-03-15T09:47:59.369+0000] {logging_mixin.py:188} INFO - [2024-03-15T09:47:59.368+0000] {dag.py:3834} INFO - Setting next_dagrun for example_xcom_args to None, run_after=None
[2024-03-15T09:47:59.373+0000] {logging_mixin.py:188} INFO - [2024-03-15T09:47:59.373+0000] {dag.py:3834} INFO - Setting next_dagrun for example_xcom_args_with_operators to None, run_after=None
[2024-03-15T09:47:59.425+0000] {processor.py:183} INFO - Processing /home/airflow/.local/lib/python3.8/site-packages/airflow/example_dags/example_xcomargs.py took 0.294 seconds
[2024-03-15T09:48:57.720+0000] {processor.py:161} INFO - Started process (PID=502) to work on /home/airflow/.local/lib/python3.8/site-packages/airflow/example_dags/example_xcomargs.py
[2024-03-15T09:48:57.728+0000] {processor.py:830} INFO - Processing file /home/airflow/.local/lib/python3.8/site-packages/airflow/example_dags/example_xcomargs.py for tasks to queue
[2024-03-15T09:48:57.730+0000] {logging_mixin.py:188} INFO - [2024-03-15T09:48:57.729+0000] {dagbag.py:540} INFO - Filling up the DagBag from /home/airflow/.local/lib/python3.8/site-packages/airflow/example_dags/example_xcomargs.py
[2024-03-15T09:48:57.794+0000] {processor.py:840} INFO - DAG(s) 'example_xcom_args_with_operators', 'example_xcom_args' retrieved from /home/airflow/.local/lib/python3.8/site-packages/airflow/example_dags/example_xcomargs.py
[2024-03-15T09:48:57.852+0000] {logging_mixin.py:188} INFO - [2024-03-15T09:48:57.851+0000] {dag.py:3047} INFO - Sync 2 DAGs
[2024-03-15T09:48:57.879+0000] {logging_mixin.py:188} INFO - [2024-03-15T09:48:57.878+0000] {dag.py:3834} INFO - Setting next_dagrun for example_xcom_args to None, run_after=None
[2024-03-15T09:48:57.887+0000] {logging_mixin.py:188} INFO - [2024-03-15T09:48:57.886+0000] {dag.py:3834} INFO - Setting next_dagrun for example_xcom_args_with_operators to None, run_after=None
[2024-03-15T09:48:57.933+0000] {processor.py:183} INFO - Processing /home/airflow/.local/lib/python3.8/site-packages/airflow/example_dags/example_xcomargs.py took 0.242 seconds
