[2024-03-15T09:44:01.677+0000] {processor.py:161} INFO - Started process (PID=58) to work on /home/airflow/.local/lib/python3.8/site-packages/airflow/example_dags/example_params_ui_tutorial.py
[2024-03-15T09:44:01.683+0000] {processor.py:830} INFO - Processing file /home/airflow/.local/lib/python3.8/site-packages/airflow/example_dags/example_params_ui_tutorial.py for tasks to queue
[2024-03-15T09:44:01.697+0000] {logging_mixin.py:188} INFO - [2024-03-15T09:44:01.696+0000] {dagbag.py:540} INFO - Filling up the DagBag from /home/airflow/.local/lib/python3.8/site-packages/airflow/example_dags/example_params_ui_tutorial.py
[2024-03-15T09:44:01.737+0000] {processor.py:840} INFO - DAG(s) 'example_params_ui_tutorial' retrieved from /home/airflow/.local/lib/python3.8/site-packages/airflow/example_dags/example_params_ui_tutorial.py
[2024-03-15T09:44:02.253+0000] {logging_mixin.py:188} INFO - [2024-03-15T09:44:02.251+0000] {override.py:1769} INFO - Created Permission View: can read on DAG:example_params_ui_tutorial
[2024-03-15T09:44:02.266+0000] {logging_mixin.py:188} INFO - [2024-03-15T09:44:02.266+0000] {override.py:1769} INFO - Created Permission View: can edit on DAG:example_params_ui_tutorial
[2024-03-15T09:44:02.280+0000] {logging_mixin.py:188} INFO - [2024-03-15T09:44:02.280+0000] {override.py:1769} INFO - Created Permission View: can delete on DAG:example_params_ui_tutorial
[2024-03-15T09:44:02.283+0000] {logging_mixin.py:188} INFO - [2024-03-15T09:44:02.283+0000] {dag.py:3047} INFO - Sync 1 DAGs
[2024-03-15T09:44:02.314+0000] {logging_mixin.py:188} INFO - [2024-03-15T09:44:02.313+0000] {dag.py:3069} INFO - Creating ORM DAG for example_params_ui_tutorial
[2024-03-15T09:44:02.318+0000] {logging_mixin.py:188} INFO - [2024-03-15T09:44:02.317+0000] {dag.py:3834} INFO - Setting next_dagrun for example_params_ui_tutorial to None, run_after=None
[2024-03-15T09:44:02.360+0000] {processor.py:183} INFO - Processing /home/airflow/.local/lib/python3.8/site-packages/airflow/example_dags/example_params_ui_tutorial.py took 0.700 seconds
[2024-03-15T09:44:32.882+0000] {processor.py:161} INFO - Started process (PID=113) to work on /home/airflow/.local/lib/python3.8/site-packages/airflow/example_dags/example_params_ui_tutorial.py
[2024-03-15T09:44:32.888+0000] {processor.py:830} INFO - Processing file /home/airflow/.local/lib/python3.8/site-packages/airflow/example_dags/example_params_ui_tutorial.py for tasks to queue
[2024-03-15T09:44:32.903+0000] {logging_mixin.py:188} INFO - [2024-03-15T09:44:32.898+0000] {dagbag.py:540} INFO - Filling up the DagBag from /home/airflow/.local/lib/python3.8/site-packages/airflow/example_dags/example_params_ui_tutorial.py
[2024-03-15T09:44:33.005+0000] {processor.py:840} INFO - DAG(s) 'example_params_ui_tutorial' retrieved from /home/airflow/.local/lib/python3.8/site-packages/airflow/example_dags/example_params_ui_tutorial.py
[2024-03-15T09:44:33.184+0000] {logging_mixin.py:188} INFO - [2024-03-15T09:44:33.183+0000] {dag.py:3047} INFO - Sync 1 DAGs
[2024-03-15T09:44:33.232+0000] {logging_mixin.py:188} INFO - [2024-03-15T09:44:33.231+0000] {dag.py:3834} INFO - Setting next_dagrun for example_params_ui_tutorial to None, run_after=None
[2024-03-15T09:44:33.351+0000] {processor.py:183} INFO - Processing /home/airflow/.local/lib/python3.8/site-packages/airflow/example_dags/example_params_ui_tutorial.py took 0.517 seconds
[2024-03-15T09:45:03.785+0000] {processor.py:161} INFO - Started process (PID=167) to work on /home/airflow/.local/lib/python3.8/site-packages/airflow/example_dags/example_params_ui_tutorial.py
[2024-03-15T09:45:03.787+0000] {processor.py:830} INFO - Processing file /home/airflow/.local/lib/python3.8/site-packages/airflow/example_dags/example_params_ui_tutorial.py for tasks to queue
[2024-03-15T09:45:03.791+0000] {logging_mixin.py:188} INFO - [2024-03-15T09:45:03.790+0000] {dagbag.py:540} INFO - Filling up the DagBag from /home/airflow/.local/lib/python3.8/site-packages/airflow/example_dags/example_params_ui_tutorial.py
[2024-03-15T09:45:03.830+0000] {processor.py:840} INFO - DAG(s) 'example_params_ui_tutorial' retrieved from /home/airflow/.local/lib/python3.8/site-packages/airflow/example_dags/example_params_ui_tutorial.py
[2024-03-15T09:45:03.938+0000] {logging_mixin.py:188} INFO - [2024-03-15T09:45:03.938+0000] {dag.py:3047} INFO - Sync 1 DAGs
[2024-03-15T09:45:03.948+0000] {logging_mixin.py:188} INFO - [2024-03-15T09:45:03.948+0000] {dag.py:3834} INFO - Setting next_dagrun for example_params_ui_tutorial to None, run_after=None
[2024-03-15T09:45:03.965+0000] {processor.py:183} INFO - Processing /home/airflow/.local/lib/python3.8/site-packages/airflow/example_dags/example_params_ui_tutorial.py took 0.185 seconds
[2024-03-15T09:45:34.564+0000] {processor.py:161} INFO - Started process (PID=222) to work on /home/airflow/.local/lib/python3.8/site-packages/airflow/example_dags/example_params_ui_tutorial.py
[2024-03-15T09:45:34.565+0000] {processor.py:830} INFO - Processing file /home/airflow/.local/lib/python3.8/site-packages/airflow/example_dags/example_params_ui_tutorial.py for tasks to queue
[2024-03-15T09:45:34.567+0000] {logging_mixin.py:188} INFO - [2024-03-15T09:45:34.566+0000] {dagbag.py:540} INFO - Filling up the DagBag from /home/airflow/.local/lib/python3.8/site-packages/airflow/example_dags/example_params_ui_tutorial.py
[2024-03-15T09:45:34.618+0000] {processor.py:840} INFO - DAG(s) 'example_params_ui_tutorial' retrieved from /home/airflow/.local/lib/python3.8/site-packages/airflow/example_dags/example_params_ui_tutorial.py
[2024-03-15T09:45:34.744+0000] {logging_mixin.py:188} INFO - [2024-03-15T09:45:34.744+0000] {dag.py:3047} INFO - Sync 1 DAGs
[2024-03-15T09:45:34.760+0000] {logging_mixin.py:188} INFO - [2024-03-15T09:45:34.759+0000] {dag.py:3834} INFO - Setting next_dagrun for example_params_ui_tutorial to None, run_after=None
[2024-03-15T09:45:34.778+0000] {processor.py:183} INFO - Processing /home/airflow/.local/lib/python3.8/site-packages/airflow/example_dags/example_params_ui_tutorial.py took 0.217 seconds
[2024-03-15T09:46:06.174+0000] {processor.py:161} INFO - Started process (PID=276) to work on /home/airflow/.local/lib/python3.8/site-packages/airflow/example_dags/example_params_ui_tutorial.py
[2024-03-15T09:46:06.196+0000] {processor.py:830} INFO - Processing file /home/airflow/.local/lib/python3.8/site-packages/airflow/example_dags/example_params_ui_tutorial.py for tasks to queue
[2024-03-15T09:46:06.203+0000] {logging_mixin.py:188} INFO - [2024-03-15T09:46:06.200+0000] {dagbag.py:540} INFO - Filling up the DagBag from /home/airflow/.local/lib/python3.8/site-packages/airflow/example_dags/example_params_ui_tutorial.py
[2024-03-15T09:46:06.329+0000] {processor.py:840} INFO - DAG(s) 'example_params_ui_tutorial' retrieved from /home/airflow/.local/lib/python3.8/site-packages/airflow/example_dags/example_params_ui_tutorial.py
[2024-03-15T09:46:06.685+0000] {logging_mixin.py:188} INFO - [2024-03-15T09:46:06.681+0000] {dag.py:3047} INFO - Sync 1 DAGs
[2024-03-15T09:46:06.845+0000] {logging_mixin.py:188} INFO - [2024-03-15T09:46:06.844+0000] {dag.py:3834} INFO - Setting next_dagrun for example_params_ui_tutorial to None, run_after=None
[2024-03-15T09:46:06.953+0000] {processor.py:183} INFO - Processing /home/airflow/.local/lib/python3.8/site-packages/airflow/example_dags/example_params_ui_tutorial.py took 0.828 seconds
[2024-03-15T09:46:37.714+0000] {processor.py:161} INFO - Started process (PID=331) to work on /home/airflow/.local/lib/python3.8/site-packages/airflow/example_dags/example_params_ui_tutorial.py
[2024-03-15T09:46:37.721+0000] {processor.py:830} INFO - Processing file /home/airflow/.local/lib/python3.8/site-packages/airflow/example_dags/example_params_ui_tutorial.py for tasks to queue
[2024-03-15T09:46:37.746+0000] {logging_mixin.py:188} INFO - [2024-03-15T09:46:37.743+0000] {dagbag.py:540} INFO - Filling up the DagBag from /home/airflow/.local/lib/python3.8/site-packages/airflow/example_dags/example_params_ui_tutorial.py
[2024-03-15T09:46:38.092+0000] {processor.py:840} INFO - DAG(s) 'example_params_ui_tutorial' retrieved from /home/airflow/.local/lib/python3.8/site-packages/airflow/example_dags/example_params_ui_tutorial.py
[2024-03-15T09:46:38.568+0000] {logging_mixin.py:188} INFO - [2024-03-15T09:46:38.567+0000] {dag.py:3047} INFO - Sync 1 DAGs
[2024-03-15T09:46:38.763+0000] {logging_mixin.py:188} INFO - [2024-03-15T09:46:38.762+0000] {dag.py:3834} INFO - Setting next_dagrun for example_params_ui_tutorial to None, run_after=None
[2024-03-15T09:46:38.947+0000] {processor.py:183} INFO - Processing /home/airflow/.local/lib/python3.8/site-packages/airflow/example_dags/example_params_ui_tutorial.py took 1.327 seconds
[2024-03-15T09:47:24.559+0000] {processor.py:161} INFO - Started process (PID=407) to work on /home/airflow/.local/lib/python3.8/site-packages/airflow/example_dags/example_params_ui_tutorial.py
[2024-03-15T09:47:24.561+0000] {processor.py:830} INFO - Processing file /home/airflow/.local/lib/python3.8/site-packages/airflow/example_dags/example_params_ui_tutorial.py for tasks to queue
[2024-03-15T09:47:24.565+0000] {logging_mixin.py:188} INFO - [2024-03-15T09:47:24.564+0000] {dagbag.py:540} INFO - Filling up the DagBag from /home/airflow/.local/lib/python3.8/site-packages/airflow/example_dags/example_params_ui_tutorial.py
[2024-03-15T09:47:24.667+0000] {processor.py:840} INFO - DAG(s) 'example_params_ui_tutorial' retrieved from /home/airflow/.local/lib/python3.8/site-packages/airflow/example_dags/example_params_ui_tutorial.py
[2024-03-15T09:47:24.843+0000] {logging_mixin.py:188} INFO - [2024-03-15T09:47:24.842+0000] {dag.py:3047} INFO - Sync 1 DAGs
[2024-03-15T09:47:24.894+0000] {logging_mixin.py:188} INFO - [2024-03-15T09:47:24.894+0000] {dag.py:3834} INFO - Setting next_dagrun for example_params_ui_tutorial to None, run_after=None
[2024-03-15T09:47:25.368+0000] {processor.py:183} INFO - Processing /home/airflow/.local/lib/python3.8/site-packages/airflow/example_dags/example_params_ui_tutorial.py took 0.815 seconds
[2024-03-15T09:48:19.265+0000] {processor.py:161} INFO - Started process (PID=466) to work on /home/airflow/.local/lib/python3.8/site-packages/airflow/example_dags/example_params_ui_tutorial.py
[2024-03-15T09:48:19.271+0000] {processor.py:830} INFO - Processing file /home/airflow/.local/lib/python3.8/site-packages/airflow/example_dags/example_params_ui_tutorial.py for tasks to queue
[2024-03-15T09:48:19.278+0000] {logging_mixin.py:188} INFO - [2024-03-15T09:48:19.277+0000] {dagbag.py:540} INFO - Filling up the DagBag from /home/airflow/.local/lib/python3.8/site-packages/airflow/example_dags/example_params_ui_tutorial.py
[2024-03-15T09:48:19.426+0000] {processor.py:840} INFO - DAG(s) 'example_params_ui_tutorial' retrieved from /home/airflow/.local/lib/python3.8/site-packages/airflow/example_dags/example_params_ui_tutorial.py
[2024-03-15T09:48:19.846+0000] {logging_mixin.py:188} INFO - [2024-03-15T09:48:19.842+0000] {dag.py:3047} INFO - Sync 1 DAGs
[2024-03-15T09:48:19.956+0000] {logging_mixin.py:188} INFO - [2024-03-15T09:48:19.953+0000] {dag.py:3834} INFO - Setting next_dagrun for example_params_ui_tutorial to None, run_after=None
[2024-03-15T09:48:20.058+0000] {processor.py:183} INFO - Processing /home/airflow/.local/lib/python3.8/site-packages/airflow/example_dags/example_params_ui_tutorial.py took 0.810 seconds
