[2024-03-15T09:44:00.714+0000] {processor.py:161} INFO - Started process (PID=57) to work on /home/airflow/.local/lib/python3.8/site-packages/airflow/example_dags/example_task_group_decorator.py
[2024-03-15T09:44:00.720+0000] {processor.py:830} INFO - Processing file /home/airflow/.local/lib/python3.8/site-packages/airflow/example_dags/example_task_group_decorator.py for tasks to queue
[2024-03-15T09:44:00.747+0000] {logging_mixin.py:188} INFO - [2024-03-15T09:44:00.745+0000] {dagbag.py:540} INFO - Filling up the DagBag from /home/airflow/.local/lib/python3.8/site-packages/airflow/example_dags/example_task_group_decorator.py
[2024-03-15T09:44:00.794+0000] {processor.py:840} INFO - DAG(s) 'example_task_group_decorator' retrieved from /home/airflow/.local/lib/python3.8/site-packages/airflow/example_dags/example_task_group_decorator.py
[2024-03-15T09:44:01.321+0000] {logging_mixin.py:188} INFO - [2024-03-15T09:44:01.319+0000] {override.py:1769} INFO - Created Permission View: can read on DAG:example_task_group_decorator
[2024-03-15T09:44:01.335+0000] {logging_mixin.py:188} INFO - [2024-03-15T09:44:01.334+0000] {override.py:1769} INFO - Created Permission View: can edit on DAG:example_task_group_decorator
[2024-03-15T09:44:01.345+0000] {logging_mixin.py:188} INFO - [2024-03-15T09:44:01.344+0000] {override.py:1769} INFO - Created Permission View: can delete on DAG:example_task_group_decorator
[2024-03-15T09:44:01.346+0000] {logging_mixin.py:188} INFO - [2024-03-15T09:44:01.345+0000] {dag.py:3047} INFO - Sync 1 DAGs
[2024-03-15T09:44:01.396+0000] {logging_mixin.py:188} INFO - [2024-03-15T09:44:01.395+0000] {dag.py:3069} INFO - Creating ORM DAG for example_task_group_decorator
[2024-03-15T09:44:01.466+0000] {logging_mixin.py:188} INFO - [2024-03-15T09:44:01.464+0000] {dag.py:3834} INFO - Setting next_dagrun for example_task_group_decorator to 2024-03-14 00:00:00+00:00, run_after=2024-03-15 00:00:00+00:00
[2024-03-15T09:44:01.534+0000] {processor.py:183} INFO - Processing /home/airflow/.local/lib/python3.8/site-packages/airflow/example_dags/example_task_group_decorator.py took 0.819 seconds
[2024-03-15T09:44:32.202+0000] {processor.py:161} INFO - Started process (PID=112) to work on /home/airflow/.local/lib/python3.8/site-packages/airflow/example_dags/example_task_group_decorator.py
[2024-03-15T09:44:32.232+0000] {processor.py:830} INFO - Processing file /home/airflow/.local/lib/python3.8/site-packages/airflow/example_dags/example_task_group_decorator.py for tasks to queue
[2024-03-15T09:44:32.267+0000] {logging_mixin.py:188} INFO - [2024-03-15T09:44:32.266+0000] {dagbag.py:540} INFO - Filling up the DagBag from /home/airflow/.local/lib/python3.8/site-packages/airflow/example_dags/example_task_group_decorator.py
[2024-03-15T09:44:32.391+0000] {processor.py:840} INFO - DAG(s) 'example_task_group_decorator' retrieved from /home/airflow/.local/lib/python3.8/site-packages/airflow/example_dags/example_task_group_decorator.py
[2024-03-15T09:44:32.548+0000] {logging_mixin.py:188} INFO - [2024-03-15T09:44:32.548+0000] {dag.py:3047} INFO - Sync 1 DAGs
[2024-03-15T09:44:32.696+0000] {logging_mixin.py:188} INFO - [2024-03-15T09:44:32.695+0000] {dag.py:3834} INFO - Setting next_dagrun for example_task_group_decorator to 2024-03-14 00:00:00+00:00, run_after=2024-03-15 00:00:00+00:00
[2024-03-15T09:44:32.798+0000] {processor.py:183} INFO - Processing /home/airflow/.local/lib/python3.8/site-packages/airflow/example_dags/example_task_group_decorator.py took 0.660 seconds
[2024-03-15T09:45:03.468+0000] {processor.py:161} INFO - Started process (PID=166) to work on /home/airflow/.local/lib/python3.8/site-packages/airflow/example_dags/example_task_group_decorator.py
[2024-03-15T09:45:03.474+0000] {processor.py:830} INFO - Processing file /home/airflow/.local/lib/python3.8/site-packages/airflow/example_dags/example_task_group_decorator.py for tasks to queue
[2024-03-15T09:45:03.477+0000] {logging_mixin.py:188} INFO - [2024-03-15T09:45:03.477+0000] {dagbag.py:540} INFO - Filling up the DagBag from /home/airflow/.local/lib/python3.8/site-packages/airflow/example_dags/example_task_group_decorator.py
[2024-03-15T09:45:03.550+0000] {processor.py:840} INFO - DAG(s) 'example_task_group_decorator' retrieved from /home/airflow/.local/lib/python3.8/site-packages/airflow/example_dags/example_task_group_decorator.py
[2024-03-15T09:45:03.629+0000] {logging_mixin.py:188} INFO - [2024-03-15T09:45:03.628+0000] {dag.py:3047} INFO - Sync 1 DAGs
[2024-03-15T09:45:03.715+0000] {logging_mixin.py:188} INFO - [2024-03-15T09:45:03.715+0000] {dag.py:3834} INFO - Setting next_dagrun for example_task_group_decorator to 2024-03-14 00:00:00+00:00, run_after=2024-03-15 00:00:00+00:00
[2024-03-15T09:45:03.739+0000] {processor.py:183} INFO - Processing /home/airflow/.local/lib/python3.8/site-packages/airflow/example_dags/example_task_group_decorator.py took 0.285 seconds
[2024-03-15T09:45:34.343+0000] {processor.py:161} INFO - Started process (PID=221) to work on /home/airflow/.local/lib/python3.8/site-packages/airflow/example_dags/example_task_group_decorator.py
[2024-03-15T09:45:34.347+0000] {processor.py:830} INFO - Processing file /home/airflow/.local/lib/python3.8/site-packages/airflow/example_dags/example_task_group_decorator.py for tasks to queue
[2024-03-15T09:45:34.355+0000] {logging_mixin.py:188} INFO - [2024-03-15T09:45:34.355+0000] {dagbag.py:540} INFO - Filling up the DagBag from /home/airflow/.local/lib/python3.8/site-packages/airflow/example_dags/example_task_group_decorator.py
[2024-03-15T09:45:34.389+0000] {processor.py:840} INFO - DAG(s) 'example_task_group_decorator' retrieved from /home/airflow/.local/lib/python3.8/site-packages/airflow/example_dags/example_task_group_decorator.py
[2024-03-15T09:45:34.453+0000] {logging_mixin.py:188} INFO - [2024-03-15T09:45:34.452+0000] {dag.py:3047} INFO - Sync 1 DAGs
[2024-03-15T09:45:34.480+0000] {logging_mixin.py:188} INFO - [2024-03-15T09:45:34.480+0000] {dag.py:3834} INFO - Setting next_dagrun for example_task_group_decorator to 2024-03-14 00:00:00+00:00, run_after=2024-03-15 00:00:00+00:00
[2024-03-15T09:45:34.506+0000] {processor.py:183} INFO - Processing /home/airflow/.local/lib/python3.8/site-packages/airflow/example_dags/example_task_group_decorator.py took 0.173 seconds
[2024-03-15T09:46:05.412+0000] {processor.py:161} INFO - Started process (PID=275) to work on /home/airflow/.local/lib/python3.8/site-packages/airflow/example_dags/example_task_group_decorator.py
[2024-03-15T09:46:05.427+0000] {processor.py:830} INFO - Processing file /home/airflow/.local/lib/python3.8/site-packages/airflow/example_dags/example_task_group_decorator.py for tasks to queue
[2024-03-15T09:46:05.457+0000] {logging_mixin.py:188} INFO - [2024-03-15T09:46:05.456+0000] {dagbag.py:540} INFO - Filling up the DagBag from /home/airflow/.local/lib/python3.8/site-packages/airflow/example_dags/example_task_group_decorator.py
[2024-03-15T09:46:05.608+0000] {processor.py:840} INFO - DAG(s) 'example_task_group_decorator' retrieved from /home/airflow/.local/lib/python3.8/site-packages/airflow/example_dags/example_task_group_decorator.py
[2024-03-15T09:46:05.743+0000] {logging_mixin.py:188} INFO - [2024-03-15T09:46:05.742+0000] {dag.py:3047} INFO - Sync 1 DAGs
[2024-03-15T09:46:05.910+0000] {logging_mixin.py:188} INFO - [2024-03-15T09:46:05.909+0000] {dag.py:3834} INFO - Setting next_dagrun for example_task_group_decorator to 2024-03-14 00:00:00+00:00, run_after=2024-03-15 00:00:00+00:00
[2024-03-15T09:46:05.980+0000] {processor.py:183} INFO - Processing /home/airflow/.local/lib/python3.8/site-packages/airflow/example_dags/example_task_group_decorator.py took 0.636 seconds
[2024-03-15T09:46:36.099+0000] {processor.py:161} INFO - Started process (PID=329) to work on /home/airflow/.local/lib/python3.8/site-packages/airflow/example_dags/example_task_group_decorator.py
[2024-03-15T09:46:36.102+0000] {processor.py:830} INFO - Processing file /home/airflow/.local/lib/python3.8/site-packages/airflow/example_dags/example_task_group_decorator.py for tasks to queue
[2024-03-15T09:46:36.104+0000] {logging_mixin.py:188} INFO - [2024-03-15T09:46:36.104+0000] {dagbag.py:540} INFO - Filling up the DagBag from /home/airflow/.local/lib/python3.8/site-packages/airflow/example_dags/example_task_group_decorator.py
[2024-03-15T09:46:36.163+0000] {processor.py:840} INFO - DAG(s) 'example_task_group_decorator' retrieved from /home/airflow/.local/lib/python3.8/site-packages/airflow/example_dags/example_task_group_decorator.py
[2024-03-15T09:46:36.235+0000] {logging_mixin.py:188} INFO - [2024-03-15T09:46:36.235+0000] {dag.py:3047} INFO - Sync 1 DAGs
[2024-03-15T09:46:36.297+0000] {logging_mixin.py:188} INFO - [2024-03-15T09:46:36.297+0000] {dag.py:3834} INFO - Setting next_dagrun for example_task_group_decorator to 2024-03-14 00:00:00+00:00, run_after=2024-03-15 00:00:00+00:00
[2024-03-15T09:46:36.387+0000] {processor.py:183} INFO - Processing /home/airflow/.local/lib/python3.8/site-packages/airflow/example_dags/example_task_group_decorator.py took 0.301 seconds
[2024-03-15T09:47:22.140+0000] {processor.py:161} INFO - Started process (PID=405) to work on /home/airflow/.local/lib/python3.8/site-packages/airflow/example_dags/example_task_group_decorator.py
[2024-03-15T09:47:22.545+0000] {processor.py:830} INFO - Processing file /home/airflow/.local/lib/python3.8/site-packages/airflow/example_dags/example_task_group_decorator.py for tasks to queue
[2024-03-15T09:47:23.200+0000] {logging_mixin.py:188} INFO - [2024-03-15T09:47:23.190+0000] {dagbag.py:540} INFO - Filling up the DagBag from /home/airflow/.local/lib/python3.8/site-packages/airflow/example_dags/example_task_group_decorator.py
[2024-03-15T09:47:23.570+0000] {processor.py:840} INFO - DAG(s) 'example_task_group_decorator' retrieved from /home/airflow/.local/lib/python3.8/site-packages/airflow/example_dags/example_task_group_decorator.py
[2024-03-15T09:47:23.793+0000] {logging_mixin.py:188} INFO - [2024-03-15T09:47:23.792+0000] {dag.py:3047} INFO - Sync 1 DAGs
[2024-03-15T09:47:23.866+0000] {logging_mixin.py:188} INFO - [2024-03-15T09:47:23.865+0000] {dag.py:3834} INFO - Setting next_dagrun for example_task_group_decorator to 2024-03-14 00:00:00+00:00, run_after=2024-03-15 00:00:00+00:00
[2024-03-15T09:47:24.237+0000] {processor.py:183} INFO - Processing /home/airflow/.local/lib/python3.8/site-packages/airflow/example_dags/example_task_group_decorator.py took 4.181 seconds
[2024-03-15T09:48:18.745+0000] {processor.py:161} INFO - Started process (PID=465) to work on /home/airflow/.local/lib/python3.8/site-packages/airflow/example_dags/example_task_group_decorator.py
[2024-03-15T09:48:18.749+0000] {processor.py:830} INFO - Processing file /home/airflow/.local/lib/python3.8/site-packages/airflow/example_dags/example_task_group_decorator.py for tasks to queue
[2024-03-15T09:48:18.764+0000] {logging_mixin.py:188} INFO - [2024-03-15T09:48:18.762+0000] {dagbag.py:540} INFO - Filling up the DagBag from /home/airflow/.local/lib/python3.8/site-packages/airflow/example_dags/example_task_group_decorator.py
[2024-03-15T09:48:18.859+0000] {processor.py:840} INFO - DAG(s) 'example_task_group_decorator' retrieved from /home/airflow/.local/lib/python3.8/site-packages/airflow/example_dags/example_task_group_decorator.py
[2024-03-15T09:48:19.118+0000] {logging_mixin.py:188} INFO - [2024-03-15T09:48:19.117+0000] {dag.py:3047} INFO - Sync 1 DAGs
[2024-03-15T09:48:19.267+0000] {logging_mixin.py:188} INFO - [2024-03-15T09:48:19.267+0000] {dag.py:3834} INFO - Setting next_dagrun for example_task_group_decorator to 2024-03-14 00:00:00+00:00, run_after=2024-03-15 00:00:00+00:00
[2024-03-15T09:48:19.370+0000] {processor.py:183} INFO - Processing /home/airflow/.local/lib/python3.8/site-packages/airflow/example_dags/example_task_group_decorator.py took 0.636 seconds
