[2024-03-15T09:44:08.124+0000] {processor.py:161} INFO - Started process (PID=79) to work on /home/airflow/.local/lib/python3.8/site-packages/airflow/example_dags/example_params_trigger_ui.py
[2024-03-15T09:44:08.126+0000] {processor.py:830} INFO - Processing file /home/airflow/.local/lib/python3.8/site-packages/airflow/example_dags/example_params_trigger_ui.py for tasks to queue
[2024-03-15T09:44:08.129+0000] {logging_mixin.py:188} INFO - [2024-03-15T09:44:08.128+0000] {dagbag.py:540} INFO - Filling up the DagBag from /home/airflow/.local/lib/python3.8/site-packages/airflow/example_dags/example_params_trigger_ui.py
[2024-03-15T09:44:08.171+0000] {processor.py:840} INFO - DAG(s) 'example_params_trigger_ui' retrieved from /home/airflow/.local/lib/python3.8/site-packages/airflow/example_dags/example_params_trigger_ui.py
[2024-03-15T09:44:08.411+0000] {logging_mixin.py:188} INFO - [2024-03-15T09:44:08.410+0000] {override.py:1769} INFO - Created Permission View: can read on DAG:example_params_trigger_ui
[2024-03-15T09:44:08.419+0000] {logging_mixin.py:188} INFO - [2024-03-15T09:44:08.419+0000] {override.py:1769} INFO - Created Permission View: can edit on DAG:example_params_trigger_ui
[2024-03-15T09:44:08.425+0000] {logging_mixin.py:188} INFO - [2024-03-15T09:44:08.425+0000] {override.py:1769} INFO - Created Permission View: can delete on DAG:example_params_trigger_ui
[2024-03-15T09:44:08.426+0000] {logging_mixin.py:188} INFO - [2024-03-15T09:44:08.426+0000] {dag.py:3047} INFO - Sync 1 DAGs
[2024-03-15T09:44:08.443+0000] {logging_mixin.py:188} INFO - [2024-03-15T09:44:08.442+0000] {dag.py:3069} INFO - Creating ORM DAG for example_params_trigger_ui
[2024-03-15T09:44:08.446+0000] {logging_mixin.py:188} INFO - [2024-03-15T09:44:08.445+0000] {dag.py:3834} INFO - Setting next_dagrun for example_params_trigger_ui to None, run_after=None
[2024-03-15T09:44:08.498+0000] {processor.py:183} INFO - Processing /home/airflow/.local/lib/python3.8/site-packages/airflow/example_dags/example_params_trigger_ui.py took 0.377 seconds
[2024-03-15T09:44:40.465+0000] {processor.py:161} INFO - Started process (PID=134) to work on /home/airflow/.local/lib/python3.8/site-packages/airflow/example_dags/example_params_trigger_ui.py
[2024-03-15T09:44:40.469+0000] {processor.py:830} INFO - Processing file /home/airflow/.local/lib/python3.8/site-packages/airflow/example_dags/example_params_trigger_ui.py for tasks to queue
[2024-03-15T09:44:40.475+0000] {logging_mixin.py:188} INFO - [2024-03-15T09:44:40.475+0000] {dagbag.py:540} INFO - Filling up the DagBag from /home/airflow/.local/lib/python3.8/site-packages/airflow/example_dags/example_params_trigger_ui.py
[2024-03-15T09:44:40.587+0000] {processor.py:840} INFO - DAG(s) 'example_params_trigger_ui' retrieved from /home/airflow/.local/lib/python3.8/site-packages/airflow/example_dags/example_params_trigger_ui.py
[2024-03-15T09:44:41.202+0000] {logging_mixin.py:188} INFO - [2024-03-15T09:44:41.199+0000] {dag.py:3047} INFO - Sync 1 DAGs
[2024-03-15T09:44:41.317+0000] {logging_mixin.py:188} INFO - [2024-03-15T09:44:41.316+0000] {dag.py:3834} INFO - Setting next_dagrun for example_params_trigger_ui to None, run_after=None
[2024-03-15T09:44:41.424+0000] {processor.py:183} INFO - Processing /home/airflow/.local/lib/python3.8/site-packages/airflow/example_dags/example_params_trigger_ui.py took 0.973 seconds
[2024-03-15T09:45:11.864+0000] {processor.py:161} INFO - Started process (PID=188) to work on /home/airflow/.local/lib/python3.8/site-packages/airflow/example_dags/example_params_trigger_ui.py
[2024-03-15T09:45:11.868+0000] {processor.py:830} INFO - Processing file /home/airflow/.local/lib/python3.8/site-packages/airflow/example_dags/example_params_trigger_ui.py for tasks to queue
[2024-03-15T09:45:11.872+0000] {logging_mixin.py:188} INFO - [2024-03-15T09:45:11.872+0000] {dagbag.py:540} INFO - Filling up the DagBag from /home/airflow/.local/lib/python3.8/site-packages/airflow/example_dags/example_params_trigger_ui.py
[2024-03-15T09:45:12.031+0000] {processor.py:840} INFO - DAG(s) 'example_params_trigger_ui' retrieved from /home/airflow/.local/lib/python3.8/site-packages/airflow/example_dags/example_params_trigger_ui.py
[2024-03-15T09:45:12.586+0000] {logging_mixin.py:188} INFO - [2024-03-15T09:45:12.585+0000] {dag.py:3047} INFO - Sync 1 DAGs
[2024-03-15T09:45:12.726+0000] {logging_mixin.py:188} INFO - [2024-03-15T09:45:12.725+0000] {dag.py:3834} INFO - Setting next_dagrun for example_params_trigger_ui to None, run_after=None
[2024-03-15T09:45:12.832+0000] {processor.py:183} INFO - Processing /home/airflow/.local/lib/python3.8/site-packages/airflow/example_dags/example_params_trigger_ui.py took 0.992 seconds
[2024-03-15T09:45:43.051+0000] {processor.py:161} INFO - Started process (PID=243) to work on /home/airflow/.local/lib/python3.8/site-packages/airflow/example_dags/example_params_trigger_ui.py
[2024-03-15T09:45:43.054+0000] {processor.py:830} INFO - Processing file /home/airflow/.local/lib/python3.8/site-packages/airflow/example_dags/example_params_trigger_ui.py for tasks to queue
[2024-03-15T09:45:43.064+0000] {logging_mixin.py:188} INFO - [2024-03-15T09:45:43.064+0000] {dagbag.py:540} INFO - Filling up the DagBag from /home/airflow/.local/lib/python3.8/site-packages/airflow/example_dags/example_params_trigger_ui.py
[2024-03-15T09:45:43.166+0000] {processor.py:840} INFO - DAG(s) 'example_params_trigger_ui' retrieved from /home/airflow/.local/lib/python3.8/site-packages/airflow/example_dags/example_params_trigger_ui.py
[2024-03-15T09:45:43.237+0000] {logging_mixin.py:188} INFO - [2024-03-15T09:45:43.237+0000] {dag.py:3047} INFO - Sync 1 DAGs
[2024-03-15T09:45:43.265+0000] {logging_mixin.py:188} INFO - [2024-03-15T09:45:43.265+0000] {dag.py:3834} INFO - Setting next_dagrun for example_params_trigger_ui to None, run_after=None
[2024-03-15T09:45:43.351+0000] {processor.py:183} INFO - Processing /home/airflow/.local/lib/python3.8/site-packages/airflow/example_dags/example_params_trigger_ui.py took 0.320 seconds
[2024-03-15T09:46:14.188+0000] {processor.py:161} INFO - Started process (PID=297) to work on /home/airflow/.local/lib/python3.8/site-packages/airflow/example_dags/example_params_trigger_ui.py
[2024-03-15T09:46:14.191+0000] {processor.py:830} INFO - Processing file /home/airflow/.local/lib/python3.8/site-packages/airflow/example_dags/example_params_trigger_ui.py for tasks to queue
[2024-03-15T09:46:14.196+0000] {logging_mixin.py:188} INFO - [2024-03-15T09:46:14.195+0000] {dagbag.py:540} INFO - Filling up the DagBag from /home/airflow/.local/lib/python3.8/site-packages/airflow/example_dags/example_params_trigger_ui.py
[2024-03-15T09:46:14.246+0000] {processor.py:840} INFO - DAG(s) 'example_params_trigger_ui' retrieved from /home/airflow/.local/lib/python3.8/site-packages/airflow/example_dags/example_params_trigger_ui.py
[2024-03-15T09:46:14.326+0000] {logging_mixin.py:188} INFO - [2024-03-15T09:46:14.326+0000] {dag.py:3047} INFO - Sync 1 DAGs
[2024-03-15T09:46:14.347+0000] {logging_mixin.py:188} INFO - [2024-03-15T09:46:14.346+0000] {dag.py:3834} INFO - Setting next_dagrun for example_params_trigger_ui to None, run_after=None
[2024-03-15T09:46:14.572+0000] {processor.py:183} INFO - Processing /home/airflow/.local/lib/python3.8/site-packages/airflow/example_dags/example_params_trigger_ui.py took 0.395 seconds
[2024-03-15T09:46:57.528+0000] {processor.py:161} INFO - Started process (PID=375) to work on /home/airflow/.local/lib/python3.8/site-packages/airflow/example_dags/example_params_trigger_ui.py
[2024-03-15T09:46:57.569+0000] {processor.py:830} INFO - Processing file /home/airflow/.local/lib/python3.8/site-packages/airflow/example_dags/example_params_trigger_ui.py for tasks to queue
[2024-03-15T09:46:57.591+0000] {logging_mixin.py:188} INFO - [2024-03-15T09:46:57.590+0000] {dagbag.py:540} INFO - Filling up the DagBag from /home/airflow/.local/lib/python3.8/site-packages/airflow/example_dags/example_params_trigger_ui.py
[2024-03-15T09:46:58.183+0000] {processor.py:840} INFO - DAG(s) 'example_params_trigger_ui' retrieved from /home/airflow/.local/lib/python3.8/site-packages/airflow/example_dags/example_params_trigger_ui.py
[2024-03-15T09:46:58.807+0000] {logging_mixin.py:188} INFO - [2024-03-15T09:46:58.804+0000] {dag.py:3047} INFO - Sync 1 DAGs
[2024-03-15T09:46:58.954+0000] {logging_mixin.py:188} INFO - [2024-03-15T09:46:58.952+0000] {dag.py:3834} INFO - Setting next_dagrun for example_params_trigger_ui to None, run_after=None
[2024-03-15T09:46:59.177+0000] {processor.py:183} INFO - Processing /home/airflow/.local/lib/python3.8/site-packages/airflow/example_dags/example_params_trigger_ui.py took 1.757 seconds
[2024-03-15T09:47:58.672+0000] {processor.py:161} INFO - Started process (PID=436) to work on /home/airflow/.local/lib/python3.8/site-packages/airflow/example_dags/example_params_trigger_ui.py
[2024-03-15T09:47:58.675+0000] {processor.py:830} INFO - Processing file /home/airflow/.local/lib/python3.8/site-packages/airflow/example_dags/example_params_trigger_ui.py for tasks to queue
[2024-03-15T09:47:58.685+0000] {logging_mixin.py:188} INFO - [2024-03-15T09:47:58.681+0000] {dagbag.py:540} INFO - Filling up the DagBag from /home/airflow/.local/lib/python3.8/site-packages/airflow/example_dags/example_params_trigger_ui.py
[2024-03-15T09:47:58.750+0000] {processor.py:840} INFO - DAG(s) 'example_params_trigger_ui' retrieved from /home/airflow/.local/lib/python3.8/site-packages/airflow/example_dags/example_params_trigger_ui.py
[2024-03-15T09:47:58.888+0000] {logging_mixin.py:188} INFO - [2024-03-15T09:47:58.888+0000] {dag.py:3047} INFO - Sync 1 DAGs
[2024-03-15T09:47:58.937+0000] {logging_mixin.py:188} INFO - [2024-03-15T09:47:58.937+0000] {dag.py:3834} INFO - Setting next_dagrun for example_params_trigger_ui to None, run_after=None
[2024-03-15T09:47:59.000+0000] {processor.py:183} INFO - Processing /home/airflow/.local/lib/python3.8/site-packages/airflow/example_dags/example_params_trigger_ui.py took 0.337 seconds
[2024-03-15T09:48:56.610+0000] {processor.py:161} INFO - Started process (PID=499) to work on /home/airflow/.local/lib/python3.8/site-packages/airflow/example_dags/example_params_trigger_ui.py
[2024-03-15T09:48:56.614+0000] {processor.py:830} INFO - Processing file /home/airflow/.local/lib/python3.8/site-packages/airflow/example_dags/example_params_trigger_ui.py for tasks to queue
[2024-03-15T09:48:56.619+0000] {logging_mixin.py:188} INFO - [2024-03-15T09:48:56.617+0000] {dagbag.py:540} INFO - Filling up the DagBag from /home/airflow/.local/lib/python3.8/site-packages/airflow/example_dags/example_params_trigger_ui.py
[2024-03-15T09:48:56.823+0000] {processor.py:840} INFO - DAG(s) 'example_params_trigger_ui' retrieved from /home/airflow/.local/lib/python3.8/site-packages/airflow/example_dags/example_params_trigger_ui.py
[2024-03-15T09:48:57.136+0000] {logging_mixin.py:188} INFO - [2024-03-15T09:48:57.133+0000] {dag.py:3047} INFO - Sync 1 DAGs
[2024-03-15T09:48:57.218+0000] {logging_mixin.py:188} INFO - [2024-03-15T09:48:57.217+0000] {dag.py:3834} INFO - Setting next_dagrun for example_params_trigger_ui to None, run_after=None
[2024-03-15T09:48:57.272+0000] {processor.py:183} INFO - Processing /home/airflow/.local/lib/python3.8/site-packages/airflow/example_dags/example_params_trigger_ui.py took 0.669 seconds
