[2024-03-15T09:43:52.770+0000] {processor.py:161} INFO - Started process (PID=47) to work on /home/airflow/.local/lib/python3.8/site-packages/airflow/example_dags/example_python_decorator.py
[2024-03-15T09:43:52.772+0000] {processor.py:830} INFO - Processing file /home/airflow/.local/lib/python3.8/site-packages/airflow/example_dags/example_python_decorator.py for tasks to queue
[2024-03-15T09:43:52.814+0000] {logging_mixin.py:188} INFO - [2024-03-15T09:43:52.808+0000] {dagbag.py:540} INFO - Filling up the DagBag from /home/airflow/.local/lib/python3.8/site-packages/airflow/example_dags/example_python_decorator.py
[2024-03-15T09:43:52.981+0000] {processor.py:840} INFO - DAG(s) 'example_python_decorator' retrieved from /home/airflow/.local/lib/python3.8/site-packages/airflow/example_dags/example_python_decorator.py
[2024-03-15T09:43:53.379+0000] {logging_mixin.py:188} INFO - [2024-03-15T09:43:53.377+0000] {override.py:1769} INFO - Created Permission View: can read on DAG:example_python_decorator
[2024-03-15T09:43:53.400+0000] {logging_mixin.py:188} INFO - [2024-03-15T09:43:53.398+0000] {override.py:1769} INFO - Created Permission View: can edit on DAG:example_python_decorator
[2024-03-15T09:43:53.416+0000] {logging_mixin.py:188} INFO - [2024-03-15T09:43:53.415+0000] {override.py:1769} INFO - Created Permission View: can delete on DAG:example_python_decorator
[2024-03-15T09:43:53.418+0000] {logging_mixin.py:188} INFO - [2024-03-15T09:43:53.418+0000] {dag.py:3047} INFO - Sync 1 DAGs
[2024-03-15T09:43:53.457+0000] {logging_mixin.py:188} INFO - [2024-03-15T09:43:53.456+0000] {dag.py:3069} INFO - Creating ORM DAG for example_python_decorator
[2024-03-15T09:43:53.466+0000] {logging_mixin.py:188} INFO - [2024-03-15T09:43:53.465+0000] {dag.py:3834} INFO - Setting next_dagrun for example_python_decorator to None, run_after=None
[2024-03-15T09:43:53.538+0000] {processor.py:183} INFO - Processing /home/airflow/.local/lib/python3.8/site-packages/airflow/example_dags/example_python_decorator.py took 0.793 seconds
[2024-03-15T09:44:24.495+0000] {processor.py:161} INFO - Started process (PID=102) to work on /home/airflow/.local/lib/python3.8/site-packages/airflow/example_dags/example_python_decorator.py
[2024-03-15T09:44:24.496+0000] {processor.py:830} INFO - Processing file /home/airflow/.local/lib/python3.8/site-packages/airflow/example_dags/example_python_decorator.py for tasks to queue
[2024-03-15T09:44:24.498+0000] {logging_mixin.py:188} INFO - [2024-03-15T09:44:24.498+0000] {dagbag.py:540} INFO - Filling up the DagBag from /home/airflow/.local/lib/python3.8/site-packages/airflow/example_dags/example_python_decorator.py
[2024-03-15T09:44:24.518+0000] {processor.py:840} INFO - DAG(s) 'example_python_decorator' retrieved from /home/airflow/.local/lib/python3.8/site-packages/airflow/example_dags/example_python_decorator.py
[2024-03-15T09:44:24.560+0000] {logging_mixin.py:188} INFO - [2024-03-15T09:44:24.560+0000] {dag.py:3047} INFO - Sync 1 DAGs
[2024-03-15T09:44:24.573+0000] {logging_mixin.py:188} INFO - [2024-03-15T09:44:24.573+0000] {dag.py:3834} INFO - Setting next_dagrun for example_python_decorator to None, run_after=None
[2024-03-15T09:44:24.600+0000] {processor.py:183} INFO - Processing /home/airflow/.local/lib/python3.8/site-packages/airflow/example_dags/example_python_decorator.py took 0.109 seconds
[2024-03-15T09:44:54.716+0000] {processor.py:161} INFO - Started process (PID=156) to work on /home/airflow/.local/lib/python3.8/site-packages/airflow/example_dags/example_python_decorator.py
[2024-03-15T09:44:54.721+0000] {processor.py:830} INFO - Processing file /home/airflow/.local/lib/python3.8/site-packages/airflow/example_dags/example_python_decorator.py for tasks to queue
[2024-03-15T09:44:54.727+0000] {logging_mixin.py:188} INFO - [2024-03-15T09:44:54.726+0000] {dagbag.py:540} INFO - Filling up the DagBag from /home/airflow/.local/lib/python3.8/site-packages/airflow/example_dags/example_python_decorator.py
[2024-03-15T09:44:54.803+0000] {processor.py:840} INFO - DAG(s) 'example_python_decorator' retrieved from /home/airflow/.local/lib/python3.8/site-packages/airflow/example_dags/example_python_decorator.py
[2024-03-15T09:44:54.846+0000] {logging_mixin.py:188} INFO - [2024-03-15T09:44:54.846+0000] {dag.py:3047} INFO - Sync 1 DAGs
[2024-03-15T09:44:54.862+0000] {logging_mixin.py:188} INFO - [2024-03-15T09:44:54.862+0000] {dag.py:3834} INFO - Setting next_dagrun for example_python_decorator to None, run_after=None
[2024-03-15T09:44:54.905+0000] {processor.py:183} INFO - Processing /home/airflow/.local/lib/python3.8/site-packages/airflow/example_dags/example_python_decorator.py took 0.195 seconds
[2024-03-15T09:45:26.022+0000] {processor.py:161} INFO - Started process (PID=211) to work on /home/airflow/.local/lib/python3.8/site-packages/airflow/example_dags/example_python_decorator.py
[2024-03-15T09:45:26.024+0000] {processor.py:830} INFO - Processing file /home/airflow/.local/lib/python3.8/site-packages/airflow/example_dags/example_python_decorator.py for tasks to queue
[2024-03-15T09:45:26.026+0000] {logging_mixin.py:188} INFO - [2024-03-15T09:45:26.026+0000] {dagbag.py:540} INFO - Filling up the DagBag from /home/airflow/.local/lib/python3.8/site-packages/airflow/example_dags/example_python_decorator.py
[2024-03-15T09:45:26.064+0000] {processor.py:840} INFO - DAG(s) 'example_python_decorator' retrieved from /home/airflow/.local/lib/python3.8/site-packages/airflow/example_dags/example_python_decorator.py
[2024-03-15T09:45:26.104+0000] {logging_mixin.py:188} INFO - [2024-03-15T09:45:26.103+0000] {dag.py:3047} INFO - Sync 1 DAGs
[2024-03-15T09:45:26.116+0000] {logging_mixin.py:188} INFO - [2024-03-15T09:45:26.116+0000] {dag.py:3834} INFO - Setting next_dagrun for example_python_decorator to None, run_after=None
[2024-03-15T09:45:26.132+0000] {processor.py:183} INFO - Processing /home/airflow/.local/lib/python3.8/site-packages/airflow/example_dags/example_python_decorator.py took 0.113 seconds
[2024-03-15T09:45:59.442+0000] {processor.py:161} INFO - Started process (PID=265) to work on /home/airflow/.local/lib/python3.8/site-packages/airflow/example_dags/example_python_decorator.py
[2024-03-15T09:45:59.448+0000] {processor.py:830} INFO - Processing file /home/airflow/.local/lib/python3.8/site-packages/airflow/example_dags/example_python_decorator.py for tasks to queue
[2024-03-15T09:45:59.452+0000] {logging_mixin.py:188} INFO - [2024-03-15T09:45:59.451+0000] {dagbag.py:540} INFO - Filling up the DagBag from /home/airflow/.local/lib/python3.8/site-packages/airflow/example_dags/example_python_decorator.py
[2024-03-15T09:45:59.519+0000] {processor.py:840} INFO - DAG(s) 'example_python_decorator' retrieved from /home/airflow/.local/lib/python3.8/site-packages/airflow/example_dags/example_python_decorator.py
[2024-03-15T09:45:59.585+0000] {logging_mixin.py:188} INFO - [2024-03-15T09:45:59.584+0000] {dag.py:3047} INFO - Sync 1 DAGs
[2024-03-15T09:45:59.703+0000] {logging_mixin.py:188} INFO - [2024-03-15T09:45:59.702+0000] {dag.py:3834} INFO - Setting next_dagrun for example_python_decorator to None, run_after=None
[2024-03-15T09:45:59.809+0000] {processor.py:183} INFO - Processing /home/airflow/.local/lib/python3.8/site-packages/airflow/example_dags/example_python_decorator.py took 0.396 seconds
[2024-03-15T09:46:32.436+0000] {processor.py:161} INFO - Started process (PID=320) to work on /home/airflow/.local/lib/python3.8/site-packages/airflow/example_dags/example_python_decorator.py
[2024-03-15T09:46:32.494+0000] {processor.py:830} INFO - Processing file /home/airflow/.local/lib/python3.8/site-packages/airflow/example_dags/example_python_decorator.py for tasks to queue
[2024-03-15T09:46:32.520+0000] {logging_mixin.py:188} INFO - [2024-03-15T09:46:32.518+0000] {dagbag.py:540} INFO - Filling up the DagBag from /home/airflow/.local/lib/python3.8/site-packages/airflow/example_dags/example_python_decorator.py
[2024-03-15T09:46:32.662+0000] {processor.py:840} INFO - DAG(s) 'example_python_decorator' retrieved from /home/airflow/.local/lib/python3.8/site-packages/airflow/example_dags/example_python_decorator.py
[2024-03-15T09:46:32.782+0000] {logging_mixin.py:188} INFO - [2024-03-15T09:46:32.782+0000] {dag.py:3047} INFO - Sync 1 DAGs
[2024-03-15T09:46:32.803+0000] {logging_mixin.py:188} INFO - [2024-03-15T09:46:32.802+0000] {dag.py:3834} INFO - Setting next_dagrun for example_python_decorator to None, run_after=None
[2024-03-15T09:46:32.835+0000] {processor.py:183} INFO - Processing /home/airflow/.local/lib/python3.8/site-packages/airflow/example_dags/example_python_decorator.py took 0.484 seconds
[2024-03-15T09:47:08.427+0000] {processor.py:161} INFO - Started process (PID=395) to work on /home/airflow/.local/lib/python3.8/site-packages/airflow/example_dags/example_python_decorator.py
[2024-03-15T09:47:08.456+0000] {processor.py:830} INFO - Processing file /home/airflow/.local/lib/python3.8/site-packages/airflow/example_dags/example_python_decorator.py for tasks to queue
[2024-03-15T09:47:08.473+0000] {logging_mixin.py:188} INFO - [2024-03-15T09:47:08.472+0000] {dagbag.py:540} INFO - Filling up the DagBag from /home/airflow/.local/lib/python3.8/site-packages/airflow/example_dags/example_python_decorator.py
[2024-03-15T09:47:08.618+0000] {processor.py:840} INFO - DAG(s) 'example_python_decorator' retrieved from /home/airflow/.local/lib/python3.8/site-packages/airflow/example_dags/example_python_decorator.py
[2024-03-15T09:47:09.064+0000] {logging_mixin.py:188} INFO - [2024-03-15T09:47:09.056+0000] {dag.py:3047} INFO - Sync 1 DAGs
[2024-03-15T09:47:09.249+0000] {logging_mixin.py:188} INFO - [2024-03-15T09:47:09.249+0000] {dag.py:3834} INFO - Setting next_dagrun for example_python_decorator to None, run_after=None
[2024-03-15T09:47:09.917+0000] {processor.py:183} INFO - Processing /home/airflow/.local/lib/python3.8/site-packages/airflow/example_dags/example_python_decorator.py took 1.511 seconds
[2024-03-15T09:48:03.179+0000] {processor.py:161} INFO - Started process (PID=455) to work on /home/airflow/.local/lib/python3.8/site-packages/airflow/example_dags/example_python_decorator.py
[2024-03-15T09:48:03.190+0000] {processor.py:830} INFO - Processing file /home/airflow/.local/lib/python3.8/site-packages/airflow/example_dags/example_python_decorator.py for tasks to queue
[2024-03-15T09:48:03.203+0000] {logging_mixin.py:188} INFO - [2024-03-15T09:48:03.202+0000] {dagbag.py:540} INFO - Filling up the DagBag from /home/airflow/.local/lib/python3.8/site-packages/airflow/example_dags/example_python_decorator.py
[2024-03-15T09:48:03.400+0000] {processor.py:840} INFO - DAG(s) 'example_python_decorator' retrieved from /home/airflow/.local/lib/python3.8/site-packages/airflow/example_dags/example_python_decorator.py
[2024-03-15T09:48:04.825+0000] {logging_mixin.py:188} INFO - [2024-03-15T09:48:04.763+0000] {dag.py:3047} INFO - Sync 1 DAGs
[2024-03-15T09:48:05.115+0000] {logging_mixin.py:188} INFO - [2024-03-15T09:48:05.082+0000] {dag.py:3834} INFO - Setting next_dagrun for example_python_decorator to None, run_after=None
[2024-03-15T09:48:05.306+0000] {processor.py:183} INFO - Processing /home/airflow/.local/lib/python3.8/site-packages/airflow/example_dags/example_python_decorator.py took 2.182 seconds
[2024-03-15T09:48:59.626+0000] {processor.py:161} INFO - Started process (PID=509) to work on /home/airflow/.local/lib/python3.8/site-packages/airflow/example_dags/example_python_decorator.py
[2024-03-15T09:48:59.629+0000] {processor.py:830} INFO - Processing file /home/airflow/.local/lib/python3.8/site-packages/airflow/example_dags/example_python_decorator.py for tasks to queue
[2024-03-15T09:48:59.632+0000] {logging_mixin.py:188} INFO - [2024-03-15T09:48:59.631+0000] {dagbag.py:540} INFO - Filling up the DagBag from /home/airflow/.local/lib/python3.8/site-packages/airflow/example_dags/example_python_decorator.py
[2024-03-15T09:48:59.677+0000] {processor.py:840} INFO - DAG(s) 'example_python_decorator' retrieved from /home/airflow/.local/lib/python3.8/site-packages/airflow/example_dags/example_python_decorator.py
[2024-03-15T09:48:59.802+0000] {logging_mixin.py:188} INFO - [2024-03-15T09:48:59.801+0000] {dag.py:3047} INFO - Sync 1 DAGs
[2024-03-15T09:48:59.869+0000] {logging_mixin.py:188} INFO - [2024-03-15T09:48:59.867+0000] {dag.py:3834} INFO - Setting next_dagrun for example_python_decorator to None, run_after=None
[2024-03-15T09:48:59.988+0000] {processor.py:183} INFO - Processing /home/airflow/.local/lib/python3.8/site-packages/airflow/example_dags/example_python_decorator.py took 0.380 seconds
