[2024-03-15T09:43:53.823+0000] {processor.py:161} INFO - Started process (PID=49) to work on /home/airflow/.local/lib/python3.8/site-packages/airflow/example_dags/example_local_kubernetes_executor.py
[2024-03-15T09:43:53.841+0000] {processor.py:830} INFO - Processing file /home/airflow/.local/lib/python3.8/site-packages/airflow/example_dags/example_local_kubernetes_executor.py for tasks to queue
[2024-03-15T09:43:53.855+0000] {logging_mixin.py:188} INFO - [2024-03-15T09:43:53.854+0000] {dagbag.py:540} INFO - Filling up the DagBag from /home/airflow/.local/lib/python3.8/site-packages/airflow/example_dags/example_local_kubernetes_executor.py
[2024-03-15T09:43:53.966+0000] {processor.py:840} INFO - DAG(s) 'example_local_kubernetes_executor' retrieved from /home/airflow/.local/lib/python3.8/site-packages/airflow/example_dags/example_local_kubernetes_executor.py
[2024-03-15T09:43:54.400+0000] {logging_mixin.py:188} INFO - [2024-03-15T09:43:54.398+0000] {override.py:1769} INFO - Created Permission View: can read on DAG:example_local_kubernetes_executor
[2024-03-15T09:43:54.463+0000] {logging_mixin.py:188} INFO - [2024-03-15T09:43:54.462+0000] {override.py:1769} INFO - Created Permission View: can edit on DAG:example_local_kubernetes_executor
[2024-03-15T09:43:54.490+0000] {logging_mixin.py:188} INFO - [2024-03-15T09:43:54.489+0000] {override.py:1769} INFO - Created Permission View: can delete on DAG:example_local_kubernetes_executor
[2024-03-15T09:43:54.496+0000] {logging_mixin.py:188} INFO - [2024-03-15T09:43:54.495+0000] {dag.py:3047} INFO - Sync 1 DAGs
[2024-03-15T09:43:54.561+0000] {logging_mixin.py:188} INFO - [2024-03-15T09:43:54.560+0000] {dag.py:3069} INFO - Creating ORM DAG for example_local_kubernetes_executor
[2024-03-15T09:43:54.567+0000] {logging_mixin.py:188} INFO - [2024-03-15T09:43:54.566+0000] {dag.py:3834} INFO - Setting next_dagrun for example_local_kubernetes_executor to None, run_after=None
[2024-03-15T09:43:54.643+0000] {processor.py:183} INFO - Processing /home/airflow/.local/lib/python3.8/site-packages/airflow/example_dags/example_local_kubernetes_executor.py took 0.931 seconds
[2024-03-15T09:44:25.581+0000] {processor.py:161} INFO - Started process (PID=104) to work on /home/airflow/.local/lib/python3.8/site-packages/airflow/example_dags/example_local_kubernetes_executor.py
[2024-03-15T09:44:25.584+0000] {processor.py:830} INFO - Processing file /home/airflow/.local/lib/python3.8/site-packages/airflow/example_dags/example_local_kubernetes_executor.py for tasks to queue
[2024-03-15T09:44:25.586+0000] {logging_mixin.py:188} INFO - [2024-03-15T09:44:25.586+0000] {dagbag.py:540} INFO - Filling up the DagBag from /home/airflow/.local/lib/python3.8/site-packages/airflow/example_dags/example_local_kubernetes_executor.py
[2024-03-15T09:44:25.621+0000] {processor.py:840} INFO - DAG(s) 'example_local_kubernetes_executor' retrieved from /home/airflow/.local/lib/python3.8/site-packages/airflow/example_dags/example_local_kubernetes_executor.py
[2024-03-15T09:44:25.773+0000] {logging_mixin.py:188} INFO - [2024-03-15T09:44:25.773+0000] {dag.py:3047} INFO - Sync 1 DAGs
[2024-03-15T09:44:25.788+0000] {logging_mixin.py:188} INFO - [2024-03-15T09:44:25.788+0000] {dag.py:3834} INFO - Setting next_dagrun for example_local_kubernetes_executor to None, run_after=None
[2024-03-15T09:44:25.825+0000] {processor.py:183} INFO - Processing /home/airflow/.local/lib/python3.8/site-packages/airflow/example_dags/example_local_kubernetes_executor.py took 0.248 seconds
[2024-03-15T09:44:56.070+0000] {processor.py:161} INFO - Started process (PID=157) to work on /home/airflow/.local/lib/python3.8/site-packages/airflow/example_dags/example_local_kubernetes_executor.py
[2024-03-15T09:44:56.075+0000] {processor.py:830} INFO - Processing file /home/airflow/.local/lib/python3.8/site-packages/airflow/example_dags/example_local_kubernetes_executor.py for tasks to queue
[2024-03-15T09:44:56.080+0000] {logging_mixin.py:188} INFO - [2024-03-15T09:44:56.080+0000] {dagbag.py:540} INFO - Filling up the DagBag from /home/airflow/.local/lib/python3.8/site-packages/airflow/example_dags/example_local_kubernetes_executor.py
[2024-03-15T09:44:56.214+0000] {processor.py:840} INFO - DAG(s) 'example_local_kubernetes_executor' retrieved from /home/airflow/.local/lib/python3.8/site-packages/airflow/example_dags/example_local_kubernetes_executor.py
[2024-03-15T09:44:56.503+0000] {logging_mixin.py:188} INFO - [2024-03-15T09:44:56.502+0000] {dag.py:3047} INFO - Sync 1 DAGs
[2024-03-15T09:44:56.544+0000] {logging_mixin.py:188} INFO - [2024-03-15T09:44:56.544+0000] {dag.py:3834} INFO - Setting next_dagrun for example_local_kubernetes_executor to None, run_after=None
[2024-03-15T09:44:56.623+0000] {processor.py:183} INFO - Processing /home/airflow/.local/lib/python3.8/site-packages/airflow/example_dags/example_local_kubernetes_executor.py took 0.620 seconds
[2024-03-15T09:45:27.218+0000] {processor.py:161} INFO - Started process (PID=212) to work on /home/airflow/.local/lib/python3.8/site-packages/airflow/example_dags/example_local_kubernetes_executor.py
[2024-03-15T09:45:27.222+0000] {processor.py:830} INFO - Processing file /home/airflow/.local/lib/python3.8/site-packages/airflow/example_dags/example_local_kubernetes_executor.py for tasks to queue
[2024-03-15T09:45:27.227+0000] {logging_mixin.py:188} INFO - [2024-03-15T09:45:27.226+0000] {dagbag.py:540} INFO - Filling up the DagBag from /home/airflow/.local/lib/python3.8/site-packages/airflow/example_dags/example_local_kubernetes_executor.py
[2024-03-15T09:45:27.304+0000] {processor.py:840} INFO - DAG(s) 'example_local_kubernetes_executor' retrieved from /home/airflow/.local/lib/python3.8/site-packages/airflow/example_dags/example_local_kubernetes_executor.py
[2024-03-15T09:45:27.500+0000] {logging_mixin.py:188} INFO - [2024-03-15T09:45:27.500+0000] {dag.py:3047} INFO - Sync 1 DAGs
[2024-03-15T09:45:27.512+0000] {logging_mixin.py:188} INFO - [2024-03-15T09:45:27.512+0000] {dag.py:3834} INFO - Setting next_dagrun for example_local_kubernetes_executor to None, run_after=None
[2024-03-15T09:45:27.558+0000] {processor.py:183} INFO - Processing /home/airflow/.local/lib/python3.8/site-packages/airflow/example_dags/example_local_kubernetes_executor.py took 0.373 seconds
[2024-03-15T09:45:59.466+0000] {processor.py:161} INFO - Started process (PID=266) to work on /home/airflow/.local/lib/python3.8/site-packages/airflow/example_dags/example_local_kubernetes_executor.py
[2024-03-15T09:45:59.468+0000] {processor.py:830} INFO - Processing file /home/airflow/.local/lib/python3.8/site-packages/airflow/example_dags/example_local_kubernetes_executor.py for tasks to queue
[2024-03-15T09:45:59.483+0000] {logging_mixin.py:188} INFO - [2024-03-15T09:45:59.483+0000] {dagbag.py:540} INFO - Filling up the DagBag from /home/airflow/.local/lib/python3.8/site-packages/airflow/example_dags/example_local_kubernetes_executor.py
[2024-03-15T09:45:59.520+0000] {processor.py:840} INFO - DAG(s) 'example_local_kubernetes_executor' retrieved from /home/airflow/.local/lib/python3.8/site-packages/airflow/example_dags/example_local_kubernetes_executor.py
[2024-03-15T09:45:59.618+0000] {logging_mixin.py:188} INFO - [2024-03-15T09:45:59.618+0000] {dag.py:3047} INFO - Sync 1 DAGs
[2024-03-15T09:45:59.703+0000] {logging_mixin.py:188} INFO - [2024-03-15T09:45:59.703+0000] {dag.py:3834} INFO - Setting next_dagrun for example_local_kubernetes_executor to None, run_after=None
[2024-03-15T09:45:59.809+0000] {processor.py:183} INFO - Processing /home/airflow/.local/lib/python3.8/site-packages/airflow/example_dags/example_local_kubernetes_executor.py took 0.358 seconds
[2024-03-15T09:46:32.886+0000] {processor.py:161} INFO - Started process (PID=321) to work on /home/airflow/.local/lib/python3.8/site-packages/airflow/example_dags/example_local_kubernetes_executor.py
[2024-03-15T09:46:32.889+0000] {processor.py:830} INFO - Processing file /home/airflow/.local/lib/python3.8/site-packages/airflow/example_dags/example_local_kubernetes_executor.py for tasks to queue
[2024-03-15T09:46:32.891+0000] {logging_mixin.py:188} INFO - [2024-03-15T09:46:32.891+0000] {dagbag.py:540} INFO - Filling up the DagBag from /home/airflow/.local/lib/python3.8/site-packages/airflow/example_dags/example_local_kubernetes_executor.py
[2024-03-15T09:46:32.929+0000] {processor.py:840} INFO - DAG(s) 'example_local_kubernetes_executor' retrieved from /home/airflow/.local/lib/python3.8/site-packages/airflow/example_dags/example_local_kubernetes_executor.py
[2024-03-15T09:46:33.025+0000] {logging_mixin.py:188} INFO - [2024-03-15T09:46:33.025+0000] {dag.py:3047} INFO - Sync 1 DAGs
[2024-03-15T09:46:33.042+0000] {logging_mixin.py:188} INFO - [2024-03-15T09:46:33.042+0000] {dag.py:3834} INFO - Setting next_dagrun for example_local_kubernetes_executor to None, run_after=None
[2024-03-15T09:46:33.054+0000] {processor.py:183} INFO - Processing /home/airflow/.local/lib/python3.8/site-packages/airflow/example_dags/example_local_kubernetes_executor.py took 0.174 seconds
[2024-03-15T09:47:11.023+0000] {processor.py:161} INFO - Started process (PID=397) to work on /home/airflow/.local/lib/python3.8/site-packages/airflow/example_dags/example_local_kubernetes_executor.py
[2024-03-15T09:47:11.043+0000] {processor.py:830} INFO - Processing file /home/airflow/.local/lib/python3.8/site-packages/airflow/example_dags/example_local_kubernetes_executor.py for tasks to queue
[2024-03-15T09:47:11.066+0000] {logging_mixin.py:188} INFO - [2024-03-15T09:47:11.064+0000] {dagbag.py:540} INFO - Filling up the DagBag from /home/airflow/.local/lib/python3.8/site-packages/airflow/example_dags/example_local_kubernetes_executor.py
[2024-03-15T09:47:11.255+0000] {processor.py:840} INFO - DAG(s) 'example_local_kubernetes_executor' retrieved from /home/airflow/.local/lib/python3.8/site-packages/airflow/example_dags/example_local_kubernetes_executor.py
[2024-03-15T09:47:11.650+0000] {logging_mixin.py:188} INFO - [2024-03-15T09:47:11.647+0000] {dag.py:3047} INFO - Sync 1 DAGs
[2024-03-15T09:47:11.835+0000] {logging_mixin.py:188} INFO - [2024-03-15T09:47:11.834+0000] {dag.py:3834} INFO - Setting next_dagrun for example_local_kubernetes_executor to None, run_after=None
[2024-03-15T09:47:12.046+0000] {processor.py:183} INFO - Processing /home/airflow/.local/lib/python3.8/site-packages/airflow/example_dags/example_local_kubernetes_executor.py took 1.066 seconds
[2024-03-15T09:48:06.352+0000] {processor.py:161} INFO - Started process (PID=457) to work on /home/airflow/.local/lib/python3.8/site-packages/airflow/example_dags/example_local_kubernetes_executor.py
[2024-03-15T09:48:06.384+0000] {processor.py:830} INFO - Processing file /home/airflow/.local/lib/python3.8/site-packages/airflow/example_dags/example_local_kubernetes_executor.py for tasks to queue
[2024-03-15T09:48:06.434+0000] {logging_mixin.py:188} INFO - [2024-03-15T09:48:06.424+0000] {dagbag.py:540} INFO - Filling up the DagBag from /home/airflow/.local/lib/python3.8/site-packages/airflow/example_dags/example_local_kubernetes_executor.py
[2024-03-15T09:48:06.647+0000] {processor.py:840} INFO - DAG(s) 'example_local_kubernetes_executor' retrieved from /home/airflow/.local/lib/python3.8/site-packages/airflow/example_dags/example_local_kubernetes_executor.py
[2024-03-15T09:48:07.863+0000] {logging_mixin.py:188} INFO - [2024-03-15T09:48:07.831+0000] {dag.py:3047} INFO - Sync 1 DAGs
[2024-03-15T09:48:07.966+0000] {logging_mixin.py:188} INFO - [2024-03-15T09:48:07.965+0000] {dag.py:3834} INFO - Setting next_dagrun for example_local_kubernetes_executor to None, run_after=None
[2024-03-15T09:48:08.105+0000] {processor.py:183} INFO - Processing /home/airflow/.local/lib/python3.8/site-packages/airflow/example_dags/example_local_kubernetes_executor.py took 1.873 seconds
[2024-03-15T09:49:02.337+0000] {processor.py:161} INFO - Started process (PID=511) to work on /home/airflow/.local/lib/python3.8/site-packages/airflow/example_dags/example_local_kubernetes_executor.py
[2024-03-15T09:49:02.342+0000] {processor.py:830} INFO - Processing file /home/airflow/.local/lib/python3.8/site-packages/airflow/example_dags/example_local_kubernetes_executor.py for tasks to queue
[2024-03-15T09:49:02.346+0000] {logging_mixin.py:188} INFO - [2024-03-15T09:49:02.345+0000] {dagbag.py:540} INFO - Filling up the DagBag from /home/airflow/.local/lib/python3.8/site-packages/airflow/example_dags/example_local_kubernetes_executor.py
[2024-03-15T09:49:02.423+0000] {processor.py:840} INFO - DAG(s) 'example_local_kubernetes_executor' retrieved from /home/airflow/.local/lib/python3.8/site-packages/airflow/example_dags/example_local_kubernetes_executor.py
[2024-03-15T09:49:02.680+0000] {logging_mixin.py:188} INFO - [2024-03-15T09:49:02.679+0000] {dag.py:3047} INFO - Sync 1 DAGs
[2024-03-15T09:49:02.756+0000] {logging_mixin.py:188} INFO - [2024-03-15T09:49:02.755+0000] {dag.py:3834} INFO - Setting next_dagrun for example_local_kubernetes_executor to None, run_after=None
[2024-03-15T09:49:02.831+0000] {processor.py:183} INFO - Processing /home/airflow/.local/lib/python3.8/site-packages/airflow/example_dags/example_local_kubernetes_executor.py took 0.514 seconds
