[2024-03-15T09:43:49.003+0000] {processor.py:161} INFO - Started process (PID=35) to work on /home/airflow/.local/lib/python3.8/site-packages/airflow/example_dags/example_branch_python_dop_operator_3.py
[2024-03-15T09:43:49.010+0000] {processor.py:830} INFO - Processing file /home/airflow/.local/lib/python3.8/site-packages/airflow/example_dags/example_branch_python_dop_operator_3.py for tasks to queue
[2024-03-15T09:43:49.020+0000] {logging_mixin.py:188} INFO - [2024-03-15T09:43:49.020+0000] {dagbag.py:540} INFO - Filling up the DagBag from /home/airflow/.local/lib/python3.8/site-packages/airflow/example_dags/example_branch_python_dop_operator_3.py
[2024-03-15T09:43:49.067+0000] {processor.py:840} INFO - DAG(s) 'example_branch_dop_operator_v3' retrieved from /home/airflow/.local/lib/python3.8/site-packages/airflow/example_dags/example_branch_python_dop_operator_3.py
[2024-03-15T09:43:49.566+0000] {logging_mixin.py:188} INFO - [2024-03-15T09:43:49.565+0000] {override.py:1769} INFO - Created Permission View: can read on DAG:example_branch_dop_operator_v3
[2024-03-15T09:43:49.587+0000] {logging_mixin.py:188} INFO - [2024-03-15T09:43:49.587+0000] {override.py:1769} INFO - Created Permission View: can edit on DAG:example_branch_dop_operator_v3
[2024-03-15T09:43:49.602+0000] {logging_mixin.py:188} INFO - [2024-03-15T09:43:49.601+0000] {override.py:1769} INFO - Created Permission View: can delete on DAG:example_branch_dop_operator_v3
[2024-03-15T09:43:49.606+0000] {logging_mixin.py:188} INFO - [2024-03-15T09:43:49.606+0000] {dag.py:3047} INFO - Sync 1 DAGs
[2024-03-15T09:43:49.629+0000] {logging_mixin.py:188} INFO - [2024-03-15T09:43:49.628+0000] {dag.py:3069} INFO - Creating ORM DAG for example_branch_dop_operator_v3
[2024-03-15T09:43:49.648+0000] {logging_mixin.py:188} INFO - [2024-03-15T09:43:49.648+0000] {dag.py:3834} INFO - Setting next_dagrun for example_branch_dop_operator_v3 to 2024-03-15 09:42:00+00:00, run_after=2024-03-15 09:43:00+00:00
[2024-03-15T09:43:49.757+0000] {processor.py:183} INFO - Processing /home/airflow/.local/lib/python3.8/site-packages/airflow/example_dags/example_branch_python_dop_operator_3.py took 0.772 seconds
[2024-03-15T09:44:19.892+0000] {processor.py:161} INFO - Started process (PID=89) to work on /home/airflow/.local/lib/python3.8/site-packages/airflow/example_dags/example_branch_python_dop_operator_3.py
[2024-03-15T09:44:19.897+0000] {processor.py:830} INFO - Processing file /home/airflow/.local/lib/python3.8/site-packages/airflow/example_dags/example_branch_python_dop_operator_3.py for tasks to queue
[2024-03-15T09:44:19.898+0000] {logging_mixin.py:188} INFO - [2024-03-15T09:44:19.898+0000] {dagbag.py:540} INFO - Filling up the DagBag from /home/airflow/.local/lib/python3.8/site-packages/airflow/example_dags/example_branch_python_dop_operator_3.py
[2024-03-15T09:44:19.911+0000] {processor.py:840} INFO - DAG(s) 'example_branch_dop_operator_v3' retrieved from /home/airflow/.local/lib/python3.8/site-packages/airflow/example_dags/example_branch_python_dop_operator_3.py
[2024-03-15T09:44:19.924+0000] {logging_mixin.py:188} INFO - [2024-03-15T09:44:19.923+0000] {dag.py:3047} INFO - Sync 1 DAGs
[2024-03-15T09:44:19.937+0000] {logging_mixin.py:188} INFO - [2024-03-15T09:44:19.937+0000] {dag.py:3834} INFO - Setting next_dagrun for example_branch_dop_operator_v3 to 2024-03-15 09:43:00+00:00, run_after=2024-03-15 09:44:00+00:00
[2024-03-15T09:44:19.952+0000] {processor.py:183} INFO - Processing /home/airflow/.local/lib/python3.8/site-packages/airflow/example_dags/example_branch_python_dop_operator_3.py took 0.062 seconds
[2024-03-15T09:44:50.436+0000] {processor.py:161} INFO - Started process (PID=144) to work on /home/airflow/.local/lib/python3.8/site-packages/airflow/example_dags/example_branch_python_dop_operator_3.py
[2024-03-15T09:44:50.444+0000] {processor.py:830} INFO - Processing file /home/airflow/.local/lib/python3.8/site-packages/airflow/example_dags/example_branch_python_dop_operator_3.py for tasks to queue
[2024-03-15T09:44:50.473+0000] {logging_mixin.py:188} INFO - [2024-03-15T09:44:50.469+0000] {dagbag.py:540} INFO - Filling up the DagBag from /home/airflow/.local/lib/python3.8/site-packages/airflow/example_dags/example_branch_python_dop_operator_3.py
[2024-03-15T09:44:50.652+0000] {processor.py:840} INFO - DAG(s) 'example_branch_dop_operator_v3' retrieved from /home/airflow/.local/lib/python3.8/site-packages/airflow/example_dags/example_branch_python_dop_operator_3.py
[2024-03-15T09:44:51.156+0000] {logging_mixin.py:188} INFO - [2024-03-15T09:44:51.148+0000] {dag.py:3047} INFO - Sync 1 DAGs
[2024-03-15T09:44:51.410+0000] {logging_mixin.py:188} INFO - [2024-03-15T09:44:51.410+0000] {dag.py:3834} INFO - Setting next_dagrun for example_branch_dop_operator_v3 to 2024-03-15 09:43:00+00:00, run_after=2024-03-15 09:44:00+00:00
[2024-03-15T09:44:51.491+0000] {processor.py:183} INFO - Processing /home/airflow/.local/lib/python3.8/site-packages/airflow/example_dags/example_branch_python_dop_operator_3.py took 1.073 seconds
[2024-03-15T09:45:22.518+0000] {processor.py:161} INFO - Started process (PID=198) to work on /home/airflow/.local/lib/python3.8/site-packages/airflow/example_dags/example_branch_python_dop_operator_3.py
[2024-03-15T09:45:22.536+0000] {processor.py:830} INFO - Processing file /home/airflow/.local/lib/python3.8/site-packages/airflow/example_dags/example_branch_python_dop_operator_3.py for tasks to queue
[2024-03-15T09:45:22.620+0000] {logging_mixin.py:188} INFO - [2024-03-15T09:45:22.606+0000] {dagbag.py:540} INFO - Filling up the DagBag from /home/airflow/.local/lib/python3.8/site-packages/airflow/example_dags/example_branch_python_dop_operator_3.py
[2024-03-15T09:45:22.923+0000] {processor.py:840} INFO - DAG(s) 'example_branch_dop_operator_v3' retrieved from /home/airflow/.local/lib/python3.8/site-packages/airflow/example_dags/example_branch_python_dop_operator_3.py
[2024-03-15T09:45:23.302+0000] {logging_mixin.py:188} INFO - [2024-03-15T09:45:23.300+0000] {dag.py:3047} INFO - Sync 1 DAGs
[2024-03-15T09:45:23.823+0000] {logging_mixin.py:188} INFO - [2024-03-15T09:45:23.822+0000] {dag.py:3834} INFO - Setting next_dagrun for example_branch_dop_operator_v3 to 2024-03-15 09:44:00+00:00, run_after=2024-03-15 09:45:00+00:00
[2024-03-15T09:45:23.957+0000] {processor.py:183} INFO - Processing /home/airflow/.local/lib/python3.8/site-packages/airflow/example_dags/example_branch_python_dop_operator_3.py took 1.505 seconds
[2024-03-15T09:45:55.072+0000] {processor.py:161} INFO - Started process (PID=253) to work on /home/airflow/.local/lib/python3.8/site-packages/airflow/example_dags/example_branch_python_dop_operator_3.py
[2024-03-15T09:45:55.083+0000] {processor.py:830} INFO - Processing file /home/airflow/.local/lib/python3.8/site-packages/airflow/example_dags/example_branch_python_dop_operator_3.py for tasks to queue
[2024-03-15T09:45:55.107+0000] {logging_mixin.py:188} INFO - [2024-03-15T09:45:55.103+0000] {dagbag.py:540} INFO - Filling up the DagBag from /home/airflow/.local/lib/python3.8/site-packages/airflow/example_dags/example_branch_python_dop_operator_3.py
[2024-03-15T09:45:55.468+0000] {processor.py:840} INFO - DAG(s) 'example_branch_dop_operator_v3' retrieved from /home/airflow/.local/lib/python3.8/site-packages/airflow/example_dags/example_branch_python_dop_operator_3.py
[2024-03-15T09:45:55.902+0000] {logging_mixin.py:188} INFO - [2024-03-15T09:45:55.899+0000] {dag.py:3047} INFO - Sync 1 DAGs
[2024-03-15T09:45:56.110+0000] {logging_mixin.py:188} INFO - [2024-03-15T09:45:56.109+0000] {dag.py:3834} INFO - Setting next_dagrun for example_branch_dop_operator_v3 to 2024-03-15 09:44:00+00:00, run_after=2024-03-15 09:45:00+00:00
[2024-03-15T09:45:56.203+0000] {processor.py:183} INFO - Processing /home/airflow/.local/lib/python3.8/site-packages/airflow/example_dags/example_branch_python_dop_operator_3.py took 1.170 seconds
[2024-03-15T09:46:26.767+0000] {processor.py:161} INFO - Started process (PID=305) to work on /home/airflow/.local/lib/python3.8/site-packages/airflow/example_dags/example_branch_python_dop_operator_3.py
[2024-03-15T09:46:26.795+0000] {processor.py:830} INFO - Processing file /home/airflow/.local/lib/python3.8/site-packages/airflow/example_dags/example_branch_python_dop_operator_3.py for tasks to queue
[2024-03-15T09:46:26.858+0000] {logging_mixin.py:188} INFO - [2024-03-15T09:46:26.852+0000] {dagbag.py:540} INFO - Filling up the DagBag from /home/airflow/.local/lib/python3.8/site-packages/airflow/example_dags/example_branch_python_dop_operator_3.py
[2024-03-15T09:46:27.109+0000] {processor.py:840} INFO - DAG(s) 'example_branch_dop_operator_v3' retrieved from /home/airflow/.local/lib/python3.8/site-packages/airflow/example_dags/example_branch_python_dop_operator_3.py
[2024-03-15T09:46:27.426+0000] {logging_mixin.py:188} INFO - [2024-03-15T09:46:27.426+0000] {dag.py:3047} INFO - Sync 1 DAGs
[2024-03-15T09:46:27.617+0000] {logging_mixin.py:188} INFO - [2024-03-15T09:46:27.615+0000] {dag.py:3834} INFO - Setting next_dagrun for example_branch_dop_operator_v3 to 2024-03-15 09:45:00+00:00, run_after=2024-03-15 09:46:00+00:00
[2024-03-15T09:46:27.643+0000] {processor.py:183} INFO - Processing /home/airflow/.local/lib/python3.8/site-packages/airflow/example_dags/example_branch_python_dop_operator_3.py took 0.965 seconds
[2024-03-15T09:47:03.574+0000] {processor.py:161} INFO - Started process (PID=388) to work on /home/airflow/.local/lib/python3.8/site-packages/airflow/example_dags/example_branch_python_dop_operator_3.py
[2024-03-15T09:47:03.609+0000] {processor.py:830} INFO - Processing file /home/airflow/.local/lib/python3.8/site-packages/airflow/example_dags/example_branch_python_dop_operator_3.py for tasks to queue
[2024-03-15T09:47:03.691+0000] {logging_mixin.py:188} INFO - [2024-03-15T09:47:03.662+0000] {dagbag.py:540} INFO - Filling up the DagBag from /home/airflow/.local/lib/python3.8/site-packages/airflow/example_dags/example_branch_python_dop_operator_3.py
[2024-03-15T09:47:04.167+0000] {processor.py:840} INFO - DAG(s) 'example_branch_dop_operator_v3' retrieved from /home/airflow/.local/lib/python3.8/site-packages/airflow/example_dags/example_branch_python_dop_operator_3.py
[2024-03-15T09:47:04.541+0000] {logging_mixin.py:188} INFO - [2024-03-15T09:47:04.539+0000] {dag.py:3047} INFO - Sync 1 DAGs
[2024-03-15T09:47:04.761+0000] {logging_mixin.py:188} INFO - [2024-03-15T09:47:04.755+0000] {dag.py:3834} INFO - Setting next_dagrun for example_branch_dop_operator_v3 to 2024-03-15 09:46:00+00:00, run_after=2024-03-15 09:47:00+00:00
[2024-03-15T09:47:04.903+0000] {processor.py:183} INFO - Processing /home/airflow/.local/lib/python3.8/site-packages/airflow/example_dags/example_branch_python_dop_operator_3.py took 1.433 seconds
[2024-03-15T09:47:59.656+0000] {processor.py:161} INFO - Started process (PID=443) to work on /home/airflow/.local/lib/python3.8/site-packages/airflow/example_dags/example_branch_python_dop_operator_3.py
[2024-03-15T09:47:59.664+0000] {processor.py:830} INFO - Processing file /home/airflow/.local/lib/python3.8/site-packages/airflow/example_dags/example_branch_python_dop_operator_3.py for tasks to queue
[2024-03-15T09:47:59.674+0000] {logging_mixin.py:188} INFO - [2024-03-15T09:47:59.672+0000] {dagbag.py:540} INFO - Filling up the DagBag from /home/airflow/.local/lib/python3.8/site-packages/airflow/example_dags/example_branch_python_dop_operator_3.py
[2024-03-15T09:47:59.704+0000] {processor.py:840} INFO - DAG(s) 'example_branch_dop_operator_v3' retrieved from /home/airflow/.local/lib/python3.8/site-packages/airflow/example_dags/example_branch_python_dop_operator_3.py
[2024-03-15T09:47:59.796+0000] {logging_mixin.py:188} INFO - [2024-03-15T09:47:59.795+0000] {dag.py:3047} INFO - Sync 1 DAGs
[2024-03-15T09:47:59.872+0000] {logging_mixin.py:188} INFO - [2024-03-15T09:47:59.871+0000] {dag.py:3834} INFO - Setting next_dagrun for example_branch_dop_operator_v3 to 2024-03-15 09:46:00+00:00, run_after=2024-03-15 09:47:00+00:00
[2024-03-15T09:47:59.948+0000] {processor.py:183} INFO - Processing /home/airflow/.local/lib/python3.8/site-packages/airflow/example_dags/example_branch_python_dop_operator_3.py took 0.302 seconds
[2024-03-15T09:48:37.037+0000] {processor.py:161} INFO - Started process (PID=482) to work on /home/airflow/.local/lib/python3.8/site-packages/airflow/example_dags/example_branch_python_dop_operator_3.py
[2024-03-15T09:48:37.087+0000] {processor.py:830} INFO - Processing file /home/airflow/.local/lib/python3.8/site-packages/airflow/example_dags/example_branch_python_dop_operator_3.py for tasks to queue
[2024-03-15T09:48:37.176+0000] {logging_mixin.py:188} INFO - [2024-03-15T09:48:37.142+0000] {dagbag.py:540} INFO - Filling up the DagBag from /home/airflow/.local/lib/python3.8/site-packages/airflow/example_dags/example_branch_python_dop_operator_3.py
[2024-03-15T09:48:38.623+0000] {processor.py:840} INFO - DAG(s) 'example_branch_dop_operator_v3' retrieved from /home/airflow/.local/lib/python3.8/site-packages/airflow/example_dags/example_branch_python_dop_operator_3.py
[2024-03-15T09:48:43.750+0000] {logging_mixin.py:188} INFO - [2024-03-15T09:48:43.721+0000] {dag.py:3047} INFO - Sync 1 DAGs
[2024-03-15T09:48:44.273+0000] {logging_mixin.py:188} INFO - [2024-03-15T09:48:44.226+0000] {dag.py:3834} INFO - Setting next_dagrun for example_branch_dop_operator_v3 to 2024-03-15 09:47:00+00:00, run_after=2024-03-15 09:48:00+00:00
[2024-03-15T09:48:44.755+0000] {processor.py:183} INFO - Processing /home/airflow/.local/lib/python3.8/site-packages/airflow/example_dags/example_branch_python_dop_operator_3.py took 7.799 seconds
