[2024-03-15T09:44:05.935+0000] {processor.py:161} INFO - Started process (PID=72) to work on /home/airflow/.local/lib/python3.8/site-packages/airflow/example_dags/example_latest_only.py
[2024-03-15T09:44:05.941+0000] {processor.py:830} INFO - Processing file /home/airflow/.local/lib/python3.8/site-packages/airflow/example_dags/example_latest_only.py for tasks to queue
[2024-03-15T09:44:05.949+0000] {logging_mixin.py:188} INFO - [2024-03-15T09:44:05.948+0000] {dagbag.py:540} INFO - Filling up the DagBag from /home/airflow/.local/lib/python3.8/site-packages/airflow/example_dags/example_latest_only.py
[2024-03-15T09:44:05.963+0000] {processor.py:840} INFO - DAG(s) 'latest_only' retrieved from /home/airflow/.local/lib/python3.8/site-packages/airflow/example_dags/example_latest_only.py
[2024-03-15T09:44:06.147+0000] {logging_mixin.py:188} INFO - [2024-03-15T09:44:06.146+0000] {override.py:1769} INFO - Created Permission View: can read on DAG:latest_only
[2024-03-15T09:44:06.160+0000] {logging_mixin.py:188} INFO - [2024-03-15T09:44:06.160+0000] {override.py:1769} INFO - Created Permission View: can edit on DAG:latest_only
[2024-03-15T09:44:06.173+0000] {logging_mixin.py:188} INFO - [2024-03-15T09:44:06.172+0000] {override.py:1769} INFO - Created Permission View: can delete on DAG:latest_only
[2024-03-15T09:44:06.174+0000] {logging_mixin.py:188} INFO - [2024-03-15T09:44:06.173+0000] {dag.py:3047} INFO - Sync 1 DAGs
[2024-03-15T09:44:06.190+0000] {logging_mixin.py:188} INFO - [2024-03-15T09:44:06.189+0000] {dag.py:3069} INFO - Creating ORM DAG for latest_only
[2024-03-15T09:44:06.203+0000] {logging_mixin.py:188} INFO - [2024-03-15T09:44:06.203+0000] {dag.py:3834} INFO - Setting next_dagrun for latest_only to 2024-03-15 04:00:00+00:00, run_after=2024-03-15 08:00:00+00:00
[2024-03-15T09:44:06.229+0000] {processor.py:183} INFO - Processing /home/airflow/.local/lib/python3.8/site-packages/airflow/example_dags/example_latest_only.py took 0.297 seconds
[2024-03-15T09:44:36.535+0000] {processor.py:161} INFO - Started process (PID=127) to work on /home/airflow/.local/lib/python3.8/site-packages/airflow/example_dags/example_latest_only.py
[2024-03-15T09:44:36.548+0000] {processor.py:830} INFO - Processing file /home/airflow/.local/lib/python3.8/site-packages/airflow/example_dags/example_latest_only.py for tasks to queue
[2024-03-15T09:44:36.558+0000] {logging_mixin.py:188} INFO - [2024-03-15T09:44:36.557+0000] {dagbag.py:540} INFO - Filling up the DagBag from /home/airflow/.local/lib/python3.8/site-packages/airflow/example_dags/example_latest_only.py
[2024-03-15T09:44:36.589+0000] {processor.py:840} INFO - DAG(s) 'latest_only' retrieved from /home/airflow/.local/lib/python3.8/site-packages/airflow/example_dags/example_latest_only.py
[2024-03-15T09:44:36.714+0000] {logging_mixin.py:188} INFO - [2024-03-15T09:44:36.714+0000] {dag.py:3047} INFO - Sync 1 DAGs
[2024-03-15T09:44:36.788+0000] {logging_mixin.py:188} INFO - [2024-03-15T09:44:36.787+0000] {dag.py:3834} INFO - Setting next_dagrun for latest_only to 2024-03-15 04:00:00+00:00, run_after=2024-03-15 08:00:00+00:00
[2024-03-15T09:44:36.851+0000] {processor.py:183} INFO - Processing /home/airflow/.local/lib/python3.8/site-packages/airflow/example_dags/example_latest_only.py took 0.322 seconds
[2024-03-15T09:45:09.271+0000] {processor.py:161} INFO - Started process (PID=181) to work on /home/airflow/.local/lib/python3.8/site-packages/airflow/example_dags/example_latest_only.py
[2024-03-15T09:45:09.283+0000] {processor.py:830} INFO - Processing file /home/airflow/.local/lib/python3.8/site-packages/airflow/example_dags/example_latest_only.py for tasks to queue
[2024-03-15T09:45:09.293+0000] {logging_mixin.py:188} INFO - [2024-03-15T09:45:09.292+0000] {dagbag.py:540} INFO - Filling up the DagBag from /home/airflow/.local/lib/python3.8/site-packages/airflow/example_dags/example_latest_only.py
[2024-03-15T09:45:09.305+0000] {processor.py:840} INFO - DAG(s) 'latest_only' retrieved from /home/airflow/.local/lib/python3.8/site-packages/airflow/example_dags/example_latest_only.py
[2024-03-15T09:45:09.364+0000] {logging_mixin.py:188} INFO - [2024-03-15T09:45:09.363+0000] {dag.py:3047} INFO - Sync 1 DAGs
[2024-03-15T09:45:09.442+0000] {logging_mixin.py:188} INFO - [2024-03-15T09:45:09.441+0000] {dag.py:3834} INFO - Setting next_dagrun for latest_only to 2024-03-15 04:00:00+00:00, run_after=2024-03-15 08:00:00+00:00
[2024-03-15T09:45:09.496+0000] {processor.py:183} INFO - Processing /home/airflow/.local/lib/python3.8/site-packages/airflow/example_dags/example_latest_only.py took 0.237 seconds
[2024-03-15T09:45:39.734+0000] {processor.py:161} INFO - Started process (PID=236) to work on /home/airflow/.local/lib/python3.8/site-packages/airflow/example_dags/example_latest_only.py
[2024-03-15T09:45:39.737+0000] {processor.py:830} INFO - Processing file /home/airflow/.local/lib/python3.8/site-packages/airflow/example_dags/example_latest_only.py for tasks to queue
[2024-03-15T09:45:39.739+0000] {logging_mixin.py:188} INFO - [2024-03-15T09:45:39.738+0000] {dagbag.py:540} INFO - Filling up the DagBag from /home/airflow/.local/lib/python3.8/site-packages/airflow/example_dags/example_latest_only.py
[2024-03-15T09:45:39.752+0000] {processor.py:840} INFO - DAG(s) 'latest_only' retrieved from /home/airflow/.local/lib/python3.8/site-packages/airflow/example_dags/example_latest_only.py
[2024-03-15T09:45:39.792+0000] {logging_mixin.py:188} INFO - [2024-03-15T09:45:39.792+0000] {dag.py:3047} INFO - Sync 1 DAGs
[2024-03-15T09:45:39.819+0000] {logging_mixin.py:188} INFO - [2024-03-15T09:45:39.818+0000] {dag.py:3834} INFO - Setting next_dagrun for latest_only to 2024-03-15 04:00:00+00:00, run_after=2024-03-15 08:00:00+00:00
[2024-03-15T09:45:39.835+0000] {processor.py:183} INFO - Processing /home/airflow/.local/lib/python3.8/site-packages/airflow/example_dags/example_latest_only.py took 0.103 seconds
[2024-03-15T09:46:11.643+0000] {processor.py:161} INFO - Started process (PID=290) to work on /home/airflow/.local/lib/python3.8/site-packages/airflow/example_dags/example_latest_only.py
[2024-03-15T09:46:11.646+0000] {processor.py:830} INFO - Processing file /home/airflow/.local/lib/python3.8/site-packages/airflow/example_dags/example_latest_only.py for tasks to queue
[2024-03-15T09:46:11.649+0000] {logging_mixin.py:188} INFO - [2024-03-15T09:46:11.649+0000] {dagbag.py:540} INFO - Filling up the DagBag from /home/airflow/.local/lib/python3.8/site-packages/airflow/example_dags/example_latest_only.py
[2024-03-15T09:46:11.655+0000] {processor.py:840} INFO - DAG(s) 'latest_only' retrieved from /home/airflow/.local/lib/python3.8/site-packages/airflow/example_dags/example_latest_only.py
[2024-03-15T09:46:11.682+0000] {logging_mixin.py:188} INFO - [2024-03-15T09:46:11.682+0000] {dag.py:3047} INFO - Sync 1 DAGs
[2024-03-15T09:46:11.716+0000] {logging_mixin.py:188} INFO - [2024-03-15T09:46:11.716+0000] {dag.py:3834} INFO - Setting next_dagrun for latest_only to 2024-03-15 04:00:00+00:00, run_after=2024-03-15 08:00:00+00:00
[2024-03-15T09:46:11.751+0000] {processor.py:183} INFO - Processing /home/airflow/.local/lib/python3.8/site-packages/airflow/example_dags/example_latest_only.py took 0.118 seconds
[2024-03-15T09:46:51.231+0000] {processor.py:161} INFO - Started process (PID=354) to work on /home/airflow/.local/lib/python3.8/site-packages/airflow/example_dags/example_latest_only.py
[2024-03-15T09:46:51.235+0000] {processor.py:830} INFO - Processing file /home/airflow/.local/lib/python3.8/site-packages/airflow/example_dags/example_latest_only.py for tasks to queue
[2024-03-15T09:46:51.247+0000] {logging_mixin.py:188} INFO - [2024-03-15T09:46:51.245+0000] {dagbag.py:540} INFO - Filling up the DagBag from /home/airflow/.local/lib/python3.8/site-packages/airflow/example_dags/example_latest_only.py
[2024-03-15T09:46:51.359+0000] {processor.py:840} INFO - DAG(s) 'latest_only' retrieved from /home/airflow/.local/lib/python3.8/site-packages/airflow/example_dags/example_latest_only.py
[2024-03-15T09:46:51.889+0000] {logging_mixin.py:188} INFO - [2024-03-15T09:46:51.873+0000] {dag.py:3047} INFO - Sync 1 DAGs
[2024-03-15T09:46:52.460+0000] {logging_mixin.py:188} INFO - [2024-03-15T09:46:52.435+0000] {dag.py:3834} INFO - Setting next_dagrun for latest_only to 2024-03-15 04:00:00+00:00, run_after=2024-03-15 08:00:00+00:00
[2024-03-15T09:46:53.013+0000] {processor.py:183} INFO - Processing /home/airflow/.local/lib/python3.8/site-packages/airflow/example_dags/example_latest_only.py took 1.850 seconds
[2024-03-15T09:47:32.719+0000] {processor.py:161} INFO - Started process (PID=428) to work on /home/airflow/.local/lib/python3.8/site-packages/airflow/example_dags/example_latest_only.py
[2024-03-15T09:47:32.748+0000] {processor.py:830} INFO - Processing file /home/airflow/.local/lib/python3.8/site-packages/airflow/example_dags/example_latest_only.py for tasks to queue
[2024-03-15T09:47:32.766+0000] {logging_mixin.py:188} INFO - [2024-03-15T09:47:32.763+0000] {dagbag.py:540} INFO - Filling up the DagBag from /home/airflow/.local/lib/python3.8/site-packages/airflow/example_dags/example_latest_only.py
[2024-03-15T09:47:32.918+0000] {processor.py:840} INFO - DAG(s) 'latest_only' retrieved from /home/airflow/.local/lib/python3.8/site-packages/airflow/example_dags/example_latest_only.py
[2024-03-15T09:47:33.301+0000] {logging_mixin.py:188} INFO - [2024-03-15T09:47:33.300+0000] {dag.py:3047} INFO - Sync 1 DAGs
[2024-03-15T09:47:33.535+0000] {logging_mixin.py:188} INFO - [2024-03-15T09:47:33.533+0000] {dag.py:3834} INFO - Setting next_dagrun for latest_only to 2024-03-15 04:00:00+00:00, run_after=2024-03-15 08:00:00+00:00
[2024-03-15T09:47:33.945+0000] {processor.py:183} INFO - Processing /home/airflow/.local/lib/python3.8/site-packages/airflow/example_dags/example_latest_only.py took 1.358 seconds
[2024-03-15T09:48:52.742+0000] {processor.py:161} INFO - Started process (PID=492) to work on /home/airflow/.local/lib/python3.8/site-packages/airflow/example_dags/example_latest_only.py
[2024-03-15T09:48:52.753+0000] {processor.py:830} INFO - Processing file /home/airflow/.local/lib/python3.8/site-packages/airflow/example_dags/example_latest_only.py for tasks to queue
[2024-03-15T09:48:52.758+0000] {logging_mixin.py:188} INFO - [2024-03-15T09:48:52.757+0000] {dagbag.py:540} INFO - Filling up the DagBag from /home/airflow/.local/lib/python3.8/site-packages/airflow/example_dags/example_latest_only.py
[2024-03-15T09:48:52.809+0000] {processor.py:840} INFO - DAG(s) 'latest_only' retrieved from /home/airflow/.local/lib/python3.8/site-packages/airflow/example_dags/example_latest_only.py
[2024-03-15T09:48:53.162+0000] {logging_mixin.py:188} INFO - [2024-03-15T09:48:53.159+0000] {dag.py:3047} INFO - Sync 1 DAGs
[2024-03-15T09:48:53.407+0000] {logging_mixin.py:188} INFO - [2024-03-15T09:48:53.406+0000] {dag.py:3834} INFO - Setting next_dagrun for latest_only to 2024-03-15 04:00:00+00:00, run_after=2024-03-15 08:00:00+00:00
[2024-03-15T09:48:53.566+0000] {processor.py:183} INFO - Processing /home/airflow/.local/lib/python3.8/site-packages/airflow/example_dags/example_latest_only.py took 0.832 seconds
