[2024-03-15T09:44:08.519+0000] {processor.py:161} INFO - Started process (PID=80) to work on /home/airflow/.local/lib/python3.8/site-packages/airflow/example_dags/example_task_group.py
[2024-03-15T09:44:08.520+0000] {processor.py:830} INFO - Processing file /home/airflow/.local/lib/python3.8/site-packages/airflow/example_dags/example_task_group.py for tasks to queue
[2024-03-15T09:44:08.522+0000] {logging_mixin.py:188} INFO - [2024-03-15T09:44:08.522+0000] {dagbag.py:540} INFO - Filling up the DagBag from /home/airflow/.local/lib/python3.8/site-packages/airflow/example_dags/example_task_group.py
[2024-03-15T09:44:08.533+0000] {processor.py:840} INFO - DAG(s) 'example_task_group' retrieved from /home/airflow/.local/lib/python3.8/site-packages/airflow/example_dags/example_task_group.py
[2024-03-15T09:44:08.808+0000] {logging_mixin.py:188} INFO - [2024-03-15T09:44:08.806+0000] {override.py:1769} INFO - Created Permission View: can read on DAG:example_task_group
[2024-03-15T09:44:08.819+0000] {logging_mixin.py:188} INFO - [2024-03-15T09:44:08.819+0000] {override.py:1769} INFO - Created Permission View: can edit on DAG:example_task_group
[2024-03-15T09:44:08.828+0000] {logging_mixin.py:188} INFO - [2024-03-15T09:44:08.828+0000] {override.py:1769} INFO - Created Permission View: can delete on DAG:example_task_group
[2024-03-15T09:44:08.829+0000] {logging_mixin.py:188} INFO - [2024-03-15T09:44:08.829+0000] {dag.py:3047} INFO - Sync 1 DAGs
[2024-03-15T09:44:08.838+0000] {logging_mixin.py:188} INFO - [2024-03-15T09:44:08.837+0000] {dag.py:3069} INFO - Creating ORM DAG for example_task_group
[2024-03-15T09:44:08.905+0000] {logging_mixin.py:188} INFO - [2024-03-15T09:44:08.904+0000] {dag.py:3834} INFO - Setting next_dagrun for example_task_group to 2024-03-14 00:00:00+00:00, run_after=2024-03-15 00:00:00+00:00
[2024-03-15T09:44:08.937+0000] {processor.py:183} INFO - Processing /home/airflow/.local/lib/python3.8/site-packages/airflow/example_dags/example_task_group.py took 0.423 seconds
[2024-03-15T09:44:42.234+0000] {processor.py:161} INFO - Started process (PID=136) to work on /home/airflow/.local/lib/python3.8/site-packages/airflow/example_dags/example_task_group.py
[2024-03-15T09:44:42.241+0000] {processor.py:830} INFO - Processing file /home/airflow/.local/lib/python3.8/site-packages/airflow/example_dags/example_task_group.py for tasks to queue
[2024-03-15T09:44:42.251+0000] {logging_mixin.py:188} INFO - [2024-03-15T09:44:42.250+0000] {dagbag.py:540} INFO - Filling up the DagBag from /home/airflow/.local/lib/python3.8/site-packages/airflow/example_dags/example_task_group.py
[2024-03-15T09:44:42.328+0000] {processor.py:840} INFO - DAG(s) 'example_task_group' retrieved from /home/airflow/.local/lib/python3.8/site-packages/airflow/example_dags/example_task_group.py
[2024-03-15T09:44:42.425+0000] {logging_mixin.py:188} INFO - [2024-03-15T09:44:42.425+0000] {dag.py:3047} INFO - Sync 1 DAGs
[2024-03-15T09:44:42.549+0000] {logging_mixin.py:188} INFO - [2024-03-15T09:44:42.549+0000] {dag.py:3834} INFO - Setting next_dagrun for example_task_group to 2024-03-14 00:00:00+00:00, run_after=2024-03-15 00:00:00+00:00
[2024-03-15T09:44:42.573+0000] {processor.py:183} INFO - Processing /home/airflow/.local/lib/python3.8/site-packages/airflow/example_dags/example_task_group.py took 0.346 seconds
[2024-03-15T09:45:12.911+0000] {processor.py:161} INFO - Started process (PID=189) to work on /home/airflow/.local/lib/python3.8/site-packages/airflow/example_dags/example_task_group.py
[2024-03-15T09:45:12.915+0000] {processor.py:830} INFO - Processing file /home/airflow/.local/lib/python3.8/site-packages/airflow/example_dags/example_task_group.py for tasks to queue
[2024-03-15T09:45:12.917+0000] {logging_mixin.py:188} INFO - [2024-03-15T09:45:12.917+0000] {dagbag.py:540} INFO - Filling up the DagBag from /home/airflow/.local/lib/python3.8/site-packages/airflow/example_dags/example_task_group.py
[2024-03-15T09:45:12.928+0000] {processor.py:840} INFO - DAG(s) 'example_task_group' retrieved from /home/airflow/.local/lib/python3.8/site-packages/airflow/example_dags/example_task_group.py
[2024-03-15T09:45:13.069+0000] {logging_mixin.py:188} INFO - [2024-03-15T09:45:13.068+0000] {dag.py:3047} INFO - Sync 1 DAGs
[2024-03-15T09:45:13.137+0000] {logging_mixin.py:188} INFO - [2024-03-15T09:45:13.137+0000] {dag.py:3834} INFO - Setting next_dagrun for example_task_group to 2024-03-14 00:00:00+00:00, run_after=2024-03-15 00:00:00+00:00
[2024-03-15T09:45:13.171+0000] {processor.py:183} INFO - Processing /home/airflow/.local/lib/python3.8/site-packages/airflow/example_dags/example_task_group.py took 0.266 seconds
[2024-03-15T09:45:43.437+0000] {processor.py:161} INFO - Started process (PID=244) to work on /home/airflow/.local/lib/python3.8/site-packages/airflow/example_dags/example_task_group.py
[2024-03-15T09:45:43.438+0000] {processor.py:830} INFO - Processing file /home/airflow/.local/lib/python3.8/site-packages/airflow/example_dags/example_task_group.py for tasks to queue
[2024-03-15T09:45:43.484+0000] {logging_mixin.py:188} INFO - [2024-03-15T09:45:43.480+0000] {dagbag.py:540} INFO - Filling up the DagBag from /home/airflow/.local/lib/python3.8/site-packages/airflow/example_dags/example_task_group.py
[2024-03-15T09:45:43.578+0000] {processor.py:840} INFO - DAG(s) 'example_task_group' retrieved from /home/airflow/.local/lib/python3.8/site-packages/airflow/example_dags/example_task_group.py
[2024-03-15T09:45:43.722+0000] {logging_mixin.py:188} INFO - [2024-03-15T09:45:43.721+0000] {dag.py:3047} INFO - Sync 1 DAGs
[2024-03-15T09:45:43.833+0000] {logging_mixin.py:188} INFO - [2024-03-15T09:45:43.832+0000] {dag.py:3834} INFO - Setting next_dagrun for example_task_group to 2024-03-14 00:00:00+00:00, run_after=2024-03-15 00:00:00+00:00
[2024-03-15T09:45:43.886+0000] {processor.py:183} INFO - Processing /home/airflow/.local/lib/python3.8/site-packages/airflow/example_dags/example_task_group.py took 0.453 seconds
[2024-03-15T09:46:14.188+0000] {processor.py:161} INFO - Started process (PID=298) to work on /home/airflow/.local/lib/python3.8/site-packages/airflow/example_dags/example_task_group.py
[2024-03-15T09:46:14.191+0000] {processor.py:830} INFO - Processing file /home/airflow/.local/lib/python3.8/site-packages/airflow/example_dags/example_task_group.py for tasks to queue
[2024-03-15T09:46:14.196+0000] {logging_mixin.py:188} INFO - [2024-03-15T09:46:14.195+0000] {dagbag.py:540} INFO - Filling up the DagBag from /home/airflow/.local/lib/python3.8/site-packages/airflow/example_dags/example_task_group.py
[2024-03-15T09:46:14.227+0000] {processor.py:840} INFO - DAG(s) 'example_task_group' retrieved from /home/airflow/.local/lib/python3.8/site-packages/airflow/example_dags/example_task_group.py
[2024-03-15T09:46:14.279+0000] {logging_mixin.py:188} INFO - [2024-03-15T09:46:14.278+0000] {dag.py:3047} INFO - Sync 1 DAGs
[2024-03-15T09:46:14.344+0000] {logging_mixin.py:188} INFO - [2024-03-15T09:46:14.343+0000] {dag.py:3834} INFO - Setting next_dagrun for example_task_group to 2024-03-14 00:00:00+00:00, run_after=2024-03-15 00:00:00+00:00
[2024-03-15T09:46:14.567+0000] {processor.py:183} INFO - Processing /home/airflow/.local/lib/python3.8/site-packages/airflow/example_dags/example_task_group.py took 0.386 seconds
[2024-03-15T09:46:58.120+0000] {processor.py:161} INFO - Started process (PID=381) to work on /home/airflow/.local/lib/python3.8/site-packages/airflow/example_dags/example_task_group.py
[2024-03-15T09:46:58.128+0000] {processor.py:830} INFO - Processing file /home/airflow/.local/lib/python3.8/site-packages/airflow/example_dags/example_task_group.py for tasks to queue
[2024-03-15T09:46:58.140+0000] {logging_mixin.py:188} INFO - [2024-03-15T09:46:58.140+0000] {dagbag.py:540} INFO - Filling up the DagBag from /home/airflow/.local/lib/python3.8/site-packages/airflow/example_dags/example_task_group.py
[2024-03-15T09:46:58.192+0000] {processor.py:840} INFO - DAG(s) 'example_task_group' retrieved from /home/airflow/.local/lib/python3.8/site-packages/airflow/example_dags/example_task_group.py
[2024-03-15T09:46:58.857+0000] {logging_mixin.py:188} INFO - [2024-03-15T09:46:58.853+0000] {dag.py:3047} INFO - Sync 1 DAGs
[2024-03-15T09:46:59.237+0000] {logging_mixin.py:188} INFO - [2024-03-15T09:46:59.236+0000] {dag.py:3834} INFO - Setting next_dagrun for example_task_group to 2024-03-14 00:00:00+00:00, run_after=2024-03-15 00:00:00+00:00
[2024-03-15T09:46:59.366+0000] {processor.py:183} INFO - Processing /home/airflow/.local/lib/python3.8/site-packages/airflow/example_dags/example_task_group.py took 1.322 seconds
[2024-03-15T09:47:58.856+0000] {processor.py:161} INFO - Started process (PID=437) to work on /home/airflow/.local/lib/python3.8/site-packages/airflow/example_dags/example_task_group.py
[2024-03-15T09:47:58.862+0000] {processor.py:830} INFO - Processing file /home/airflow/.local/lib/python3.8/site-packages/airflow/example_dags/example_task_group.py for tasks to queue
[2024-03-15T09:47:58.868+0000] {logging_mixin.py:188} INFO - [2024-03-15T09:47:58.867+0000] {dagbag.py:540} INFO - Filling up the DagBag from /home/airflow/.local/lib/python3.8/site-packages/airflow/example_dags/example_task_group.py
[2024-03-15T09:47:58.889+0000] {processor.py:840} INFO - DAG(s) 'example_task_group' retrieved from /home/airflow/.local/lib/python3.8/site-packages/airflow/example_dags/example_task_group.py
[2024-03-15T09:47:58.963+0000] {logging_mixin.py:188} INFO - [2024-03-15T09:47:58.962+0000] {dag.py:3047} INFO - Sync 1 DAGs
[2024-03-15T09:47:59.036+0000] {logging_mixin.py:188} INFO - [2024-03-15T09:47:59.035+0000] {dag.py:3834} INFO - Setting next_dagrun for example_task_group to 2024-03-14 00:00:00+00:00, run_after=2024-03-15 00:00:00+00:00
[2024-03-15T09:47:59.072+0000] {processor.py:183} INFO - Processing /home/airflow/.local/lib/python3.8/site-packages/airflow/example_dags/example_task_group.py took 0.226 seconds
[2024-03-15T09:48:56.643+0000] {processor.py:161} INFO - Started process (PID=500) to work on /home/airflow/.local/lib/python3.8/site-packages/airflow/example_dags/example_task_group.py
[2024-03-15T09:48:56.650+0000] {processor.py:830} INFO - Processing file /home/airflow/.local/lib/python3.8/site-packages/airflow/example_dags/example_task_group.py for tasks to queue
[2024-03-15T09:48:56.659+0000] {logging_mixin.py:188} INFO - [2024-03-15T09:48:56.656+0000] {dagbag.py:540} INFO - Filling up the DagBag from /home/airflow/.local/lib/python3.8/site-packages/airflow/example_dags/example_task_group.py
[2024-03-15T09:48:56.795+0000] {processor.py:840} INFO - DAG(s) 'example_task_group' retrieved from /home/airflow/.local/lib/python3.8/site-packages/airflow/example_dags/example_task_group.py
[2024-03-15T09:48:56.960+0000] {logging_mixin.py:188} INFO - [2024-03-15T09:48:56.960+0000] {dag.py:3047} INFO - Sync 1 DAGs
[2024-03-15T09:48:57.143+0000] {logging_mixin.py:188} INFO - [2024-03-15T09:48:57.141+0000] {dag.py:3834} INFO - Setting next_dagrun for example_task_group to 2024-03-14 00:00:00+00:00, run_after=2024-03-15 00:00:00+00:00
[2024-03-15T09:48:57.223+0000] {processor.py:183} INFO - Processing /home/airflow/.local/lib/python3.8/site-packages/airflow/example_dags/example_task_group.py took 0.596 seconds
