[2024-03-15T09:44:05.337+0000] {processor.py:161} INFO - Started process (PID=68) to work on /home/airflow/.local/lib/python3.8/site-packages/airflow/example_dags/example_trigger_target_dag.py
[2024-03-15T09:44:05.340+0000] {processor.py:830} INFO - Processing file /home/airflow/.local/lib/python3.8/site-packages/airflow/example_dags/example_trigger_target_dag.py for tasks to queue
[2024-03-15T09:44:05.345+0000] {logging_mixin.py:188} INFO - [2024-03-15T09:44:05.344+0000] {dagbag.py:540} INFO - Filling up the DagBag from /home/airflow/.local/lib/python3.8/site-packages/airflow/example_dags/example_trigger_target_dag.py
[2024-03-15T09:44:05.354+0000] {processor.py:840} INFO - DAG(s) 'example_trigger_target_dag' retrieved from /home/airflow/.local/lib/python3.8/site-packages/airflow/example_dags/example_trigger_target_dag.py
[2024-03-15T09:44:05.488+0000] {logging_mixin.py:188} INFO - [2024-03-15T09:44:05.487+0000] {override.py:1769} INFO - Created Permission View: can read on DAG:example_trigger_target_dag
[2024-03-15T09:44:05.498+0000] {logging_mixin.py:188} INFO - [2024-03-15T09:44:05.498+0000] {override.py:1769} INFO - Created Permission View: can edit on DAG:example_trigger_target_dag
[2024-03-15T09:44:05.504+0000] {logging_mixin.py:188} INFO - [2024-03-15T09:44:05.503+0000] {override.py:1769} INFO - Created Permission View: can delete on DAG:example_trigger_target_dag
[2024-03-15T09:44:05.504+0000] {logging_mixin.py:188} INFO - [2024-03-15T09:44:05.504+0000] {dag.py:3047} INFO - Sync 1 DAGs
[2024-03-15T09:44:05.512+0000] {logging_mixin.py:188} INFO - [2024-03-15T09:44:05.512+0000] {dag.py:3069} INFO - Creating ORM DAG for example_trigger_target_dag
[2024-03-15T09:44:05.513+0000] {logging_mixin.py:188} INFO - [2024-03-15T09:44:05.513+0000] {dag.py:3834} INFO - Setting next_dagrun for example_trigger_target_dag to None, run_after=None
[2024-03-15T09:44:05.523+0000] {processor.py:183} INFO - Processing /home/airflow/.local/lib/python3.8/site-packages/airflow/example_dags/example_trigger_target_dag.py took 0.194 seconds
[2024-03-15T09:44:35.993+0000] {processor.py:161} INFO - Started process (PID=123) to work on /home/airflow/.local/lib/python3.8/site-packages/airflow/example_dags/example_trigger_target_dag.py
[2024-03-15T09:44:35.996+0000] {processor.py:830} INFO - Processing file /home/airflow/.local/lib/python3.8/site-packages/airflow/example_dags/example_trigger_target_dag.py for tasks to queue
[2024-03-15T09:44:36.002+0000] {logging_mixin.py:188} INFO - [2024-03-15T09:44:36.001+0000] {dagbag.py:540} INFO - Filling up the DagBag from /home/airflow/.local/lib/python3.8/site-packages/airflow/example_dags/example_trigger_target_dag.py
[2024-03-15T09:44:36.015+0000] {processor.py:840} INFO - DAG(s) 'example_trigger_target_dag' retrieved from /home/airflow/.local/lib/python3.8/site-packages/airflow/example_dags/example_trigger_target_dag.py
[2024-03-15T09:44:36.041+0000] {logging_mixin.py:188} INFO - [2024-03-15T09:44:36.041+0000] {dag.py:3047} INFO - Sync 1 DAGs
[2024-03-15T09:44:36.063+0000] {logging_mixin.py:188} INFO - [2024-03-15T09:44:36.061+0000] {dag.py:3834} INFO - Setting next_dagrun for example_trigger_target_dag to None, run_after=None
[2024-03-15T09:44:36.110+0000] {processor.py:183} INFO - Processing /home/airflow/.local/lib/python3.8/site-packages/airflow/example_dags/example_trigger_target_dag.py took 0.123 seconds
[2024-03-15T09:45:08.436+0000] {processor.py:161} INFO - Started process (PID=177) to work on /home/airflow/.local/lib/python3.8/site-packages/airflow/example_dags/example_trigger_target_dag.py
[2024-03-15T09:45:08.440+0000] {processor.py:830} INFO - Processing file /home/airflow/.local/lib/python3.8/site-packages/airflow/example_dags/example_trigger_target_dag.py for tasks to queue
[2024-03-15T09:45:08.443+0000] {logging_mixin.py:188} INFO - [2024-03-15T09:45:08.443+0000] {dagbag.py:540} INFO - Filling up the DagBag from /home/airflow/.local/lib/python3.8/site-packages/airflow/example_dags/example_trigger_target_dag.py
[2024-03-15T09:45:08.455+0000] {processor.py:840} INFO - DAG(s) 'example_trigger_target_dag' retrieved from /home/airflow/.local/lib/python3.8/site-packages/airflow/example_dags/example_trigger_target_dag.py
[2024-03-15T09:45:08.535+0000] {logging_mixin.py:188} INFO - [2024-03-15T09:45:08.535+0000] {dag.py:3047} INFO - Sync 1 DAGs
[2024-03-15T09:45:08.594+0000] {logging_mixin.py:188} INFO - [2024-03-15T09:45:08.594+0000] {dag.py:3834} INFO - Setting next_dagrun for example_trigger_target_dag to None, run_after=None
[2024-03-15T09:45:08.685+0000] {processor.py:183} INFO - Processing /home/airflow/.local/lib/python3.8/site-packages/airflow/example_dags/example_trigger_target_dag.py took 0.255 seconds
[2024-03-15T09:45:39.441+0000] {processor.py:161} INFO - Started process (PID=232) to work on /home/airflow/.local/lib/python3.8/site-packages/airflow/example_dags/example_trigger_target_dag.py
[2024-03-15T09:45:39.447+0000] {processor.py:830} INFO - Processing file /home/airflow/.local/lib/python3.8/site-packages/airflow/example_dags/example_trigger_target_dag.py for tasks to queue
[2024-03-15T09:45:39.449+0000] {logging_mixin.py:188} INFO - [2024-03-15T09:45:39.449+0000] {dagbag.py:540} INFO - Filling up the DagBag from /home/airflow/.local/lib/python3.8/site-packages/airflow/example_dags/example_trigger_target_dag.py
[2024-03-15T09:45:39.481+0000] {processor.py:840} INFO - DAG(s) 'example_trigger_target_dag' retrieved from /home/airflow/.local/lib/python3.8/site-packages/airflow/example_dags/example_trigger_target_dag.py
[2024-03-15T09:45:39.530+0000] {logging_mixin.py:188} INFO - [2024-03-15T09:45:39.530+0000] {dag.py:3047} INFO - Sync 1 DAGs
[2024-03-15T09:45:39.544+0000] {logging_mixin.py:188} INFO - [2024-03-15T09:45:39.544+0000] {dag.py:3834} INFO - Setting next_dagrun for example_trigger_target_dag to None, run_after=None
[2024-03-15T09:45:39.557+0000] {processor.py:183} INFO - Processing /home/airflow/.local/lib/python3.8/site-packages/airflow/example_dags/example_trigger_target_dag.py took 0.126 seconds
[2024-03-15T09:46:10.890+0000] {processor.py:161} INFO - Started process (PID=286) to work on /home/airflow/.local/lib/python3.8/site-packages/airflow/example_dags/example_trigger_target_dag.py
[2024-03-15T09:46:10.893+0000] {processor.py:830} INFO - Processing file /home/airflow/.local/lib/python3.8/site-packages/airflow/example_dags/example_trigger_target_dag.py for tasks to queue
[2024-03-15T09:46:10.894+0000] {logging_mixin.py:188} INFO - [2024-03-15T09:46:10.894+0000] {dagbag.py:540} INFO - Filling up the DagBag from /home/airflow/.local/lib/python3.8/site-packages/airflow/example_dags/example_trigger_target_dag.py
[2024-03-15T09:46:10.917+0000] {processor.py:840} INFO - DAG(s) 'example_trigger_target_dag' retrieved from /home/airflow/.local/lib/python3.8/site-packages/airflow/example_dags/example_trigger_target_dag.py
[2024-03-15T09:46:11.025+0000] {logging_mixin.py:188} INFO - [2024-03-15T09:46:11.024+0000] {dag.py:3047} INFO - Sync 1 DAGs
[2024-03-15T09:46:11.109+0000] {logging_mixin.py:188} INFO - [2024-03-15T09:46:11.109+0000] {dag.py:3834} INFO - Setting next_dagrun for example_trigger_target_dag to None, run_after=None
[2024-03-15T09:46:11.166+0000] {processor.py:183} INFO - Processing /home/airflow/.local/lib/python3.8/site-packages/airflow/example_dags/example_trigger_target_dag.py took 0.279 seconds
[2024-03-15T09:46:43.795+0000] {processor.py:161} INFO - Started process (PID=341) to work on /home/airflow/.local/lib/python3.8/site-packages/airflow/example_dags/example_trigger_target_dag.py
[2024-03-15T09:46:43.809+0000] {processor.py:830} INFO - Processing file /home/airflow/.local/lib/python3.8/site-packages/airflow/example_dags/example_trigger_target_dag.py for tasks to queue
[2024-03-15T09:46:43.849+0000] {logging_mixin.py:188} INFO - [2024-03-15T09:46:43.848+0000] {dagbag.py:540} INFO - Filling up the DagBag from /home/airflow/.local/lib/python3.8/site-packages/airflow/example_dags/example_trigger_target_dag.py
[2024-03-15T09:46:43.921+0000] {processor.py:840} INFO - DAG(s) 'example_trigger_target_dag' retrieved from /home/airflow/.local/lib/python3.8/site-packages/airflow/example_dags/example_trigger_target_dag.py
[2024-03-15T09:46:44.421+0000] {logging_mixin.py:188} INFO - [2024-03-15T09:46:44.418+0000] {dag.py:3047} INFO - Sync 1 DAGs
[2024-03-15T09:46:44.966+0000] {logging_mixin.py:188} INFO - [2024-03-15T09:46:44.949+0000] {dag.py:3834} INFO - Setting next_dagrun for example_trigger_target_dag to None, run_after=None
[2024-03-15T09:46:45.663+0000] {processor.py:183} INFO - Processing /home/airflow/.local/lib/python3.8/site-packages/airflow/example_dags/example_trigger_target_dag.py took 1.893 seconds
[2024-03-15T09:47:29.293+0000] {processor.py:161} INFO - Started process (PID=418) to work on /home/airflow/.local/lib/python3.8/site-packages/airflow/example_dags/example_trigger_target_dag.py
[2024-03-15T09:47:29.299+0000] {processor.py:830} INFO - Processing file /home/airflow/.local/lib/python3.8/site-packages/airflow/example_dags/example_trigger_target_dag.py for tasks to queue
[2024-03-15T09:47:29.301+0000] {logging_mixin.py:188} INFO - [2024-03-15T09:47:29.301+0000] {dagbag.py:540} INFO - Filling up the DagBag from /home/airflow/.local/lib/python3.8/site-packages/airflow/example_dags/example_trigger_target_dag.py
[2024-03-15T09:47:29.308+0000] {processor.py:840} INFO - DAG(s) 'example_trigger_target_dag' retrieved from /home/airflow/.local/lib/python3.8/site-packages/airflow/example_dags/example_trigger_target_dag.py
[2024-03-15T09:47:29.343+0000] {logging_mixin.py:188} INFO - [2024-03-15T09:47:29.343+0000] {dag.py:3047} INFO - Sync 1 DAGs
[2024-03-15T09:47:29.357+0000] {logging_mixin.py:188} INFO - [2024-03-15T09:47:29.357+0000] {dag.py:3834} INFO - Setting next_dagrun for example_trigger_target_dag to None, run_after=None
[2024-03-15T09:47:29.784+0000] {processor.py:183} INFO - Processing /home/airflow/.local/lib/python3.8/site-packages/airflow/example_dags/example_trigger_target_dag.py took 0.496 seconds
[2024-03-15T09:48:50.361+0000] {processor.py:161} INFO - Started process (PID=488) to work on /home/airflow/.local/lib/python3.8/site-packages/airflow/example_dags/example_trigger_target_dag.py
[2024-03-15T09:48:50.403+0000] {processor.py:830} INFO - Processing file /home/airflow/.local/lib/python3.8/site-packages/airflow/example_dags/example_trigger_target_dag.py for tasks to queue
[2024-03-15T09:48:50.429+0000] {logging_mixin.py:188} INFO - [2024-03-15T09:48:50.422+0000] {dagbag.py:540} INFO - Filling up the DagBag from /home/airflow/.local/lib/python3.8/site-packages/airflow/example_dags/example_trigger_target_dag.py
[2024-03-15T09:48:50.574+0000] {processor.py:840} INFO - DAG(s) 'example_trigger_target_dag' retrieved from /home/airflow/.local/lib/python3.8/site-packages/airflow/example_dags/example_trigger_target_dag.py
[2024-03-15T09:48:50.829+0000] {logging_mixin.py:188} INFO - [2024-03-15T09:48:50.827+0000] {dag.py:3047} INFO - Sync 1 DAGs
[2024-03-15T09:48:50.931+0000] {logging_mixin.py:188} INFO - [2024-03-15T09:48:50.930+0000] {dag.py:3834} INFO - Setting next_dagrun for example_trigger_target_dag to None, run_after=None
[2024-03-15T09:48:51.069+0000] {processor.py:183} INFO - Processing /home/airflow/.local/lib/python3.8/site-packages/airflow/example_dags/example_trigger_target_dag.py took 0.775 seconds
