[2024-03-15T09:44:05.087+0000] {processor.py:161} INFO - Started process (PID=67) to work on /home/airflow/.local/lib/python3.8/site-packages/airflow/example_dags/example_sensors.py
[2024-03-15T09:44:05.091+0000] {processor.py:830} INFO - Processing file /home/airflow/.local/lib/python3.8/site-packages/airflow/example_dags/example_sensors.py for tasks to queue
[2024-03-15T09:44:05.099+0000] {logging_mixin.py:188} INFO - [2024-03-15T09:44:05.098+0000] {dagbag.py:540} INFO - Filling up the DagBag from /home/airflow/.local/lib/python3.8/site-packages/airflow/example_dags/example_sensors.py
[2024-03-15T09:44:05.118+0000] {processor.py:840} INFO - DAG(s) 'example_sensors' retrieved from /home/airflow/.local/lib/python3.8/site-packages/airflow/example_dags/example_sensors.py
[2024-03-15T09:44:05.243+0000] {logging_mixin.py:188} INFO - [2024-03-15T09:44:05.242+0000] {override.py:1769} INFO - Created Permission View: can read on DAG:example_sensors
[2024-03-15T09:44:05.250+0000] {logging_mixin.py:188} INFO - [2024-03-15T09:44:05.250+0000] {override.py:1769} INFO - Created Permission View: can edit on DAG:example_sensors
[2024-03-15T09:44:05.258+0000] {logging_mixin.py:188} INFO - [2024-03-15T09:44:05.257+0000] {override.py:1769} INFO - Created Permission View: can delete on DAG:example_sensors
[2024-03-15T09:44:05.258+0000] {logging_mixin.py:188} INFO - [2024-03-15T09:44:05.258+0000] {dag.py:3047} INFO - Sync 1 DAGs
[2024-03-15T09:44:05.269+0000] {logging_mixin.py:188} INFO - [2024-03-15T09:44:05.268+0000] {dag.py:3069} INFO - Creating ORM DAG for example_sensors
[2024-03-15T09:44:05.272+0000] {logging_mixin.py:188} INFO - [2024-03-15T09:44:05.272+0000] {dag.py:3834} INFO - Setting next_dagrun for example_sensors to None, run_after=None
[2024-03-15T09:44:05.298+0000] {processor.py:183} INFO - Processing /home/airflow/.local/lib/python3.8/site-packages/airflow/example_dags/example_sensors.py took 0.217 seconds
[2024-03-15T09:44:35.829+0000] {processor.py:161} INFO - Started process (PID=122) to work on /home/airflow/.local/lib/python3.8/site-packages/airflow/example_dags/example_sensors.py
[2024-03-15T09:44:35.831+0000] {processor.py:830} INFO - Processing file /home/airflow/.local/lib/python3.8/site-packages/airflow/example_dags/example_sensors.py for tasks to queue
[2024-03-15T09:44:35.836+0000] {logging_mixin.py:188} INFO - [2024-03-15T09:44:35.836+0000] {dagbag.py:540} INFO - Filling up the DagBag from /home/airflow/.local/lib/python3.8/site-packages/airflow/example_dags/example_sensors.py
[2024-03-15T09:44:35.861+0000] {processor.py:840} INFO - DAG(s) 'example_sensors' retrieved from /home/airflow/.local/lib/python3.8/site-packages/airflow/example_dags/example_sensors.py
[2024-03-15T09:44:35.917+0000] {logging_mixin.py:188} INFO - [2024-03-15T09:44:35.916+0000] {dag.py:3047} INFO - Sync 1 DAGs
[2024-03-15T09:44:35.943+0000] {logging_mixin.py:188} INFO - [2024-03-15T09:44:35.942+0000] {dag.py:3834} INFO - Setting next_dagrun for example_sensors to None, run_after=None
[2024-03-15T09:44:35.972+0000] {processor.py:183} INFO - Processing /home/airflow/.local/lib/python3.8/site-packages/airflow/example_dags/example_sensors.py took 0.147 seconds
[2024-03-15T09:45:08.127+0000] {processor.py:161} INFO - Started process (PID=176) to work on /home/airflow/.local/lib/python3.8/site-packages/airflow/example_dags/example_sensors.py
[2024-03-15T09:45:08.134+0000] {processor.py:830} INFO - Processing file /home/airflow/.local/lib/python3.8/site-packages/airflow/example_dags/example_sensors.py for tasks to queue
[2024-03-15T09:45:08.148+0000] {logging_mixin.py:188} INFO - [2024-03-15T09:45:08.146+0000] {dagbag.py:540} INFO - Filling up the DagBag from /home/airflow/.local/lib/python3.8/site-packages/airflow/example_dags/example_sensors.py
[2024-03-15T09:45:08.201+0000] {processor.py:840} INFO - DAG(s) 'example_sensors' retrieved from /home/airflow/.local/lib/python3.8/site-packages/airflow/example_dags/example_sensors.py
[2024-03-15T09:45:08.293+0000] {logging_mixin.py:188} INFO - [2024-03-15T09:45:08.293+0000] {dag.py:3047} INFO - Sync 1 DAGs
[2024-03-15T09:45:08.330+0000] {logging_mixin.py:188} INFO - [2024-03-15T09:45:08.329+0000] {dag.py:3834} INFO - Setting next_dagrun for example_sensors to None, run_after=None
[2024-03-15T09:45:08.413+0000] {processor.py:183} INFO - Processing /home/airflow/.local/lib/python3.8/site-packages/airflow/example_dags/example_sensors.py took 0.319 seconds
[2024-03-15T09:45:39.387+0000] {processor.py:161} INFO - Started process (PID=231) to work on /home/airflow/.local/lib/python3.8/site-packages/airflow/example_dags/example_sensors.py
[2024-03-15T09:45:39.428+0000] {processor.py:830} INFO - Processing file /home/airflow/.local/lib/python3.8/site-packages/airflow/example_dags/example_sensors.py for tasks to queue
[2024-03-15T09:45:39.439+0000] {logging_mixin.py:188} INFO - [2024-03-15T09:45:39.439+0000] {dagbag.py:540} INFO - Filling up the DagBag from /home/airflow/.local/lib/python3.8/site-packages/airflow/example_dags/example_sensors.py
[2024-03-15T09:45:39.471+0000] {processor.py:840} INFO - DAG(s) 'example_sensors' retrieved from /home/airflow/.local/lib/python3.8/site-packages/airflow/example_dags/example_sensors.py
[2024-03-15T09:45:39.519+0000] {logging_mixin.py:188} INFO - [2024-03-15T09:45:39.518+0000] {dag.py:3047} INFO - Sync 1 DAGs
[2024-03-15T09:45:39.542+0000] {logging_mixin.py:188} INFO - [2024-03-15T09:45:39.542+0000] {dag.py:3834} INFO - Setting next_dagrun for example_sensors to None, run_after=None
[2024-03-15T09:45:39.568+0000] {processor.py:183} INFO - Processing /home/airflow/.local/lib/python3.8/site-packages/airflow/example_dags/example_sensors.py took 0.189 seconds
[2024-03-15T09:46:10.851+0000] {processor.py:161} INFO - Started process (PID=285) to work on /home/airflow/.local/lib/python3.8/site-packages/airflow/example_dags/example_sensors.py
[2024-03-15T09:46:10.856+0000] {processor.py:830} INFO - Processing file /home/airflow/.local/lib/python3.8/site-packages/airflow/example_dags/example_sensors.py for tasks to queue
[2024-03-15T09:46:10.862+0000] {logging_mixin.py:188} INFO - [2024-03-15T09:46:10.861+0000] {dagbag.py:540} INFO - Filling up the DagBag from /home/airflow/.local/lib/python3.8/site-packages/airflow/example_dags/example_sensors.py
[2024-03-15T09:46:10.883+0000] {processor.py:840} INFO - DAG(s) 'example_sensors' retrieved from /home/airflow/.local/lib/python3.8/site-packages/airflow/example_dags/example_sensors.py
[2024-03-15T09:46:10.956+0000] {logging_mixin.py:188} INFO - [2024-03-15T09:46:10.956+0000] {dag.py:3047} INFO - Sync 1 DAGs
[2024-03-15T09:46:11.043+0000] {logging_mixin.py:188} INFO - [2024-03-15T09:46:11.042+0000] {dag.py:3834} INFO - Setting next_dagrun for example_sensors to None, run_after=None
[2024-03-15T09:46:11.115+0000] {processor.py:183} INFO - Processing /home/airflow/.local/lib/python3.8/site-packages/airflow/example_dags/example_sensors.py took 0.276 seconds
[2024-03-15T09:46:43.733+0000] {processor.py:161} INFO - Started process (PID=340) to work on /home/airflow/.local/lib/python3.8/site-packages/airflow/example_dags/example_sensors.py
[2024-03-15T09:46:43.747+0000] {processor.py:830} INFO - Processing file /home/airflow/.local/lib/python3.8/site-packages/airflow/example_dags/example_sensors.py for tasks to queue
[2024-03-15T09:46:43.757+0000] {logging_mixin.py:188} INFO - [2024-03-15T09:46:43.754+0000] {dagbag.py:540} INFO - Filling up the DagBag from /home/airflow/.local/lib/python3.8/site-packages/airflow/example_dags/example_sensors.py
[2024-03-15T09:46:43.868+0000] {processor.py:840} INFO - DAG(s) 'example_sensors' retrieved from /home/airflow/.local/lib/python3.8/site-packages/airflow/example_dags/example_sensors.py
[2024-03-15T09:46:44.486+0000] {logging_mixin.py:188} INFO - [2024-03-15T09:46:44.464+0000] {dag.py:3047} INFO - Sync 1 DAGs
[2024-03-15T09:46:44.969+0000] {logging_mixin.py:188} INFO - [2024-03-15T09:46:44.949+0000] {dag.py:3834} INFO - Setting next_dagrun for example_sensors to None, run_after=None
[2024-03-15T09:46:45.620+0000] {processor.py:183} INFO - Processing /home/airflow/.local/lib/python3.8/site-packages/airflow/example_dags/example_sensors.py took 1.908 seconds
[2024-03-15T09:47:28.845+0000] {processor.py:161} INFO - Started process (PID=417) to work on /home/airflow/.local/lib/python3.8/site-packages/airflow/example_dags/example_sensors.py
[2024-03-15T09:47:28.847+0000] {processor.py:830} INFO - Processing file /home/airflow/.local/lib/python3.8/site-packages/airflow/example_dags/example_sensors.py for tasks to queue
[2024-03-15T09:47:28.849+0000] {logging_mixin.py:188} INFO - [2024-03-15T09:47:28.849+0000] {dagbag.py:540} INFO - Filling up the DagBag from /home/airflow/.local/lib/python3.8/site-packages/airflow/example_dags/example_sensors.py
[2024-03-15T09:47:28.880+0000] {processor.py:840} INFO - DAG(s) 'example_sensors' retrieved from /home/airflow/.local/lib/python3.8/site-packages/airflow/example_dags/example_sensors.py
[2024-03-15T09:47:28.908+0000] {logging_mixin.py:188} INFO - [2024-03-15T09:47:28.908+0000] {dag.py:3047} INFO - Sync 1 DAGs
[2024-03-15T09:47:28.921+0000] {logging_mixin.py:188} INFO - [2024-03-15T09:47:28.921+0000] {dag.py:3834} INFO - Setting next_dagrun for example_sensors to None, run_after=None
[2024-03-15T09:47:29.236+0000] {processor.py:183} INFO - Processing /home/airflow/.local/lib/python3.8/site-packages/airflow/example_dags/example_sensors.py took 0.396 seconds
[2024-03-15T09:48:31.049+0000] {processor.py:161} INFO - Started process (PID=475) to work on /home/airflow/.local/lib/python3.8/site-packages/airflow/example_dags/example_sensors.py
[2024-03-15T09:48:31.090+0000] {processor.py:830} INFO - Processing file /home/airflow/.local/lib/python3.8/site-packages/airflow/example_dags/example_sensors.py for tasks to queue
[2024-03-15T09:48:31.188+0000] {logging_mixin.py:188} INFO - [2024-03-15T09:48:31.139+0000] {dagbag.py:540} INFO - Filling up the DagBag from /home/airflow/.local/lib/python3.8/site-packages/airflow/example_dags/example_sensors.py
[2024-03-15T09:48:31.411+0000] {processor.py:840} INFO - DAG(s) 'example_sensors' retrieved from /home/airflow/.local/lib/python3.8/site-packages/airflow/example_dags/example_sensors.py
[2024-03-15T09:48:32.583+0000] {logging_mixin.py:188} INFO - [2024-03-15T09:48:32.461+0000] {dag.py:3047} INFO - Sync 1 DAGs
[2024-03-15T09:48:33.255+0000] {logging_mixin.py:188} INFO - [2024-03-15T09:48:33.169+0000] {dag.py:3834} INFO - Setting next_dagrun for example_sensors to None, run_after=None
[2024-03-15T09:48:34.411+0000] {processor.py:183} INFO - Processing /home/airflow/.local/lib/python3.8/site-packages/airflow/example_dags/example_sensors.py took 3.470 seconds
