[2024-03-15T09:44:03.292+0000] {processor.py:161} INFO - Started process (PID=62) to work on /home/airflow/.local/lib/python3.8/site-packages/airflow/example_dags/example_branch_operator.py
[2024-03-15T09:44:03.293+0000] {processor.py:830} INFO - Processing file /home/airflow/.local/lib/python3.8/site-packages/airflow/example_dags/example_branch_operator.py for tasks to queue
[2024-03-15T09:44:03.299+0000] {logging_mixin.py:188} INFO - [2024-03-15T09:44:03.298+0000] {dagbag.py:540} INFO - Filling up the DagBag from /home/airflow/.local/lib/python3.8/site-packages/airflow/example_dags/example_branch_operator.py
[2024-03-15T09:44:03.345+0000] {processor.py:840} INFO - DAG(s) 'example_branch_operator' retrieved from /home/airflow/.local/lib/python3.8/site-packages/airflow/example_dags/example_branch_operator.py
[2024-03-15T09:44:03.583+0000] {logging_mixin.py:188} INFO - [2024-03-15T09:44:03.582+0000] {override.py:1769} INFO - Created Permission View: can read on DAG:example_branch_operator
[2024-03-15T09:44:03.596+0000] {logging_mixin.py:188} INFO - [2024-03-15T09:44:03.596+0000] {override.py:1769} INFO - Created Permission View: can edit on DAG:example_branch_operator
[2024-03-15T09:44:03.603+0000] {logging_mixin.py:188} INFO - [2024-03-15T09:44:03.603+0000] {override.py:1769} INFO - Created Permission View: can delete on DAG:example_branch_operator
[2024-03-15T09:44:03.604+0000] {logging_mixin.py:188} INFO - [2024-03-15T09:44:03.604+0000] {dag.py:3047} INFO - Sync 1 DAGs
[2024-03-15T09:44:03.639+0000] {logging_mixin.py:188} INFO - [2024-03-15T09:44:03.638+0000] {dag.py:3069} INFO - Creating ORM DAG for example_branch_operator
[2024-03-15T09:44:03.691+0000] {logging_mixin.py:188} INFO - [2024-03-15T09:44:03.690+0000] {dag.py:3834} INFO - Setting next_dagrun for example_branch_operator to 2024-03-14 00:00:00+00:00, run_after=2024-03-15 00:00:00+00:00
[2024-03-15T09:44:03.787+0000] {processor.py:183} INFO - Processing /home/airflow/.local/lib/python3.8/site-packages/airflow/example_dags/example_branch_operator.py took 0.503 seconds
[2024-03-15T09:44:34.165+0000] {processor.py:161} INFO - Started process (PID=117) to work on /home/airflow/.local/lib/python3.8/site-packages/airflow/example_dags/example_branch_operator.py
[2024-03-15T09:44:34.183+0000] {processor.py:830} INFO - Processing file /home/airflow/.local/lib/python3.8/site-packages/airflow/example_dags/example_branch_operator.py for tasks to queue
[2024-03-15T09:44:34.189+0000] {logging_mixin.py:188} INFO - [2024-03-15T09:44:34.189+0000] {dagbag.py:540} INFO - Filling up the DagBag from /home/airflow/.local/lib/python3.8/site-packages/airflow/example_dags/example_branch_operator.py
[2024-03-15T09:44:34.263+0000] {processor.py:840} INFO - DAG(s) 'example_branch_operator' retrieved from /home/airflow/.local/lib/python3.8/site-packages/airflow/example_dags/example_branch_operator.py
[2024-03-15T09:44:34.368+0000] {logging_mixin.py:188} INFO - [2024-03-15T09:44:34.367+0000] {dag.py:3047} INFO - Sync 1 DAGs
[2024-03-15T09:44:34.477+0000] {logging_mixin.py:188} INFO - [2024-03-15T09:44:34.475+0000] {dag.py:3834} INFO - Setting next_dagrun for example_branch_operator to 2024-03-14 00:00:00+00:00, run_after=2024-03-15 00:00:00+00:00
[2024-03-15T09:44:34.635+0000] {processor.py:183} INFO - Processing /home/airflow/.local/lib/python3.8/site-packages/airflow/example_dags/example_branch_operator.py took 0.502 seconds
[2024-03-15T09:45:05.240+0000] {processor.py:161} INFO - Started process (PID=171) to work on /home/airflow/.local/lib/python3.8/site-packages/airflow/example_dags/example_branch_operator.py
[2024-03-15T09:45:05.255+0000] {processor.py:830} INFO - Processing file /home/airflow/.local/lib/python3.8/site-packages/airflow/example_dags/example_branch_operator.py for tasks to queue
[2024-03-15T09:45:05.270+0000] {logging_mixin.py:188} INFO - [2024-03-15T09:45:05.269+0000] {dagbag.py:540} INFO - Filling up the DagBag from /home/airflow/.local/lib/python3.8/site-packages/airflow/example_dags/example_branch_operator.py
[2024-03-15T09:45:05.396+0000] {processor.py:840} INFO - DAG(s) 'example_branch_operator' retrieved from /home/airflow/.local/lib/python3.8/site-packages/airflow/example_dags/example_branch_operator.py
[2024-03-15T09:45:05.688+0000] {logging_mixin.py:188} INFO - [2024-03-15T09:45:05.687+0000] {dag.py:3047} INFO - Sync 1 DAGs
[2024-03-15T09:45:05.833+0000] {logging_mixin.py:188} INFO - [2024-03-15T09:45:05.832+0000] {dag.py:3834} INFO - Setting next_dagrun for example_branch_operator to 2024-03-14 00:00:00+00:00, run_after=2024-03-15 00:00:00+00:00
[2024-03-15T09:45:05.880+0000] {processor.py:183} INFO - Processing /home/airflow/.local/lib/python3.8/site-packages/airflow/example_dags/example_branch_operator.py took 0.647 seconds
[2024-03-15T09:45:36.486+0000] {processor.py:161} INFO - Started process (PID=226) to work on /home/airflow/.local/lib/python3.8/site-packages/airflow/example_dags/example_branch_operator.py
[2024-03-15T09:45:36.498+0000] {processor.py:830} INFO - Processing file /home/airflow/.local/lib/python3.8/site-packages/airflow/example_dags/example_branch_operator.py for tasks to queue
[2024-03-15T09:45:36.520+0000] {logging_mixin.py:188} INFO - [2024-03-15T09:45:36.518+0000] {dagbag.py:540} INFO - Filling up the DagBag from /home/airflow/.local/lib/python3.8/site-packages/airflow/example_dags/example_branch_operator.py
[2024-03-15T09:45:36.659+0000] {processor.py:840} INFO - DAG(s) 'example_branch_operator' retrieved from /home/airflow/.local/lib/python3.8/site-packages/airflow/example_dags/example_branch_operator.py
[2024-03-15T09:45:36.712+0000] {logging_mixin.py:188} INFO - [2024-03-15T09:45:36.711+0000] {dag.py:3047} INFO - Sync 1 DAGs
[2024-03-15T09:45:36.951+0000] {logging_mixin.py:188} INFO - [2024-03-15T09:45:36.950+0000] {dag.py:3834} INFO - Setting next_dagrun for example_branch_operator to 2024-03-14 00:00:00+00:00, run_after=2024-03-15 00:00:00+00:00
[2024-03-15T09:45:37.040+0000] {processor.py:183} INFO - Processing /home/airflow/.local/lib/python3.8/site-packages/airflow/example_dags/example_branch_operator.py took 0.619 seconds
[2024-03-15T09:46:08.058+0000] {processor.py:161} INFO - Started process (PID=280) to work on /home/airflow/.local/lib/python3.8/site-packages/airflow/example_dags/example_branch_operator.py
[2024-03-15T09:46:08.146+0000] {processor.py:830} INFO - Processing file /home/airflow/.local/lib/python3.8/site-packages/airflow/example_dags/example_branch_operator.py for tasks to queue
[2024-03-15T09:46:08.207+0000] {logging_mixin.py:188} INFO - [2024-03-15T09:46:08.198+0000] {dagbag.py:540} INFO - Filling up the DagBag from /home/airflow/.local/lib/python3.8/site-packages/airflow/example_dags/example_branch_operator.py
[2024-03-15T09:46:08.437+0000] {processor.py:840} INFO - DAG(s) 'example_branch_operator' retrieved from /home/airflow/.local/lib/python3.8/site-packages/airflow/example_dags/example_branch_operator.py
[2024-03-15T09:46:09.765+0000] {logging_mixin.py:188} INFO - [2024-03-15T09:46:09.753+0000] {dag.py:3047} INFO - Sync 1 DAGs
[2024-03-15T09:46:09.925+0000] {logging_mixin.py:188} INFO - [2024-03-15T09:46:09.925+0000] {dag.py:3834} INFO - Setting next_dagrun for example_branch_operator to 2024-03-14 00:00:00+00:00, run_after=2024-03-15 00:00:00+00:00
[2024-03-15T09:46:10.299+0000] {processor.py:183} INFO - Processing /home/airflow/.local/lib/python3.8/site-packages/airflow/example_dags/example_branch_operator.py took 2.467 seconds
[2024-03-15T09:46:40.663+0000] {processor.py:161} INFO - Started process (PID=335) to work on /home/airflow/.local/lib/python3.8/site-packages/airflow/example_dags/example_branch_operator.py
[2024-03-15T09:46:40.687+0000] {processor.py:830} INFO - Processing file /home/airflow/.local/lib/python3.8/site-packages/airflow/example_dags/example_branch_operator.py for tasks to queue
[2024-03-15T09:46:40.728+0000] {logging_mixin.py:188} INFO - [2024-03-15T09:46:40.722+0000] {dagbag.py:540} INFO - Filling up the DagBag from /home/airflow/.local/lib/python3.8/site-packages/airflow/example_dags/example_branch_operator.py
[2024-03-15T09:46:41.070+0000] {processor.py:840} INFO - DAG(s) 'example_branch_operator' retrieved from /home/airflow/.local/lib/python3.8/site-packages/airflow/example_dags/example_branch_operator.py
[2024-03-15T09:46:41.405+0000] {logging_mixin.py:188} INFO - [2024-03-15T09:46:41.399+0000] {dag.py:3047} INFO - Sync 1 DAGs
[2024-03-15T09:46:41.520+0000] {logging_mixin.py:188} INFO - [2024-03-15T09:46:41.520+0000] {dag.py:3834} INFO - Setting next_dagrun for example_branch_operator to 2024-03-14 00:00:00+00:00, run_after=2024-03-15 00:00:00+00:00
[2024-03-15T09:46:41.593+0000] {processor.py:183} INFO - Processing /home/airflow/.local/lib/python3.8/site-packages/airflow/example_dags/example_branch_operator.py took 0.968 seconds
[2024-03-15T09:47:26.778+0000] {processor.py:161} INFO - Started process (PID=412) to work on /home/airflow/.local/lib/python3.8/site-packages/airflow/example_dags/example_branch_operator.py
[2024-03-15T09:47:26.780+0000] {processor.py:830} INFO - Processing file /home/airflow/.local/lib/python3.8/site-packages/airflow/example_dags/example_branch_operator.py for tasks to queue
[2024-03-15T09:47:26.782+0000] {logging_mixin.py:188} INFO - [2024-03-15T09:47:26.781+0000] {dagbag.py:540} INFO - Filling up the DagBag from /home/airflow/.local/lib/python3.8/site-packages/airflow/example_dags/example_branch_operator.py
[2024-03-15T09:47:26.807+0000] {processor.py:840} INFO - DAG(s) 'example_branch_operator' retrieved from /home/airflow/.local/lib/python3.8/site-packages/airflow/example_dags/example_branch_operator.py
[2024-03-15T09:47:26.829+0000] {logging_mixin.py:188} INFO - [2024-03-15T09:47:26.828+0000] {dag.py:3047} INFO - Sync 1 DAGs
[2024-03-15T09:47:26.857+0000] {logging_mixin.py:188} INFO - [2024-03-15T09:47:26.857+0000] {dag.py:3834} INFO - Setting next_dagrun for example_branch_operator to 2024-03-14 00:00:00+00:00, run_after=2024-03-15 00:00:00+00:00
[2024-03-15T09:47:26.918+0000] {processor.py:183} INFO - Processing /home/airflow/.local/lib/python3.8/site-packages/airflow/example_dags/example_branch_operator.py took 0.143 seconds
[2024-03-15T09:48:22.343+0000] {processor.py:161} INFO - Started process (PID=470) to work on /home/airflow/.local/lib/python3.8/site-packages/airflow/example_dags/example_branch_operator.py
[2024-03-15T09:48:22.350+0000] {processor.py:830} INFO - Processing file /home/airflow/.local/lib/python3.8/site-packages/airflow/example_dags/example_branch_operator.py for tasks to queue
[2024-03-15T09:48:22.369+0000] {logging_mixin.py:188} INFO - [2024-03-15T09:48:22.357+0000] {dagbag.py:540} INFO - Filling up the DagBag from /home/airflow/.local/lib/python3.8/site-packages/airflow/example_dags/example_branch_operator.py
[2024-03-15T09:48:22.606+0000] {processor.py:840} INFO - DAG(s) 'example_branch_operator' retrieved from /home/airflow/.local/lib/python3.8/site-packages/airflow/example_dags/example_branch_operator.py
[2024-03-15T09:48:23.006+0000] {logging_mixin.py:188} INFO - [2024-03-15T09:48:22.973+0000] {dag.py:3047} INFO - Sync 1 DAGs
[2024-03-15T09:48:23.127+0000] {logging_mixin.py:188} INFO - [2024-03-15T09:48:23.126+0000] {dag.py:3834} INFO - Setting next_dagrun for example_branch_operator to 2024-03-14 00:00:00+00:00, run_after=2024-03-15 00:00:00+00:00
[2024-03-15T09:48:23.239+0000] {processor.py:183} INFO - Processing /home/airflow/.local/lib/python3.8/site-packages/airflow/example_dags/example_branch_operator.py took 0.907 seconds
