[2024-03-15T09:44:00.659+0000] {processor.py:161} INFO - Started process (PID=56) to work on /home/airflow/.local/lib/python3.8/site-packages/airflow/example_dags/example_bash_operator.py
[2024-03-15T09:44:00.664+0000] {processor.py:830} INFO - Processing file /home/airflow/.local/lib/python3.8/site-packages/airflow/example_dags/example_bash_operator.py for tasks to queue
[2024-03-15T09:44:00.682+0000] {logging_mixin.py:188} INFO - [2024-03-15T09:44:00.677+0000] {dagbag.py:540} INFO - Filling up the DagBag from /home/airflow/.local/lib/python3.8/site-packages/airflow/example_dags/example_bash_operator.py
[2024-03-15T09:44:00.751+0000] {processor.py:840} INFO - DAG(s) 'example_bash_operator' retrieved from /home/airflow/.local/lib/python3.8/site-packages/airflow/example_dags/example_bash_operator.py
[2024-03-15T09:44:01.267+0000] {logging_mixin.py:188} INFO - [2024-03-15T09:44:01.261+0000] {override.py:1769} INFO - Created Permission View: can read on DAG:example_bash_operator
[2024-03-15T09:44:01.300+0000] {logging_mixin.py:188} INFO - [2024-03-15T09:44:01.299+0000] {override.py:1769} INFO - Created Permission View: can edit on DAG:example_bash_operator
[2024-03-15T09:44:01.344+0000] {logging_mixin.py:188} INFO - [2024-03-15T09:44:01.343+0000] {override.py:1769} INFO - Created Permission View: can delete on DAG:example_bash_operator
[2024-03-15T09:44:01.346+0000] {logging_mixin.py:188} INFO - [2024-03-15T09:44:01.346+0000] {dag.py:3047} INFO - Sync 1 DAGs
[2024-03-15T09:44:01.396+0000] {logging_mixin.py:188} INFO - [2024-03-15T09:44:01.395+0000] {dag.py:3069} INFO - Creating ORM DAG for example_bash_operator
[2024-03-15T09:44:01.462+0000] {logging_mixin.py:188} INFO - [2024-03-15T09:44:01.461+0000] {dag.py:3834} INFO - Setting next_dagrun for example_bash_operator to 2024-03-14 00:00:00+00:00, run_after=2024-03-15 00:00:00+00:00
[2024-03-15T09:44:01.538+0000] {processor.py:183} INFO - Processing /home/airflow/.local/lib/python3.8/site-packages/airflow/example_dags/example_bash_operator.py took 0.901 seconds
[2024-03-15T09:44:32.167+0000] {processor.py:161} INFO - Started process (PID=111) to work on /home/airflow/.local/lib/python3.8/site-packages/airflow/example_dags/example_bash_operator.py
[2024-03-15T09:44:32.195+0000] {processor.py:830} INFO - Processing file /home/airflow/.local/lib/python3.8/site-packages/airflow/example_dags/example_bash_operator.py for tasks to queue
[2024-03-15T09:44:32.220+0000] {logging_mixin.py:188} INFO - [2024-03-15T09:44:32.211+0000] {dagbag.py:540} INFO - Filling up the DagBag from /home/airflow/.local/lib/python3.8/site-packages/airflow/example_dags/example_bash_operator.py
[2024-03-15T09:44:32.389+0000] {processor.py:840} INFO - DAG(s) 'example_bash_operator' retrieved from /home/airflow/.local/lib/python3.8/site-packages/airflow/example_dags/example_bash_operator.py
[2024-03-15T09:44:32.535+0000] {logging_mixin.py:188} INFO - [2024-03-15T09:44:32.535+0000] {dag.py:3047} INFO - Sync 1 DAGs
[2024-03-15T09:44:32.684+0000] {logging_mixin.py:188} INFO - [2024-03-15T09:44:32.683+0000] {dag.py:3834} INFO - Setting next_dagrun for example_bash_operator to 2024-03-14 00:00:00+00:00, run_after=2024-03-15 00:00:00+00:00
[2024-03-15T09:44:32.730+0000] {processor.py:183} INFO - Processing /home/airflow/.local/lib/python3.8/site-packages/airflow/example_dags/example_bash_operator.py took 0.685 seconds
[2024-03-15T09:45:03.468+0000] {processor.py:161} INFO - Started process (PID=165) to work on /home/airflow/.local/lib/python3.8/site-packages/airflow/example_dags/example_bash_operator.py
[2024-03-15T09:45:03.474+0000] {processor.py:830} INFO - Processing file /home/airflow/.local/lib/python3.8/site-packages/airflow/example_dags/example_bash_operator.py for tasks to queue
[2024-03-15T09:45:03.477+0000] {logging_mixin.py:188} INFO - [2024-03-15T09:45:03.477+0000] {dagbag.py:540} INFO - Filling up the DagBag from /home/airflow/.local/lib/python3.8/site-packages/airflow/example_dags/example_bash_operator.py
[2024-03-15T09:45:03.544+0000] {processor.py:840} INFO - DAG(s) 'example_bash_operator' retrieved from /home/airflow/.local/lib/python3.8/site-packages/airflow/example_dags/example_bash_operator.py
[2024-03-15T09:45:03.626+0000] {logging_mixin.py:188} INFO - [2024-03-15T09:45:03.626+0000] {dag.py:3047} INFO - Sync 1 DAGs
[2024-03-15T09:45:03.715+0000] {logging_mixin.py:188} INFO - [2024-03-15T09:45:03.715+0000] {dag.py:3834} INFO - Setting next_dagrun for example_bash_operator to 2024-03-14 00:00:00+00:00, run_after=2024-03-15 00:00:00+00:00
[2024-03-15T09:45:03.739+0000] {processor.py:183} INFO - Processing /home/airflow/.local/lib/python3.8/site-packages/airflow/example_dags/example_bash_operator.py took 0.287 seconds
[2024-03-15T09:45:34.343+0000] {processor.py:161} INFO - Started process (PID=220) to work on /home/airflow/.local/lib/python3.8/site-packages/airflow/example_dags/example_bash_operator.py
[2024-03-15T09:45:34.347+0000] {processor.py:830} INFO - Processing file /home/airflow/.local/lib/python3.8/site-packages/airflow/example_dags/example_bash_operator.py for tasks to queue
[2024-03-15T09:45:34.351+0000] {logging_mixin.py:188} INFO - [2024-03-15T09:45:34.350+0000] {dagbag.py:540} INFO - Filling up the DagBag from /home/airflow/.local/lib/python3.8/site-packages/airflow/example_dags/example_bash_operator.py
[2024-03-15T09:45:34.383+0000] {processor.py:840} INFO - DAG(s) 'example_bash_operator' retrieved from /home/airflow/.local/lib/python3.8/site-packages/airflow/example_dags/example_bash_operator.py
[2024-03-15T09:45:34.453+0000] {logging_mixin.py:188} INFO - [2024-03-15T09:45:34.452+0000] {dag.py:3047} INFO - Sync 1 DAGs
[2024-03-15T09:45:34.481+0000] {logging_mixin.py:188} INFO - [2024-03-15T09:45:34.481+0000] {dag.py:3834} INFO - Setting next_dagrun for example_bash_operator to 2024-03-14 00:00:00+00:00, run_after=2024-03-15 00:00:00+00:00
[2024-03-15T09:45:34.506+0000] {processor.py:183} INFO - Processing /home/airflow/.local/lib/python3.8/site-packages/airflow/example_dags/example_bash_operator.py took 0.172 seconds
[2024-03-15T09:46:05.393+0000] {processor.py:161} INFO - Started process (PID=274) to work on /home/airflow/.local/lib/python3.8/site-packages/airflow/example_dags/example_bash_operator.py
[2024-03-15T09:46:05.426+0000] {processor.py:830} INFO - Processing file /home/airflow/.local/lib/python3.8/site-packages/airflow/example_dags/example_bash_operator.py for tasks to queue
[2024-03-15T09:46:05.457+0000] {logging_mixin.py:188} INFO - [2024-03-15T09:46:05.456+0000] {dagbag.py:540} INFO - Filling up the DagBag from /home/airflow/.local/lib/python3.8/site-packages/airflow/example_dags/example_bash_operator.py
[2024-03-15T09:46:05.594+0000] {processor.py:840} INFO - DAG(s) 'example_bash_operator' retrieved from /home/airflow/.local/lib/python3.8/site-packages/airflow/example_dags/example_bash_operator.py
[2024-03-15T09:46:05.743+0000] {logging_mixin.py:188} INFO - [2024-03-15T09:46:05.742+0000] {dag.py:3047} INFO - Sync 1 DAGs
[2024-03-15T09:46:05.911+0000] {logging_mixin.py:188} INFO - [2024-03-15T09:46:05.910+0000] {dag.py:3834} INFO - Setting next_dagrun for example_bash_operator to 2024-03-14 00:00:00+00:00, run_after=2024-03-15 00:00:00+00:00
[2024-03-15T09:46:05.980+0000] {processor.py:183} INFO - Processing /home/airflow/.local/lib/python3.8/site-packages/airflow/example_dags/example_bash_operator.py took 0.667 seconds
[2024-03-15T09:46:36.233+0000] {processor.py:161} INFO - Started process (PID=330) to work on /home/airflow/.local/lib/python3.8/site-packages/airflow/example_dags/example_bash_operator.py
[2024-03-15T09:46:36.239+0000] {processor.py:830} INFO - Processing file /home/airflow/.local/lib/python3.8/site-packages/airflow/example_dags/example_bash_operator.py for tasks to queue
[2024-03-15T09:46:36.247+0000] {logging_mixin.py:188} INFO - [2024-03-15T09:46:36.246+0000] {dagbag.py:540} INFO - Filling up the DagBag from /home/airflow/.local/lib/python3.8/site-packages/airflow/example_dags/example_bash_operator.py
[2024-03-15T09:46:36.338+0000] {processor.py:840} INFO - DAG(s) 'example_bash_operator' retrieved from /home/airflow/.local/lib/python3.8/site-packages/airflow/example_dags/example_bash_operator.py
[2024-03-15T09:46:36.444+0000] {logging_mixin.py:188} INFO - [2024-03-15T09:46:36.444+0000] {dag.py:3047} INFO - Sync 1 DAGs
[2024-03-15T09:46:36.478+0000] {logging_mixin.py:188} INFO - [2024-03-15T09:46:36.478+0000] {dag.py:3834} INFO - Setting next_dagrun for example_bash_operator to 2024-03-14 00:00:00+00:00, run_after=2024-03-15 00:00:00+00:00
[2024-03-15T09:46:36.513+0000] {processor.py:183} INFO - Processing /home/airflow/.local/lib/python3.8/site-packages/airflow/example_dags/example_bash_operator.py took 0.301 seconds
[2024-03-15T09:47:17.956+0000] {processor.py:161} INFO - Started process (PID=404) to work on /home/airflow/.local/lib/python3.8/site-packages/airflow/example_dags/example_bash_operator.py
[2024-03-15T09:47:17.967+0000] {processor.py:830} INFO - Processing file /home/airflow/.local/lib/python3.8/site-packages/airflow/example_dags/example_bash_operator.py for tasks to queue
[2024-03-15T09:47:18.030+0000] {logging_mixin.py:188} INFO - [2024-03-15T09:47:18.004+0000] {dagbag.py:540} INFO - Filling up the DagBag from /home/airflow/.local/lib/python3.8/site-packages/airflow/example_dags/example_bash_operator.py
[2024-03-15T09:47:18.419+0000] {processor.py:840} INFO - DAG(s) 'example_bash_operator' retrieved from /home/airflow/.local/lib/python3.8/site-packages/airflow/example_dags/example_bash_operator.py
[2024-03-15T09:47:19.255+0000] {logging_mixin.py:188} INFO - [2024-03-15T09:47:19.253+0000] {dag.py:3047} INFO - Sync 1 DAGs
[2024-03-15T09:47:20.290+0000] {logging_mixin.py:188} INFO - [2024-03-15T09:47:20.252+0000] {dag.py:3834} INFO - Setting next_dagrun for example_bash_operator to 2024-03-14 00:00:00+00:00, run_after=2024-03-15 00:00:00+00:00
[2024-03-15T09:47:22.602+0000] {processor.py:183} INFO - Processing /home/airflow/.local/lib/python3.8/site-packages/airflow/example_dags/example_bash_operator.py took 4.690 seconds
[2024-03-15T09:48:18.156+0000] {processor.py:161} INFO - Started process (PID=464) to work on /home/airflow/.local/lib/python3.8/site-packages/airflow/example_dags/example_bash_operator.py
[2024-03-15T09:48:18.173+0000] {processor.py:830} INFO - Processing file /home/airflow/.local/lib/python3.8/site-packages/airflow/example_dags/example_bash_operator.py for tasks to queue
[2024-03-15T09:48:18.193+0000] {logging_mixin.py:188} INFO - [2024-03-15T09:48:18.189+0000] {dagbag.py:540} INFO - Filling up the DagBag from /home/airflow/.local/lib/python3.8/site-packages/airflow/example_dags/example_bash_operator.py
[2024-03-15T09:48:18.280+0000] {processor.py:840} INFO - DAG(s) 'example_bash_operator' retrieved from /home/airflow/.local/lib/python3.8/site-packages/airflow/example_dags/example_bash_operator.py
[2024-03-15T09:48:18.400+0000] {logging_mixin.py:188} INFO - [2024-03-15T09:48:18.399+0000] {dag.py:3047} INFO - Sync 1 DAGs
[2024-03-15T09:48:18.501+0000] {logging_mixin.py:188} INFO - [2024-03-15T09:48:18.501+0000] {dag.py:3834} INFO - Setting next_dagrun for example_bash_operator to 2024-03-14 00:00:00+00:00, run_after=2024-03-15 00:00:00+00:00
[2024-03-15T09:48:18.598+0000] {processor.py:183} INFO - Processing /home/airflow/.local/lib/python3.8/site-packages/airflow/example_dags/example_bash_operator.py took 0.473 seconds
