[2024-03-15T09:44:06.754+0000] {processor.py:161} INFO - Started process (PID=75) to work on /home/airflow/.local/lib/python3.8/site-packages/airflow/example_dags/example_skip_dag.py
[2024-03-15T09:44:06.757+0000] {processor.py:830} INFO - Processing file /home/airflow/.local/lib/python3.8/site-packages/airflow/example_dags/example_skip_dag.py for tasks to queue
[2024-03-15T09:44:06.761+0000] {logging_mixin.py:188} INFO - [2024-03-15T09:44:06.761+0000] {dagbag.py:540} INFO - Filling up the DagBag from /home/airflow/.local/lib/python3.8/site-packages/airflow/example_dags/example_skip_dag.py
[2024-03-15T09:44:06.770+0000] {processor.py:840} INFO - DAG(s) 'example_skip_dag' retrieved from /home/airflow/.local/lib/python3.8/site-packages/airflow/example_dags/example_skip_dag.py
[2024-03-15T09:44:06.886+0000] {logging_mixin.py:188} INFO - [2024-03-15T09:44:06.885+0000] {override.py:1769} INFO - Created Permission View: can read on DAG:example_skip_dag
[2024-03-15T09:44:06.905+0000] {logging_mixin.py:188} INFO - [2024-03-15T09:44:06.904+0000] {override.py:1769} INFO - Created Permission View: can edit on DAG:example_skip_dag
[2024-03-15T09:44:06.913+0000] {logging_mixin.py:188} INFO - [2024-03-15T09:44:06.913+0000] {override.py:1769} INFO - Created Permission View: can delete on DAG:example_skip_dag
[2024-03-15T09:44:06.914+0000] {logging_mixin.py:188} INFO - [2024-03-15T09:44:06.914+0000] {dag.py:3047} INFO - Sync 1 DAGs
[2024-03-15T09:44:06.926+0000] {logging_mixin.py:188} INFO - [2024-03-15T09:44:06.926+0000] {dag.py:3069} INFO - Creating ORM DAG for example_skip_dag
[2024-03-15T09:44:06.942+0000] {logging_mixin.py:188} INFO - [2024-03-15T09:44:06.942+0000] {dag.py:3834} INFO - Setting next_dagrun for example_skip_dag to 2024-03-14 00:00:00+00:00, run_after=2024-03-15 00:00:00+00:00
[2024-03-15T09:44:06.983+0000] {processor.py:183} INFO - Processing /home/airflow/.local/lib/python3.8/site-packages/airflow/example_dags/example_skip_dag.py took 0.236 seconds
[2024-03-15T09:44:37.463+0000] {processor.py:161} INFO - Started process (PID=130) to work on /home/airflow/.local/lib/python3.8/site-packages/airflow/example_dags/example_skip_dag.py
[2024-03-15T09:44:37.476+0000] {processor.py:830} INFO - Processing file /home/airflow/.local/lib/python3.8/site-packages/airflow/example_dags/example_skip_dag.py for tasks to queue
[2024-03-15T09:44:37.486+0000] {logging_mixin.py:188} INFO - [2024-03-15T09:44:37.486+0000] {dagbag.py:540} INFO - Filling up the DagBag from /home/airflow/.local/lib/python3.8/site-packages/airflow/example_dags/example_skip_dag.py
[2024-03-15T09:44:37.572+0000] {processor.py:840} INFO - DAG(s) 'example_skip_dag' retrieved from /home/airflow/.local/lib/python3.8/site-packages/airflow/example_dags/example_skip_dag.py
[2024-03-15T09:44:37.764+0000] {logging_mixin.py:188} INFO - [2024-03-15T09:44:37.763+0000] {dag.py:3047} INFO - Sync 1 DAGs
[2024-03-15T09:44:37.901+0000] {logging_mixin.py:188} INFO - [2024-03-15T09:44:37.900+0000] {dag.py:3834} INFO - Setting next_dagrun for example_skip_dag to 2024-03-14 00:00:00+00:00, run_after=2024-03-15 00:00:00+00:00
[2024-03-15T09:44:38.002+0000] {processor.py:183} INFO - Processing /home/airflow/.local/lib/python3.8/site-packages/airflow/example_dags/example_skip_dag.py took 0.549 seconds
[2024-03-15T09:45:10.212+0000] {processor.py:161} INFO - Started process (PID=184) to work on /home/airflow/.local/lib/python3.8/site-packages/airflow/example_dags/example_skip_dag.py
[2024-03-15T09:45:10.219+0000] {processor.py:830} INFO - Processing file /home/airflow/.local/lib/python3.8/site-packages/airflow/example_dags/example_skip_dag.py for tasks to queue
[2024-03-15T09:45:10.237+0000] {logging_mixin.py:188} INFO - [2024-03-15T09:45:10.234+0000] {dagbag.py:540} INFO - Filling up the DagBag from /home/airflow/.local/lib/python3.8/site-packages/airflow/example_dags/example_skip_dag.py
[2024-03-15T09:45:10.265+0000] {processor.py:840} INFO - DAG(s) 'example_skip_dag' retrieved from /home/airflow/.local/lib/python3.8/site-packages/airflow/example_dags/example_skip_dag.py
[2024-03-15T09:45:10.317+0000] {logging_mixin.py:188} INFO - [2024-03-15T09:45:10.317+0000] {dag.py:3047} INFO - Sync 1 DAGs
[2024-03-15T09:45:10.341+0000] {logging_mixin.py:188} INFO - [2024-03-15T09:45:10.341+0000] {dag.py:3834} INFO - Setting next_dagrun for example_skip_dag to 2024-03-14 00:00:00+00:00, run_after=2024-03-15 00:00:00+00:00
[2024-03-15T09:45:10.357+0000] {processor.py:183} INFO - Processing /home/airflow/.local/lib/python3.8/site-packages/airflow/example_dags/example_skip_dag.py took 0.179 seconds
[2024-03-15T09:45:41.461+0000] {processor.py:161} INFO - Started process (PID=239) to work on /home/airflow/.local/lib/python3.8/site-packages/airflow/example_dags/example_skip_dag.py
[2024-03-15T09:45:41.466+0000] {processor.py:830} INFO - Processing file /home/airflow/.local/lib/python3.8/site-packages/airflow/example_dags/example_skip_dag.py for tasks to queue
[2024-03-15T09:45:41.470+0000] {logging_mixin.py:188} INFO - [2024-03-15T09:45:41.470+0000] {dagbag.py:540} INFO - Filling up the DagBag from /home/airflow/.local/lib/python3.8/site-packages/airflow/example_dags/example_skip_dag.py
[2024-03-15T09:45:41.476+0000] {processor.py:840} INFO - DAG(s) 'example_skip_dag' retrieved from /home/airflow/.local/lib/python3.8/site-packages/airflow/example_dags/example_skip_dag.py
[2024-03-15T09:45:41.621+0000] {logging_mixin.py:188} INFO - [2024-03-15T09:45:41.620+0000] {dag.py:3047} INFO - Sync 1 DAGs
[2024-03-15T09:45:41.661+0000] {logging_mixin.py:188} INFO - [2024-03-15T09:45:41.660+0000] {dag.py:3834} INFO - Setting next_dagrun for example_skip_dag to 2024-03-14 00:00:00+00:00, run_after=2024-03-15 00:00:00+00:00
[2024-03-15T09:45:41.703+0000] {processor.py:183} INFO - Processing /home/airflow/.local/lib/python3.8/site-packages/airflow/example_dags/example_skip_dag.py took 0.252 seconds
[2024-03-15T09:46:11.980+0000] {processor.py:161} INFO - Started process (PID=293) to work on /home/airflow/.local/lib/python3.8/site-packages/airflow/example_dags/example_skip_dag.py
[2024-03-15T09:46:11.982+0000] {processor.py:830} INFO - Processing file /home/airflow/.local/lib/python3.8/site-packages/airflow/example_dags/example_skip_dag.py for tasks to queue
[2024-03-15T09:46:11.984+0000] {logging_mixin.py:188} INFO - [2024-03-15T09:46:11.984+0000] {dagbag.py:540} INFO - Filling up the DagBag from /home/airflow/.local/lib/python3.8/site-packages/airflow/example_dags/example_skip_dag.py
[2024-03-15T09:46:11.992+0000] {processor.py:840} INFO - DAG(s) 'example_skip_dag' retrieved from /home/airflow/.local/lib/python3.8/site-packages/airflow/example_dags/example_skip_dag.py
[2024-03-15T09:46:12.057+0000] {logging_mixin.py:188} INFO - [2024-03-15T09:46:12.057+0000] {dag.py:3047} INFO - Sync 1 DAGs
[2024-03-15T09:46:12.148+0000] {logging_mixin.py:188} INFO - [2024-03-15T09:46:12.147+0000] {dag.py:3834} INFO - Setting next_dagrun for example_skip_dag to 2024-03-14 00:00:00+00:00, run_after=2024-03-15 00:00:00+00:00
[2024-03-15T09:46:12.316+0000] {processor.py:183} INFO - Processing /home/airflow/.local/lib/python3.8/site-packages/airflow/example_dags/example_skip_dag.py took 0.339 seconds
[2024-03-15T09:46:55.285+0000] {processor.py:161} INFO - Started process (PID=366) to work on /home/airflow/.local/lib/python3.8/site-packages/airflow/example_dags/example_skip_dag.py
[2024-03-15T09:46:55.300+0000] {processor.py:830} INFO - Processing file /home/airflow/.local/lib/python3.8/site-packages/airflow/example_dags/example_skip_dag.py for tasks to queue
[2024-03-15T09:46:55.332+0000] {logging_mixin.py:188} INFO - [2024-03-15T09:46:55.329+0000] {dagbag.py:540} INFO - Filling up the DagBag from /home/airflow/.local/lib/python3.8/site-packages/airflow/example_dags/example_skip_dag.py
[2024-03-15T09:46:55.382+0000] {processor.py:840} INFO - DAG(s) 'example_skip_dag' retrieved from /home/airflow/.local/lib/python3.8/site-packages/airflow/example_dags/example_skip_dag.py
[2024-03-15T09:46:55.555+0000] {logging_mixin.py:188} INFO - [2024-03-15T09:46:55.555+0000] {dag.py:3047} INFO - Sync 1 DAGs
[2024-03-15T09:46:55.735+0000] {logging_mixin.py:188} INFO - [2024-03-15T09:46:55.734+0000] {dag.py:3834} INFO - Setting next_dagrun for example_skip_dag to 2024-03-14 00:00:00+00:00, run_after=2024-03-15 00:00:00+00:00
[2024-03-15T09:46:55.829+0000] {processor.py:183} INFO - Processing /home/airflow/.local/lib/python3.8/site-packages/airflow/example_dags/example_skip_dag.py took 0.595 seconds
[2024-03-15T09:47:48.136+0000] {processor.py:161} INFO - Started process (PID=432) to work on /home/airflow/.local/lib/python3.8/site-packages/airflow/example_dags/example_skip_dag.py
[2024-03-15T09:47:48.157+0000] {processor.py:830} INFO - Processing file /home/airflow/.local/lib/python3.8/site-packages/airflow/example_dags/example_skip_dag.py for tasks to queue
[2024-03-15T09:47:48.233+0000] {logging_mixin.py:188} INFO - [2024-03-15T09:47:48.230+0000] {dagbag.py:540} INFO - Filling up the DagBag from /home/airflow/.local/lib/python3.8/site-packages/airflow/example_dags/example_skip_dag.py
[2024-03-15T09:47:48.317+0000] {processor.py:840} INFO - DAG(s) 'example_skip_dag' retrieved from /home/airflow/.local/lib/python3.8/site-packages/airflow/example_dags/example_skip_dag.py
[2024-03-15T09:47:48.523+0000] {logging_mixin.py:188} INFO - [2024-03-15T09:47:48.521+0000] {dag.py:3047} INFO - Sync 1 DAGs
[2024-03-15T09:47:48.784+0000] {logging_mixin.py:188} INFO - [2024-03-15T09:47:48.783+0000] {dag.py:3834} INFO - Setting next_dagrun for example_skip_dag to 2024-03-14 00:00:00+00:00, run_after=2024-03-15 00:00:00+00:00
[2024-03-15T09:47:49.133+0000] {processor.py:183} INFO - Processing /home/airflow/.local/lib/python3.8/site-packages/airflow/example_dags/example_skip_dag.py took 1.066 seconds
[2024-03-15T09:48:55.111+0000] {processor.py:161} INFO - Started process (PID=495) to work on /home/airflow/.local/lib/python3.8/site-packages/airflow/example_dags/example_skip_dag.py
[2024-03-15T09:48:55.140+0000] {processor.py:830} INFO - Processing file /home/airflow/.local/lib/python3.8/site-packages/airflow/example_dags/example_skip_dag.py for tasks to queue
[2024-03-15T09:48:55.152+0000] {logging_mixin.py:188} INFO - [2024-03-15T09:48:55.147+0000] {dagbag.py:540} INFO - Filling up the DagBag from /home/airflow/.local/lib/python3.8/site-packages/airflow/example_dags/example_skip_dag.py
[2024-03-15T09:48:55.252+0000] {processor.py:840} INFO - DAG(s) 'example_skip_dag' retrieved from /home/airflow/.local/lib/python3.8/site-packages/airflow/example_dags/example_skip_dag.py
[2024-03-15T09:48:55.452+0000] {logging_mixin.py:188} INFO - [2024-03-15T09:48:55.439+0000] {dag.py:3047} INFO - Sync 1 DAGs
[2024-03-15T09:48:55.605+0000] {logging_mixin.py:188} INFO - [2024-03-15T09:48:55.604+0000] {dag.py:3834} INFO - Setting next_dagrun for example_skip_dag to 2024-03-14 00:00:00+00:00, run_after=2024-03-15 00:00:00+00:00
[2024-03-15T09:48:55.662+0000] {processor.py:183} INFO - Processing /home/airflow/.local/lib/python3.8/site-packages/airflow/example_dags/example_skip_dag.py took 0.579 seconds
