[2024-03-15T09:43:58.471+0000] {processor.py:161} INFO - Started process (PID=54) to work on /home/airflow/.local/lib/python3.8/site-packages/airflow/example_dags/example_sla_dag.py
[2024-03-15T09:43:58.481+0000] {processor.py:830} INFO - Processing file /home/airflow/.local/lib/python3.8/site-packages/airflow/example_dags/example_sla_dag.py for tasks to queue
[2024-03-15T09:43:58.492+0000] {logging_mixin.py:188} INFO - [2024-03-15T09:43:58.491+0000] {dagbag.py:540} INFO - Filling up the DagBag from /home/airflow/.local/lib/python3.8/site-packages/airflow/example_dags/example_sla_dag.py
[2024-03-15T09:43:58.529+0000] {processor.py:840} INFO - DAG(s) 'example_sla_dag' retrieved from /home/airflow/.local/lib/python3.8/site-packages/airflow/example_dags/example_sla_dag.py
[2024-03-15T09:43:59.353+0000] {logging_mixin.py:188} INFO - [2024-03-15T09:43:59.350+0000] {override.py:1769} INFO - Created Permission View: can read on DAG:example_sla_dag
[2024-03-15T09:43:59.375+0000] {logging_mixin.py:188} INFO - [2024-03-15T09:43:59.375+0000] {override.py:1769} INFO - Created Permission View: can edit on DAG:example_sla_dag
[2024-03-15T09:43:59.417+0000] {logging_mixin.py:188} INFO - [2024-03-15T09:43:59.416+0000] {override.py:1769} INFO - Created Permission View: can delete on DAG:example_sla_dag
[2024-03-15T09:43:59.431+0000] {logging_mixin.py:188} INFO - [2024-03-15T09:43:59.429+0000] {dag.py:3047} INFO - Sync 1 DAGs
[2024-03-15T09:43:59.528+0000] {logging_mixin.py:188} INFO - [2024-03-15T09:43:59.528+0000] {dag.py:3069} INFO - Creating ORM DAG for example_sla_dag
[2024-03-15T09:43:59.570+0000] {logging_mixin.py:188} INFO - [2024-03-15T09:43:59.569+0000] {dag.py:3834} INFO - Setting next_dagrun for example_sla_dag to 2024-03-15 09:40:00+00:00, run_after=2024-03-15 09:42:00+00:00
[2024-03-15T09:43:59.627+0000] {processor.py:183} INFO - Processing /home/airflow/.local/lib/python3.8/site-packages/airflow/example_dags/example_sla_dag.py took 1.170 seconds
[2024-03-15T09:44:30.623+0000] {processor.py:161} INFO - Started process (PID=109) to work on /home/airflow/.local/lib/python3.8/site-packages/airflow/example_dags/example_sla_dag.py
[2024-03-15T09:44:30.628+0000] {processor.py:830} INFO - Processing file /home/airflow/.local/lib/python3.8/site-packages/airflow/example_dags/example_sla_dag.py for tasks to queue
[2024-03-15T09:44:30.643+0000] {logging_mixin.py:188} INFO - [2024-03-15T09:44:30.640+0000] {dagbag.py:540} INFO - Filling up the DagBag from /home/airflow/.local/lib/python3.8/site-packages/airflow/example_dags/example_sla_dag.py
[2024-03-15T09:44:30.690+0000] {processor.py:840} INFO - DAG(s) 'example_sla_dag' retrieved from /home/airflow/.local/lib/python3.8/site-packages/airflow/example_dags/example_sla_dag.py
[2024-03-15T09:44:30.779+0000] {logging_mixin.py:188} INFO - [2024-03-15T09:44:30.779+0000] {dag.py:3047} INFO - Sync 1 DAGs
[2024-03-15T09:44:30.844+0000] {logging_mixin.py:188} INFO - [2024-03-15T09:44:30.844+0000] {dag.py:3834} INFO - Setting next_dagrun for example_sla_dag to 2024-03-15 09:42:00+00:00, run_after=2024-03-15 09:44:00+00:00
[2024-03-15T09:44:30.894+0000] {processor.py:183} INFO - Processing /home/airflow/.local/lib/python3.8/site-packages/airflow/example_dags/example_sla_dag.py took 0.274 seconds
[2024-03-15T09:45:01.133+0000] {processor.py:161} INFO - Started process (PID=163) to work on /home/airflow/.local/lib/python3.8/site-packages/airflow/example_dags/example_sla_dag.py
[2024-03-15T09:45:01.135+0000] {processor.py:830} INFO - Processing file /home/airflow/.local/lib/python3.8/site-packages/airflow/example_dags/example_sla_dag.py for tasks to queue
[2024-03-15T09:45:01.138+0000] {logging_mixin.py:188} INFO - [2024-03-15T09:45:01.137+0000] {dagbag.py:540} INFO - Filling up the DagBag from /home/airflow/.local/lib/python3.8/site-packages/airflow/example_dags/example_sla_dag.py
[2024-03-15T09:45:01.176+0000] {processor.py:840} INFO - DAG(s) 'example_sla_dag' retrieved from /home/airflow/.local/lib/python3.8/site-packages/airflow/example_dags/example_sla_dag.py
[2024-03-15T09:45:01.214+0000] {logging_mixin.py:188} INFO - [2024-03-15T09:45:01.214+0000] {dag.py:3047} INFO - Sync 1 DAGs
[2024-03-15T09:45:01.234+0000] {logging_mixin.py:188} INFO - [2024-03-15T09:45:01.234+0000] {dag.py:3834} INFO - Setting next_dagrun for example_sla_dag to 2024-03-15 09:42:00+00:00, run_after=2024-03-15 09:44:00+00:00
[2024-03-15T09:45:01.252+0000] {processor.py:183} INFO - Processing /home/airflow/.local/lib/python3.8/site-packages/airflow/example_dags/example_sla_dag.py took 0.103 seconds
[2024-03-15T09:45:32.028+0000] {processor.py:161} INFO - Started process (PID=218) to work on /home/airflow/.local/lib/python3.8/site-packages/airflow/example_dags/example_sla_dag.py
[2024-03-15T09:45:32.031+0000] {processor.py:830} INFO - Processing file /home/airflow/.local/lib/python3.8/site-packages/airflow/example_dags/example_sla_dag.py for tasks to queue
[2024-03-15T09:45:32.035+0000] {logging_mixin.py:188} INFO - [2024-03-15T09:45:32.035+0000] {dagbag.py:540} INFO - Filling up the DagBag from /home/airflow/.local/lib/python3.8/site-packages/airflow/example_dags/example_sla_dag.py
[2024-03-15T09:45:32.049+0000] {processor.py:840} INFO - DAG(s) 'example_sla_dag' retrieved from /home/airflow/.local/lib/python3.8/site-packages/airflow/example_dags/example_sla_dag.py
[2024-03-15T09:45:32.073+0000] {logging_mixin.py:188} INFO - [2024-03-15T09:45:32.073+0000] {dag.py:3047} INFO - Sync 1 DAGs
[2024-03-15T09:45:32.114+0000] {logging_mixin.py:188} INFO - [2024-03-15T09:45:32.114+0000] {dag.py:3834} INFO - Setting next_dagrun for example_sla_dag to 2024-03-15 09:42:00+00:00, run_after=2024-03-15 09:44:00+00:00
[2024-03-15T09:45:32.136+0000] {processor.py:183} INFO - Processing /home/airflow/.local/lib/python3.8/site-packages/airflow/example_dags/example_sla_dag.py took 0.112 seconds
[2024-03-15T09:46:03.838+0000] {processor.py:161} INFO - Started process (PID=272) to work on /home/airflow/.local/lib/python3.8/site-packages/airflow/example_dags/example_sla_dag.py
[2024-03-15T09:46:03.841+0000] {processor.py:830} INFO - Processing file /home/airflow/.local/lib/python3.8/site-packages/airflow/example_dags/example_sla_dag.py for tasks to queue
[2024-03-15T09:46:03.846+0000] {logging_mixin.py:188} INFO - [2024-03-15T09:46:03.845+0000] {dagbag.py:540} INFO - Filling up the DagBag from /home/airflow/.local/lib/python3.8/site-packages/airflow/example_dags/example_sla_dag.py
[2024-03-15T09:46:03.893+0000] {processor.py:840} INFO - DAG(s) 'example_sla_dag' retrieved from /home/airflow/.local/lib/python3.8/site-packages/airflow/example_dags/example_sla_dag.py
[2024-03-15T09:46:04.026+0000] {logging_mixin.py:188} INFO - [2024-03-15T09:46:04.025+0000] {dag.py:3047} INFO - Sync 1 DAGs
[2024-03-15T09:46:04.093+0000] {logging_mixin.py:188} INFO - [2024-03-15T09:46:04.093+0000] {dag.py:3834} INFO - Setting next_dagrun for example_sla_dag to 2024-03-15 09:44:00+00:00, run_after=2024-03-15 09:46:00+00:00
[2024-03-15T09:46:04.135+0000] {processor.py:183} INFO - Processing /home/airflow/.local/lib/python3.8/site-packages/airflow/example_dags/example_sla_dag.py took 0.305 seconds
[2024-03-15T09:46:35.829+0000] {processor.py:161} INFO - Started process (PID=327) to work on /home/airflow/.local/lib/python3.8/site-packages/airflow/example_dags/example_sla_dag.py
[2024-03-15T09:46:35.831+0000] {processor.py:830} INFO - Processing file /home/airflow/.local/lib/python3.8/site-packages/airflow/example_dags/example_sla_dag.py for tasks to queue
[2024-03-15T09:46:35.835+0000] {logging_mixin.py:188} INFO - [2024-03-15T09:46:35.835+0000] {dagbag.py:540} INFO - Filling up the DagBag from /home/airflow/.local/lib/python3.8/site-packages/airflow/example_dags/example_sla_dag.py
[2024-03-15T09:46:35.851+0000] {processor.py:840} INFO - DAG(s) 'example_sla_dag' retrieved from /home/airflow/.local/lib/python3.8/site-packages/airflow/example_dags/example_sla_dag.py
[2024-03-15T09:46:35.952+0000] {logging_mixin.py:188} INFO - [2024-03-15T09:46:35.951+0000] {dag.py:3047} INFO - Sync 1 DAGs
[2024-03-15T09:46:36.010+0000] {logging_mixin.py:188} INFO - [2024-03-15T09:46:36.009+0000] {dag.py:3834} INFO - Setting next_dagrun for example_sla_dag to 2024-03-15 09:44:00+00:00, run_after=2024-03-15 09:46:00+00:00
[2024-03-15T09:46:36.043+0000] {processor.py:183} INFO - Processing /home/airflow/.local/lib/python3.8/site-packages/airflow/example_dags/example_sla_dag.py took 0.219 seconds
[2024-03-15T09:47:16.355+0000] {processor.py:161} INFO - Started process (PID=402) to work on /home/airflow/.local/lib/python3.8/site-packages/airflow/example_dags/example_sla_dag.py
[2024-03-15T09:47:16.364+0000] {processor.py:830} INFO - Processing file /home/airflow/.local/lib/python3.8/site-packages/airflow/example_dags/example_sla_dag.py for tasks to queue
[2024-03-15T09:47:16.377+0000] {logging_mixin.py:188} INFO - [2024-03-15T09:47:16.376+0000] {dagbag.py:540} INFO - Filling up the DagBag from /home/airflow/.local/lib/python3.8/site-packages/airflow/example_dags/example_sla_dag.py
[2024-03-15T09:47:16.510+0000] {processor.py:840} INFO - DAG(s) 'example_sla_dag' retrieved from /home/airflow/.local/lib/python3.8/site-packages/airflow/example_dags/example_sla_dag.py
[2024-03-15T09:47:16.651+0000] {logging_mixin.py:188} INFO - [2024-03-15T09:47:16.650+0000] {dag.py:3047} INFO - Sync 1 DAGs
[2024-03-15T09:47:16.707+0000] {logging_mixin.py:188} INFO - [2024-03-15T09:47:16.707+0000] {dag.py:3834} INFO - Setting next_dagrun for example_sla_dag to 2024-03-15 09:44:00+00:00, run_after=2024-03-15 09:46:00+00:00
[2024-03-15T09:47:16.759+0000] {processor.py:183} INFO - Processing /home/airflow/.local/lib/python3.8/site-packages/airflow/example_dags/example_sla_dag.py took 0.455 seconds
[2024-03-15T09:48:11.601+0000] {processor.py:161} INFO - Started process (PID=462) to work on /home/airflow/.local/lib/python3.8/site-packages/airflow/example_dags/example_sla_dag.py
[2024-03-15T09:48:11.612+0000] {processor.py:830} INFO - Processing file /home/airflow/.local/lib/python3.8/site-packages/airflow/example_dags/example_sla_dag.py for tasks to queue
[2024-03-15T09:48:11.633+0000] {logging_mixin.py:188} INFO - [2024-03-15T09:48:11.628+0000] {dagbag.py:540} INFO - Filling up the DagBag from /home/airflow/.local/lib/python3.8/site-packages/airflow/example_dags/example_sla_dag.py
[2024-03-15T09:48:11.809+0000] {processor.py:840} INFO - DAG(s) 'example_sla_dag' retrieved from /home/airflow/.local/lib/python3.8/site-packages/airflow/example_dags/example_sla_dag.py
[2024-03-15T09:48:15.653+0000] {logging_mixin.py:188} INFO - [2024-03-15T09:48:15.588+0000] {dag.py:3047} INFO - Sync 1 DAGs
[2024-03-15T09:48:17.832+0000] {logging_mixin.py:188} INFO - [2024-03-15T09:48:17.814+0000] {dag.py:3834} INFO - Setting next_dagrun for example_sla_dag to 2024-03-15 09:46:00+00:00, run_after=2024-03-15 09:48:00+00:00
[2024-03-15T09:48:18.018+0000] {processor.py:183} INFO - Processing /home/airflow/.local/lib/python3.8/site-packages/airflow/example_dags/example_sla_dag.py took 6.465 seconds
[2024-03-15T09:49:05.851+0000] {processor.py:161} INFO - Started process (PID=516) to work on /home/airflow/.local/lib/python3.8/site-packages/airflow/example_dags/example_sla_dag.py
[2024-03-15T09:49:05.855+0000] {processor.py:830} INFO - Processing file /home/airflow/.local/lib/python3.8/site-packages/airflow/example_dags/example_sla_dag.py for tasks to queue
[2024-03-15T09:49:05.858+0000] {logging_mixin.py:188} INFO - [2024-03-15T09:49:05.857+0000] {dagbag.py:540} INFO - Filling up the DagBag from /home/airflow/.local/lib/python3.8/site-packages/airflow/example_dags/example_sla_dag.py
[2024-03-15T09:49:05.874+0000] {processor.py:840} INFO - DAG(s) 'example_sla_dag' retrieved from /home/airflow/.local/lib/python3.8/site-packages/airflow/example_dags/example_sla_dag.py
[2024-03-15T09:49:05.910+0000] {logging_mixin.py:188} INFO - [2024-03-15T09:49:05.910+0000] {dag.py:3047} INFO - Sync 1 DAGs
[2024-03-15T09:49:05.951+0000] {logging_mixin.py:188} INFO - [2024-03-15T09:49:05.951+0000] {dag.py:3834} INFO - Setting next_dagrun for example_sla_dag to 2024-03-15 09:46:00+00:00, run_after=2024-03-15 09:48:00+00:00
[2024-03-15T09:49:05.989+0000] {processor.py:183} INFO - Processing /home/airflow/.local/lib/python3.8/site-packages/airflow/example_dags/example_sla_dag.py took 0.142 seconds
