[2024-03-15T09:43:51.126+0000] {processor.py:161} INFO - Started process (PID=40) to work on /home/airflow/.local/lib/python3.8/site-packages/airflow/example_dags/example_trigger_controller_dag.py
[2024-03-15T09:43:51.131+0000] {processor.py:830} INFO - Processing file /home/airflow/.local/lib/python3.8/site-packages/airflow/example_dags/example_trigger_controller_dag.py for tasks to queue
[2024-03-15T09:43:51.142+0000] {logging_mixin.py:188} INFO - [2024-03-15T09:43:51.141+0000] {dagbag.py:540} INFO - Filling up the DagBag from /home/airflow/.local/lib/python3.8/site-packages/airflow/example_dags/example_trigger_controller_dag.py
[2024-03-15T09:43:51.198+0000] {processor.py:840} INFO - DAG(s) 'example_trigger_controller_dag' retrieved from /home/airflow/.local/lib/python3.8/site-packages/airflow/example_dags/example_trigger_controller_dag.py
[2024-03-15T09:43:52.374+0000] {logging_mixin.py:188} INFO - [2024-03-15T09:43:52.369+0000] {override.py:1769} INFO - Created Permission View: can read on DAG:example_trigger_controller_dag
[2024-03-15T09:43:52.417+0000] {logging_mixin.py:188} INFO - [2024-03-15T09:43:52.416+0000] {override.py:1769} INFO - Created Permission View: can edit on DAG:example_trigger_controller_dag
[2024-03-15T09:43:52.446+0000] {logging_mixin.py:188} INFO - [2024-03-15T09:43:52.446+0000] {override.py:1769} INFO - Created Permission View: can delete on DAG:example_trigger_controller_dag
[2024-03-15T09:43:52.450+0000] {logging_mixin.py:188} INFO - [2024-03-15T09:43:52.448+0000] {dag.py:3047} INFO - Sync 1 DAGs
[2024-03-15T09:43:52.484+0000] {logging_mixin.py:188} INFO - [2024-03-15T09:43:52.484+0000] {dag.py:3069} INFO - Creating ORM DAG for example_trigger_controller_dag
[2024-03-15T09:43:52.560+0000] {logging_mixin.py:188} INFO - [2024-03-15T09:43:52.559+0000] {dag.py:3834} INFO - Setting next_dagrun for example_trigger_controller_dag to 2021-01-01 00:00:00+00:00, run_after=2021-01-01 00:00:00+00:00
[2024-03-15T09:43:52.664+0000] {processor.py:183} INFO - Processing /home/airflow/.local/lib/python3.8/site-packages/airflow/example_dags/example_trigger_controller_dag.py took 1.595 seconds
[2024-03-15T09:44:23.337+0000] {processor.py:161} INFO - Started process (PID=100) to work on /home/airflow/.local/lib/python3.8/site-packages/airflow/example_dags/example_trigger_controller_dag.py
[2024-03-15T09:44:23.347+0000] {processor.py:830} INFO - Processing file /home/airflow/.local/lib/python3.8/site-packages/airflow/example_dags/example_trigger_controller_dag.py for tasks to queue
[2024-03-15T09:44:23.369+0000] {logging_mixin.py:188} INFO - [2024-03-15T09:44:23.365+0000] {dagbag.py:540} INFO - Filling up the DagBag from /home/airflow/.local/lib/python3.8/site-packages/airflow/example_dags/example_trigger_controller_dag.py
[2024-03-15T09:44:23.384+0000] {processor.py:840} INFO - DAG(s) 'example_trigger_controller_dag' retrieved from /home/airflow/.local/lib/python3.8/site-packages/airflow/example_dags/example_trigger_controller_dag.py
[2024-03-15T09:44:23.415+0000] {logging_mixin.py:188} INFO - [2024-03-15T09:44:23.415+0000] {dag.py:3047} INFO - Sync 1 DAGs
[2024-03-15T09:44:23.435+0000] {logging_mixin.py:188} INFO - [2024-03-15T09:44:23.434+0000] {dag.py:3834} INFO - Setting next_dagrun for example_trigger_controller_dag to 2021-01-01 00:00:00+00:00, run_after=2021-01-01 00:00:00+00:00
[2024-03-15T09:44:23.465+0000] {processor.py:183} INFO - Processing /home/airflow/.local/lib/python3.8/site-packages/airflow/example_dags/example_trigger_controller_dag.py took 0.150 seconds
[2024-03-15T09:44:54.551+0000] {processor.py:161} INFO - Started process (PID=154) to work on /home/airflow/.local/lib/python3.8/site-packages/airflow/example_dags/example_trigger_controller_dag.py
[2024-03-15T09:44:54.557+0000] {processor.py:830} INFO - Processing file /home/airflow/.local/lib/python3.8/site-packages/airflow/example_dags/example_trigger_controller_dag.py for tasks to queue
[2024-03-15T09:44:54.566+0000] {logging_mixin.py:188} INFO - [2024-03-15T09:44:54.566+0000] {dagbag.py:540} INFO - Filling up the DagBag from /home/airflow/.local/lib/python3.8/site-packages/airflow/example_dags/example_trigger_controller_dag.py
[2024-03-15T09:44:54.578+0000] {processor.py:840} INFO - DAG(s) 'example_trigger_controller_dag' retrieved from /home/airflow/.local/lib/python3.8/site-packages/airflow/example_dags/example_trigger_controller_dag.py
[2024-03-15T09:44:54.620+0000] {logging_mixin.py:188} INFO - [2024-03-15T09:44:54.620+0000] {dag.py:3047} INFO - Sync 1 DAGs
[2024-03-15T09:44:54.647+0000] {logging_mixin.py:188} INFO - [2024-03-15T09:44:54.647+0000] {dag.py:3834} INFO - Setting next_dagrun for example_trigger_controller_dag to 2021-01-01 00:00:00+00:00, run_after=2021-01-01 00:00:00+00:00
[2024-03-15T09:44:54.675+0000] {processor.py:183} INFO - Processing /home/airflow/.local/lib/python3.8/site-packages/airflow/example_dags/example_trigger_controller_dag.py took 0.131 seconds
[2024-03-15T09:45:25.711+0000] {processor.py:161} INFO - Started process (PID=209) to work on /home/airflow/.local/lib/python3.8/site-packages/airflow/example_dags/example_trigger_controller_dag.py
[2024-03-15T09:45:25.714+0000] {processor.py:830} INFO - Processing file /home/airflow/.local/lib/python3.8/site-packages/airflow/example_dags/example_trigger_controller_dag.py for tasks to queue
[2024-03-15T09:45:25.715+0000] {logging_mixin.py:188} INFO - [2024-03-15T09:45:25.715+0000] {dagbag.py:540} INFO - Filling up the DagBag from /home/airflow/.local/lib/python3.8/site-packages/airflow/example_dags/example_trigger_controller_dag.py
[2024-03-15T09:45:25.723+0000] {processor.py:840} INFO - DAG(s) 'example_trigger_controller_dag' retrieved from /home/airflow/.local/lib/python3.8/site-packages/airflow/example_dags/example_trigger_controller_dag.py
[2024-03-15T09:45:25.758+0000] {logging_mixin.py:188} INFO - [2024-03-15T09:45:25.758+0000] {dag.py:3047} INFO - Sync 1 DAGs
[2024-03-15T09:45:25.782+0000] {logging_mixin.py:188} INFO - [2024-03-15T09:45:25.782+0000] {dag.py:3834} INFO - Setting next_dagrun for example_trigger_controller_dag to 2021-01-01 00:00:00+00:00, run_after=2021-01-01 00:00:00+00:00
[2024-03-15T09:45:25.815+0000] {processor.py:183} INFO - Processing /home/airflow/.local/lib/python3.8/site-packages/airflow/example_dags/example_trigger_controller_dag.py took 0.128 seconds
[2024-03-15T09:45:58.557+0000] {processor.py:161} INFO - Started process (PID=263) to work on /home/airflow/.local/lib/python3.8/site-packages/airflow/example_dags/example_trigger_controller_dag.py
[2024-03-15T09:45:58.560+0000] {processor.py:830} INFO - Processing file /home/airflow/.local/lib/python3.8/site-packages/airflow/example_dags/example_trigger_controller_dag.py for tasks to queue
[2024-03-15T09:45:58.564+0000] {logging_mixin.py:188} INFO - [2024-03-15T09:45:58.564+0000] {dagbag.py:540} INFO - Filling up the DagBag from /home/airflow/.local/lib/python3.8/site-packages/airflow/example_dags/example_trigger_controller_dag.py
[2024-03-15T09:45:58.570+0000] {processor.py:840} INFO - DAG(s) 'example_trigger_controller_dag' retrieved from /home/airflow/.local/lib/python3.8/site-packages/airflow/example_dags/example_trigger_controller_dag.py
[2024-03-15T09:45:58.601+0000] {logging_mixin.py:188} INFO - [2024-03-15T09:45:58.600+0000] {dag.py:3047} INFO - Sync 1 DAGs
[2024-03-15T09:45:58.658+0000] {logging_mixin.py:188} INFO - [2024-03-15T09:45:58.658+0000] {dag.py:3834} INFO - Setting next_dagrun for example_trigger_controller_dag to 2021-01-01 00:00:00+00:00, run_after=2021-01-01 00:00:00+00:00
[2024-03-15T09:45:58.693+0000] {processor.py:183} INFO - Processing /home/airflow/.local/lib/python3.8/site-packages/airflow/example_dags/example_trigger_controller_dag.py took 0.139 seconds
[2024-03-15T09:46:31.913+0000] {processor.py:161} INFO - Started process (PID=317) to work on /home/airflow/.local/lib/python3.8/site-packages/airflow/example_dags/example_trigger_controller_dag.py
[2024-03-15T09:46:31.915+0000] {processor.py:830} INFO - Processing file /home/airflow/.local/lib/python3.8/site-packages/airflow/example_dags/example_trigger_controller_dag.py for tasks to queue
[2024-03-15T09:46:31.917+0000] {logging_mixin.py:188} INFO - [2024-03-15T09:46:31.917+0000] {dagbag.py:540} INFO - Filling up the DagBag from /home/airflow/.local/lib/python3.8/site-packages/airflow/example_dags/example_trigger_controller_dag.py
[2024-03-15T09:46:31.929+0000] {processor.py:840} INFO - DAG(s) 'example_trigger_controller_dag' retrieved from /home/airflow/.local/lib/python3.8/site-packages/airflow/example_dags/example_trigger_controller_dag.py
[2024-03-15T09:46:31.956+0000] {logging_mixin.py:188} INFO - [2024-03-15T09:46:31.955+0000] {dag.py:3047} INFO - Sync 1 DAGs
[2024-03-15T09:46:32.040+0000] {logging_mixin.py:188} INFO - [2024-03-15T09:46:32.040+0000] {dag.py:3834} INFO - Setting next_dagrun for example_trigger_controller_dag to 2021-01-01 00:00:00+00:00, run_after=2021-01-01 00:00:00+00:00
[2024-03-15T09:46:32.102+0000] {processor.py:183} INFO - Processing /home/airflow/.local/lib/python3.8/site-packages/airflow/example_dags/example_trigger_controller_dag.py took 0.195 seconds
[2024-03-15T09:47:07.109+0000] {processor.py:161} INFO - Started process (PID=393) to work on /home/airflow/.local/lib/python3.8/site-packages/airflow/example_dags/example_trigger_controller_dag.py
[2024-03-15T09:47:07.133+0000] {processor.py:830} INFO - Processing file /home/airflow/.local/lib/python3.8/site-packages/airflow/example_dags/example_trigger_controller_dag.py for tasks to queue
[2024-03-15T09:47:07.218+0000] {logging_mixin.py:188} INFO - [2024-03-15T09:47:07.207+0000] {dagbag.py:540} INFO - Filling up the DagBag from /home/airflow/.local/lib/python3.8/site-packages/airflow/example_dags/example_trigger_controller_dag.py
[2024-03-15T09:47:07.359+0000] {processor.py:840} INFO - DAG(s) 'example_trigger_controller_dag' retrieved from /home/airflow/.local/lib/python3.8/site-packages/airflow/example_dags/example_trigger_controller_dag.py
[2024-03-15T09:47:07.766+0000] {logging_mixin.py:188} INFO - [2024-03-15T09:47:07.761+0000] {dag.py:3047} INFO - Sync 1 DAGs
[2024-03-15T09:47:07.964+0000] {logging_mixin.py:188} INFO - [2024-03-15T09:47:07.964+0000] {dag.py:3834} INFO - Setting next_dagrun for example_trigger_controller_dag to 2021-01-01 00:00:00+00:00, run_after=2021-01-01 00:00:00+00:00
[2024-03-15T09:47:08.161+0000] {processor.py:183} INFO - Processing /home/airflow/.local/lib/python3.8/site-packages/airflow/example_dags/example_trigger_controller_dag.py took 1.104 seconds
[2024-03-15T09:48:00.676+0000] {processor.py:161} INFO - Started process (PID=448) to work on /home/airflow/.local/lib/python3.8/site-packages/airflow/example_dags/example_trigger_controller_dag.py
[2024-03-15T09:48:00.681+0000] {processor.py:830} INFO - Processing file /home/airflow/.local/lib/python3.8/site-packages/airflow/example_dags/example_trigger_controller_dag.py for tasks to queue
[2024-03-15T09:48:00.691+0000] {logging_mixin.py:188} INFO - [2024-03-15T09:48:00.690+0000] {dagbag.py:540} INFO - Filling up the DagBag from /home/airflow/.local/lib/python3.8/site-packages/airflow/example_dags/example_trigger_controller_dag.py
[2024-03-15T09:48:00.719+0000] {processor.py:840} INFO - DAG(s) 'example_trigger_controller_dag' retrieved from /home/airflow/.local/lib/python3.8/site-packages/airflow/example_dags/example_trigger_controller_dag.py
[2024-03-15T09:48:01.173+0000] {logging_mixin.py:188} INFO - [2024-03-15T09:48:01.146+0000] {dag.py:3047} INFO - Sync 1 DAGs
[2024-03-15T09:48:01.472+0000] {logging_mixin.py:188} INFO - [2024-03-15T09:48:01.472+0000] {dag.py:3834} INFO - Setting next_dagrun for example_trigger_controller_dag to 2021-01-01 00:00:00+00:00, run_after=2021-01-01 00:00:00+00:00
[2024-03-15T09:48:01.712+0000] {processor.py:183} INFO - Processing /home/airflow/.local/lib/python3.8/site-packages/airflow/example_dags/example_trigger_controller_dag.py took 1.042 seconds
[2024-03-15T09:48:50.260+0000] {processor.py:161} INFO - Started process (PID=487) to work on /home/airflow/.local/lib/python3.8/site-packages/airflow/example_dags/example_trigger_controller_dag.py
[2024-03-15T09:48:50.271+0000] {processor.py:830} INFO - Processing file /home/airflow/.local/lib/python3.8/site-packages/airflow/example_dags/example_trigger_controller_dag.py for tasks to queue
[2024-03-15T09:48:50.291+0000] {logging_mixin.py:188} INFO - [2024-03-15T09:48:50.288+0000] {dagbag.py:540} INFO - Filling up the DagBag from /home/airflow/.local/lib/python3.8/site-packages/airflow/example_dags/example_trigger_controller_dag.py
[2024-03-15T09:48:50.354+0000] {processor.py:840} INFO - DAG(s) 'example_trigger_controller_dag' retrieved from /home/airflow/.local/lib/python3.8/site-packages/airflow/example_dags/example_trigger_controller_dag.py
[2024-03-15T09:48:50.703+0000] {logging_mixin.py:188} INFO - [2024-03-15T09:48:50.699+0000] {dag.py:3047} INFO - Sync 1 DAGs
[2024-03-15T09:48:50.911+0000] {logging_mixin.py:188} INFO - [2024-03-15T09:48:50.908+0000] {dag.py:3834} INFO - Setting next_dagrun for example_trigger_controller_dag to 2021-01-01 00:00:00+00:00, run_after=2021-01-01 00:00:00+00:00
[2024-03-15T09:48:51.069+0000] {processor.py:183} INFO - Processing /home/airflow/.local/lib/python3.8/site-packages/airflow/example_dags/example_trigger_controller_dag.py took 0.904 seconds
