[2024-03-15T09:43:53.106+0000] {processor.py:161} INFO - Started process (PID=48) to work on /home/airflow/.local/lib/python3.8/site-packages/airflow/example_dags/example_dag_decorator.py
[2024-03-15T09:43:53.108+0000] {processor.py:830} INFO - Processing file /home/airflow/.local/lib/python3.8/site-packages/airflow/example_dags/example_dag_decorator.py for tasks to queue
[2024-03-15T09:43:53.120+0000] {logging_mixin.py:188} INFO - [2024-03-15T09:43:53.117+0000] {dagbag.py:540} INFO - Filling up the DagBag from /home/airflow/.local/lib/python3.8/site-packages/airflow/example_dags/example_dag_decorator.py
[2024-03-15T09:43:54.059+0000] {processor.py:840} INFO - DAG(s) 'example_dag_decorator' retrieved from /home/airflow/.local/lib/python3.8/site-packages/airflow/example_dags/example_dag_decorator.py
[2024-03-15T09:43:54.398+0000] {logging_mixin.py:188} INFO - [2024-03-15T09:43:54.396+0000] {override.py:1769} INFO - Created Permission View: can read on DAG:example_dag_decorator
[2024-03-15T09:43:54.441+0000] {logging_mixin.py:188} INFO - [2024-03-15T09:43:54.441+0000] {override.py:1769} INFO - Created Permission View: can edit on DAG:example_dag_decorator
[2024-03-15T09:43:54.497+0000] {logging_mixin.py:188} INFO - [2024-03-15T09:43:54.496+0000] {override.py:1769} INFO - Created Permission View: can delete on DAG:example_dag_decorator
[2024-03-15T09:43:54.516+0000] {logging_mixin.py:188} INFO - [2024-03-15T09:43:54.515+0000] {dag.py:3047} INFO - Sync 1 DAGs
[2024-03-15T09:43:54.577+0000] {logging_mixin.py:188} INFO - [2024-03-15T09:43:54.577+0000] {dag.py:3069} INFO - Creating ORM DAG for example_dag_decorator
[2024-03-15T09:43:54.581+0000] {logging_mixin.py:188} INFO - [2024-03-15T09:43:54.580+0000] {dag.py:3834} INFO - Setting next_dagrun for example_dag_decorator to None, run_after=None
[2024-03-15T09:43:54.663+0000] {processor.py:183} INFO - Processing /home/airflow/.local/lib/python3.8/site-packages/airflow/example_dags/example_dag_decorator.py took 1.564 seconds
[2024-03-15T09:44:25.576+0000] {processor.py:161} INFO - Started process (PID=103) to work on /home/airflow/.local/lib/python3.8/site-packages/airflow/example_dags/example_dag_decorator.py
[2024-03-15T09:44:25.579+0000] {processor.py:830} INFO - Processing file /home/airflow/.local/lib/python3.8/site-packages/airflow/example_dags/example_dag_decorator.py for tasks to queue
[2024-03-15T09:44:25.582+0000] {logging_mixin.py:188} INFO - [2024-03-15T09:44:25.582+0000] {dagbag.py:540} INFO - Filling up the DagBag from /home/airflow/.local/lib/python3.8/site-packages/airflow/example_dags/example_dag_decorator.py
[2024-03-15T09:44:26.036+0000] {processor.py:840} INFO - DAG(s) 'example_dag_decorator' retrieved from /home/airflow/.local/lib/python3.8/site-packages/airflow/example_dags/example_dag_decorator.py
[2024-03-15T09:44:26.247+0000] {logging_mixin.py:188} INFO - [2024-03-15T09:44:26.246+0000] {dag.py:3047} INFO - Sync 1 DAGs
[2024-03-15T09:44:26.256+0000] {logging_mixin.py:188} INFO - [2024-03-15T09:44:26.256+0000] {dag.py:3834} INFO - Setting next_dagrun for example_dag_decorator to None, run_after=None
[2024-03-15T09:44:26.280+0000] {processor.py:183} INFO - Processing /home/airflow/.local/lib/python3.8/site-packages/airflow/example_dags/example_dag_decorator.py took 0.711 seconds
[2024-03-15T09:44:56.681+0000] {processor.py:161} INFO - Started process (PID=158) to work on /home/airflow/.local/lib/python3.8/site-packages/airflow/example_dags/example_dag_decorator.py
[2024-03-15T09:44:56.682+0000] {processor.py:830} INFO - Processing file /home/airflow/.local/lib/python3.8/site-packages/airflow/example_dags/example_dag_decorator.py for tasks to queue
[2024-03-15T09:44:56.683+0000] {logging_mixin.py:188} INFO - [2024-03-15T09:44:56.683+0000] {dagbag.py:540} INFO - Filling up the DagBag from /home/airflow/.local/lib/python3.8/site-packages/airflow/example_dags/example_dag_decorator.py
[2024-03-15T09:44:57.036+0000] {processor.py:840} INFO - DAG(s) 'example_dag_decorator' retrieved from /home/airflow/.local/lib/python3.8/site-packages/airflow/example_dags/example_dag_decorator.py
[2024-03-15T09:44:57.741+0000] {logging_mixin.py:188} INFO - [2024-03-15T09:44:57.740+0000] {dag.py:3047} INFO - Sync 1 DAGs
[2024-03-15T09:44:57.792+0000] {logging_mixin.py:188} INFO - [2024-03-15T09:44:57.791+0000] {dag.py:3834} INFO - Setting next_dagrun for example_dag_decorator to None, run_after=None
[2024-03-15T09:44:57.870+0000] {processor.py:183} INFO - Processing /home/airflow/.local/lib/python3.8/site-packages/airflow/example_dags/example_dag_decorator.py took 1.191 seconds
[2024-03-15T09:45:28.406+0000] {processor.py:161} INFO - Started process (PID=213) to work on /home/airflow/.local/lib/python3.8/site-packages/airflow/example_dags/example_dag_decorator.py
[2024-03-15T09:45:28.414+0000] {processor.py:830} INFO - Processing file /home/airflow/.local/lib/python3.8/site-packages/airflow/example_dags/example_dag_decorator.py for tasks to queue
[2024-03-15T09:45:28.423+0000] {logging_mixin.py:188} INFO - [2024-03-15T09:45:28.423+0000] {dagbag.py:540} INFO - Filling up the DagBag from /home/airflow/.local/lib/python3.8/site-packages/airflow/example_dags/example_dag_decorator.py
[2024-03-15T09:45:28.851+0000] {processor.py:840} INFO - DAG(s) 'example_dag_decorator' retrieved from /home/airflow/.local/lib/python3.8/site-packages/airflow/example_dags/example_dag_decorator.py
[2024-03-15T09:45:29.466+0000] {logging_mixin.py:188} INFO - [2024-03-15T09:45:29.465+0000] {dag.py:3047} INFO - Sync 1 DAGs
[2024-03-15T09:45:29.481+0000] {logging_mixin.py:188} INFO - [2024-03-15T09:45:29.481+0000] {dag.py:3834} INFO - Setting next_dagrun for example_dag_decorator to None, run_after=None
[2024-03-15T09:45:29.509+0000] {processor.py:183} INFO - Processing /home/airflow/.local/lib/python3.8/site-packages/airflow/example_dags/example_dag_decorator.py took 1.134 seconds
[2024-03-15T09:45:59.921+0000] {processor.py:161} INFO - Started process (PID=267) to work on /home/airflow/.local/lib/python3.8/site-packages/airflow/example_dags/example_dag_decorator.py
[2024-03-15T09:45:59.923+0000] {processor.py:830} INFO - Processing file /home/airflow/.local/lib/python3.8/site-packages/airflow/example_dags/example_dag_decorator.py for tasks to queue
[2024-03-15T09:45:59.937+0000] {logging_mixin.py:188} INFO - [2024-03-15T09:45:59.936+0000] {dagbag.py:540} INFO - Filling up the DagBag from /home/airflow/.local/lib/python3.8/site-packages/airflow/example_dags/example_dag_decorator.py
[2024-03-15T09:46:00.589+0000] {processor.py:840} INFO - DAG(s) 'example_dag_decorator' retrieved from /home/airflow/.local/lib/python3.8/site-packages/airflow/example_dags/example_dag_decorator.py
[2024-03-15T09:46:02.353+0000] {logging_mixin.py:188} INFO - [2024-03-15T09:46:02.346+0000] {dag.py:3047} INFO - Sync 1 DAGs
[2024-03-15T09:46:02.432+0000] {logging_mixin.py:188} INFO - [2024-03-15T09:46:02.431+0000] {dag.py:3834} INFO - Setting next_dagrun for example_dag_decorator to None, run_after=None
[2024-03-15T09:46:02.577+0000] {processor.py:183} INFO - Processing /home/airflow/.local/lib/python3.8/site-packages/airflow/example_dags/example_dag_decorator.py took 2.657 seconds
[2024-03-15T09:46:33.083+0000] {processor.py:161} INFO - Started process (PID=322) to work on /home/airflow/.local/lib/python3.8/site-packages/airflow/example_dags/example_dag_decorator.py
[2024-03-15T09:46:33.089+0000] {processor.py:830} INFO - Processing file /home/airflow/.local/lib/python3.8/site-packages/airflow/example_dags/example_dag_decorator.py for tasks to queue
[2024-03-15T09:46:33.092+0000] {logging_mixin.py:188} INFO - [2024-03-15T09:46:33.091+0000] {dagbag.py:540} INFO - Filling up the DagBag from /home/airflow/.local/lib/python3.8/site-packages/airflow/example_dags/example_dag_decorator.py
[2024-03-15T09:46:33.631+0000] {processor.py:840} INFO - DAG(s) 'example_dag_decorator' retrieved from /home/airflow/.local/lib/python3.8/site-packages/airflow/example_dags/example_dag_decorator.py
[2024-03-15T09:46:35.035+0000] {logging_mixin.py:188} INFO - [2024-03-15T09:46:35.031+0000] {dag.py:3047} INFO - Sync 1 DAGs
[2024-03-15T09:46:35.162+0000] {logging_mixin.py:188} INFO - [2024-03-15T09:46:35.161+0000] {dag.py:3834} INFO - Setting next_dagrun for example_dag_decorator to None, run_after=None
[2024-03-15T09:46:35.361+0000] {processor.py:183} INFO - Processing /home/airflow/.local/lib/python3.8/site-packages/airflow/example_dags/example_dag_decorator.py took 2.280 seconds
[2024-03-15T09:47:10.899+0000] {processor.py:161} INFO - Started process (PID=396) to work on /home/airflow/.local/lib/python3.8/site-packages/airflow/example_dags/example_dag_decorator.py
[2024-03-15T09:47:10.909+0000] {processor.py:830} INFO - Processing file /home/airflow/.local/lib/python3.8/site-packages/airflow/example_dags/example_dag_decorator.py for tasks to queue
[2024-03-15T09:47:10.953+0000] {logging_mixin.py:188} INFO - [2024-03-15T09:47:10.945+0000] {dagbag.py:540} INFO - Filling up the DagBag from /home/airflow/.local/lib/python3.8/site-packages/airflow/example_dags/example_dag_decorator.py
[2024-03-15T09:47:12.176+0000] {processor.py:840} INFO - DAG(s) 'example_dag_decorator' retrieved from /home/airflow/.local/lib/python3.8/site-packages/airflow/example_dags/example_dag_decorator.py
[2024-03-15T09:47:13.512+0000] {logging_mixin.py:188} INFO - [2024-03-15T09:47:13.486+0000] {dag.py:3047} INFO - Sync 1 DAGs
[2024-03-15T09:47:13.563+0000] {logging_mixin.py:188} INFO - [2024-03-15T09:47:13.562+0000] {dag.py:3834} INFO - Setting next_dagrun for example_dag_decorator to None, run_after=None
[2024-03-15T09:47:13.678+0000] {processor.py:183} INFO - Processing /home/airflow/.local/lib/python3.8/site-packages/airflow/example_dags/example_dag_decorator.py took 2.841 seconds
[2024-03-15T09:48:04.436+0000] {processor.py:161} INFO - Started process (PID=456) to work on /home/airflow/.local/lib/python3.8/site-packages/airflow/example_dags/example_dag_decorator.py
[2024-03-15T09:48:04.542+0000] {processor.py:830} INFO - Processing file /home/airflow/.local/lib/python3.8/site-packages/airflow/example_dags/example_dag_decorator.py for tasks to queue
[2024-03-15T09:48:04.670+0000] {logging_mixin.py:188} INFO - [2024-03-15T09:48:04.642+0000] {dagbag.py:540} INFO - Filling up the DagBag from /home/airflow/.local/lib/python3.8/site-packages/airflow/example_dags/example_dag_decorator.py
[2024-03-15T09:48:07.170+0000] {processor.py:840} INFO - DAG(s) 'example_dag_decorator' retrieved from /home/airflow/.local/lib/python3.8/site-packages/airflow/example_dags/example_dag_decorator.py
[2024-03-15T09:48:08.717+0000] {logging_mixin.py:188} INFO - [2024-03-15T09:48:08.715+0000] {dag.py:3047} INFO - Sync 1 DAGs
[2024-03-15T09:48:08.797+0000] {logging_mixin.py:188} INFO - [2024-03-15T09:48:08.796+0000] {dag.py:3834} INFO - Setting next_dagrun for example_dag_decorator to None, run_after=None
[2024-03-15T09:48:08.986+0000] {processor.py:183} INFO - Processing /home/airflow/.local/lib/python3.8/site-packages/airflow/example_dags/example_dag_decorator.py took 4.606 seconds
[2024-03-15T09:49:00.108+0000] {processor.py:161} INFO - Started process (PID=510) to work on /home/airflow/.local/lib/python3.8/site-packages/airflow/example_dags/example_dag_decorator.py
[2024-03-15T09:49:00.113+0000] {processor.py:830} INFO - Processing file /home/airflow/.local/lib/python3.8/site-packages/airflow/example_dags/example_dag_decorator.py for tasks to queue
[2024-03-15T09:49:00.117+0000] {logging_mixin.py:188} INFO - [2024-03-15T09:49:00.116+0000] {dagbag.py:540} INFO - Filling up the DagBag from /home/airflow/.local/lib/python3.8/site-packages/airflow/example_dags/example_dag_decorator.py
[2024-03-15T09:49:00.449+0000] {processor.py:840} INFO - DAG(s) 'example_dag_decorator' retrieved from /home/airflow/.local/lib/python3.8/site-packages/airflow/example_dags/example_dag_decorator.py
[2024-03-15T09:49:01.954+0000] {logging_mixin.py:188} INFO - [2024-03-15T09:49:01.945+0000] {dag.py:3047} INFO - Sync 1 DAGs
[2024-03-15T09:49:01.999+0000] {logging_mixin.py:188} INFO - [2024-03-15T09:49:01.999+0000] {dag.py:3834} INFO - Setting next_dagrun for example_dag_decorator to None, run_after=None
[2024-03-15T09:49:02.118+0000] {processor.py:183} INFO - Processing /home/airflow/.local/lib/python3.8/site-packages/airflow/example_dags/example_dag_decorator.py took 2.044 seconds
