[2024-03-15T09:44:08.533+0000] {processor.py:161} INFO - Started process (PID=81) to work on /home/airflow/.local/lib/python3.8/site-packages/airflow/example_dags/tutorial_taskflow_api_virtualenv.py
[2024-03-15T09:44:08.534+0000] {processor.py:830} INFO - Processing file /home/airflow/.local/lib/python3.8/site-packages/airflow/example_dags/tutorial_taskflow_api_virtualenv.py for tasks to queue
[2024-03-15T09:44:08.535+0000] {logging_mixin.py:188} INFO - [2024-03-15T09:44:08.535+0000] {dagbag.py:540} INFO - Filling up the DagBag from /home/airflow/.local/lib/python3.8/site-packages/airflow/example_dags/tutorial_taskflow_api_virtualenv.py
[2024-03-15T09:44:08.546+0000] {processor.py:840} INFO - DAG(s) 'tutorial_taskflow_api_virtualenv' retrieved from /home/airflow/.local/lib/python3.8/site-packages/airflow/example_dags/tutorial_taskflow_api_virtualenv.py
[2024-03-15T09:44:08.810+0000] {logging_mixin.py:188} INFO - [2024-03-15T09:44:08.810+0000] {override.py:1769} INFO - Created Permission View: can read on DAG:tutorial_taskflow_api_virtualenv
[2024-03-15T09:44:08.821+0000] {logging_mixin.py:188} INFO - [2024-03-15T09:44:08.821+0000] {override.py:1769} INFO - Created Permission View: can edit on DAG:tutorial_taskflow_api_virtualenv
[2024-03-15T09:44:08.829+0000] {logging_mixin.py:188} INFO - [2024-03-15T09:44:08.829+0000] {override.py:1769} INFO - Created Permission View: can delete on DAG:tutorial_taskflow_api_virtualenv
[2024-03-15T09:44:08.829+0000] {logging_mixin.py:188} INFO - [2024-03-15T09:44:08.829+0000] {dag.py:3047} INFO - Sync 1 DAGs
[2024-03-15T09:44:08.838+0000] {logging_mixin.py:188} INFO - [2024-03-15T09:44:08.838+0000] {dag.py:3069} INFO - Creating ORM DAG for tutorial_taskflow_api_virtualenv
[2024-03-15T09:44:08.839+0000] {logging_mixin.py:188} INFO - [2024-03-15T09:44:08.838+0000] {dag.py:3834} INFO - Setting next_dagrun for tutorial_taskflow_api_virtualenv to None, run_after=None
[2024-03-15T09:44:08.851+0000] {processor.py:183} INFO - Processing /home/airflow/.local/lib/python3.8/site-packages/airflow/example_dags/tutorial_taskflow_api_virtualenv.py took 0.322 seconds
[2024-03-15T09:44:41.424+0000] {processor.py:161} INFO - Started process (PID=135) to work on /home/airflow/.local/lib/python3.8/site-packages/airflow/example_dags/tutorial_taskflow_api_virtualenv.py
[2024-03-15T09:44:41.431+0000] {processor.py:830} INFO - Processing file /home/airflow/.local/lib/python3.8/site-packages/airflow/example_dags/tutorial_taskflow_api_virtualenv.py for tasks to queue
[2024-03-15T09:44:41.459+0000] {logging_mixin.py:188} INFO - [2024-03-15T09:44:41.458+0000] {dagbag.py:540} INFO - Filling up the DagBag from /home/airflow/.local/lib/python3.8/site-packages/airflow/example_dags/tutorial_taskflow_api_virtualenv.py
[2024-03-15T09:44:41.615+0000] {processor.py:840} INFO - DAG(s) 'tutorial_taskflow_api_virtualenv' retrieved from /home/airflow/.local/lib/python3.8/site-packages/airflow/example_dags/tutorial_taskflow_api_virtualenv.py
[2024-03-15T09:44:41.793+0000] {logging_mixin.py:188} INFO - [2024-03-15T09:44:41.792+0000] {dag.py:3047} INFO - Sync 1 DAGs
[2024-03-15T09:44:41.993+0000] {logging_mixin.py:188} INFO - [2024-03-15T09:44:41.993+0000] {dag.py:3834} INFO - Setting next_dagrun for tutorial_taskflow_api_virtualenv to None, run_after=None
[2024-03-15T09:44:42.071+0000] {processor.py:183} INFO - Processing /home/airflow/.local/lib/python3.8/site-packages/airflow/example_dags/tutorial_taskflow_api_virtualenv.py took 0.678 seconds
[2024-03-15T09:45:12.926+0000] {processor.py:161} INFO - Started process (PID=190) to work on /home/airflow/.local/lib/python3.8/site-packages/airflow/example_dags/tutorial_taskflow_api_virtualenv.py
[2024-03-15T09:45:12.928+0000] {processor.py:830} INFO - Processing file /home/airflow/.local/lib/python3.8/site-packages/airflow/example_dags/tutorial_taskflow_api_virtualenv.py for tasks to queue
[2024-03-15T09:45:12.930+0000] {logging_mixin.py:188} INFO - [2024-03-15T09:45:12.929+0000] {dagbag.py:540} INFO - Filling up the DagBag from /home/airflow/.local/lib/python3.8/site-packages/airflow/example_dags/tutorial_taskflow_api_virtualenv.py
[2024-03-15T09:45:13.033+0000] {processor.py:840} INFO - DAG(s) 'tutorial_taskflow_api_virtualenv' retrieved from /home/airflow/.local/lib/python3.8/site-packages/airflow/example_dags/tutorial_taskflow_api_virtualenv.py
[2024-03-15T09:45:13.124+0000] {logging_mixin.py:188} INFO - [2024-03-15T09:45:13.123+0000] {dag.py:3047} INFO - Sync 1 DAGs
[2024-03-15T09:45:13.159+0000] {logging_mixin.py:188} INFO - [2024-03-15T09:45:13.159+0000] {dag.py:3834} INFO - Setting next_dagrun for tutorial_taskflow_api_virtualenv to None, run_after=None
[2024-03-15T09:45:13.208+0000] {processor.py:183} INFO - Processing /home/airflow/.local/lib/python3.8/site-packages/airflow/example_dags/tutorial_taskflow_api_virtualenv.py took 0.287 seconds
[2024-03-15T09:45:43.563+0000] {processor.py:161} INFO - Started process (PID=245) to work on /home/airflow/.local/lib/python3.8/site-packages/airflow/example_dags/tutorial_taskflow_api_virtualenv.py
[2024-03-15T09:45:43.585+0000] {processor.py:830} INFO - Processing file /home/airflow/.local/lib/python3.8/site-packages/airflow/example_dags/tutorial_taskflow_api_virtualenv.py for tasks to queue
[2024-03-15T09:45:43.605+0000] {logging_mixin.py:188} INFO - [2024-03-15T09:45:43.604+0000] {dagbag.py:540} INFO - Filling up the DagBag from /home/airflow/.local/lib/python3.8/site-packages/airflow/example_dags/tutorial_taskflow_api_virtualenv.py
[2024-03-15T09:45:43.619+0000] {processor.py:840} INFO - DAG(s) 'tutorial_taskflow_api_virtualenv' retrieved from /home/airflow/.local/lib/python3.8/site-packages/airflow/example_dags/tutorial_taskflow_api_virtualenv.py
[2024-03-15T09:45:43.729+0000] {logging_mixin.py:188} INFO - [2024-03-15T09:45:43.729+0000] {dag.py:3047} INFO - Sync 1 DAGs
[2024-03-15T09:45:43.828+0000] {logging_mixin.py:188} INFO - [2024-03-15T09:45:43.827+0000] {dag.py:3834} INFO - Setting next_dagrun for tutorial_taskflow_api_virtualenv to None, run_after=None
[2024-03-15T09:45:43.874+0000] {processor.py:183} INFO - Processing /home/airflow/.local/lib/python3.8/site-packages/airflow/example_dags/tutorial_taskflow_api_virtualenv.py took 0.436 seconds
[2024-03-15T09:46:14.619+0000] {processor.py:161} INFO - Started process (PID=299) to work on /home/airflow/.local/lib/python3.8/site-packages/airflow/example_dags/tutorial_taskflow_api_virtualenv.py
[2024-03-15T09:46:14.622+0000] {processor.py:830} INFO - Processing file /home/airflow/.local/lib/python3.8/site-packages/airflow/example_dags/tutorial_taskflow_api_virtualenv.py for tasks to queue
[2024-03-15T09:46:14.624+0000] {logging_mixin.py:188} INFO - [2024-03-15T09:46:14.624+0000] {dagbag.py:540} INFO - Filling up the DagBag from /home/airflow/.local/lib/python3.8/site-packages/airflow/example_dags/tutorial_taskflow_api_virtualenv.py
[2024-03-15T09:46:14.642+0000] {processor.py:840} INFO - DAG(s) 'tutorial_taskflow_api_virtualenv' retrieved from /home/airflow/.local/lib/python3.8/site-packages/airflow/example_dags/tutorial_taskflow_api_virtualenv.py
[2024-03-15T09:46:14.676+0000] {logging_mixin.py:188} INFO - [2024-03-15T09:46:14.676+0000] {dag.py:3047} INFO - Sync 1 DAGs
[2024-03-15T09:46:14.689+0000] {logging_mixin.py:188} INFO - [2024-03-15T09:46:14.689+0000] {dag.py:3834} INFO - Setting next_dagrun for tutorial_taskflow_api_virtualenv to None, run_after=None
[2024-03-15T09:46:14.722+0000] {processor.py:183} INFO - Processing /home/airflow/.local/lib/python3.8/site-packages/airflow/example_dags/tutorial_taskflow_api_virtualenv.py took 0.108 seconds
[2024-03-15T09:46:59.524+0000] {processor.py:161} INFO - Started process (PID=382) to work on /home/airflow/.local/lib/python3.8/site-packages/airflow/example_dags/tutorial_taskflow_api_virtualenv.py
[2024-03-15T09:46:59.533+0000] {processor.py:830} INFO - Processing file /home/airflow/.local/lib/python3.8/site-packages/airflow/example_dags/tutorial_taskflow_api_virtualenv.py for tasks to queue
[2024-03-15T09:46:59.572+0000] {logging_mixin.py:188} INFO - [2024-03-15T09:46:59.567+0000] {dagbag.py:540} INFO - Filling up the DagBag from /home/airflow/.local/lib/python3.8/site-packages/airflow/example_dags/tutorial_taskflow_api_virtualenv.py
[2024-03-15T09:46:59.804+0000] {processor.py:840} INFO - DAG(s) 'tutorial_taskflow_api_virtualenv' retrieved from /home/airflow/.local/lib/python3.8/site-packages/airflow/example_dags/tutorial_taskflow_api_virtualenv.py
[2024-03-15T09:47:00.195+0000] {logging_mixin.py:188} INFO - [2024-03-15T09:47:00.194+0000] {dag.py:3047} INFO - Sync 1 DAGs
[2024-03-15T09:47:00.383+0000] {logging_mixin.py:188} INFO - [2024-03-15T09:47:00.382+0000] {dag.py:3834} INFO - Setting next_dagrun for tutorial_taskflow_api_virtualenv to None, run_after=None
[2024-03-15T09:47:00.904+0000] {processor.py:183} INFO - Processing /home/airflow/.local/lib/python3.8/site-packages/airflow/example_dags/tutorial_taskflow_api_virtualenv.py took 1.457 seconds
[2024-03-15T09:47:59.076+0000] {processor.py:161} INFO - Started process (PID=438) to work on /home/airflow/.local/lib/python3.8/site-packages/airflow/example_dags/tutorial_taskflow_api_virtualenv.py
[2024-03-15T09:47:59.079+0000] {processor.py:830} INFO - Processing file /home/airflow/.local/lib/python3.8/site-packages/airflow/example_dags/tutorial_taskflow_api_virtualenv.py for tasks to queue
[2024-03-15T09:47:59.083+0000] {logging_mixin.py:188} INFO - [2024-03-15T09:47:59.083+0000] {dagbag.py:540} INFO - Filling up the DagBag from /home/airflow/.local/lib/python3.8/site-packages/airflow/example_dags/tutorial_taskflow_api_virtualenv.py
[2024-03-15T09:47:59.117+0000] {processor.py:840} INFO - DAG(s) 'tutorial_taskflow_api_virtualenv' retrieved from /home/airflow/.local/lib/python3.8/site-packages/airflow/example_dags/tutorial_taskflow_api_virtualenv.py
[2024-03-15T09:47:59.170+0000] {logging_mixin.py:188} INFO - [2024-03-15T09:47:59.170+0000] {dag.py:3047} INFO - Sync 1 DAGs
[2024-03-15T09:47:59.212+0000] {logging_mixin.py:188} INFO - [2024-03-15T09:47:59.212+0000] {dag.py:3834} INFO - Setting next_dagrun for tutorial_taskflow_api_virtualenv to None, run_after=None
[2024-03-15T09:47:59.282+0000] {processor.py:183} INFO - Processing /home/airflow/.local/lib/python3.8/site-packages/airflow/example_dags/tutorial_taskflow_api_virtualenv.py took 0.218 seconds
[2024-03-15T09:48:57.416+0000] {processor.py:161} INFO - Started process (PID=501) to work on /home/airflow/.local/lib/python3.8/site-packages/airflow/example_dags/tutorial_taskflow_api_virtualenv.py
[2024-03-15T09:48:57.426+0000] {processor.py:830} INFO - Processing file /home/airflow/.local/lib/python3.8/site-packages/airflow/example_dags/tutorial_taskflow_api_virtualenv.py for tasks to queue
[2024-03-15T09:48:57.431+0000] {logging_mixin.py:188} INFO - [2024-03-15T09:48:57.430+0000] {dagbag.py:540} INFO - Filling up the DagBag from /home/airflow/.local/lib/python3.8/site-packages/airflow/example_dags/tutorial_taskflow_api_virtualenv.py
[2024-03-15T09:48:57.535+0000] {processor.py:840} INFO - DAG(s) 'tutorial_taskflow_api_virtualenv' retrieved from /home/airflow/.local/lib/python3.8/site-packages/airflow/example_dags/tutorial_taskflow_api_virtualenv.py
[2024-03-15T09:48:57.722+0000] {logging_mixin.py:188} INFO - [2024-03-15T09:48:57.721+0000] {dag.py:3047} INFO - Sync 1 DAGs
[2024-03-15T09:48:57.806+0000] {logging_mixin.py:188} INFO - [2024-03-15T09:48:57.805+0000] {dag.py:3834} INFO - Setting next_dagrun for tutorial_taskflow_api_virtualenv to None, run_after=None
[2024-03-15T09:48:57.850+0000] {processor.py:183} INFO - Processing /home/airflow/.local/lib/python3.8/site-packages/airflow/example_dags/tutorial_taskflow_api_virtualenv.py took 0.462 seconds
