[2024-03-15T09:44:04.343+0000] {processor.py:161} INFO - Started process (PID=64) to work on /home/airflow/.local/lib/python3.8/site-packages/airflow/example_dags/tutorial_taskflow_api.py
[2024-03-15T09:44:04.350+0000] {processor.py:830} INFO - Processing file /home/airflow/.local/lib/python3.8/site-packages/airflow/example_dags/tutorial_taskflow_api.py for tasks to queue
[2024-03-15T09:44:04.356+0000] {logging_mixin.py:188} INFO - [2024-03-15T09:44:04.355+0000] {dagbag.py:540} INFO - Filling up the DagBag from /home/airflow/.local/lib/python3.8/site-packages/airflow/example_dags/tutorial_taskflow_api.py
[2024-03-15T09:44:04.405+0000] {processor.py:840} INFO - DAG(s) 'tutorial_taskflow_api' retrieved from /home/airflow/.local/lib/python3.8/site-packages/airflow/example_dags/tutorial_taskflow_api.py
[2024-03-15T09:44:04.821+0000] {logging_mixin.py:188} INFO - [2024-03-15T09:44:04.817+0000] {override.py:1769} INFO - Created Permission View: can read on DAG:tutorial_taskflow_api
[2024-03-15T09:44:04.840+0000] {logging_mixin.py:188} INFO - [2024-03-15T09:44:04.840+0000] {override.py:1769} INFO - Created Permission View: can edit on DAG:tutorial_taskflow_api
[2024-03-15T09:44:04.851+0000] {logging_mixin.py:188} INFO - [2024-03-15T09:44:04.851+0000] {override.py:1769} INFO - Created Permission View: can delete on DAG:tutorial_taskflow_api
[2024-03-15T09:44:04.852+0000] {logging_mixin.py:188} INFO - [2024-03-15T09:44:04.852+0000] {dag.py:3047} INFO - Sync 1 DAGs
[2024-03-15T09:44:04.881+0000] {logging_mixin.py:188} INFO - [2024-03-15T09:44:04.881+0000] {dag.py:3069} INFO - Creating ORM DAG for tutorial_taskflow_api
[2024-03-15T09:44:04.886+0000] {logging_mixin.py:188} INFO - [2024-03-15T09:44:04.886+0000] {dag.py:3834} INFO - Setting next_dagrun for tutorial_taskflow_api to None, run_after=None
[2024-03-15T09:44:04.934+0000] {processor.py:183} INFO - Processing /home/airflow/.local/lib/python3.8/site-packages/airflow/example_dags/tutorial_taskflow_api.py took 0.618 seconds
[2024-03-15T09:44:35.519+0000] {processor.py:161} INFO - Started process (PID=119) to work on /home/airflow/.local/lib/python3.8/site-packages/airflow/example_dags/tutorial_taskflow_api.py
[2024-03-15T09:44:35.524+0000] {processor.py:830} INFO - Processing file /home/airflow/.local/lib/python3.8/site-packages/airflow/example_dags/tutorial_taskflow_api.py for tasks to queue
[2024-03-15T09:44:35.534+0000] {logging_mixin.py:188} INFO - [2024-03-15T09:44:35.533+0000] {dagbag.py:540} INFO - Filling up the DagBag from /home/airflow/.local/lib/python3.8/site-packages/airflow/example_dags/tutorial_taskflow_api.py
[2024-03-15T09:44:35.563+0000] {processor.py:840} INFO - DAG(s) 'tutorial_taskflow_api' retrieved from /home/airflow/.local/lib/python3.8/site-packages/airflow/example_dags/tutorial_taskflow_api.py
[2024-03-15T09:44:35.707+0000] {logging_mixin.py:188} INFO - [2024-03-15T09:44:35.706+0000] {dag.py:3047} INFO - Sync 1 DAGs
[2024-03-15T09:44:35.742+0000] {logging_mixin.py:188} INFO - [2024-03-15T09:44:35.741+0000] {dag.py:3834} INFO - Setting next_dagrun for tutorial_taskflow_api to None, run_after=None
[2024-03-15T09:44:35.773+0000] {processor.py:183} INFO - Processing /home/airflow/.local/lib/python3.8/site-packages/airflow/example_dags/tutorial_taskflow_api.py took 0.267 seconds
[2024-03-15T09:45:05.912+0000] {processor.py:161} INFO - Started process (PID=173) to work on /home/airflow/.local/lib/python3.8/site-packages/airflow/example_dags/tutorial_taskflow_api.py
[2024-03-15T09:45:05.914+0000] {processor.py:830} INFO - Processing file /home/airflow/.local/lib/python3.8/site-packages/airflow/example_dags/tutorial_taskflow_api.py for tasks to queue
[2024-03-15T09:45:05.917+0000] {logging_mixin.py:188} INFO - [2024-03-15T09:45:05.917+0000] {dagbag.py:540} INFO - Filling up the DagBag from /home/airflow/.local/lib/python3.8/site-packages/airflow/example_dags/tutorial_taskflow_api.py
[2024-03-15T09:45:05.932+0000] {processor.py:840} INFO - DAG(s) 'tutorial_taskflow_api' retrieved from /home/airflow/.local/lib/python3.8/site-packages/airflow/example_dags/tutorial_taskflow_api.py
[2024-03-15T09:45:05.992+0000] {logging_mixin.py:188} INFO - [2024-03-15T09:45:05.991+0000] {dag.py:3047} INFO - Sync 1 DAGs
[2024-03-15T09:45:06.008+0000] {logging_mixin.py:188} INFO - [2024-03-15T09:45:06.008+0000] {dag.py:3834} INFO - Setting next_dagrun for tutorial_taskflow_api to None, run_after=None
[2024-03-15T09:45:06.034+0000] {processor.py:183} INFO - Processing /home/airflow/.local/lib/python3.8/site-packages/airflow/example_dags/tutorial_taskflow_api.py took 0.126 seconds
[2024-03-15T09:45:37.091+0000] {processor.py:161} INFO - Started process (PID=228) to work on /home/airflow/.local/lib/python3.8/site-packages/airflow/example_dags/tutorial_taskflow_api.py
[2024-03-15T09:45:37.250+0000] {processor.py:830} INFO - Processing file /home/airflow/.local/lib/python3.8/site-packages/airflow/example_dags/tutorial_taskflow_api.py for tasks to queue
[2024-03-15T09:45:37.257+0000] {logging_mixin.py:188} INFO - [2024-03-15T09:45:37.256+0000] {dagbag.py:540} INFO - Filling up the DagBag from /home/airflow/.local/lib/python3.8/site-packages/airflow/example_dags/tutorial_taskflow_api.py
[2024-03-15T09:45:37.271+0000] {processor.py:840} INFO - DAG(s) 'tutorial_taskflow_api' retrieved from /home/airflow/.local/lib/python3.8/site-packages/airflow/example_dags/tutorial_taskflow_api.py
[2024-03-15T09:45:37.301+0000] {logging_mixin.py:188} INFO - [2024-03-15T09:45:37.301+0000] {dag.py:3047} INFO - Sync 1 DAGs
[2024-03-15T09:45:37.324+0000] {logging_mixin.py:188} INFO - [2024-03-15T09:45:37.324+0000] {dag.py:3834} INFO - Setting next_dagrun for tutorial_taskflow_api to None, run_after=None
[2024-03-15T09:45:37.340+0000] {processor.py:183} INFO - Processing /home/airflow/.local/lib/python3.8/site-packages/airflow/example_dags/tutorial_taskflow_api.py took 0.256 seconds
[2024-03-15T09:46:10.437+0000] {processor.py:161} INFO - Started process (PID=282) to work on /home/airflow/.local/lib/python3.8/site-packages/airflow/example_dags/tutorial_taskflow_api.py
[2024-03-15T09:46:10.443+0000] {processor.py:830} INFO - Processing file /home/airflow/.local/lib/python3.8/site-packages/airflow/example_dags/tutorial_taskflow_api.py for tasks to queue
[2024-03-15T09:46:10.445+0000] {logging_mixin.py:188} INFO - [2024-03-15T09:46:10.444+0000] {dagbag.py:540} INFO - Filling up the DagBag from /home/airflow/.local/lib/python3.8/site-packages/airflow/example_dags/tutorial_taskflow_api.py
[2024-03-15T09:46:10.452+0000] {processor.py:840} INFO - DAG(s) 'tutorial_taskflow_api' retrieved from /home/airflow/.local/lib/python3.8/site-packages/airflow/example_dags/tutorial_taskflow_api.py
[2024-03-15T09:46:10.540+0000] {logging_mixin.py:188} INFO - [2024-03-15T09:46:10.540+0000] {dag.py:3047} INFO - Sync 1 DAGs
[2024-03-15T09:46:10.557+0000] {logging_mixin.py:188} INFO - [2024-03-15T09:46:10.557+0000] {dag.py:3834} INFO - Setting next_dagrun for tutorial_taskflow_api to None, run_after=None
[2024-03-15T09:46:10.629+0000] {processor.py:183} INFO - Processing /home/airflow/.local/lib/python3.8/site-packages/airflow/example_dags/tutorial_taskflow_api.py took 0.200 seconds
[2024-03-15T09:46:41.685+0000] {processor.py:161} INFO - Started process (PID=337) to work on /home/airflow/.local/lib/python3.8/site-packages/airflow/example_dags/tutorial_taskflow_api.py
[2024-03-15T09:46:41.688+0000] {processor.py:830} INFO - Processing file /home/airflow/.local/lib/python3.8/site-packages/airflow/example_dags/tutorial_taskflow_api.py for tasks to queue
[2024-03-15T09:46:41.692+0000] {logging_mixin.py:188} INFO - [2024-03-15T09:46:41.692+0000] {dagbag.py:540} INFO - Filling up the DagBag from /home/airflow/.local/lib/python3.8/site-packages/airflow/example_dags/tutorial_taskflow_api.py
[2024-03-15T09:46:41.718+0000] {processor.py:840} INFO - DAG(s) 'tutorial_taskflow_api' retrieved from /home/airflow/.local/lib/python3.8/site-packages/airflow/example_dags/tutorial_taskflow_api.py
[2024-03-15T09:46:41.961+0000] {logging_mixin.py:188} INFO - [2024-03-15T09:46:41.960+0000] {dag.py:3047} INFO - Sync 1 DAGs
[2024-03-15T09:46:42.016+0000] {logging_mixin.py:188} INFO - [2024-03-15T09:46:42.015+0000] {dag.py:3834} INFO - Setting next_dagrun for tutorial_taskflow_api to None, run_after=None
[2024-03-15T09:46:42.150+0000] {processor.py:183} INFO - Processing /home/airflow/.local/lib/python3.8/site-packages/airflow/example_dags/tutorial_taskflow_api.py took 0.473 seconds
[2024-03-15T09:47:27.247+0000] {processor.py:161} INFO - Started process (PID=414) to work on /home/airflow/.local/lib/python3.8/site-packages/airflow/example_dags/tutorial_taskflow_api.py
[2024-03-15T09:47:27.249+0000] {processor.py:830} INFO - Processing file /home/airflow/.local/lib/python3.8/site-packages/airflow/example_dags/tutorial_taskflow_api.py for tasks to queue
[2024-03-15T09:47:27.251+0000] {logging_mixin.py:188} INFO - [2024-03-15T09:47:27.251+0000] {dagbag.py:540} INFO - Filling up the DagBag from /home/airflow/.local/lib/python3.8/site-packages/airflow/example_dags/tutorial_taskflow_api.py
[2024-03-15T09:47:27.257+0000] {processor.py:840} INFO - DAG(s) 'tutorial_taskflow_api' retrieved from /home/airflow/.local/lib/python3.8/site-packages/airflow/example_dags/tutorial_taskflow_api.py
[2024-03-15T09:47:27.295+0000] {logging_mixin.py:188} INFO - [2024-03-15T09:47:27.295+0000] {dag.py:3047} INFO - Sync 1 DAGs
[2024-03-15T09:47:27.309+0000] {logging_mixin.py:188} INFO - [2024-03-15T09:47:27.309+0000] {dag.py:3834} INFO - Setting next_dagrun for tutorial_taskflow_api to None, run_after=None
[2024-03-15T09:47:27.601+0000] {processor.py:183} INFO - Processing /home/airflow/.local/lib/python3.8/site-packages/airflow/example_dags/tutorial_taskflow_api.py took 0.356 seconds
[2024-03-15T09:48:23.413+0000] {processor.py:161} INFO - Started process (PID=472) to work on /home/airflow/.local/lib/python3.8/site-packages/airflow/example_dags/tutorial_taskflow_api.py
[2024-03-15T09:48:23.433+0000] {processor.py:830} INFO - Processing file /home/airflow/.local/lib/python3.8/site-packages/airflow/example_dags/tutorial_taskflow_api.py for tasks to queue
[2024-03-15T09:48:23.460+0000] {logging_mixin.py:188} INFO - [2024-03-15T09:48:23.447+0000] {dagbag.py:540} INFO - Filling up the DagBag from /home/airflow/.local/lib/python3.8/site-packages/airflow/example_dags/tutorial_taskflow_api.py
[2024-03-15T09:48:23.601+0000] {processor.py:840} INFO - DAG(s) 'tutorial_taskflow_api' retrieved from /home/airflow/.local/lib/python3.8/site-packages/airflow/example_dags/tutorial_taskflow_api.py
[2024-03-15T09:48:28.270+0000] {logging_mixin.py:188} INFO - [2024-03-15T09:48:28.258+0000] {dag.py:3047} INFO - Sync 1 DAGs
[2024-03-15T09:48:28.891+0000] {logging_mixin.py:188} INFO - [2024-03-15T09:48:28.839+0000] {dag.py:3834} INFO - Setting next_dagrun for tutorial_taskflow_api to None, run_after=None
[2024-03-15T09:48:29.356+0000] {processor.py:183} INFO - Processing /home/airflow/.local/lib/python3.8/site-packages/airflow/example_dags/tutorial_taskflow_api.py took 5.986 seconds
