[2024-03-15T09:44:06.754+0000] {processor.py:161} INFO - Started process (PID=74) to work on /home/airflow/.local/lib/python3.8/site-packages/airflow/example_dags/tutorial.py
[2024-03-15T09:44:06.756+0000] {processor.py:830} INFO - Processing file /home/airflow/.local/lib/python3.8/site-packages/airflow/example_dags/tutorial.py for tasks to queue
[2024-03-15T09:44:06.759+0000] {logging_mixin.py:188} INFO - [2024-03-15T09:44:06.759+0000] {dagbag.py:540} INFO - Filling up the DagBag from /home/airflow/.local/lib/python3.8/site-packages/airflow/example_dags/tutorial.py
[2024-03-15T09:44:06.769+0000] {processor.py:840} INFO - DAG(s) 'tutorial' retrieved from /home/airflow/.local/lib/python3.8/site-packages/airflow/example_dags/tutorial.py
[2024-03-15T09:44:06.883+0000] {logging_mixin.py:188} INFO - [2024-03-15T09:44:06.882+0000] {override.py:1769} INFO - Created Permission View: can read on DAG:tutorial
[2024-03-15T09:44:06.903+0000] {logging_mixin.py:188} INFO - [2024-03-15T09:44:06.903+0000] {override.py:1769} INFO - Created Permission View: can edit on DAG:tutorial
[2024-03-15T09:44:06.912+0000] {logging_mixin.py:188} INFO - [2024-03-15T09:44:06.911+0000] {override.py:1769} INFO - Created Permission View: can delete on DAG:tutorial
[2024-03-15T09:44:06.913+0000] {logging_mixin.py:188} INFO - [2024-03-15T09:44:06.913+0000] {dag.py:3047} INFO - Sync 1 DAGs
[2024-03-15T09:44:06.925+0000] {logging_mixin.py:188} INFO - [2024-03-15T09:44:06.925+0000] {dag.py:3069} INFO - Creating ORM DAG for tutorial
[2024-03-15T09:44:06.942+0000] {logging_mixin.py:188} INFO - [2024-03-15T09:44:06.942+0000] {dag.py:3834} INFO - Setting next_dagrun for tutorial to 2024-03-14 00:00:00+00:00, run_after=2024-03-15 00:00:00+00:00
[2024-03-15T09:44:06.992+0000] {processor.py:183} INFO - Processing /home/airflow/.local/lib/python3.8/site-packages/airflow/example_dags/tutorial.py took 0.244 seconds
[2024-03-15T09:44:37.463+0000] {processor.py:161} INFO - Started process (PID=129) to work on /home/airflow/.local/lib/python3.8/site-packages/airflow/example_dags/tutorial.py
[2024-03-15T09:44:37.476+0000] {processor.py:830} INFO - Processing file /home/airflow/.local/lib/python3.8/site-packages/airflow/example_dags/tutorial.py for tasks to queue
[2024-03-15T09:44:37.486+0000] {logging_mixin.py:188} INFO - [2024-03-15T09:44:37.485+0000] {dagbag.py:540} INFO - Filling up the DagBag from /home/airflow/.local/lib/python3.8/site-packages/airflow/example_dags/tutorial.py
[2024-03-15T09:44:37.578+0000] {processor.py:840} INFO - DAG(s) 'tutorial' retrieved from /home/airflow/.local/lib/python3.8/site-packages/airflow/example_dags/tutorial.py
[2024-03-15T09:44:37.760+0000] {logging_mixin.py:188} INFO - [2024-03-15T09:44:37.759+0000] {dag.py:3047} INFO - Sync 1 DAGs
[2024-03-15T09:44:37.863+0000] {logging_mixin.py:188} INFO - [2024-03-15T09:44:37.862+0000] {dag.py:3834} INFO - Setting next_dagrun for tutorial to 2024-03-14 00:00:00+00:00, run_after=2024-03-15 00:00:00+00:00
[2024-03-15T09:44:37.933+0000] {processor.py:183} INFO - Processing /home/airflow/.local/lib/python3.8/site-packages/airflow/example_dags/tutorial.py took 0.488 seconds
[2024-03-15T09:45:09.555+0000] {processor.py:161} INFO - Started process (PID=183) to work on /home/airflow/.local/lib/python3.8/site-packages/airflow/example_dags/tutorial.py
[2024-03-15T09:45:09.569+0000] {processor.py:830} INFO - Processing file /home/airflow/.local/lib/python3.8/site-packages/airflow/example_dags/tutorial.py for tasks to queue
[2024-03-15T09:45:09.581+0000] {logging_mixin.py:188} INFO - [2024-03-15T09:45:09.580+0000] {dagbag.py:540} INFO - Filling up the DagBag from /home/airflow/.local/lib/python3.8/site-packages/airflow/example_dags/tutorial.py
[2024-03-15T09:45:09.594+0000] {processor.py:840} INFO - DAG(s) 'tutorial' retrieved from /home/airflow/.local/lib/python3.8/site-packages/airflow/example_dags/tutorial.py
[2024-03-15T09:45:09.730+0000] {logging_mixin.py:188} INFO - [2024-03-15T09:45:09.729+0000] {dag.py:3047} INFO - Sync 1 DAGs
[2024-03-15T09:45:09.845+0000] {logging_mixin.py:188} INFO - [2024-03-15T09:45:09.844+0000] {dag.py:3834} INFO - Setting next_dagrun for tutorial to 2024-03-14 00:00:00+00:00, run_after=2024-03-15 00:00:00+00:00
[2024-03-15T09:45:10.085+0000] {processor.py:183} INFO - Processing /home/airflow/.local/lib/python3.8/site-packages/airflow/example_dags/tutorial.py took 0.534 seconds
[2024-03-15T09:45:41.002+0000] {processor.py:161} INFO - Started process (PID=238) to work on /home/airflow/.local/lib/python3.8/site-packages/airflow/example_dags/tutorial.py
[2024-03-15T09:45:41.010+0000] {processor.py:830} INFO - Processing file /home/airflow/.local/lib/python3.8/site-packages/airflow/example_dags/tutorial.py for tasks to queue
[2024-03-15T09:45:41.031+0000] {logging_mixin.py:188} INFO - [2024-03-15T09:45:41.030+0000] {dagbag.py:540} INFO - Filling up the DagBag from /home/airflow/.local/lib/python3.8/site-packages/airflow/example_dags/tutorial.py
[2024-03-15T09:45:41.116+0000] {processor.py:840} INFO - DAG(s) 'tutorial' retrieved from /home/airflow/.local/lib/python3.8/site-packages/airflow/example_dags/tutorial.py
[2024-03-15T09:45:41.251+0000] {logging_mixin.py:188} INFO - [2024-03-15T09:45:41.251+0000] {dag.py:3047} INFO - Sync 1 DAGs
[2024-03-15T09:45:41.367+0000] {logging_mixin.py:188} INFO - [2024-03-15T09:45:41.367+0000] {dag.py:3834} INFO - Setting next_dagrun for tutorial to 2024-03-14 00:00:00+00:00, run_after=2024-03-15 00:00:00+00:00
[2024-03-15T09:45:41.419+0000] {processor.py:183} INFO - Processing /home/airflow/.local/lib/python3.8/site-packages/airflow/example_dags/tutorial.py took 0.494 seconds
[2024-03-15T09:46:11.789+0000] {processor.py:161} INFO - Started process (PID=292) to work on /home/airflow/.local/lib/python3.8/site-packages/airflow/example_dags/tutorial.py
[2024-03-15T09:46:11.791+0000] {processor.py:830} INFO - Processing file /home/airflow/.local/lib/python3.8/site-packages/airflow/example_dags/tutorial.py for tasks to queue
[2024-03-15T09:46:11.792+0000] {logging_mixin.py:188} INFO - [2024-03-15T09:46:11.792+0000] {dagbag.py:540} INFO - Filling up the DagBag from /home/airflow/.local/lib/python3.8/site-packages/airflow/example_dags/tutorial.py
[2024-03-15T09:46:11.811+0000] {processor.py:840} INFO - DAG(s) 'tutorial' retrieved from /home/airflow/.local/lib/python3.8/site-packages/airflow/example_dags/tutorial.py
[2024-03-15T09:46:11.877+0000] {logging_mixin.py:188} INFO - [2024-03-15T09:46:11.877+0000] {dag.py:3047} INFO - Sync 1 DAGs
[2024-03-15T09:46:11.917+0000] {logging_mixin.py:188} INFO - [2024-03-15T09:46:11.916+0000] {dag.py:3834} INFO - Setting next_dagrun for tutorial to 2024-03-14 00:00:00+00:00, run_after=2024-03-15 00:00:00+00:00
[2024-03-15T09:46:11.942+0000] {processor.py:183} INFO - Processing /home/airflow/.local/lib/python3.8/site-packages/airflow/example_dags/tutorial.py took 0.155 seconds
[2024-03-15T09:46:53.596+0000] {processor.py:161} INFO - Started process (PID=365) to work on /home/airflow/.local/lib/python3.8/site-packages/airflow/example_dags/tutorial.py
[2024-03-15T09:46:53.627+0000] {processor.py:830} INFO - Processing file /home/airflow/.local/lib/python3.8/site-packages/airflow/example_dags/tutorial.py for tasks to queue
[2024-03-15T09:46:53.695+0000] {logging_mixin.py:188} INFO - [2024-03-15T09:46:53.690+0000] {dagbag.py:540} INFO - Filling up the DagBag from /home/airflow/.local/lib/python3.8/site-packages/airflow/example_dags/tutorial.py
[2024-03-15T09:46:53.863+0000] {processor.py:840} INFO - DAG(s) 'tutorial' retrieved from /home/airflow/.local/lib/python3.8/site-packages/airflow/example_dags/tutorial.py
[2024-03-15T09:46:54.191+0000] {logging_mixin.py:188} INFO - [2024-03-15T09:46:54.185+0000] {dag.py:3047} INFO - Sync 1 DAGs
[2024-03-15T09:46:54.415+0000] {logging_mixin.py:188} INFO - [2024-03-15T09:46:54.414+0000] {dag.py:3834} INFO - Setting next_dagrun for tutorial to 2024-03-14 00:00:00+00:00, run_after=2024-03-15 00:00:00+00:00
[2024-03-15T09:46:54.611+0000] {processor.py:183} INFO - Processing /home/airflow/.local/lib/python3.8/site-packages/airflow/example_dags/tutorial.py took 1.183 seconds
[2024-03-15T09:47:44.457+0000] {processor.py:161} INFO - Started process (PID=431) to work on /home/airflow/.local/lib/python3.8/site-packages/airflow/example_dags/tutorial.py
[2024-03-15T09:47:44.475+0000] {processor.py:830} INFO - Processing file /home/airflow/.local/lib/python3.8/site-packages/airflow/example_dags/tutorial.py for tasks to queue
[2024-03-15T09:47:44.516+0000] {logging_mixin.py:188} INFO - [2024-03-15T09:47:44.498+0000] {dagbag.py:540} INFO - Filling up the DagBag from /home/airflow/.local/lib/python3.8/site-packages/airflow/example_dags/tutorial.py
[2024-03-15T09:47:44.657+0000] {processor.py:840} INFO - DAG(s) 'tutorial' retrieved from /home/airflow/.local/lib/python3.8/site-packages/airflow/example_dags/tutorial.py
[2024-03-15T09:47:45.406+0000] {logging_mixin.py:188} INFO - [2024-03-15T09:47:45.398+0000] {dag.py:3047} INFO - Sync 1 DAGs
[2024-03-15T09:47:46.249+0000] {logging_mixin.py:188} INFO - [2024-03-15T09:47:46.232+0000] {dag.py:3834} INFO - Setting next_dagrun for tutorial to 2024-03-14 00:00:00+00:00, run_after=2024-03-15 00:00:00+00:00
[2024-03-15T09:47:47.052+0000] {processor.py:183} INFO - Processing /home/airflow/.local/lib/python3.8/site-packages/airflow/example_dags/tutorial.py took 2.619 seconds
[2024-03-15T09:48:53.974+0000] {processor.py:161} INFO - Started process (PID=494) to work on /home/airflow/.local/lib/python3.8/site-packages/airflow/example_dags/tutorial.py
[2024-03-15T09:48:54.008+0000] {processor.py:830} INFO - Processing file /home/airflow/.local/lib/python3.8/site-packages/airflow/example_dags/tutorial.py for tasks to queue
[2024-03-15T09:48:54.023+0000] {logging_mixin.py:188} INFO - [2024-03-15T09:48:54.018+0000] {dagbag.py:540} INFO - Filling up the DagBag from /home/airflow/.local/lib/python3.8/site-packages/airflow/example_dags/tutorial.py
[2024-03-15T09:48:54.209+0000] {processor.py:840} INFO - DAG(s) 'tutorial' retrieved from /home/airflow/.local/lib/python3.8/site-packages/airflow/example_dags/tutorial.py
[2024-03-15T09:48:54.446+0000] {logging_mixin.py:188} INFO - [2024-03-15T09:48:54.443+0000] {dag.py:3047} INFO - Sync 1 DAGs
[2024-03-15T09:48:54.798+0000] {logging_mixin.py:188} INFO - [2024-03-15T09:48:54.791+0000] {dag.py:3834} INFO - Setting next_dagrun for tutorial to 2024-03-14 00:00:00+00:00, run_after=2024-03-15 00:00:00+00:00
[2024-03-15T09:48:54.944+0000] {processor.py:183} INFO - Processing /home/airflow/.local/lib/python3.8/site-packages/airflow/example_dags/tutorial.py took 1.019 seconds
