[2024-03-18T08:07:59.772+0000] {taskinstance.py:1979} INFO - Dependencies all met for dep_context=non-requeueable deps ti=<TaskInstance: sftp_sync.sync_files_task manual__2024-03-18T08:07:49.870105+00:00 [queued]>
[2024-03-18T08:07:59.794+0000] {taskinstance.py:1979} INFO - Dependencies all met for dep_context=requeueable deps ti=<TaskInstance: sftp_sync.sync_files_task manual__2024-03-18T08:07:49.870105+00:00 [queued]>
[2024-03-18T08:07:59.794+0000] {taskinstance.py:2193} INFO - Starting attempt 1 of 2
[2024-03-18T08:07:59.810+0000] {taskinstance.py:2217} INFO - Executing <Task(PythonOperator): sync_files_task> on 2024-03-18 08:07:49.870105+00:00
[2024-03-18T08:07:59.841+0000] {standard_task_runner.py:60} INFO - Started process 1468 to run task
[2024-03-18T08:07:59.859+0000] {standard_task_runner.py:87} INFO - Running: ['***', 'tasks', 'run', 'sftp_sync', 'sync_files_task', 'manual__2024-03-18T08:07:49.870105+00:00', '--job-id', '86', '--raw', '--subdir', 'DAGS_FOLDER/sftp_sync_between_source_and_target.py', '--cfg-path', '/tmp/tmpplb_9kbi']
[2024-03-18T08:07:59.864+0000] {standard_task_runner.py:88} INFO - Job 86: Subtask sync_files_task
[2024-03-18T08:08:00.027+0000] {task_command.py:423} INFO - Running <TaskInstance: sftp_sync.sync_files_task manual__2024-03-18T08:07:49.870105+00:00 [running]> on host fa05d1b87173
[2024-03-18T08:08:00.309+0000] {taskinstance.py:2513} INFO - Exporting env vars: AIRFLOW_CTX_DAG_OWNER='***' AIRFLOW_CTX_DAG_ID='sftp_sync' AIRFLOW_CTX_TASK_ID='sync_files_task' AIRFLOW_CTX_EXECUTION_DATE='2024-03-18T08:07:49.870105+00:00' AIRFLOW_CTX_TRY_NUMBER='1' AIRFLOW_CTX_DAG_RUN_ID='manual__2024-03-18T08:07:49.870105+00:00'
[2024-03-18T08:08:00.317+0000] {ssh.py:301} WARNING - No Host Key Verification. This won't protect against Man-In-The-Middle attacks
[2024-03-18T08:08:00.372+0000] {transport.py:1909} INFO - Connected (version 2.0, client OpenSSH_8.9p1)
[2024-03-18T08:08:00.736+0000] {transport.py:1909} INFO - Authentication (password) successful!
[2024-03-18T08:08:00.840+0000] {sftp.py:169} INFO - [chan 0] Opened sftp connection (server version 3)
[2024-03-18T08:08:00.850+0000] {ssh.py:301} WARNING - No Host Key Verification. This won't protect against Man-In-The-Middle attacks
[2024-03-18T08:08:00.883+0000] {transport.py:1909} INFO - Connected (version 2.0, client OpenSSH_8.9p1)
[2024-03-18T08:08:01.223+0000] {transport.py:1909} INFO - Authentication (password) successful!
[2024-03-18T08:08:01.334+0000] {sftp.py:169} INFO - [chan 0] Opened sftp connection (server version 3)
[2024-03-18T08:08:01.339+0000] {python.py:202} INFO - Done. Returned value was: Synced 0 new files.
[2024-03-18T08:08:01.601+0000] {taskinstance.py:1149} INFO - Marking task as SUCCESS. dag_id=sftp_sync, task_id=sync_files_task, execution_date=20240318T080749, start_date=20240318T080759, end_date=20240318T080801
[2024-03-18T08:08:01.730+0000] {local_task_job_runner.py:234} INFO - Task exited with return code 0
[2024-03-18T08:08:01.891+0000] {taskinstance.py:3312} INFO - 0 downstream tasks scheduled from follow-on schedule check
