[2024-03-17T20:15:14.595+0000] {taskinstance.py:1979} INFO - Dependencies all met for dep_context=non-requeueable deps ti=<TaskInstance: sftp_sync_between_source_and_target.waiting_for_new_file manual__2024-03-17T20:15:01.411949+00:00 [queued]>
[2024-03-17T20:15:14.633+0000] {taskinstance.py:1979} INFO - Dependencies all met for dep_context=requeueable deps ti=<TaskInstance: sftp_sync_between_source_and_target.waiting_for_new_file manual__2024-03-17T20:15:01.411949+00:00 [queued]>
[2024-03-17T20:15:14.634+0000] {taskinstance.py:2193} INFO - Starting attempt 1 of 2
[2024-03-17T20:15:14.678+0000] {taskinstance.py:2217} INFO - Executing <Task(SFTPSensor): waiting_for_new_file> on 2024-03-17 20:15:01.411949+00:00
[2024-03-17T20:15:14.716+0000] {standard_task_runner.py:60} INFO - Started process 136 to run task
[2024-03-17T20:15:14.746+0000] {standard_task_runner.py:87} INFO - Running: ['***', 'tasks', 'run', 'sftp_sync_between_source_and_target', 'waiting_for_new_file', 'manual__2024-03-17T20:15:01.411949+00:00', '--job-id', '22', '--raw', '--subdir', 'DAGS_FOLDER/sftp_sync_between_source_and_target.py', '--cfg-path', '/tmp/tmp3bobd1sd']
[2024-03-17T20:15:14.750+0000] {standard_task_runner.py:88} INFO - Job 22: Subtask waiting_for_new_file
[2024-03-17T20:15:14.969+0000] {task_command.py:423} INFO - Running <TaskInstance: sftp_sync_between_source_and_target.waiting_for_new_file manual__2024-03-17T20:15:01.411949+00:00 [running]> on host 0e3e194e3860
[2024-03-17T20:15:15.390+0000] {taskinstance.py:2513} INFO - Exporting env vars: AIRFLOW_CTX_DAG_OWNER='***' AIRFLOW_CTX_DAG_ID='sftp_sync_between_source_and_target' AIRFLOW_CTX_TASK_ID='waiting_for_new_file' AIRFLOW_CTX_EXECUTION_DATE='2024-03-17T20:15:01.411949+00:00' AIRFLOW_CTX_TRY_NUMBER='1' AIRFLOW_CTX_DAG_RUN_ID='manual__2024-03-17T20:15:01.411949+00:00'
[2024-03-17T20:15:15.446+0000] {base.py:83} INFO - Using connection ID 'source_sftp' for task execution.
[2024-03-17T20:15:15.448+0000] {sftp.py:80} INFO - Poking for home/***/filesystem/, with pattern 
[2024-03-17T20:15:15.498+0000] {ssh.py:301} WARNING - No Host Key Verification. This won't protect against Man-In-The-Middle attacks
[2024-03-17T20:15:15.734+0000] {transport.py:1909} INFO - Connected (version 2.0, client OpenSSH_8.9p1)
[2024-03-17T20:15:16.091+0000] {transport.py:1909} INFO - Authentication (password) successful!
[2024-03-17T20:15:16.200+0000] {sftp.py:169} INFO - [chan 0] Opened sftp connection (server version 3)
[2024-03-17T20:15:16.204+0000] {sftp.py:169} INFO - [chan 0] sftp session closed.
[2024-03-17T20:15:46.316+0000] {base.py:83} INFO - Using connection ID 'source_sftp' for task execution.
[2024-03-17T20:15:46.330+0000] {sftp.py:80} INFO - Poking for home/***/filesystem/, with pattern 
[2024-03-17T20:15:46.345+0000] {ssh.py:301} WARNING - No Host Key Verification. This won't protect against Man-In-The-Middle attacks
[2024-03-17T20:15:46.393+0000] {transport.py:1909} INFO - Connected (version 2.0, client OpenSSH_8.9p1)
[2024-03-17T20:15:46.628+0000] {transport.py:1909} INFO - Authentication (password) successful!
[2024-03-17T20:15:46.745+0000] {sftp.py:169} INFO - [chan 0] Opened sftp connection (server version 3)
[2024-03-17T20:15:46.752+0000] {sftp.py:169} INFO - [chan 0] sftp session closed.
[2024-03-17T20:16:16.859+0000] {base.py:83} INFO - Using connection ID 'source_sftp' for task execution.
[2024-03-17T20:16:16.866+0000] {sftp.py:80} INFO - Poking for home/***/filesystem/, with pattern 
[2024-03-17T20:16:16.874+0000] {ssh.py:301} WARNING - No Host Key Verification. This won't protect against Man-In-The-Middle attacks
[2024-03-17T20:16:16.940+0000] {transport.py:1909} INFO - Connected (version 2.0, client OpenSSH_8.9p1)
[2024-03-17T20:16:17.148+0000] {transport.py:1909} INFO - Authentication (password) successful!
[2024-03-17T20:16:17.231+0000] {sftp.py:169} INFO - [chan 0] Opened sftp connection (server version 3)
[2024-03-17T20:16:17.233+0000] {sftp.py:169} INFO - [chan 0] sftp session closed.
[2024-03-17T20:16:47.359+0000] {base.py:83} INFO - Using connection ID 'source_sftp' for task execution.
[2024-03-17T20:16:47.381+0000] {sftp.py:80} INFO - Poking for home/***/filesystem/, with pattern 
[2024-03-17T20:16:47.387+0000] {ssh.py:301} WARNING - No Host Key Verification. This won't protect against Man-In-The-Middle attacks
[2024-03-17T20:16:47.490+0000] {transport.py:1909} INFO - Connected (version 2.0, client OpenSSH_8.9p1)
[2024-03-17T20:16:47.823+0000] {transport.py:1909} INFO - Authentication (password) successful!
[2024-03-17T20:16:47.940+0000] {sftp.py:169} INFO - [chan 0] Opened sftp connection (server version 3)
[2024-03-17T20:16:47.942+0000] {sftp.py:169} INFO - [chan 0] sftp session closed.
[2024-03-17T20:17:18.017+0000] {base.py:83} INFO - Using connection ID 'source_sftp' for task execution.
[2024-03-17T20:17:18.031+0000] {sftp.py:80} INFO - Poking for home/***/filesystem/, with pattern 
[2024-03-17T20:17:18.036+0000] {ssh.py:301} WARNING - No Host Key Verification. This won't protect against Man-In-The-Middle attacks
[2024-03-17T20:17:18.108+0000] {transport.py:1909} INFO - Connected (version 2.0, client OpenSSH_8.9p1)
[2024-03-17T20:17:18.306+0000] {transport.py:1909} INFO - Authentication (password) successful!
[2024-03-17T20:17:18.418+0000] {sftp.py:169} INFO - [chan 0] Opened sftp connection (server version 3)
[2024-03-17T20:17:18.420+0000] {sftp.py:169} INFO - [chan 0] sftp session closed.
[2024-03-17T20:17:48.558+0000] {base.py:83} INFO - Using connection ID 'source_sftp' for task execution.
[2024-03-17T20:17:48.569+0000] {sftp.py:80} INFO - Poking for home/***/filesystem/, with pattern 
[2024-03-17T20:17:48.586+0000] {ssh.py:301} WARNING - No Host Key Verification. This won't protect against Man-In-The-Middle attacks
[2024-03-17T20:17:48.730+0000] {transport.py:1909} INFO - Connected (version 2.0, client OpenSSH_8.9p1)
[2024-03-17T20:17:49.076+0000] {transport.py:1909} INFO - Authentication (password) successful!
[2024-03-17T20:17:49.235+0000] {sftp.py:169} INFO - [chan 0] Opened sftp connection (server version 3)
[2024-03-17T20:17:49.239+0000] {sftp.py:169} INFO - [chan 0] sftp session closed.
[2024-03-17T20:18:19.353+0000] {base.py:83} INFO - Using connection ID 'source_sftp' for task execution.
[2024-03-17T20:18:19.363+0000] {sftp.py:80} INFO - Poking for home/***/filesystem/, with pattern 
[2024-03-17T20:18:19.383+0000] {ssh.py:301} WARNING - No Host Key Verification. This won't protect against Man-In-The-Middle attacks
[2024-03-17T20:18:19.444+0000] {transport.py:1909} INFO - Connected (version 2.0, client OpenSSH_8.9p1)
[2024-03-17T20:18:19.669+0000] {transport.py:1909} INFO - Authentication (password) successful!
[2024-03-17T20:18:19.774+0000] {sftp.py:169} INFO - [chan 0] Opened sftp connection (server version 3)
[2024-03-17T20:18:19.779+0000] {sftp.py:169} INFO - [chan 0] sftp session closed.
